[2024-05-05 02:00:07,539][__main__][INFO] - 
model:
  dim_treatments: 4
  dim_vitals: 0
  dim_static_features: 1
  dim_outcomes: 1
  dim_cosovitals: ???
  dim_abstract_confounders: ???
  dim_s: ???
  name: G-Net
  g_net:
    _target_: src.models.gnet.GNet
    seq_hidden_units: 48
    num_layer: 1
    r_size: 2
    fc_hidden_units: 40
    num_comp: 1
    mc_samples: 50
    fit_vitals: true
    comp_sizes: null
    batch_size: 64
    dropout_rate: 0.2
    optimizer:
      optimizer_cls: adam
      learning_rate: 0.01
      weight_decay: 0.0
      lr_scheduler: false
    tune_hparams: false
    tune_range: 50
    hparams_grid: null
    resources_per_trial: null
dataset:
  val_batch_size: 4096
  treatment_mode: multiclass
  _target_: src.data.SyntheticVitalDatasetCollection
  name: tumor_generator
  seed: 100000
  num_confounder: 4
  num_u: 1
  split:
    val: 0.15
    test: 0.15
  window_size: 15
  lag: 0
  max_seq_length: 60
  projection_horizon: 5
  cf_seq_mode: sliding_treatment
  time_step: 30
  holdout_ratio: 0.1
exp:
  seed: 100000
  gpus:
  - 0
  max_epochs: 100
  logging: true
  mlflow_uri: http://127.0.0.1:5000
  unscale_rmse: true
  percentage_rmse: true
  alpha: 1.0
  update_alpha: false
  alpha_rate: exp
  balancing: grad_reverse
  bce_weight: false
  weights_ema: false
  beta: 0.99

[2024-05-05 02:00:30,674][src.data.cancer_sim.dataset][INFO] - Shape of processed train data: {'sequence_lengths': (3500,), 'prev_treatments': (3500, 28, 1), 'vitals': (3500, 28, 14), 'next_vitals': (3500, 27, 14), 'current_treatments': (3500, 28, 1), 'static_features': (3500, 1), 'active_entries': (3500, 28, 1), 'outputs': (3500, 28, 1), 'unscaled_outputs': (3500, 28, 1), 'prev_outputs': (3500, 28, 1), 'coso_vitals': (3500, 28, 13), 'COSO': (3500, 28, 1)}
[2024-05-05 02:00:30,674][src.data.cancer_sim.dataset][INFO] - Shape of processed val data: {'sequence_lengths': (750,), 'prev_treatments': (750, 28, 1), 'vitals': (750, 28, 14), 'next_vitals': (750, 27, 14), 'current_treatments': (750, 28, 1), 'static_features': (750, 1), 'active_entries': (750, 28, 1), 'outputs': (750, 28, 1), 'unscaled_outputs': (750, 28, 1), 'prev_outputs': (750, 28, 1), 'coso_vitals': (750, 28, 13), 'COSO': (750, 28, 1)}
[2024-05-05 02:00:30,674][src.data.cancer_sim.dataset][INFO] - Shape of processed test data: {'sequence_lengths': (750,), 'prev_treatments': (750, 28, 1), 'vitals': (750, 28, 14), 'next_vitals': (750, 27, 14), 'current_treatments': (750, 28, 1), 'static_features': (750, 1), 'active_entries': (750, 28, 1), 'outputs': (750, 28, 1), 'unscaled_outputs': (750, 28, 1), 'prev_outputs': (750, 28, 1), 'coso_vitals': (750, 28, 13), 'COSO': (750, 28, 1)}
[2024-05-05 02:00:30,690][src.data.cancer_sim.dataset][INFO] - Exploding test dataset before testing (multiple sequences)
[2024-05-05 02:00:30,799][src.data.cancer_sim.dataset][INFO] - Shape of processed test data: {'prev_treatments': (13901, 28, 1), 'current_treatments': (13901, 28, 1), 'static_features': (13901, 1), 'prev_outputs': (13901, 28, 1), 'outputs': (13901, 28, 1), 'vitals': (13901, 28, 14), 'next_vitals': (13901, 27, 14), 'unscaled_outputs': (13901, 28, 1), 'sequence_lengths': (13901,), 'active_entries': (13901, 28, 1)}
[2024-05-05 02:00:30,799][src.data.cancer_sim.dataset][INFO] - Processing test dataset before testing (multiple sequences)
[2024-05-05 02:00:30,893][src.data.cancer_sim.dataset][INFO] - Shape of processed test data: {'original_index': (13901,), 'active_encoder_r': (13901, 23), 'prev_treatments': (13901, 5, 1), 'current_treatments': (13901, 5, 1), 'static_features': (13901, 1), 'prev_outputs': (13901, 5, 1), 'outputs': (13901, 5, 1), 'unscaled_outputs': (13901, 5, 1), 'sequence_lengths': (13901,), 'active_entries': (13901, 5, 1)}
[2024-05-05 02:00:31,034][src.models.gnet][INFO] - Input size of g_net: 17
[2024-05-05 02:00:31,065][src.data.dataset_collection][INFO] - Splited train_f on train_f: 3150 and train_f_holdout: 350
[2024-05-05 02:00:31,081][src.data.dataset_collection][INFO] - Exploding test_f 50 times
[2024-05-05 02:00:31,096][src.data.dataset_collection][INFO] - Exploding test_f 50 times
[2024-05-05 02:00:31,143][src.data.dataset_collection][INFO] - Exploding test_f 50 times
[2024-05-05 02:00:31,174][src.data.dataset_collection][INFO] - Exploding test_f 50 times
[2024-05-05 02:00:31,190][src.data.dataset_collection][INFO] - Exploding test_f 50 times
[2024-05-05 02:00:31,221][src.data.dataset_collection][INFO] - Exploding test_f 50 times
[2024-05-05 02:00:31,252][src.data.dataset_collection][INFO] - Exploding test_f 50 times
[2024-05-05 02:00:31,284][src.data.dataset_collection][INFO] - Exploding test_f 50 times
[2024-05-05 02:00:31,315][src.data.dataset_collection][INFO] - Exploding test_f 50 times
[2024-05-05 02:00:31,346][src.data.dataset_collection][INFO] - Exploding test_f 50 times
[2024-05-05 02:00:31,377][src.data.dataset_collection][INFO] - Exploding test_f 50 times
[2024-05-05 02:00:31,409][src.data.dataset_collection][INFO] - Exploding test_f 50 times
[2024-05-05 02:00:31,440][src.data.dataset_collection][INFO] - Exploding test_f 50 times
[2024-05-05 02:00:31,471][src.data.dataset_collection][INFO] - Exploding test_f 50 times
[2024-05-05 02:00:31,502][src.data.dataset_collection][INFO] - Exploding test_f 50 times
[2024-05-05 02:00:31,534][src.data.dataset_collection][INFO] - Exploding test_f 50 times
[2024-05-05 02:00:31,565][src.data.dataset_collection][INFO] - Exploding test_f 50 times
[2024-05-05 02:00:31,596][src.data.dataset_collection][INFO] - Exploding test_f 50 times
[2024-05-05 02:00:31,627][src.data.dataset_collection][INFO] - Exploding test_f 50 times
[2024-05-05 02:00:31,659][src.data.dataset_collection][INFO] - Exploding test_f 50 times
[2024-05-05 02:00:31,690][src.data.dataset_collection][INFO] - Exploding test_f 50 times
[2024-05-05 02:00:31,721][src.data.dataset_collection][INFO] - Exploding test_f 50 times
[2024-05-05 02:00:31,752][src.data.dataset_collection][INFO] - Exploding test_f 50 times
[2024-05-05 02:00:31,784][src.data.dataset_collection][INFO] - Exploding test_f 50 times
[2024-05-05 02:00:31,830][src.data.dataset_collection][INFO] - Exploding test_f 50 times
[2024-05-05 02:00:31,862][src.data.dataset_collection][INFO] - Exploding test_f 50 times
[2024-05-05 02:00:31,893][src.data.dataset_collection][INFO] - Exploding test_f 50 times
[2024-05-05 02:00:31,924][src.data.dataset_collection][INFO] - Exploding test_f 50 times
[2024-05-05 02:00:31,955][src.data.dataset_collection][INFO] - Exploding test_f 50 times
[2024-05-05 02:00:31,987][src.data.dataset_collection][INFO] - Exploding test_f 50 times
[2024-05-05 02:00:32,018][src.data.dataset_collection][INFO] - Exploding test_f 50 times
[2024-05-05 02:00:32,049][src.data.dataset_collection][INFO] - Exploding test_f 50 times
[2024-05-05 02:00:32,080][src.data.dataset_collection][INFO] - Exploding test_f 50 times
[2024-05-05 02:00:32,112][src.data.dataset_collection][INFO] - Exploding test_f 50 times
[2024-05-05 02:00:32,127][src.data.dataset_collection][INFO] - Exploding test_f 50 times
[2024-05-05 02:00:32,158][src.data.dataset_collection][INFO] - Exploding test_f 50 times
[2024-05-05 02:00:32,190][src.data.dataset_collection][INFO] - Exploding test_f 50 times
[2024-05-05 02:00:32,221][src.data.dataset_collection][INFO] - Exploding test_f 50 times
[2024-05-05 02:00:32,252][src.data.dataset_collection][INFO] - Exploding test_f 50 times
[2024-05-05 02:00:32,283][src.data.dataset_collection][INFO] - Exploding test_f 50 times
[2024-05-05 02:00:32,315][src.data.dataset_collection][INFO] - Exploding test_f 50 times
[2024-05-05 02:00:32,346][src.data.dataset_collection][INFO] - Exploding test_f 50 times
[2024-05-05 02:00:32,377][src.data.dataset_collection][INFO] - Exploding test_f 50 times
[2024-05-05 02:00:32,408][src.data.dataset_collection][INFO] - Exploding test_f 50 times
[2024-05-05 02:00:32,440][src.data.dataset_collection][INFO] - Exploding test_f 50 times
[2024-05-05 02:00:32,471][src.data.dataset_collection][INFO] - Exploding test_f 50 times
[2024-05-05 02:00:32,502][src.data.dataset_collection][INFO] - Exploding test_f 50 times
[2024-05-05 02:00:32,533][src.data.dataset_collection][INFO] - Exploding test_f 50 times
[2024-05-05 02:00:32,565][src.data.dataset_collection][INFO] - Exploding test_f 50 times
[2024-05-05 02:00:32,596][src.data.dataset_collection][INFO] - Exploding test_f 50 times
[2024-05-05 02:02:42,222][src.models.gnet][INFO] - Fitting residuals based on train_f_holdout.
[2024-05-05 02:02:42,222][src.models.gnet][INFO] - Predictions for train.
[2024-05-05 02:02:43,097][src.models.time_varying_model][INFO] - RMSE calculation for val.
[2024-05-05 02:02:43,097][src.models.gnet][INFO] - Predictions for val.
[2024-05-05 02:02:44,034][__main__][INFO] - Val normalised RMSE (all): 4.324239519000113; Val normalised RMSE (orig): nan
[2024-05-05 02:02:44,034][src.models.time_varying_model][INFO] - RMSE calculation for test.
[2024-05-05 02:02:44,034][src.models.gnet][INFO] - Predictions for test.
[2024-05-05 02:02:44,971][__main__][INFO] - Test normalised RMSE (all): 4.067288085525235; Test normalised RMSE (orig): nan.
[2024-05-05 02:02:45,034][src.models.time_varying_model][INFO] - RMSE calculation for test.
[2024-05-05 02:02:45,034][src.models.gnet][INFO] - Autoregressive Prediction for test with MC-sampling of trajectories.
[2024-05-05 02:02:45,034][src.models.gnet][INFO] - t = 1
[2024-05-05 02:02:45,034][src.models.gnet][INFO] - Predictions for test.
[2024-05-05 02:02:46,814][src.models.gnet][INFO] - Predictions for test.
[2024-05-05 02:02:48,392][src.models.gnet][INFO] - Predictions for test.
[2024-05-05 02:02:49,954][src.models.gnet][INFO] - Predictions for test.
[2024-05-05 02:02:51,595][src.models.gnet][INFO] - Predictions for test.
[2024-05-05 02:02:53,157][src.models.gnet][INFO] - Predictions for test.
[2024-05-05 02:02:54,703][src.models.gnet][INFO] - Predictions for test.
[2024-05-05 02:02:56,156][src.models.gnet][INFO] - Predictions for test.
[2024-05-05 02:02:57,859][src.models.gnet][INFO] - Predictions for test.
[2024-05-05 02:02:59,421][src.models.gnet][INFO] - Predictions for test.
[2024-05-05 02:03:00,999][src.models.gnet][INFO] - Predictions for test.
[2024-05-05 02:03:02,623][src.models.gnet][INFO] - Predictions for test.
[2024-05-05 02:03:04,170][src.models.gnet][INFO] - Predictions for test.
[2024-05-05 02:03:05,591][src.models.gnet][INFO] - Predictions for test.
[2024-05-05 02:03:07,263][src.models.gnet][INFO] - Predictions for test.
[2024-05-05 02:03:08,841][src.models.gnet][INFO] - Predictions for test.
[2024-05-05 02:03:10,387][src.models.gnet][INFO] - Predictions for test.
[2024-05-05 02:03:11,965][src.models.gnet][INFO] - Predictions for test.
[2024-05-05 02:03:13,621][src.models.gnet][INFO] - Predictions for test.
[2024-05-05 02:03:15,058][src.models.gnet][INFO] - Predictions for test.
[2024-05-05 02:03:16,636][src.models.gnet][INFO] - Predictions for test.
[2024-05-05 02:03:18,182][src.models.gnet][INFO] - Predictions for test.
[2024-05-05 02:03:19,791][src.models.gnet][INFO] - Predictions for test.
[2024-05-05 02:03:21,400][src.models.gnet][INFO] - Predictions for test.
[2024-05-05 02:03:23,040][src.models.gnet][INFO] - Predictions for test.
[2024-05-05 02:03:24,462][src.models.gnet][INFO] - Predictions for test.
[2024-05-05 02:03:26,071][src.models.gnet][INFO] - Predictions for test.
[2024-05-05 02:03:27,727][src.models.gnet][INFO] - Predictions for test.
[2024-05-05 02:03:29,258][src.models.gnet][INFO] - Predictions for test.
[2024-05-05 02:03:30,710][src.models.gnet][INFO] - Predictions for test.
[2024-05-05 02:03:32,382][src.models.gnet][INFO] - Predictions for test.
[2024-05-05 02:03:33,975][src.models.gnet][INFO] - Predictions for test.
[2024-05-05 02:03:35,569][src.models.gnet][INFO] - Predictions for test.
[2024-05-05 02:03:37,178][src.models.gnet][INFO] - Predictions for test.
[2024-05-05 02:03:38,724][src.models.gnet][INFO] - Predictions for test.
[2024-05-05 02:03:40,146][src.models.gnet][INFO] - Predictions for test.
[2024-05-05 02:03:41,817][src.models.gnet][INFO] - Predictions for test.
[2024-05-05 02:03:43,489][src.models.gnet][INFO] - Predictions for test.
[2024-05-05 02:03:45,129][src.models.gnet][INFO] - Predictions for test.
[2024-05-05 02:03:46,707][src.models.gnet][INFO] - Predictions for test.
[2024-05-05 02:03:48,378][src.models.gnet][INFO] - Predictions for test.
[2024-05-05 02:03:49,925][src.models.gnet][INFO] - Predictions for test.
[2024-05-05 02:03:51,502][src.models.gnet][INFO] - Predictions for test.
[2024-05-05 02:03:53,143][src.models.gnet][INFO] - Predictions for test.
[2024-05-05 02:03:54,720][src.models.gnet][INFO] - Predictions for test.
[2024-05-05 02:03:56,408][src.models.gnet][INFO] - Predictions for test.
[2024-05-05 02:03:58,032][src.models.gnet][INFO] - Predictions for test.
[2024-05-05 02:03:59,485][src.models.gnet][INFO] - Predictions for test.
[2024-05-05 02:04:01,110][src.models.gnet][INFO] - Predictions for test.
[2024-05-05 02:04:02,734][src.models.gnet][INFO] - Predictions for test.
[2024-05-05 02:04:04,296][src.models.gnet][INFO] - t = 2
[2024-05-05 02:04:04,296][src.models.gnet][INFO] - Predictions for test.
[2024-05-05 02:04:05,843][src.models.gnet][INFO] - Predictions for test.
[2024-05-05 02:04:07,343][src.models.gnet][INFO] - Predictions for test.
[2024-05-05 02:04:08,952][src.models.gnet][INFO] - Predictions for test.
[2024-05-05 02:04:10,529][src.models.gnet][INFO] - Predictions for test.
[2024-05-05 02:04:12,201][src.models.gnet][INFO] - Predictions for test.
[2024-05-05 02:04:13,888][src.models.gnet][INFO] - Predictions for test.
[2024-05-05 02:04:15,497][src.models.gnet][INFO] - Predictions for test.
[2024-05-05 02:04:17,059][src.models.gnet][INFO] - Predictions for test.
[2024-05-05 02:04:18,668][src.models.gnet][INFO] - Predictions for test.
[2024-05-05 02:04:20,215][src.models.gnet][INFO] - Predictions for test.
[2024-05-05 02:04:21,808][src.models.gnet][INFO] - Predictions for test.
[2024-05-05 02:04:23,433][src.models.gnet][INFO] - Predictions for test.
[2024-05-05 02:04:24,979][src.models.gnet][INFO] - Predictions for test.
[2024-05-05 02:04:26,447][src.models.gnet][INFO] - Predictions for test.
[2024-05-05 02:04:28,025][src.models.gnet][INFO] - Predictions for test.
[2024-05-05 02:04:29,665][src.models.gnet][INFO] - Predictions for test.
[2024-05-05 02:04:31,243][src.models.gnet][INFO] - Predictions for test.
[2024-05-05 02:04:32,805][src.models.gnet][INFO] - Predictions for test.
[2024-05-05 02:04:34,321][src.models.gnet][INFO] - Predictions for test.
[2024-05-05 02:04:35,914][src.models.gnet][INFO] - Predictions for test.
[2024-05-05 02:04:37,492][src.models.gnet][INFO] - Predictions for test.
[2024-05-05 02:04:39,132][src.models.gnet][INFO] - Predictions for test.
[2024-05-05 02:04:40,694][src.models.gnet][INFO] - Predictions for test.
[2024-05-05 02:04:42,381][src.models.gnet][INFO] - Predictions for test.
[2024-05-05 02:04:44,084][src.models.gnet][INFO] - Predictions for test.
[2024-05-05 02:04:45,630][src.models.gnet][INFO] - Predictions for test.
[2024-05-05 02:04:47,083][src.models.gnet][INFO] - Predictions for test.
[2024-05-05 02:04:48,755][src.models.gnet][INFO] - Predictions for test.
[2024-05-05 02:04:50,332][src.models.gnet][INFO] - Predictions for test.
[2024-05-05 02:04:51,879][src.models.gnet][INFO] - Predictions for test.
[2024-05-05 02:04:53,394][src.models.gnet][INFO] - Predictions for test.
[2024-05-05 02:04:55,003][src.models.gnet][INFO] - Predictions for test.
[2024-05-05 02:04:56,987][src.models.gnet][INFO] - Predictions for test.
[2024-05-05 02:04:58,549][src.models.gnet][INFO] - Predictions for test.
[2024-05-05 02:05:00,096][src.models.gnet][INFO] - Predictions for test.
[2024-05-05 02:05:01,752][src.models.gnet][INFO] - Predictions for test.
[2024-05-05 02:05:03,329][src.models.gnet][INFO] - Predictions for test.
[2024-05-05 02:05:04,954][src.models.gnet][INFO] - Predictions for test.
[2024-05-05 02:05:06,391][src.models.gnet][INFO] - Predictions for test.
[2024-05-05 02:05:08,000][src.models.gnet][INFO] - Predictions for test.
[2024-05-05 02:05:09,609][src.models.gnet][INFO] - Predictions for test.
[2024-05-05 02:05:11,062][src.models.gnet][INFO] - Predictions for test.
[2024-05-05 02:05:12,702][src.models.gnet][INFO] - Predictions for test.
[2024-05-05 02:05:14,374][src.models.gnet][INFO] - Predictions for test.
[2024-05-05 02:05:15,998][src.models.gnet][INFO] - Predictions for test.
[2024-05-05 02:05:17,560][src.models.gnet][INFO] - Predictions for test.
[2024-05-05 02:05:19,185][src.models.gnet][INFO] - Predictions for test.
[2024-05-05 02:05:20,747][src.models.gnet][INFO] - Predictions for test.
[2024-05-05 02:05:22,387][src.models.gnet][INFO] - Predictions for test.
[2024-05-05 02:05:24,028][src.models.gnet][INFO] - t = 3
[2024-05-05 02:05:24,028][src.models.gnet][INFO] - Predictions for test.
[2024-05-05 02:05:25,590][src.models.gnet][INFO] - Predictions for test.
[2024-05-05 02:05:27,308][src.models.gnet][INFO] - Predictions for test.
[2024-05-05 02:05:28,792][src.models.gnet][INFO] - Predictions for test.
[2024-05-05 02:05:30,479][src.models.gnet][INFO] - Predictions for test.
[2024-05-05 02:05:32,041][src.models.gnet][INFO] - Predictions for test.
[2024-05-05 02:05:33,697][src.models.gnet][INFO] - Predictions for test.
[2024-05-05 02:05:35,322][src.models.gnet][INFO] - Predictions for test.
[2024-05-05 02:05:36,775][src.models.gnet][INFO] - Predictions for test.
[2024-05-05 02:05:38,368][src.models.gnet][INFO] - Predictions for test.
[2024-05-05 02:05:40,571][src.models.gnet][INFO] - Predictions for test.
[2024-05-05 02:05:42,148][src.models.gnet][INFO] - Predictions for test.
[2024-05-05 02:05:43,757][src.models.gnet][INFO] - Predictions for test.
[2024-05-05 02:05:45,320][src.models.gnet][INFO] - Predictions for test.
[2024-05-05 02:05:47,022][src.models.gnet][INFO] - Predictions for test.
[2024-05-05 02:05:48,475][src.models.gnet][INFO] - Predictions for test.
[2024-05-05 02:05:50,053][src.models.gnet][INFO] - Predictions for test.
[2024-05-05 02:05:51,693][src.models.gnet][INFO] - Predictions for test.
[2024-05-05 02:05:53,318][src.models.gnet][INFO] - Predictions for test.
[2024-05-05 02:05:54,864][src.models.gnet][INFO] - Predictions for test.
[2024-05-05 02:05:56,395][src.models.gnet][INFO] - Predictions for test.
[2024-05-05 02:05:58,004][src.models.gnet][INFO] - Predictions for test.
[2024-05-05 02:05:59,598][src.models.gnet][INFO] - Predictions for test.
[2024-05-05 02:06:01,269][src.models.gnet][INFO] - Predictions for test.
[2024-05-05 02:06:02,831][src.models.gnet][INFO] - Predictions for test.
[2024-05-05 02:06:04,362][src.models.gnet][INFO] - Predictions for test.
[2024-05-05 02:06:06,018][src.models.gnet][INFO] - Predictions for test.
[2024-05-05 02:06:07,596][src.models.gnet][INFO] - Predictions for test.
[2024-05-05 02:06:09,173][src.models.gnet][INFO] - Predictions for test.
[2024-05-05 02:06:10,814][src.models.gnet][INFO] - Predictions for test.
[2024-05-05 02:06:12,376][src.models.gnet][INFO] - Predictions for test.
[2024-05-05 02:06:13,907][src.models.gnet][INFO] - Predictions for test.
[2024-05-05 02:06:15,344][src.models.gnet][INFO] - Predictions for test.
[2024-05-05 02:06:17,031][src.models.gnet][INFO] - Predictions for test.
[2024-05-05 02:06:18,609][src.models.gnet][INFO] - Predictions for test.
[2024-05-05 02:06:20,186][src.models.gnet][INFO] - Predictions for test.
[2024-05-05 02:06:21,795][src.models.gnet][INFO] - Predictions for test.
[2024-05-05 02:06:23,326][src.models.gnet][INFO] - Predictions for test.
[2024-05-05 02:06:24,764][src.models.gnet][INFO] - Predictions for test.
[2024-05-05 02:06:26,435][src.models.gnet][INFO] - Predictions for test.
[2024-05-05 02:06:28,013][src.models.gnet][INFO] - Predictions for test.
[2024-05-05 02:06:29,559][src.models.gnet][INFO] - Predictions for test.
[2024-05-05 02:06:31,075][src.models.gnet][INFO] - Predictions for test.
[2024-05-05 02:06:32,652][src.models.gnet][INFO] - Predictions for test.
[2024-05-05 02:06:34,605][src.models.gnet][INFO] - Predictions for test.
[2024-05-05 02:06:36,214][src.models.gnet][INFO] - Predictions for test.
[2024-05-05 02:06:37,635][src.models.gnet][INFO] - Predictions for test.
[2024-05-05 02:06:39,244][src.models.gnet][INFO] - Predictions for test.
[2024-05-05 02:06:40,885][src.models.gnet][INFO] - Predictions for test.
[2024-05-05 02:06:42,400][src.models.gnet][INFO] - Predictions for test.
[2024-05-05 02:06:43,993][src.models.gnet][INFO] - t = 4
[2024-05-05 02:06:43,993][src.models.gnet][INFO] - Predictions for test.
[2024-05-05 02:06:45,571][src.models.gnet][INFO] - Predictions for test.
[2024-05-05 02:06:47,211][src.models.gnet][INFO] - Predictions for test.
[2024-05-05 02:06:48,867][src.models.gnet][INFO] - Predictions for test.
[2024-05-05 02:06:50,429][src.models.gnet][INFO] - Predictions for test.
[2024-05-05 02:06:52,054][src.models.gnet][INFO] - Predictions for test.
[2024-05-05 02:06:53,632][src.models.gnet][INFO] - Predictions for test.
[2024-05-05 02:06:55,272][src.models.gnet][INFO] - Predictions for test.
[2024-05-05 02:06:57,053][src.models.gnet][INFO] - Predictions for test.
[2024-05-05 02:06:58,615][src.models.gnet][INFO] - Predictions for test.
[2024-05-05 02:07:00,177][src.models.gnet][INFO] - Predictions for test.
[2024-05-05 02:07:01,724][src.models.gnet][INFO] - Predictions for test.
[2024-05-05 02:07:03,239][src.models.gnet][INFO] - Predictions for test.
[2024-05-05 02:07:04,817][src.models.gnet][INFO] - Predictions for test.
[2024-05-05 02:07:06,379][src.models.gnet][INFO] - Predictions for test.
[2024-05-05 02:07:07,894][src.models.gnet][INFO] - Predictions for test.
[2024-05-05 02:07:09,472][src.models.gnet][INFO] - Predictions for test.
[2024-05-05 02:07:11,050][src.models.gnet][INFO] - Predictions for test.
[2024-05-05 02:07:12,752][src.models.gnet][INFO] - Predictions for test.
[2024-05-05 02:07:14,424][src.models.gnet][INFO] - Predictions for test.
[2024-05-05 02:07:15,986][src.models.gnet][INFO] - Predictions for test.
[2024-05-05 02:07:17,673][src.models.gnet][INFO] - Predictions for test.
[2024-05-05 02:07:19,220][src.models.gnet][INFO] - Predictions for test.
[2024-05-05 02:07:20,657][src.models.gnet][INFO] - Predictions for test.
[2024-05-05 02:07:22,328][src.models.gnet][INFO] - Predictions for test.
[2024-05-05 02:07:23,906][src.models.gnet][INFO] - Predictions for test.
[2024-05-05 02:07:25,452][src.models.gnet][INFO] - Predictions for test.
[2024-05-05 02:07:27,108][src.models.gnet][INFO] - Predictions for test.
[2024-05-05 02:07:28,670][src.models.gnet][INFO] - Predictions for test.
[2024-05-05 02:07:30,108][src.models.gnet][INFO] - Predictions for test.
[2024-05-05 02:07:31,701][src.models.gnet][INFO] - Predictions for test.
[2024-05-05 02:07:33,326][src.models.gnet][INFO] - Predictions for test.
[2024-05-05 02:07:34,778][src.models.gnet][INFO] - Predictions for test.
[2024-05-05 02:07:36,356][src.models.gnet][INFO] - Predictions for test.
[2024-05-05 02:07:37,981][src.models.gnet][INFO] - Predictions for test.
[2024-05-05 02:07:39,512][src.models.gnet][INFO] - Predictions for test.
[2024-05-05 02:07:40,964][src.models.gnet][INFO] - Predictions for test.
[2024-05-05 02:07:42,667][src.models.gnet][INFO] - Predictions for test.
[2024-05-05 02:07:44,339][src.models.gnet][INFO] - Predictions for test.
[2024-05-05 02:07:45,932][src.models.gnet][INFO] - Predictions for test.
[2024-05-05 02:07:47,791][src.models.gnet][INFO] - Predictions for test.
[2024-05-05 02:07:49,212][src.models.gnet][INFO] - Predictions for test.
[2024-05-05 02:07:50,806][src.models.gnet][INFO] - Predictions for test.
[2024-05-05 02:07:52,415][src.models.gnet][INFO] - Predictions for test.
[2024-05-05 02:07:53,852][src.models.gnet][INFO] - Predictions for test.
[2024-05-05 02:07:55,430][src.models.gnet][INFO] - Predictions for test.
[2024-05-05 02:07:57,179][src.models.gnet][INFO] - Predictions for test.
[2024-05-05 02:07:58,726][src.models.gnet][INFO] - Predictions for test.
[2024-05-05 02:08:00,319][src.models.gnet][INFO] - Predictions for test.
[2024-05-05 02:08:01,897][src.models.gnet][INFO] - Predictions for test.
[2024-05-05 02:08:03,537][src.models.gnet][INFO] - t = 5
[2024-05-05 02:08:03,537][src.models.gnet][INFO] - Predictions for test.
[2024-05-05 02:08:05,084][src.models.gnet][INFO] - Predictions for test.
[2024-05-05 02:08:06,505][src.models.gnet][INFO] - Predictions for test.
[2024-05-05 02:08:08,146][src.models.gnet][INFO] - Predictions for test.
[2024-05-05 02:08:09,708][src.models.gnet][INFO] - Predictions for test.
[2024-05-05 02:08:11,254][src.models.gnet][INFO] - Predictions for test.
[2024-05-05 02:08:12,863][src.models.gnet][INFO] - Predictions for test.
[2024-05-05 02:08:14,300][src.models.gnet][INFO] - Predictions for test.
[2024-05-05 02:08:15,909][src.models.gnet][INFO] - Predictions for test.
[2024-05-05 02:08:17,503][src.models.gnet][INFO] - Predictions for test.
[2024-05-05 02:08:19,018][src.models.gnet][INFO] - Predictions for test.
[2024-05-05 02:08:20,580][src.models.gnet][INFO] - Predictions for test.
[2024-05-05 02:08:22,142][src.models.gnet][INFO] - Predictions for test.
[2024-05-05 02:08:23,783][src.models.gnet][INFO] - Predictions for test.
[2024-05-05 02:08:25,220][src.models.gnet][INFO] - Predictions for test.
[2024-05-05 02:08:26,938][src.models.gnet][INFO] - Predictions for test.
[2024-05-05 02:08:28,578][src.models.gnet][INFO] - Predictions for test.
[2024-05-05 02:08:30,031][src.models.gnet][INFO] - Predictions for test.
[2024-05-05 02:08:31,609][src.models.gnet][INFO] - Predictions for test.
[2024-05-05 02:08:33,233][src.models.gnet][INFO] - Predictions for test.
[2024-05-05 02:08:34,764][src.models.gnet][INFO] - Predictions for test.
[2024-05-05 02:08:36,202][src.models.gnet][INFO] - Predictions for test.
[2024-05-05 02:08:37,873][src.models.gnet][INFO] - Predictions for test.
[2024-05-05 02:08:39,451][src.models.gnet][INFO] - Predictions for test.
[2024-05-05 02:08:41,013][src.models.gnet][INFO] - Predictions for test.
[2024-05-05 02:08:42,559][src.models.gnet][INFO] - Predictions for test.
[2024-05-05 02:08:44,137][src.models.gnet][INFO] - Predictions for test.
[2024-05-05 02:08:45,699][src.models.gnet][INFO] - Predictions for test.
[2024-05-05 02:08:47,261][src.models.gnet][INFO] - Predictions for test.
[2024-05-05 02:08:48,886][src.models.gnet][INFO] - Predictions for test.
[2024-05-05 02:08:50,308][src.models.gnet][INFO] - Predictions for test.
[2024-05-05 02:08:51,901][src.models.gnet][INFO] - Predictions for test.
[2024-05-05 02:08:53,510][src.models.gnet][INFO] - Predictions for test.
[2024-05-05 02:08:54,931][src.models.gnet][INFO] - Predictions for test.
[2024-05-05 02:08:56,540][src.models.gnet][INFO] - Predictions for test.
[2024-05-05 02:08:58,165][src.models.gnet][INFO] - Predictions for test.
[2024-05-05 02:08:59,712][src.models.gnet][INFO] - Predictions for test.
[2024-05-05 02:09:01,133][src.models.gnet][INFO] - Predictions for test.
[2024-05-05 02:09:02,789][src.models.gnet][INFO] - Predictions for test.
[2024-05-05 02:09:04,367][src.models.gnet][INFO] - Predictions for test.
[2024-05-05 02:09:06,319][src.models.gnet][INFO] - Predictions for test.
[2024-05-05 02:09:07,819][src.models.gnet][INFO] - Predictions for test.
[2024-05-05 02:09:09,428][src.models.gnet][INFO] - Predictions for test.
[2024-05-05 02:09:11,021][src.models.gnet][INFO] - Predictions for test.
[2024-05-05 02:09:12,709][src.models.gnet][INFO] - Predictions for test.
[2024-05-05 02:09:14,271][src.models.gnet][INFO] - Predictions for test.
[2024-05-05 02:09:15,927][src.models.gnet][INFO] - Predictions for test.
[2024-05-05 02:09:17,504][src.models.gnet][INFO] - Predictions for test.
[2024-05-05 02:09:19,254][src.models.gnet][INFO] - Predictions for test.
[2024-05-05 02:09:20,785][src.models.gnet][INFO] - Predictions for test.
[2024-05-05 02:09:22,238][src.models.gnet][INFO] - t = 6
[2024-05-05 02:09:22,238][src.models.gnet][INFO] - Predictions for test.
[2024-05-05 02:09:23,893][src.models.gnet][INFO] - Predictions for test.
[2024-05-05 02:09:25,471][src.models.gnet][INFO] - Predictions for test.
[2024-05-05 02:09:27,127][src.models.gnet][INFO] - Predictions for test.
[2024-05-05 02:09:28,783][src.models.gnet][INFO] - Predictions for test.
[2024-05-05 02:09:30,361][src.models.gnet][INFO] - Predictions for test.
[2024-05-05 02:09:31,923][src.models.gnet][INFO] - Predictions for test.
[2024-05-05 02:09:33,454][src.models.gnet][INFO] - Predictions for test.
[2024-05-05 02:09:34,985][src.models.gnet][INFO] - Predictions for test.
[2024-05-05 02:09:36,547][src.models.gnet][INFO] - Predictions for test.
[2024-05-05 02:09:38,109][src.models.gnet][INFO] - Predictions for test.
[2024-05-05 02:09:39,718][src.models.gnet][INFO] - Predictions for test.
[2024-05-05 02:09:41,155][src.models.gnet][INFO] - Predictions for test.
[2024-05-05 02:09:42,780][src.models.gnet][INFO] - Predictions for test.
[2024-05-05 02:09:44,420][src.models.gnet][INFO] - Predictions for test.
[2024-05-05 02:09:45,982][src.models.gnet][INFO] - Predictions for test.
[2024-05-05 02:09:47,529][src.models.gnet][INFO] - Predictions for test.
[2024-05-05 02:09:49,028][src.models.gnet][INFO] - Predictions for test.
[2024-05-05 02:09:50,606][src.models.gnet][INFO] - Predictions for test.
[2024-05-05 02:09:52,168][src.models.gnet][INFO] - Predictions for test.
[2024-05-05 02:09:53,668][src.models.gnet][INFO] - Predictions for test.
[2024-05-05 02:09:55,277][src.models.gnet][INFO] - Predictions for test.
[2024-05-05 02:09:56,979][src.models.gnet][INFO] - Predictions for test.
[2024-05-05 02:09:58,588][src.models.gnet][INFO] - Predictions for test.
[2024-05-05 02:10:00,026][src.models.gnet][INFO] - Predictions for test.
[2024-05-05 02:10:01,650][src.models.gnet][INFO] - Predictions for test.
[2024-05-05 02:10:03,197][src.models.gnet][INFO] - Predictions for test.
[2024-05-05 02:10:04,712][src.models.gnet][INFO] - Predictions for test.
[2024-05-05 02:10:06,290][src.models.gnet][INFO] - Predictions for test.
[2024-05-05 02:10:07,852][src.models.gnet][INFO] - Predictions for test.
[2024-05-05 02:10:09,445][src.models.gnet][INFO] - Predictions for test.
[2024-05-05 02:10:10,867][src.models.gnet][INFO] - Predictions for test.
[2024-05-05 02:10:12,523][src.models.gnet][INFO] - Predictions for test.
[2024-05-05 02:10:14,163][src.models.gnet][INFO] - Predictions for test.
[2024-05-05 02:10:15,725][src.models.gnet][INFO] - Predictions for test.
[2024-05-05 02:10:17,272][src.models.gnet][INFO] - Predictions for test.
[2024-05-05 02:10:18,818][src.models.gnet][INFO] - Predictions for test.
[2024-05-05 02:10:20,412][src.models.gnet][INFO] - Predictions for test.
[2024-05-05 02:10:21,974][src.models.gnet][INFO] - Predictions for test.
[2024-05-05 02:10:23,598][src.models.gnet][INFO] - Predictions for test.
[2024-05-05 02:10:25,160][src.models.gnet][INFO] - Predictions for test.
[2024-05-05 02:10:26,785][src.models.gnet][INFO] - Predictions for test.
[2024-05-05 02:10:28,441][src.models.gnet][INFO] - Predictions for test.
[2024-05-05 02:10:30,019][src.models.gnet][INFO] - Predictions for test.
[2024-05-05 02:10:31,581][src.models.gnet][INFO] - Predictions for test.
[2024-05-05 02:10:33,112][src.models.gnet][INFO] - Predictions for test.
[2024-05-05 02:10:34,721][src.models.gnet][INFO] - Predictions for test.
[2024-05-05 02:10:36,298][src.models.gnet][INFO] - Predictions for test.
[2024-05-05 02:10:37,861][src.models.gnet][INFO] - Predictions for test.
[2024-05-05 02:10:39,485][src.models.gnet][INFO] - Predictions for test.
[2024-05-05 02:10:41,094][__main__][INFO] - Test normalised RMSE (n-step prediction): {'2-step': 22.282039269709706, '3-step': 25.668244693088205, '4-step': 26.20819522283134, '5-step': 26.491716092003443, '6-step': 26.565237096689614}
