[2024-05-05 01:38:59,334][__main__][INFO] - 
model:
  dim_treatments: 4
  dim_vitals: 0
  dim_static_features: 1
  dim_outcomes: 1
  dim_cosovitals: ???
  dim_abstract_confounders: ???
  dim_s: ???
  name: G-Net
  g_net:
    _target_: src.models.gnet.GNet
    seq_hidden_units: 48
    num_layer: 1
    r_size: 2
    fc_hidden_units: 40
    num_comp: 1
    mc_samples: 50
    fit_vitals: true
    comp_sizes: null
    batch_size: 64
    dropout_rate: 0.2
    optimizer:
      optimizer_cls: adam
      learning_rate: 0.01
      weight_decay: 0.0
      lr_scheduler: false
    tune_hparams: false
    tune_range: 50
    hparams_grid: null
    resources_per_trial: null
dataset:
  val_batch_size: 4096
  treatment_mode: multiclass
  _target_: src.data.SyntheticVitalDatasetCollection
  name: tumor_generator
  seed: 1000
  num_confounder: 4
  num_u: 1
  split:
    val: 0.15
    test: 0.15
  window_size: 15
  lag: 0
  max_seq_length: 60
  projection_horizon: 5
  cf_seq_mode: sliding_treatment
  time_step: 30
  holdout_ratio: 0.1
exp:
  seed: 1000
  gpus:
  - 0
  max_epochs: 100
  logging: true
  mlflow_uri: http://127.0.0.1:5000
  unscale_rmse: true
  percentage_rmse: true
  alpha: 1.0
  update_alpha: false
  alpha_rate: exp
  balancing: grad_reverse
  bce_weight: false
  weights_ema: false
  beta: 0.99

[2024-05-05 01:39:22,423][src.data.cancer_sim.dataset][INFO] - Shape of processed train data: {'sequence_lengths': (3500,), 'prev_treatments': (3500, 28, 1), 'vitals': (3500, 28, 14), 'next_vitals': (3500, 27, 14), 'current_treatments': (3500, 28, 1), 'static_features': (3500, 1), 'active_entries': (3500, 28, 1), 'outputs': (3500, 28, 1), 'unscaled_outputs': (3500, 28, 1), 'prev_outputs': (3500, 28, 1), 'coso_vitals': (3500, 28, 13), 'COSO': (3500, 28, 1)}
[2024-05-05 01:39:22,438][src.data.cancer_sim.dataset][INFO] - Shape of processed val data: {'sequence_lengths': (750,), 'prev_treatments': (750, 28, 1), 'vitals': (750, 28, 14), 'next_vitals': (750, 27, 14), 'current_treatments': (750, 28, 1), 'static_features': (750, 1), 'active_entries': (750, 28, 1), 'outputs': (750, 28, 1), 'unscaled_outputs': (750, 28, 1), 'prev_outputs': (750, 28, 1), 'coso_vitals': (750, 28, 13), 'COSO': (750, 28, 1)}
[2024-05-05 01:39:22,438][src.data.cancer_sim.dataset][INFO] - Shape of processed test data: {'sequence_lengths': (750,), 'prev_treatments': (750, 28, 1), 'vitals': (750, 28, 14), 'next_vitals': (750, 27, 14), 'current_treatments': (750, 28, 1), 'static_features': (750, 1), 'active_entries': (750, 28, 1), 'outputs': (750, 28, 1), 'unscaled_outputs': (750, 28, 1), 'prev_outputs': (750, 28, 1), 'coso_vitals': (750, 28, 13), 'COSO': (750, 28, 1)}
[2024-05-05 01:39:22,438][src.data.cancer_sim.dataset][INFO] - Exploding test dataset before testing (multiple sequences)
[2024-05-05 01:39:22,548][src.data.cancer_sim.dataset][INFO] - Shape of processed test data: {'prev_treatments': (13795, 28, 1), 'current_treatments': (13795, 28, 1), 'static_features': (13795, 1), 'prev_outputs': (13795, 28, 1), 'outputs': (13795, 28, 1), 'vitals': (13795, 28, 14), 'next_vitals': (13795, 27, 14), 'unscaled_outputs': (13795, 28, 1), 'sequence_lengths': (13795,), 'active_entries': (13795, 28, 1)}
[2024-05-05 01:39:22,548][src.data.cancer_sim.dataset][INFO] - Processing test dataset before testing (multiple sequences)
[2024-05-05 01:39:22,657][src.data.cancer_sim.dataset][INFO] - Shape of processed test data: {'original_index': (13795,), 'active_encoder_r': (13795, 23), 'prev_treatments': (13795, 5, 1), 'current_treatments': (13795, 5, 1), 'static_features': (13795, 1), 'prev_outputs': (13795, 5, 1), 'outputs': (13795, 5, 1), 'unscaled_outputs': (13795, 5, 1), 'sequence_lengths': (13795,), 'active_entries': (13795, 5, 1)}
[2024-05-05 01:39:22,782][src.models.gnet][INFO] - Input size of g_net: 17
[2024-05-05 01:39:22,829][src.data.dataset_collection][INFO] - Splited train_f on train_f: 3150 and train_f_holdout: 350
[2024-05-05 01:39:22,829][src.data.dataset_collection][INFO] - Exploding test_f 50 times
[2024-05-05 01:39:22,860][src.data.dataset_collection][INFO] - Exploding test_f 50 times
[2024-05-05 01:39:22,891][src.data.dataset_collection][INFO] - Exploding test_f 50 times
[2024-05-05 01:39:22,922][src.data.dataset_collection][INFO] - Exploding test_f 50 times
[2024-05-05 01:39:22,954][src.data.dataset_collection][INFO] - Exploding test_f 50 times
[2024-05-05 01:39:22,985][src.data.dataset_collection][INFO] - Exploding test_f 50 times
[2024-05-05 01:39:23,016][src.data.dataset_collection][INFO] - Exploding test_f 50 times
[2024-05-05 01:39:23,047][src.data.dataset_collection][INFO] - Exploding test_f 50 times
[2024-05-05 01:39:23,079][src.data.dataset_collection][INFO] - Exploding test_f 50 times
[2024-05-05 01:39:23,110][src.data.dataset_collection][INFO] - Exploding test_f 50 times
[2024-05-05 01:39:23,141][src.data.dataset_collection][INFO] - Exploding test_f 50 times
[2024-05-05 01:39:23,172][src.data.dataset_collection][INFO] - Exploding test_f 50 times
[2024-05-05 01:39:23,204][src.data.dataset_collection][INFO] - Exploding test_f 50 times
[2024-05-05 01:39:23,235][src.data.dataset_collection][INFO] - Exploding test_f 50 times
[2024-05-05 01:39:23,266][src.data.dataset_collection][INFO] - Exploding test_f 50 times
[2024-05-05 01:39:23,297][src.data.dataset_collection][INFO] - Exploding test_f 50 times
[2024-05-05 01:39:23,329][src.data.dataset_collection][INFO] - Exploding test_f 50 times
[2024-05-05 01:39:23,360][src.data.dataset_collection][INFO] - Exploding test_f 50 times
[2024-05-05 01:39:23,391][src.data.dataset_collection][INFO] - Exploding test_f 50 times
[2024-05-05 01:39:23,422][src.data.dataset_collection][INFO] - Exploding test_f 50 times
[2024-05-05 01:39:23,454][src.data.dataset_collection][INFO] - Exploding test_f 50 times
[2024-05-05 01:39:23,485][src.data.dataset_collection][INFO] - Exploding test_f 50 times
[2024-05-05 01:39:23,516][src.data.dataset_collection][INFO] - Exploding test_f 50 times
[2024-05-05 01:39:23,547][src.data.dataset_collection][INFO] - Exploding test_f 50 times
[2024-05-05 01:39:23,579][src.data.dataset_collection][INFO] - Exploding test_f 50 times
[2024-05-05 01:39:23,610][src.data.dataset_collection][INFO] - Exploding test_f 50 times
[2024-05-05 01:39:23,641][src.data.dataset_collection][INFO] - Exploding test_f 50 times
[2024-05-05 01:39:23,672][src.data.dataset_collection][INFO] - Exploding test_f 50 times
[2024-05-05 01:39:23,704][src.data.dataset_collection][INFO] - Exploding test_f 50 times
[2024-05-05 01:39:23,735][src.data.dataset_collection][INFO] - Exploding test_f 50 times
[2024-05-05 01:39:23,766][src.data.dataset_collection][INFO] - Exploding test_f 50 times
[2024-05-05 01:39:23,797][src.data.dataset_collection][INFO] - Exploding test_f 50 times
[2024-05-05 01:39:23,829][src.data.dataset_collection][INFO] - Exploding test_f 50 times
[2024-05-05 01:39:23,844][src.data.dataset_collection][INFO] - Exploding test_f 50 times
[2024-05-05 01:39:23,875][src.data.dataset_collection][INFO] - Exploding test_f 50 times
[2024-05-05 01:39:23,907][src.data.dataset_collection][INFO] - Exploding test_f 50 times
[2024-05-05 01:39:23,938][src.data.dataset_collection][INFO] - Exploding test_f 50 times
[2024-05-05 01:39:23,969][src.data.dataset_collection][INFO] - Exploding test_f 50 times
[2024-05-05 01:39:24,000][src.data.dataset_collection][INFO] - Exploding test_f 50 times
[2024-05-05 01:39:24,032][src.data.dataset_collection][INFO] - Exploding test_f 50 times
[2024-05-05 01:39:24,063][src.data.dataset_collection][INFO] - Exploding test_f 50 times
[2024-05-05 01:39:24,094][src.data.dataset_collection][INFO] - Exploding test_f 50 times
[2024-05-05 01:39:24,125][src.data.dataset_collection][INFO] - Exploding test_f 50 times
[2024-05-05 01:39:24,157][src.data.dataset_collection][INFO] - Exploding test_f 50 times
[2024-05-05 01:39:24,188][src.data.dataset_collection][INFO] - Exploding test_f 50 times
[2024-05-05 01:39:24,219][src.data.dataset_collection][INFO] - Exploding test_f 50 times
[2024-05-05 01:39:24,250][src.data.dataset_collection][INFO] - Exploding test_f 50 times
[2024-05-05 01:39:24,282][src.data.dataset_collection][INFO] - Exploding test_f 50 times
[2024-05-05 01:39:24,313][src.data.dataset_collection][INFO] - Exploding test_f 50 times
[2024-05-05 01:39:24,344][src.data.dataset_collection][INFO] - Exploding test_f 50 times
[2024-05-05 01:41:34,157][src.models.gnet][INFO] - Fitting residuals based on train_f_holdout.
[2024-05-05 01:41:34,157][src.models.gnet][INFO] - Predictions for train.
[2024-05-05 01:41:35,063][src.models.time_varying_model][INFO] - RMSE calculation for val.
[2024-05-05 01:41:35,063][src.models.gnet][INFO] - Predictions for val.
[2024-05-05 01:41:35,985][__main__][INFO] - Val normalised RMSE (all): 3.6949895200088685; Val normalised RMSE (orig): nan
[2024-05-05 01:41:36,001][src.models.time_varying_model][INFO] - RMSE calculation for test.
[2024-05-05 01:41:36,001][src.models.gnet][INFO] - Predictions for test.
[2024-05-05 01:41:36,922][__main__][INFO] - Test normalised RMSE (all): 3.584211546480405; Test normalised RMSE (orig): nan.
[2024-05-05 01:41:36,985][src.models.time_varying_model][INFO] - RMSE calculation for test.
[2024-05-05 01:41:36,985][src.models.gnet][INFO] - Autoregressive Prediction for test with MC-sampling of trajectories.
[2024-05-05 01:41:36,985][src.models.gnet][INFO] - t = 1
[2024-05-05 01:41:36,985][src.models.gnet][INFO] - Predictions for test.
[2024-05-05 01:41:38,547][src.models.gnet][INFO] - Predictions for test.
[2024-05-05 01:41:40,031][src.models.gnet][INFO] - Predictions for test.
[2024-05-05 01:41:41,718][src.models.gnet][INFO] - Predictions for test.
[2024-05-05 01:41:43,280][src.models.gnet][INFO] - Predictions for test.
[2024-05-05 01:41:44,874][src.models.gnet][INFO] - Predictions for test.
[2024-05-05 01:41:46,295][src.models.gnet][INFO] - Predictions for test.
[2024-05-05 01:41:47,857][src.models.gnet][INFO] - Predictions for test.
[2024-05-05 01:41:49,419][src.models.gnet][INFO] - Predictions for test.
[2024-05-05 01:41:50,950][src.models.gnet][INFO] - Predictions for test.
[2024-05-05 01:41:52,544][src.models.gnet][INFO] - Predictions for test.
[2024-05-05 01:41:54,121][src.models.gnet][INFO] - Predictions for test.
[2024-05-05 01:41:55,746][src.models.gnet][INFO] - Predictions for test.
[2024-05-05 01:41:57,418][src.models.gnet][INFO] - Predictions for test.
[2024-05-05 01:41:59,042][src.models.gnet][INFO] - Predictions for test.
[2024-05-05 01:42:00,714][src.models.gnet][INFO] - Predictions for test.
[2024-05-05 01:42:02,479][src.models.gnet][INFO] - Predictions for test.
[2024-05-05 01:42:03,916][src.models.gnet][INFO] - Predictions for test.
[2024-05-05 01:42:05,588][src.models.gnet][INFO] - Predictions for test.
[2024-05-05 01:42:07,165][src.models.gnet][INFO] - Predictions for test.
[2024-05-05 01:42:08,696][src.models.gnet][INFO] - Predictions for test.
[2024-05-05 01:42:10,196][src.models.gnet][INFO] - Predictions for test.
[2024-05-05 01:42:11,961][src.models.gnet][INFO] - Predictions for test.
[2024-05-05 01:42:13,508][src.models.gnet][INFO] - Predictions for test.
[2024-05-05 01:42:15,038][src.models.gnet][INFO] - Predictions for test.
[2024-05-05 01:42:16,788][src.models.gnet][INFO] - Predictions for test.
[2024-05-05 01:42:18,241][src.models.gnet][INFO] - Predictions for test.
[2024-05-05 01:42:19,803][src.models.gnet][INFO] - Predictions for test.
[2024-05-05 01:42:21,428][src.models.gnet][INFO] - Predictions for test.
[2024-05-05 01:42:22,865][src.models.gnet][INFO] - Predictions for test.
[2024-05-05 01:42:24,427][src.models.gnet][INFO] - Predictions for test.
[2024-05-05 01:42:26,052][src.models.gnet][INFO] - Predictions for test.
[2024-05-05 01:42:27,536][src.models.gnet][INFO] - Predictions for test.
[2024-05-05 01:42:29,113][src.models.gnet][INFO] - Predictions for test.
[2024-05-05 01:42:30,738][src.models.gnet][INFO] - Predictions for test.
[2024-05-05 01:42:32,300][src.models.gnet][INFO] - Predictions for test.
[2024-05-05 01:42:33,847][src.models.gnet][INFO] - Predictions for test.
[2024-05-05 01:42:35,362][src.models.gnet][INFO] - Predictions for test.
[2024-05-05 01:42:36,955][src.models.gnet][INFO] - Predictions for test.
[2024-05-05 01:42:38,517][src.models.gnet][INFO] - Predictions for test.
[2024-05-05 01:42:40,142][src.models.gnet][INFO] - Predictions for test.
[2024-05-05 01:42:41,876][src.models.gnet][INFO] - Predictions for test.
[2024-05-05 01:42:43,438][src.models.gnet][INFO] - Predictions for test.
[2024-05-05 01:42:45,078][src.models.gnet][INFO] - Predictions for test.
[2024-05-05 01:42:46,703][src.models.gnet][INFO] - Predictions for test.
[2024-05-05 01:42:48,234][src.models.gnet][INFO] - Predictions for test.
[2024-05-05 01:42:49,812][src.models.gnet][INFO] - Predictions for test.
[2024-05-05 01:42:51,452][src.models.gnet][INFO] - Predictions for test.
[2024-05-05 01:42:53,076][src.models.gnet][INFO] - Predictions for test.
[2024-05-05 01:42:54,639][src.models.gnet][INFO] - Predictions for test.
[2024-05-05 01:42:56,279][src.models.gnet][INFO] - t = 2
[2024-05-05 01:42:56,279][src.models.gnet][INFO] - Predictions for test.
[2024-05-05 01:42:57,825][src.models.gnet][INFO] - Predictions for test.
[2024-05-05 01:42:59,387][src.models.gnet][INFO] - Predictions for test.
[2024-05-05 01:43:00,934][src.models.gnet][INFO] - Predictions for test.
[2024-05-05 01:43:02,559][src.models.gnet][INFO] - Predictions for test.
[2024-05-05 01:43:04,168][src.models.gnet][INFO] - Predictions for test.
[2024-05-05 01:43:05,917][src.models.gnet][INFO] - Predictions for test.
[2024-05-05 01:43:07,339][src.models.gnet][INFO] - Predictions for test.
[2024-05-05 01:43:09,385][src.models.gnet][INFO] - Predictions for test.
[2024-05-05 01:43:10,869][src.models.gnet][INFO] - Predictions for test.
[2024-05-05 01:43:12,509][src.models.gnet][INFO] - Predictions for test.
[2024-05-05 01:43:14,087][src.models.gnet][INFO] - Predictions for test.
[2024-05-05 01:43:15,618][src.models.gnet][INFO] - Predictions for test.
[2024-05-05 01:43:17,149][src.models.gnet][INFO] - Predictions for test.
[2024-05-05 01:43:18,742][src.models.gnet][INFO] - Predictions for test.
[2024-05-05 01:43:20,304][src.models.gnet][INFO] - Predictions for test.
[2024-05-05 01:43:21,898][src.models.gnet][INFO] - Predictions for test.
[2024-05-05 01:43:23,319][src.models.gnet][INFO] - Predictions for test.
[2024-05-05 01:43:24,913][src.models.gnet][INFO] - Predictions for test.
[2024-05-05 01:43:26,537][src.models.gnet][INFO] - Predictions for test.
[2024-05-05 01:43:27,975][src.models.gnet][INFO] - Predictions for test.
[2024-05-05 01:43:29,552][src.models.gnet][INFO] - Predictions for test.
[2024-05-05 01:43:31,099][src.models.gnet][INFO] - Predictions for test.
[2024-05-05 01:43:32,645][src.models.gnet][INFO] - Predictions for test.
[2024-05-05 01:43:34,239][src.models.gnet][INFO] - Predictions for test.
[2024-05-05 01:43:35,863][src.models.gnet][INFO] - Predictions for test.
[2024-05-05 01:43:37,425][src.models.gnet][INFO] - Predictions for test.
[2024-05-05 01:43:39,003][src.models.gnet][INFO] - Predictions for test.
[2024-05-05 01:43:40,440][src.models.gnet][INFO] - Predictions for test.
[2024-05-05 01:43:42,190][src.models.gnet][INFO] - Predictions for test.
[2024-05-05 01:43:43,611][src.models.gnet][INFO] - Predictions for test.
[2024-05-05 01:43:45,205][src.models.gnet][INFO] - Predictions for test.
[2024-05-05 01:43:46,829][src.models.gnet][INFO] - Predictions for test.
[2024-05-05 01:43:48,251][src.models.gnet][INFO] - Predictions for test.
[2024-05-05 01:43:49,844][src.models.gnet][INFO] - Predictions for test.
[2024-05-05 01:43:51,438][src.models.gnet][INFO] - Predictions for test.
[2024-05-05 01:43:52,875][src.models.gnet][INFO] - Predictions for test.
[2024-05-05 01:43:54,453][src.models.gnet][INFO] - Predictions for test.
[2024-05-05 01:43:56,062][src.models.gnet][INFO] - Predictions for test.
[2024-05-05 01:43:57,546][src.models.gnet][INFO] - Predictions for test.
[2024-05-05 01:43:59,123][src.models.gnet][INFO] - Predictions for test.
[2024-05-05 01:44:00,686][src.models.gnet][INFO] - Predictions for test.
[2024-05-05 01:44:02,326][src.models.gnet][INFO] - Predictions for test.
[2024-05-05 01:44:03,904][src.models.gnet][INFO] - Predictions for test.
[2024-05-05 01:44:05,435][src.models.gnet][INFO] - Predictions for test.
[2024-05-05 01:44:07,106][src.models.gnet][INFO] - Predictions for test.
[2024-05-05 01:44:08,653][src.models.gnet][INFO] - Predictions for test.
[2024-05-05 01:44:10,230][src.models.gnet][INFO] - Predictions for test.
[2024-05-05 01:44:11,980][src.models.gnet][INFO] - Predictions for test.
[2024-05-05 01:44:13,542][src.models.gnet][INFO] - Predictions for test.
[2024-05-05 01:44:15,073][src.models.gnet][INFO] - t = 3
[2024-05-05 01:44:15,073][src.models.gnet][INFO] - Predictions for test.
[2024-05-05 01:44:16,729][src.models.gnet][INFO] - Predictions for test.
[2024-05-05 01:44:18,291][src.models.gnet][INFO] - Predictions for test.
[2024-05-05 01:44:20,353][src.models.gnet][INFO] - Predictions for test.
[2024-05-05 01:44:21,962][src.models.gnet][INFO] - Predictions for test.
[2024-05-05 01:44:23,399][src.models.gnet][INFO] - Predictions for test.
[2024-05-05 01:44:25,008][src.models.gnet][INFO] - Predictions for test.
[2024-05-05 01:44:26,680][src.models.gnet][INFO] - Predictions for test.
[2024-05-05 01:44:28,257][src.models.gnet][INFO] - Predictions for test.
[2024-05-05 01:44:29,835][src.models.gnet][INFO] - Predictions for test.
[2024-05-05 01:44:31,366][src.models.gnet][INFO] - Predictions for test.
[2024-05-05 01:44:33,022][src.models.gnet][INFO] - Predictions for test.
[2024-05-05 01:44:34,568][src.models.gnet][INFO] - Predictions for test.
[2024-05-05 01:44:36,130][src.models.gnet][INFO] - Predictions for test.
[2024-05-05 01:44:37,755][src.models.gnet][INFO] - Predictions for test.
[2024-05-05 01:44:39,317][src.models.gnet][INFO] - Predictions for test.
[2024-05-05 01:44:40,895][src.models.gnet][INFO] - Predictions for test.
[2024-05-05 01:44:42,551][src.models.gnet][INFO] - Predictions for test.
[2024-05-05 01:44:44,129][src.models.gnet][INFO] - Predictions for test.
[2024-05-05 01:44:45,706][src.models.gnet][INFO] - Predictions for test.
[2024-05-05 01:44:47,237][src.models.gnet][INFO] - Predictions for test.
[2024-05-05 01:44:48,909][src.models.gnet][INFO] - Predictions for test.
[2024-05-05 01:44:50,440][src.models.gnet][INFO] - Predictions for test.
[2024-05-05 01:44:52,049][src.models.gnet][INFO] - Predictions for test.
[2024-05-05 01:44:53,626][src.models.gnet][INFO] - Predictions for test.
[2024-05-05 01:44:55,220][src.models.gnet][INFO] - Predictions for test.
[2024-05-05 01:44:56,907][src.models.gnet][INFO] - Predictions for test.
[2024-05-05 01:44:58,531][src.models.gnet][INFO] - Predictions for test.
[2024-05-05 01:45:00,094][src.models.gnet][INFO] - Predictions for test.
[2024-05-05 01:45:01,718][src.models.gnet][INFO] - Predictions for test.
[2024-05-05 01:45:03,390][src.models.gnet][INFO] - Predictions for test.
[2024-05-05 01:45:04,921][src.models.gnet][INFO] - Predictions for test.
[2024-05-05 01:45:06,498][src.models.gnet][INFO] - Predictions for test.
[2024-05-05 01:45:08,139][src.models.gnet][INFO] - Predictions for test.
[2024-05-05 01:45:09,701][src.models.gnet][INFO] - Predictions for test.
[2024-05-05 01:45:11,263][src.models.gnet][INFO] - Predictions for test.
[2024-05-05 01:45:12,887][src.models.gnet][INFO] - Predictions for test.
[2024-05-05 01:45:14,418][src.models.gnet][INFO] - Predictions for test.
[2024-05-05 01:45:15,840][src.models.gnet][INFO] - Predictions for test.
[2024-05-05 01:45:17,433][src.models.gnet][INFO] - Predictions for test.
[2024-05-05 01:45:19,058][src.models.gnet][INFO] - Predictions for test.
[2024-05-05 01:45:20,495][src.models.gnet][INFO] - Predictions for test.
[2024-05-05 01:45:22,073][src.models.gnet][INFO] - Predictions for test.
[2024-05-05 01:45:23,697][src.models.gnet][INFO] - Predictions for test.
[2024-05-05 01:45:25,119][src.models.gnet][INFO] - Predictions for test.
[2024-05-05 01:45:26,790][src.models.gnet][INFO] - Predictions for test.
[2024-05-05 01:45:28,415][src.models.gnet][INFO] - Predictions for test.
[2024-05-05 01:45:29,977][src.models.gnet][INFO] - Predictions for test.
[2024-05-05 01:45:31,524][src.models.gnet][INFO] - Predictions for test.
[2024-05-05 01:45:33,133][src.models.gnet][INFO] - Predictions for test.
[2024-05-05 01:45:34,554][src.models.gnet][INFO] - t = 4
[2024-05-05 01:45:34,554][src.models.gnet][INFO] - Predictions for test.
[2024-05-05 01:45:36,148][src.models.gnet][INFO] - Predictions for test.
[2024-05-05 01:45:37,757][src.models.gnet][INFO] - Predictions for test.
[2024-05-05 01:45:39,178][src.models.gnet][INFO] - Predictions for test.
[2024-05-05 01:45:40,756][src.models.gnet][INFO] - Predictions for test.
[2024-05-05 01:45:42,474][src.models.gnet][INFO] - Predictions for test.
[2024-05-05 01:45:44,052][src.models.gnet][INFO] - Predictions for test.
[2024-05-05 01:45:45,614][src.models.gnet][INFO] - Predictions for test.
[2024-05-05 01:45:47,161][src.models.gnet][INFO] - Predictions for test.
[2024-05-05 01:45:48,692][src.models.gnet][INFO] - Predictions for test.
[2024-05-05 01:45:50,254][src.models.gnet][INFO] - Predictions for test.
[2024-05-05 01:45:51,816][src.models.gnet][INFO] - Predictions for test.
[2024-05-05 01:45:53,409][src.models.gnet][INFO] - Predictions for test.
[2024-05-05 01:45:54,846][src.models.gnet][INFO] - Predictions for test.
[2024-05-05 01:45:56,440][src.models.gnet][INFO] - Predictions for test.
[2024-05-05 01:45:58,049][src.models.gnet][INFO] - Predictions for test.
[2024-05-05 01:45:59,486][src.models.gnet][INFO] - Predictions for test.
[2024-05-05 01:46:01,064][src.models.gnet][INFO] - Predictions for test.
[2024-05-05 01:46:02,610][src.models.gnet][INFO] - Predictions for test.
[2024-05-05 01:46:04,313][src.models.gnet][INFO] - Predictions for test.
[2024-05-05 01:46:05,875][src.models.gnet][INFO] - Predictions for test.
[2024-05-05 01:46:07,468][src.models.gnet][INFO] - Predictions for test.
[2024-05-05 01:46:09,281][src.models.gnet][INFO] - Predictions for test.
[2024-05-05 01:46:10,686][src.models.gnet][INFO] - Predictions for test.
[2024-05-05 01:46:12,389][src.models.gnet][INFO] - Predictions for test.
[2024-05-05 01:46:14,029][src.models.gnet][INFO] - Predictions for test.
[2024-05-05 01:46:15,685][src.models.gnet][INFO] - Predictions for test.
[2024-05-05 01:46:17,247][src.models.gnet][INFO] - Predictions for test.
[2024-05-05 01:46:18,888][src.models.gnet][INFO] - Predictions for test.
[2024-05-05 01:46:20,434][src.models.gnet][INFO] - Predictions for test.
[2024-05-05 01:46:21,996][src.models.gnet][INFO] - Predictions for test.
[2024-05-05 01:46:23,621][src.models.gnet][INFO] - Predictions for test.
[2024-05-05 01:46:25,167][src.models.gnet][INFO] - Predictions for test.
[2024-05-05 01:46:26,714][src.models.gnet][INFO] - Predictions for test.
[2024-05-05 01:46:28,370][src.models.gnet][INFO] - Predictions for test.
[2024-05-05 01:46:29,916][src.models.gnet][INFO] - Predictions for test.
[2024-05-05 01:46:31,478][src.models.gnet][INFO] - Predictions for test.
[2024-05-05 01:46:33,041][src.models.gnet][INFO] - Predictions for test.
[2024-05-05 01:46:34,665][src.models.gnet][INFO] - Predictions for test.
[2024-05-05 01:46:36,634][src.models.gnet][INFO] - Predictions for test.
[2024-05-05 01:46:38,180][src.models.gnet][INFO] - Predictions for test.
[2024-05-05 01:46:39,836][src.models.gnet][INFO] - Predictions for test.
[2024-05-05 01:46:41,382][src.models.gnet][INFO] - Predictions for test.
[2024-05-05 01:46:42,960][src.models.gnet][INFO] - Predictions for test.
[2024-05-05 01:46:44,616][src.models.gnet][INFO] - Predictions for test.
[2024-05-05 01:46:46,178][src.models.gnet][INFO] - Predictions for test.
[2024-05-05 01:46:47,803][src.models.gnet][INFO] - Predictions for test.
[2024-05-05 01:46:49,427][src.models.gnet][INFO] - Predictions for test.
[2024-05-05 01:46:51,005][src.models.gnet][INFO] - Predictions for test.
[2024-05-05 01:46:52,614][src.models.gnet][INFO] - Predictions for test.
[2024-05-05 01:46:54,239][src.models.gnet][INFO] - t = 5
[2024-05-05 01:46:54,239][src.models.gnet][INFO] - Predictions for test.
[2024-05-05 01:46:55,863][src.models.gnet][INFO] - Predictions for test.
[2024-05-05 01:46:57,488][src.models.gnet][INFO] - Predictions for test.
[2024-05-05 01:46:59,113][src.models.gnet][INFO] - Predictions for test.
[2024-05-05 01:47:00,659][src.models.gnet][INFO] - Predictions for test.
[2024-05-05 01:47:02,237][src.models.gnet][INFO] - Predictions for test.
[2024-05-05 01:47:03,830][src.models.gnet][INFO] - Predictions for test.
[2024-05-05 01:47:05,471][src.models.gnet][INFO] - Predictions for test.
[2024-05-05 01:47:07,017][src.models.gnet][INFO] - Predictions for test.
[2024-05-05 01:47:08,564][src.models.gnet][INFO] - Predictions for test.
[2024-05-05 01:47:10,063][src.models.gnet][INFO] - Predictions for test.
[2024-05-05 01:47:11,703][src.models.gnet][INFO] - Predictions for test.
[2024-05-05 01:47:13,266][src.models.gnet][INFO] - Predictions for test.
[2024-05-05 01:47:14,890][src.models.gnet][INFO] - Predictions for test.
[2024-05-05 01:47:16,452][src.models.gnet][INFO] - Predictions for test.
[2024-05-05 01:47:17,968][src.models.gnet][INFO] - Predictions for test.
[2024-05-05 01:47:19,545][src.models.gnet][INFO] - Predictions for test.
[2024-05-05 01:47:21,235][src.models.gnet][INFO] - Predictions for test.
[2024-05-05 01:47:22,795][src.models.gnet][INFO] - Predictions for test.
[2024-05-05 01:47:24,435][src.models.gnet][INFO] - Predictions for test.
[2024-05-05 01:47:26,029][src.models.gnet][INFO] - Predictions for test.
[2024-05-05 01:47:27,716][src.models.gnet][INFO] - Predictions for test.
[2024-05-05 01:47:29,262][src.models.gnet][INFO] - Predictions for test.
[2024-05-05 01:47:30,793][src.models.gnet][INFO] - Predictions for test.
[2024-05-05 01:47:32,371][src.models.gnet][INFO] - Predictions for test.
[2024-05-05 01:47:33,933][src.models.gnet][INFO] - Predictions for test.
[2024-05-05 01:47:35,542][src.models.gnet][INFO] - Predictions for test.
[2024-05-05 01:47:36,995][src.models.gnet][INFO] - Predictions for test.
[2024-05-05 01:47:38,573][src.models.gnet][INFO] - Predictions for test.
[2024-05-05 01:47:40,182][src.models.gnet][INFO] - Predictions for test.
[2024-05-05 01:47:41,806][src.models.gnet][INFO] - Predictions for test.
[2024-05-05 01:47:43,384][src.models.gnet][INFO] - Predictions for test.
[2024-05-05 01:47:44,993][src.models.gnet][INFO] - Predictions for test.
[2024-05-05 01:47:46,415][src.models.gnet][INFO] - Predictions for test.
[2024-05-05 01:47:48,024][src.models.gnet][INFO] - Predictions for test.
[2024-05-05 01:47:49,570][src.models.gnet][INFO] - Predictions for test.
[2024-05-05 01:47:51,085][src.models.gnet][INFO] - Predictions for test.
[2024-05-05 01:47:52,663][src.models.gnet][INFO] - Predictions for test.
[2024-05-05 01:47:54,225][src.models.gnet][INFO] - Predictions for test.
[2024-05-05 01:47:55,834][src.models.gnet][INFO] - Predictions for test.
[2024-05-05 01:47:57,334][src.models.gnet][INFO] - Predictions for test.
[2024-05-05 01:47:58,912][src.models.gnet][INFO] - Predictions for test.
[2024-05-05 01:48:00,552][src.models.gnet][INFO] - Predictions for test.
[2024-05-05 01:48:02,114][src.models.gnet][INFO] - Predictions for test.
[2024-05-05 01:48:03,676][src.models.gnet][INFO] - Predictions for test.
[2024-05-05 01:48:05,317][src.models.gnet][INFO] - Predictions for test.
[2024-05-05 01:48:06,879][src.models.gnet][INFO] - Predictions for test.
[2024-05-05 01:48:08,425][src.models.gnet][INFO] - Predictions for test.
[2024-05-05 01:48:10,019][src.models.gnet][INFO] - Predictions for test.
[2024-05-05 01:48:11,690][src.models.gnet][INFO] - Predictions for test.
[2024-05-05 01:48:13,252][src.models.gnet][INFO] - t = 6
[2024-05-05 01:48:13,252][src.models.gnet][INFO] - Predictions for test.
[2024-05-05 01:48:14,908][src.models.gnet][INFO] - Predictions for test.
[2024-05-05 01:48:16,361][src.models.gnet][INFO] - Predictions for test.
[2024-05-05 01:48:17,939][src.models.gnet][INFO] - Predictions for test.
[2024-05-05 01:48:19,485][src.models.gnet][INFO] - Predictions for test.
[2024-05-05 01:48:21,094][src.models.gnet][INFO] - Predictions for test.
[2024-05-05 01:48:22,516][src.models.gnet][INFO] - Predictions for test.
[2024-05-05 01:48:24,109][src.models.gnet][INFO] - Predictions for test.
[2024-05-05 01:48:25,749][src.models.gnet][INFO] - Predictions for test.
[2024-05-05 01:48:27,389][src.models.gnet][INFO] - Predictions for test.
[2024-05-05 01:48:28,842][src.models.gnet][INFO] - Predictions for test.
[2024-05-05 01:48:30,498][src.models.gnet][INFO] - Predictions for test.
[2024-05-05 01:48:32,107][src.models.gnet][INFO] - Predictions for test.
[2024-05-05 01:48:33,716][src.models.gnet][INFO] - Predictions for test.
[2024-05-05 01:48:35,388][src.models.gnet][INFO] - Predictions for test.
[2024-05-05 01:48:37,043][src.models.gnet][INFO] - Predictions for test.
[2024-05-05 01:48:38,496][src.models.gnet][INFO] - Predictions for test.
[2024-05-05 01:48:40,136][src.models.gnet][INFO] - Predictions for test.
[2024-05-05 01:48:41,792][src.models.gnet][INFO] - Predictions for test.
[2024-05-05 01:48:43,354][src.models.gnet][INFO] - Predictions for test.
[2024-05-05 01:48:44,995][src.models.gnet][INFO] - Predictions for test.
[2024-05-05 01:48:46,635][src.models.gnet][INFO] - Predictions for test.
[2024-05-05 01:48:48,166][src.models.gnet][INFO] - Predictions for test.
[2024-05-05 01:48:49,790][src.models.gnet][INFO] - Predictions for test.
[2024-05-05 01:48:51,384][src.models.gnet][INFO] - Predictions for test.
[2024-05-05 01:48:52,962][src.models.gnet][INFO] - Predictions for test.
[2024-05-05 01:48:54,539][src.models.gnet][INFO] - Predictions for test.
[2024-05-05 01:48:56,148][src.models.gnet][INFO] - Predictions for test.
[2024-05-05 01:48:57,570][src.models.gnet][INFO] - Predictions for test.
[2024-05-05 01:48:59,163][src.models.gnet][INFO] - Predictions for test.
[2024-05-05 01:49:00,819][src.models.gnet][INFO] - Predictions for test.
[2024-05-05 01:49:02,444][src.models.gnet][INFO] - Predictions for test.
[2024-05-05 01:49:03,975][src.models.gnet][INFO] - Predictions for test.
[2024-05-05 01:49:05,443][src.models.gnet][INFO] - Predictions for test.
[2024-05-05 01:49:07,099][src.models.gnet][INFO] - Predictions for test.
[2024-05-05 01:49:08,661][src.models.gnet][INFO] - Predictions for test.
[2024-05-05 01:49:10,254][src.models.gnet][INFO] - Predictions for test.
[2024-05-05 01:49:12,004][src.models.gnet][INFO] - Predictions for test.
[2024-05-05 01:49:13,551][src.models.gnet][INFO] - Predictions for test.
[2024-05-05 01:49:14,988][src.models.gnet][INFO] - Predictions for test.
[2024-05-05 01:49:16,675][src.models.gnet][INFO] - Predictions for test.
[2024-05-05 01:49:18,253][src.models.gnet][INFO] - Predictions for test.
[2024-05-05 01:49:19,783][src.models.gnet][INFO] - Predictions for test.
[2024-05-05 01:49:21,299][src.models.gnet][INFO] - Predictions for test.
[2024-05-05 01:49:22,892][src.models.gnet][INFO] - Predictions for test.
[2024-05-05 01:49:24,439][src.models.gnet][INFO] - Predictions for test.
[2024-05-05 01:49:25,954][src.models.gnet][INFO] - Predictions for test.
[2024-05-05 01:49:27,704][src.models.gnet][INFO] - Predictions for test.
[2024-05-05 01:49:29,125][src.models.gnet][INFO] - Predictions for test.
[2024-05-05 01:49:30,765][src.models.gnet][INFO] - Predictions for test.
[2024-05-05 01:49:32,374][__main__][INFO] - Test normalised RMSE (n-step prediction): {'2-step': 18.7359247131222, '3-step': 19.66403784718005, '4-step': 19.579321829964144, '5-step': 18.924715028406805, '6-step': 19.063047951194257}
