[2024-05-04 22:41:57,465][__main__][INFO] - 
model:
  dim_treatments: 4
  dim_vitals: 0
  dim_static_features: 1
  dim_outcomes: 1
  dim_cosovitals: ???
  dim_abstract_confounders: ???
  dim_s: ???
  name: G-Net
  g_net:
    _target_: src.models.gnet.GNet
    seq_hidden_units: 48
    num_layer: 1
    r_size: 2
    fc_hidden_units: 40
    num_comp: 1
    mc_samples: 50
    fit_vitals: true
    comp_sizes: null
    batch_size: 64
    dropout_rate: 0.2
    optimizer:
      optimizer_cls: adam
      learning_rate: 0.01
      weight_decay: 0.0
      lr_scheduler: false
    tune_hparams: false
    tune_range: 50
    hparams_grid: null
    resources_per_trial: null
dataset:
  val_batch_size: 4096
  treatment_mode: multiclass
  _target_: src.data.SyntheticVitalDatasetCollection
  name: tumor_generator
  seed: 10
  num_confounder: 1
  num_u: 1
  split:
    val: 0.15
    test: 0.15
  window_size: 15
  lag: 0
  max_seq_length: 60
  projection_horizon: 5
  cf_seq_mode: sliding_treatment
  time_step: 30
  holdout_ratio: 0.1
exp:
  seed: 10
  gpus:
  - 0
  max_epochs: 100
  logging: true
  mlflow_uri: http://127.0.0.1:5000
  unscale_rmse: true
  percentage_rmse: true
  alpha: 1.0
  update_alpha: false
  alpha_rate: exp
  balancing: grad_reverse
  bce_weight: false
  weights_ema: false
  beta: 0.99

[2024-05-04 22:42:21,756][src.data.cancer_sim.dataset][INFO] - Shape of processed train data: {'sequence_lengths': (3500,), 'prev_treatments': (3500, 28, 1), 'vitals': (3500, 28, 8), 'next_vitals': (3500, 27, 8), 'current_treatments': (3500, 28, 1), 'static_features': (3500, 1), 'active_entries': (3500, 28, 1), 'outputs': (3500, 28, 1), 'unscaled_outputs': (3500, 28, 1), 'prev_outputs': (3500, 28, 1), 'coso_vitals': (3500, 28, 7), 'COSO': (3500, 28, 1)}
[2024-05-04 22:42:21,756][src.data.cancer_sim.dataset][INFO] - Shape of processed val data: {'sequence_lengths': (750,), 'prev_treatments': (750, 28, 1), 'vitals': (750, 28, 8), 'next_vitals': (750, 27, 8), 'current_treatments': (750, 28, 1), 'static_features': (750, 1), 'active_entries': (750, 28, 1), 'outputs': (750, 28, 1), 'unscaled_outputs': (750, 28, 1), 'prev_outputs': (750, 28, 1), 'coso_vitals': (750, 28, 7), 'COSO': (750, 28, 1)}
[2024-05-04 22:42:21,756][src.data.cancer_sim.dataset][INFO] - Shape of processed test data: {'sequence_lengths': (750,), 'prev_treatments': (750, 28, 1), 'vitals': (750, 28, 8), 'next_vitals': (750, 27, 8), 'current_treatments': (750, 28, 1), 'static_features': (750, 1), 'active_entries': (750, 28, 1), 'outputs': (750, 28, 1), 'unscaled_outputs': (750, 28, 1), 'prev_outputs': (750, 28, 1), 'coso_vitals': (750, 28, 7), 'COSO': (750, 28, 1)}
[2024-05-04 22:42:21,756][src.data.cancer_sim.dataset][INFO] - Exploding test dataset before testing (multiple sequences)
[2024-05-04 22:42:21,850][src.data.cancer_sim.dataset][INFO] - Shape of processed test data: {'prev_treatments': (13906, 28, 1), 'current_treatments': (13906, 28, 1), 'static_features': (13906, 1), 'prev_outputs': (13906, 28, 1), 'outputs': (13906, 28, 1), 'vitals': (13906, 28, 8), 'next_vitals': (13906, 27, 8), 'unscaled_outputs': (13906, 28, 1), 'sequence_lengths': (13906,), 'active_entries': (13906, 28, 1)}
[2024-05-04 22:42:21,866][src.data.cancer_sim.dataset][INFO] - Processing test dataset before testing (multiple sequences)
[2024-05-04 22:42:21,959][src.data.cancer_sim.dataset][INFO] - Shape of processed test data: {'original_index': (13906,), 'active_encoder_r': (13906, 23), 'prev_treatments': (13906, 5, 1), 'current_treatments': (13906, 5, 1), 'static_features': (13906, 1), 'prev_outputs': (13906, 5, 1), 'outputs': (13906, 5, 1), 'unscaled_outputs': (13906, 5, 1), 'sequence_lengths': (13906,), 'active_entries': (13906, 5, 1)}
[2024-05-04 22:42:22,162][src.models.gnet][INFO] - Input size of g_net: 11
[2024-05-04 22:42:22,346][src.data.dataset_collection][INFO] - Splited train_f on train_f: 3150 and train_f_holdout: 350
[2024-05-04 22:42:22,346][src.data.dataset_collection][INFO] - Exploding test_f 50 times
[2024-05-04 22:42:22,362][src.data.dataset_collection][INFO] - Exploding test_f 50 times
[2024-05-04 22:42:22,378][src.data.dataset_collection][INFO] - Exploding test_f 50 times
[2024-05-04 22:42:22,393][src.data.dataset_collection][INFO] - Exploding test_f 50 times
[2024-05-04 22:42:22,425][src.data.dataset_collection][INFO] - Exploding test_f 50 times
[2024-05-04 22:42:22,440][src.data.dataset_collection][INFO] - Exploding test_f 50 times
[2024-05-04 22:42:22,456][src.data.dataset_collection][INFO] - Exploding test_f 50 times
[2024-05-04 22:42:22,471][src.data.dataset_collection][INFO] - Exploding test_f 50 times
[2024-05-04 22:42:22,487][src.data.dataset_collection][INFO] - Exploding test_f 50 times
[2024-05-04 22:42:22,503][src.data.dataset_collection][INFO] - Exploding test_f 50 times
[2024-05-04 22:42:22,518][src.data.dataset_collection][INFO] - Exploding test_f 50 times
[2024-05-04 22:42:22,549][src.data.dataset_collection][INFO] - Exploding test_f 50 times
[2024-05-04 22:42:22,565][src.data.dataset_collection][INFO] - Exploding test_f 50 times
[2024-05-04 22:42:22,586][src.data.dataset_collection][INFO] - Exploding test_f 50 times
[2024-05-04 22:42:22,603][src.data.dataset_collection][INFO] - Exploding test_f 50 times
[2024-05-04 22:42:22,622][src.data.dataset_collection][INFO] - Exploding test_f 50 times
[2024-05-04 22:42:22,640][src.data.dataset_collection][INFO] - Exploding test_f 50 times
[2024-05-04 22:42:22,650][src.data.dataset_collection][INFO] - Exploding test_f 50 times
[2024-05-04 22:42:22,665][src.data.dataset_collection][INFO] - Exploding test_f 50 times
[2024-05-04 22:42:22,681][src.data.dataset_collection][INFO] - Exploding test_f 50 times
[2024-05-04 22:42:22,712][src.data.dataset_collection][INFO] - Exploding test_f 50 times
[2024-05-04 22:42:22,728][src.data.dataset_collection][INFO] - Exploding test_f 50 times
[2024-05-04 22:42:22,743][src.data.dataset_collection][INFO] - Exploding test_f 50 times
[2024-05-04 22:42:22,768][src.data.dataset_collection][INFO] - Exploding test_f 50 times
[2024-05-04 22:42:22,790][src.data.dataset_collection][INFO] - Exploding test_f 50 times
[2024-05-04 22:42:22,811][src.data.dataset_collection][INFO] - Exploding test_f 50 times
[2024-05-04 22:42:22,816][src.data.dataset_collection][INFO] - Exploding test_f 50 times
[2024-05-04 22:42:22,851][src.data.dataset_collection][INFO] - Exploding test_f 50 times
[2024-05-04 22:42:22,872][src.data.dataset_collection][INFO] - Exploding test_f 50 times
[2024-05-04 22:42:22,893][src.data.dataset_collection][INFO] - Exploding test_f 50 times
[2024-05-04 22:42:22,913][src.data.dataset_collection][INFO] - Exploding test_f 50 times
[2024-05-04 22:42:22,932][src.data.dataset_collection][INFO] - Exploding test_f 50 times
[2024-05-04 22:42:22,948][src.data.dataset_collection][INFO] - Exploding test_f 50 times
[2024-05-04 22:42:22,963][src.data.dataset_collection][INFO] - Exploding test_f 50 times
[2024-05-04 22:42:22,995][src.data.dataset_collection][INFO] - Exploding test_f 50 times
[2024-05-04 22:42:23,010][src.data.dataset_collection][INFO] - Exploding test_f 50 times
[2024-05-04 22:42:23,026][src.data.dataset_collection][INFO] - Exploding test_f 50 times
[2024-05-04 22:42:23,041][src.data.dataset_collection][INFO] - Exploding test_f 50 times
[2024-05-04 22:42:23,073][src.data.dataset_collection][INFO] - Exploding test_f 50 times
[2024-05-04 22:42:23,088][src.data.dataset_collection][INFO] - Exploding test_f 50 times
[2024-05-04 22:42:23,104][src.data.dataset_collection][INFO] - Exploding test_f 50 times
[2024-05-04 22:42:23,135][src.data.dataset_collection][INFO] - Exploding test_f 50 times
[2024-05-04 22:42:23,151][src.data.dataset_collection][INFO] - Exploding test_f 50 times
[2024-05-04 22:42:23,166][src.data.dataset_collection][INFO] - Exploding test_f 50 times
[2024-05-04 22:42:23,197][src.data.dataset_collection][INFO] - Exploding test_f 50 times
[2024-05-04 22:42:23,218][src.data.dataset_collection][INFO] - Exploding test_f 50 times
[2024-05-04 22:42:23,238][src.data.dataset_collection][INFO] - Exploding test_f 50 times
[2024-05-04 22:42:23,259][src.data.dataset_collection][INFO] - Exploding test_f 50 times
[2024-05-04 22:42:23,266][src.data.dataset_collection][INFO] - Exploding test_f 50 times
[2024-05-04 22:42:23,298][src.data.dataset_collection][INFO] - Exploding test_f 50 times
[2024-05-04 22:44:34,419][src.models.gnet][INFO] - Fitting residuals based on train_f_holdout.
[2024-05-04 22:44:34,419][src.models.gnet][INFO] - Predictions for train.
[2024-05-04 22:44:35,310][src.models.time_varying_model][INFO] - RMSE calculation for val.
[2024-05-04 22:44:35,310][src.models.gnet][INFO] - Predictions for val.
[2024-05-04 22:44:36,231][__main__][INFO] - Val normalised RMSE (all): 3.4973678000269723; Val normalised RMSE (orig): nan
[2024-05-04 22:44:36,231][src.models.time_varying_model][INFO] - RMSE calculation for test.
[2024-05-04 22:44:36,231][src.models.gnet][INFO] - Predictions for test.
[2024-05-04 22:44:37,153][__main__][INFO] - Test normalised RMSE (all): 3.3931145743961424; Test normalised RMSE (orig): nan.
[2024-05-04 22:44:37,215][src.models.time_varying_model][INFO] - RMSE calculation for test.
[2024-05-04 22:44:37,215][src.models.gnet][INFO] - Autoregressive Prediction for test with MC-sampling of trajectories.
[2024-05-04 22:44:37,215][src.models.gnet][INFO] - t = 1
[2024-05-04 22:44:37,215][src.models.gnet][INFO] - Predictions for test.
[2024-05-04 22:44:38,903][src.models.gnet][INFO] - Predictions for test.
[2024-05-04 22:44:40,465][src.models.gnet][INFO] - Predictions for test.
[2024-05-04 22:44:41,964][src.models.gnet][INFO] - Predictions for test.
[2024-05-04 22:44:43,464][src.models.gnet][INFO] - Predictions for test.
[2024-05-04 22:44:44,917][src.models.gnet][INFO] - Predictions for test.
[2024-05-04 22:44:46,479][src.models.gnet][INFO] - Predictions for test.
[2024-05-04 22:44:48,025][src.models.gnet][INFO] - Predictions for test.
[2024-05-04 22:44:49,681][src.models.gnet][INFO] - Predictions for test.
[2024-05-04 22:44:51,212][src.models.gnet][INFO] - Predictions for test.
[2024-05-04 22:44:52,743][src.models.gnet][INFO] - Predictions for test.
[2024-05-04 22:44:54,883][src.models.gnet][INFO] - Predictions for test.
[2024-05-04 22:44:56,477][src.models.gnet][INFO] - Predictions for test.
[2024-05-04 22:44:57,976][src.models.gnet][INFO] - Predictions for test.
[2024-05-04 22:44:59,460][src.models.gnet][INFO] - Predictions for test.
[2024-05-04 22:45:01,054][src.models.gnet][INFO] - Predictions for test.
[2024-05-04 22:45:02,569][src.models.gnet][INFO] - Predictions for test.
[2024-05-04 22:45:04,147][src.models.gnet][INFO] - Predictions for test.
[2024-05-04 22:45:05,724][src.models.gnet][INFO] - Predictions for test.
[2024-05-04 22:45:07,240][src.models.gnet][INFO] - Predictions for test.
[2024-05-04 22:45:08,802][src.models.gnet][INFO] - Predictions for test.
[2024-05-04 22:45:10,364][src.models.gnet][INFO] - Predictions for test.
[2024-05-04 22:45:11,973][src.models.gnet][INFO] - Predictions for test.
[2024-05-04 22:45:13,598][src.models.gnet][INFO] - Predictions for test.
[2024-05-04 22:45:15,191][src.models.gnet][INFO] - Predictions for test.
[2024-05-04 22:45:16,722][src.models.gnet][INFO] - Predictions for test.
[2024-05-04 22:45:18,268][src.models.gnet][INFO] - Predictions for test.
[2024-05-04 22:45:19,690][src.models.gnet][INFO] - Predictions for test.
[2024-05-04 22:45:21,268][src.models.gnet][INFO] - Predictions for test.
[2024-05-04 22:45:22,877][src.models.gnet][INFO] - Predictions for test.
[2024-05-04 22:45:24,408][src.models.gnet][INFO] - Predictions for test.
[2024-05-04 22:45:25,954][src.models.gnet][INFO] - Predictions for test.
[2024-05-04 22:45:27,516][src.models.gnet][INFO] - Predictions for test.
[2024-05-04 22:45:29,016][src.models.gnet][INFO] - Predictions for test.
[2024-05-04 22:45:30,515][src.models.gnet][INFO] - Predictions for test.
[2024-05-04 22:45:31,953][src.models.gnet][INFO] - Predictions for test.
[2024-05-04 22:45:33,515][src.models.gnet][INFO] - Predictions for test.
[2024-05-04 22:45:35,061][src.models.gnet][INFO] - Predictions for test.
[2024-05-04 22:45:36,655][src.models.gnet][INFO] - Predictions for test.
[2024-05-04 22:45:38,186][src.models.gnet][INFO] - Predictions for test.
[2024-05-04 22:45:39,685][src.models.gnet][INFO] - Predictions for test.
[2024-05-04 22:45:41,263][src.models.gnet][INFO] - Predictions for test.
[2024-05-04 22:45:42,638][src.models.gnet][INFO] - Predictions for test.
[2024-05-04 22:45:44,169][src.models.gnet][INFO] - Predictions for test.
[2024-05-04 22:45:45,762][src.models.gnet][INFO] - Predictions for test.
[2024-05-04 22:45:47,355][src.models.gnet][INFO] - Predictions for test.
[2024-05-04 22:45:48,871][src.models.gnet][INFO] - Predictions for test.
[2024-05-04 22:45:50,433][src.models.gnet][INFO] - Predictions for test.
[2024-05-04 22:45:51,932][src.models.gnet][INFO] - Predictions for test.
[2024-05-04 22:45:53,463][src.models.gnet][INFO] - Predictions for test.
[2024-05-04 22:45:55,041][src.models.gnet][INFO] - t = 2
[2024-05-04 22:45:55,041][src.models.gnet][INFO] - Predictions for test.
[2024-05-04 22:45:56,603][src.models.gnet][INFO] - Predictions for test.
[2024-05-04 22:45:58,150][src.models.gnet][INFO] - Predictions for test.
[2024-05-04 22:45:59,727][src.models.gnet][INFO] - Predictions for test.
[2024-05-04 22:46:01,243][src.models.gnet][INFO] - Predictions for test.
[2024-05-04 22:46:02,742][src.models.gnet][INFO] - Predictions for test.
[2024-05-04 22:46:04,195][src.models.gnet][INFO] - Predictions for test.
[2024-05-04 22:46:05,789][src.models.gnet][INFO] - Predictions for test.
[2024-05-04 22:46:07,319][src.models.gnet][INFO] - Predictions for test.
[2024-05-04 22:46:08,882][src.models.gnet][INFO] - Predictions for test.
[2024-05-04 22:46:10,475][src.models.gnet][INFO] - Predictions for test.
[2024-05-04 22:46:12,006][src.models.gnet][INFO] - Predictions for test.
[2024-05-04 22:46:13,584][src.models.gnet][INFO] - Predictions for test.
[2024-05-04 22:46:15,005][src.models.gnet][INFO] - Predictions for test.
[2024-05-04 22:46:16,567][src.models.gnet][INFO] - Predictions for test.
[2024-05-04 22:46:18,161][src.models.gnet][INFO] - Predictions for test.
[2024-05-04 22:46:19,770][src.models.gnet][INFO] - Predictions for test.
[2024-05-04 22:46:21,316][src.models.gnet][INFO] - Predictions for test.
[2024-05-04 22:46:22,894][src.models.gnet][INFO] - Predictions for test.
[2024-05-04 22:46:24,284][src.models.gnet][INFO] - Predictions for test.
[2024-05-04 22:46:25,815][src.models.gnet][INFO] - Predictions for test.
[2024-05-04 22:46:27,393][src.models.gnet][INFO] - Predictions for test.
[2024-05-04 22:46:28,986][src.models.gnet][INFO] - Predictions for test.
[2024-05-04 22:46:30,517][src.models.gnet][INFO] - Predictions for test.
[2024-05-04 22:46:32,110][src.models.gnet][INFO] - Predictions for test.
[2024-05-04 22:46:33,485][src.models.gnet][INFO] - Predictions for test.
[2024-05-04 22:46:35,016][src.models.gnet][INFO] - Predictions for test.
[2024-05-04 22:46:36,609][src.models.gnet][INFO] - Predictions for test.
[2024-05-04 22:46:38,203][src.models.gnet][INFO] - Predictions for test.
[2024-05-04 22:46:39,718][src.models.gnet][INFO] - Predictions for test.
[2024-05-04 22:46:41,265][src.models.gnet][INFO] - Predictions for test.
[2024-05-04 22:46:42,780][src.models.gnet][INFO] - Predictions for test.
[2024-05-04 22:46:44,373][src.models.gnet][INFO] - Predictions for test.
[2024-05-04 22:46:45,951][src.models.gnet][INFO] - Predictions for test.
[2024-05-04 22:46:47,451][src.models.gnet][INFO] - Predictions for test.
[2024-05-04 22:46:48,966][src.models.gnet][INFO] - Predictions for test.
[2024-05-04 22:46:50,450][src.models.gnet][INFO] - Predictions for test.
[2024-05-04 22:46:52,028][src.models.gnet][INFO] - Predictions for test.
[2024-05-04 22:46:53,559][src.models.gnet][INFO] - Predictions for test.
[2024-05-04 22:46:55,136][src.models.gnet][INFO] - Predictions for test.
[2024-05-04 22:46:57,136][src.models.gnet][INFO] - Predictions for test.
[2024-05-04 22:46:58,667][src.models.gnet][INFO] - Predictions for test.
[2024-05-04 22:47:00,245][src.models.gnet][INFO] - Predictions for test.
[2024-05-04 22:47:01,760][src.models.gnet][INFO] - Predictions for test.
[2024-05-04 22:47:03,275][src.models.gnet][INFO] - Predictions for test.
[2024-05-04 22:47:04,837][src.models.gnet][INFO] - Predictions for test.
[2024-05-04 22:47:06,337][src.models.gnet][INFO] - Predictions for test.
[2024-05-04 22:47:07,868][src.models.gnet][INFO] - Predictions for test.
[2024-05-04 22:47:09,446][src.models.gnet][INFO] - Predictions for test.
[2024-05-04 22:47:10,945][src.models.gnet][INFO] - Predictions for test.
[2024-05-04 22:47:12,492][src.models.gnet][INFO] - t = 3
[2024-05-04 22:47:12,492][src.models.gnet][INFO] - Predictions for test.
[2024-05-04 22:47:14,085][src.models.gnet][INFO] - Predictions for test.
[2024-05-04 22:47:15,585][src.models.gnet][INFO] - Predictions for test.
[2024-05-04 22:47:17,116][src.models.gnet][INFO] - Predictions for test.
[2024-05-04 22:47:18,693][src.models.gnet][INFO] - Predictions for test.
[2024-05-04 22:47:20,193][src.models.gnet][INFO] - Predictions for test.
[2024-05-04 22:47:21,724][src.models.gnet][INFO] - Predictions for test.
[2024-05-04 22:47:23,286][src.models.gnet][INFO] - Predictions for test.
[2024-05-04 22:47:24,786][src.models.gnet][INFO] - Predictions for test.
[2024-05-04 22:47:26,285][src.models.gnet][INFO] - Predictions for test.
[2024-05-04 22:47:27,723][src.models.gnet][INFO] - Predictions for test.
[2024-05-04 22:47:29,285][src.models.gnet][INFO] - Predictions for test.
[2024-05-04 22:47:30,816][src.models.gnet][INFO] - Predictions for test.
[2024-05-04 22:47:32,425][src.models.gnet][INFO] - Predictions for test.
[2024-05-04 22:47:33,955][src.models.gnet][INFO] - Predictions for test.
[2024-05-04 22:47:35,455][src.models.gnet][INFO] - Predictions for test.
[2024-05-04 22:47:37,036][src.models.gnet][INFO] - Predictions for test.
[2024-05-04 22:47:38,488][src.models.gnet][INFO] - Predictions for test.
[2024-05-04 22:47:40,066][src.models.gnet][INFO] - Predictions for test.
[2024-05-04 22:47:41,800][src.models.gnet][INFO] - Predictions for test.
[2024-05-04 22:47:43,315][src.models.gnet][INFO] - Predictions for test.
[2024-05-04 22:47:44,821][src.models.gnet][INFO] - Predictions for test.
[2024-05-04 22:47:46,320][src.models.gnet][INFO] - Predictions for test.
[2024-05-04 22:47:47,914][src.models.gnet][INFO] - Predictions for test.
[2024-05-04 22:47:49,444][src.models.gnet][INFO] - Predictions for test.
[2024-05-04 22:47:51,022][src.models.gnet][INFO] - Predictions for test.
[2024-05-04 22:47:52,584][src.models.gnet][INFO] - Predictions for test.
[2024-05-04 22:47:54,100][src.models.gnet][INFO] - Predictions for test.
[2024-05-04 22:47:55,662][src.models.gnet][INFO] - Predictions for test.
[2024-05-04 22:47:57,161][src.models.gnet][INFO] - Predictions for test.
[2024-05-04 22:47:58,661][src.models.gnet][INFO] - Predictions for test.
[2024-05-04 22:48:00,114][src.models.gnet][INFO] - Predictions for test.
[2024-05-04 22:48:01,707][src.models.gnet][INFO] - Predictions for test.
[2024-05-04 22:48:03,223][src.models.gnet][INFO] - Predictions for test.
[2024-05-04 22:48:04,785][src.models.gnet][INFO] - Predictions for test.
[2024-05-04 22:48:06,159][src.models.gnet][INFO] - Predictions for test.
[2024-05-04 22:48:07,690][src.models.gnet][INFO] - Predictions for test.
[2024-05-04 22:48:09,268][src.models.gnet][INFO] - Predictions for test.
[2024-05-04 22:48:10,861][src.models.gnet][INFO] - Predictions for test.
[2024-05-04 22:48:12,377][src.models.gnet][INFO] - Predictions for test.
[2024-05-04 22:48:13,939][src.models.gnet][INFO] - Predictions for test.
[2024-05-04 22:48:15,517][src.models.gnet][INFO] - Predictions for test.
[2024-05-04 22:48:17,063][src.models.gnet][INFO] - Predictions for test.
[2024-05-04 22:48:18,656][src.models.gnet][INFO] - Predictions for test.
[2024-05-04 22:48:20,203][src.models.gnet][INFO] - Predictions for test.
[2024-05-04 22:48:21,718][src.models.gnet][INFO] - Predictions for test.
[2024-05-04 22:48:23,265][src.models.gnet][INFO] - Predictions for test.
[2024-05-04 22:48:24,671][src.models.gnet][INFO] - Predictions for test.
[2024-05-04 22:48:26,217][src.models.gnet][INFO] - Predictions for test.
[2024-05-04 22:48:27,779][src.models.gnet][INFO] - Predictions for test.
[2024-05-04 22:48:29,404][src.models.gnet][INFO] - t = 4
[2024-05-04 22:48:29,404][src.models.gnet][INFO] - Predictions for test.
[2024-05-04 22:48:30,950][src.models.gnet][INFO] - Predictions for test.
[2024-05-04 22:48:32,544][src.models.gnet][INFO] - Predictions for test.
[2024-05-04 22:48:34,075][src.models.gnet][INFO] - Predictions for test.
[2024-05-04 22:48:35,590][src.models.gnet][INFO] - Predictions for test.
[2024-05-04 22:48:37,152][src.models.gnet][INFO] - Predictions for test.
[2024-05-04 22:48:38,652][src.models.gnet][INFO] - Predictions for test.
[2024-05-04 22:48:40,042][src.models.gnet][INFO] - Predictions for test.
[2024-05-04 22:48:41,651][src.models.gnet][INFO] - Predictions for test.
[2024-05-04 22:48:43,198][src.models.gnet][INFO] - Predictions for test.
[2024-05-04 22:48:44,744][src.models.gnet][INFO] - Predictions for test.
[2024-05-04 22:48:46,306][src.models.gnet][INFO] - Predictions for test.
[2024-05-04 22:48:47,806][src.models.gnet][INFO] - Predictions for test.
[2024-05-04 22:48:49,290][src.models.gnet][INFO] - Predictions for test.
[2024-05-04 22:48:50,743][src.models.gnet][INFO] - Predictions for test.
[2024-05-04 22:48:52,289][src.models.gnet][INFO] - Predictions for test.
[2024-05-04 22:48:53,851][src.models.gnet][INFO] - Predictions for test.
[2024-05-04 22:48:55,460][src.models.gnet][INFO] - Predictions for test.
[2024-05-04 22:48:57,022][src.models.gnet][INFO] - Predictions for test.
[2024-05-04 22:48:58,522][src.models.gnet][INFO] - Predictions for test.
[2024-05-04 22:49:00,100][src.models.gnet][INFO] - Predictions for test.
[2024-05-04 22:49:01,693][src.models.gnet][INFO] - Predictions for test.
[2024-05-04 22:49:03,193][src.models.gnet][INFO] - Predictions for test.
[2024-05-04 22:49:04,755][src.models.gnet][INFO] - Predictions for test.
[2024-05-04 22:49:06,333][src.models.gnet][INFO] - Predictions for test.
[2024-05-04 22:49:07,832][src.models.gnet][INFO] - Predictions for test.
[2024-05-04 22:49:09,316][src.models.gnet][INFO] - Predictions for test.
[2024-05-04 22:49:10,894][src.models.gnet][INFO] - Predictions for test.
[2024-05-04 22:49:12,425][src.models.gnet][INFO] - Predictions for test.
[2024-05-04 22:49:14,018][src.models.gnet][INFO] - Predictions for test.
[2024-05-04 22:49:15,737][src.models.gnet][INFO] - Predictions for test.
[2024-05-04 22:49:17,236][src.models.gnet][INFO] - Predictions for test.
[2024-05-04 22:49:18,861][src.models.gnet][INFO] - Predictions for test.
[2024-05-04 22:49:20,533][src.models.gnet][INFO] - Predictions for test.
[2024-05-04 22:49:22,032][src.models.gnet][INFO] - Predictions for test.
[2024-05-04 22:49:23,641][src.models.gnet][INFO] - Predictions for test.
[2024-05-04 22:49:25,172][src.models.gnet][INFO] - Predictions for test.
[2024-05-04 22:49:26,734][src.models.gnet][INFO] - Predictions for test.
[2024-05-04 22:49:28,296][src.models.gnet][INFO] - Predictions for test.
[2024-05-04 22:49:29,859][src.models.gnet][INFO] - Predictions for test.
[2024-05-04 22:49:31,389][src.models.gnet][INFO] - Predictions for test.
[2024-05-04 22:49:32,983][src.models.gnet][INFO] - Predictions for test.
[2024-05-04 22:49:34,482][src.models.gnet][INFO] - Predictions for test.
[2024-05-04 22:49:36,029][src.models.gnet][INFO] - Predictions for test.
[2024-05-04 22:49:37,607][src.models.gnet][INFO] - Predictions for test.
[2024-05-04 22:49:39,106][src.models.gnet][INFO] - Predictions for test.
[2024-05-04 22:49:40,622][src.models.gnet][INFO] - Predictions for test.
[2024-05-04 22:49:42,121][src.models.gnet][INFO] - Predictions for test.
[2024-05-04 22:49:43,621][src.models.gnet][INFO] - Predictions for test.
[2024-05-04 22:49:44,996][src.models.gnet][INFO] - Predictions for test.
[2024-05-04 22:49:46,620][src.models.gnet][INFO] - t = 5
[2024-05-04 22:49:46,620][src.models.gnet][INFO] - Predictions for test.
[2024-05-04 22:49:48,151][src.models.gnet][INFO] - Predictions for test.
[2024-05-04 22:49:49,698][src.models.gnet][INFO] - Predictions for test.
[2024-05-04 22:49:51,260][src.models.gnet][INFO] - Predictions for test.
[2024-05-04 22:49:52,759][src.models.gnet][INFO] - Predictions for test.
[2024-05-04 22:49:54,259][src.models.gnet][INFO] - Predictions for test.
[2024-05-04 22:49:55,774][src.models.gnet][INFO] - Predictions for test.
[2024-05-04 22:49:57,383][src.models.gnet][INFO] - Predictions for test.
[2024-05-04 22:49:59,039][src.models.gnet][INFO] - Predictions for test.
[2024-05-04 22:50:00,695][src.models.gnet][INFO] - Predictions for test.
[2024-05-04 22:50:02,226][src.models.gnet][INFO] - Predictions for test.
[2024-05-04 22:50:03,726][src.models.gnet][INFO] - Predictions for test.
[2024-05-04 22:50:05,178][src.models.gnet][INFO] - Predictions for test.
[2024-05-04 22:50:06,741][src.models.gnet][INFO] - Predictions for test.
[2024-05-04 22:50:08,225][src.models.gnet][INFO] - Predictions for test.
[2024-05-04 22:50:09,849][src.models.gnet][INFO] - Predictions for test.
[2024-05-04 22:50:11,380][src.models.gnet][INFO] - Predictions for test.
[2024-05-04 22:50:12,895][src.models.gnet][INFO] - Predictions for test.
[2024-05-04 22:50:14,457][src.models.gnet][INFO] - Predictions for test.
[2024-05-04 22:50:15,988][src.models.gnet][INFO] - Predictions for test.
[2024-05-04 22:50:17,363][src.models.gnet][INFO] - Predictions for test.
[2024-05-04 22:50:18,956][src.models.gnet][INFO] - Predictions for test.
[2024-05-04 22:50:20,487][src.models.gnet][INFO] - Predictions for test.
[2024-05-04 22:50:22,034][src.models.gnet][INFO] - Predictions for test.
[2024-05-04 22:50:23,596][src.models.gnet][INFO] - Predictions for test.
[2024-05-04 22:50:25,111][src.models.gnet][INFO] - Predictions for test.
[2024-05-04 22:50:26,627][src.models.gnet][INFO] - Predictions for test.
[2024-05-04 22:50:28,064][src.models.gnet][INFO] - Predictions for test.
[2024-05-04 22:50:29,641][src.models.gnet][INFO] - Predictions for test.
[2024-05-04 22:50:31,141][src.models.gnet][INFO] - Predictions for test.
[2024-05-04 22:50:32,703][src.models.gnet][INFO] - Predictions for test.
[2024-05-04 22:50:34,078][src.models.gnet][INFO] - Predictions for test.
[2024-05-04 22:50:35,687][src.models.gnet][INFO] - Predictions for test.
[2024-05-04 22:50:37,265][src.models.gnet][INFO] - Predictions for test.
[2024-05-04 22:50:38,764][src.models.gnet][INFO] - Predictions for test.
[2024-05-04 22:50:40,264][src.models.gnet][INFO] - Predictions for test.
[2024-05-04 22:50:41,748][src.models.gnet][INFO] - Predictions for test.
[2024-05-04 22:50:43,326][src.models.gnet][INFO] - Predictions for test.
[2024-05-04 22:50:44,841][src.models.gnet][INFO] - Predictions for test.
[2024-05-04 22:50:46,388][src.models.gnet][INFO] - Predictions for test.
[2024-05-04 22:50:47,778][src.models.gnet][INFO] - Predictions for test.
[2024-05-04 22:50:49,309][src.models.gnet][INFO] - Predictions for test.
[2024-05-04 22:50:50,902][src.models.gnet][INFO] - Predictions for test.
[2024-05-04 22:50:52,527][src.models.gnet][INFO] - Predictions for test.
[2024-05-04 22:50:54,058][src.models.gnet][INFO] - Predictions for test.
[2024-05-04 22:50:55,667][src.models.gnet][INFO] - Predictions for test.
[2024-05-04 22:50:57,182][src.models.gnet][INFO] - Predictions for test.
[2024-05-04 22:50:58,572][src.models.gnet][INFO] - Predictions for test.
[2024-05-04 22:51:00,181][src.models.gnet][INFO] - Predictions for test.
[2024-05-04 22:51:01,728][src.models.gnet][INFO] - Predictions for test.
[2024-05-04 22:51:03,227][src.models.gnet][INFO] - t = 6
[2024-05-04 22:51:03,227][src.models.gnet][INFO] - Predictions for test.
[2024-05-04 22:51:04,665][src.models.gnet][INFO] - Predictions for test.
[2024-05-04 22:51:06,242][src.models.gnet][INFO] - Predictions for test.
[2024-05-04 22:51:07,742][src.models.gnet][INFO] - Predictions for test.
[2024-05-04 22:51:09,304][src.models.gnet][INFO] - Predictions for test.
[2024-05-04 22:51:10,710][src.models.gnet][INFO] - Predictions for test.
[2024-05-04 22:51:12,288][src.models.gnet][INFO] - Predictions for test.
[2024-05-04 22:51:13,756][src.models.gnet][INFO] - Predictions for test.
[2024-05-04 22:51:15,256][src.models.gnet][INFO] - Predictions for test.
[2024-05-04 22:51:16,677][src.models.gnet][INFO] - Predictions for test.
[2024-05-04 22:51:18,271][src.models.gnet][INFO] - Predictions for test.
[2024-05-04 22:51:19,802][src.models.gnet][INFO] - Predictions for test.
[2024-05-04 22:51:21,348][src.models.gnet][INFO] - Predictions for test.
[2024-05-04 22:51:22,895][src.models.gnet][INFO] - Predictions for test.
[2024-05-04 22:51:24,394][src.models.gnet][INFO] - Predictions for test.
[2024-05-04 22:51:25,956][src.models.gnet][INFO] - Predictions for test.
[2024-05-04 22:51:27,425][src.models.gnet][INFO] - Predictions for test.
[2024-05-04 22:51:29,003][src.models.gnet][INFO] - Predictions for test.
[2024-05-04 22:51:30,518][src.models.gnet][INFO] - Predictions for test.
[2024-05-04 22:51:32,096][src.models.gnet][INFO] - Predictions for test.
[2024-05-04 22:51:33,580][src.models.gnet][INFO] - Predictions for test.
[2024-05-04 22:51:34,970][src.models.gnet][INFO] - Predictions for test.
[2024-05-04 22:51:36,563][src.models.gnet][INFO] - Predictions for test.
[2024-05-04 22:51:38,094][src.models.gnet][INFO] - Predictions for test.
[2024-05-04 22:51:39,641][src.models.gnet][INFO] - Predictions for test.
[2024-05-04 22:51:41,203][src.models.gnet][INFO] - Predictions for test.
[2024-05-04 22:51:42,703][src.models.gnet][INFO] - Predictions for test.
[2024-05-04 22:51:44,187][src.models.gnet][INFO] - Predictions for test.
[2024-05-04 22:51:45,624][src.models.gnet][INFO] - Predictions for test.
[2024-05-04 22:51:47,186][src.models.gnet][INFO] - Predictions for test.
[2024-05-04 22:51:48,717][src.models.gnet][INFO] - Predictions for test.
[2024-05-04 22:51:50,294][src.models.gnet][INFO] - Predictions for test.
[2024-05-04 22:51:51,794][src.models.gnet][INFO] - Predictions for test.
[2024-05-04 22:51:53,294][src.models.gnet][INFO] - Predictions for test.
[2024-05-04 22:51:54,747][src.models.gnet][INFO] - Predictions for test.
[2024-05-04 22:51:56,262][src.models.gnet][INFO] - Predictions for test.
[2024-05-04 22:51:57,637][src.models.gnet][INFO] - Predictions for test.
[2024-05-04 22:51:59,230][src.models.gnet][INFO] - Predictions for test.
[2024-05-04 22:52:00,776][src.models.gnet][INFO] - Predictions for test.
[2024-05-04 22:52:02,292][src.models.gnet][INFO] - Predictions for test.
[2024-05-04 22:52:03,869][src.models.gnet][INFO] - Predictions for test.
[2024-05-04 22:52:05,447][src.models.gnet][INFO] - Predictions for test.
[2024-05-04 22:52:06,962][src.models.gnet][INFO] - Predictions for test.
[2024-05-04 22:52:08,509][src.models.gnet][INFO] - Predictions for test.
[2024-05-04 22:52:10,056][src.models.gnet][INFO] - Predictions for test.
[2024-05-04 22:52:11,586][src.models.gnet][INFO] - Predictions for test.
[2024-05-04 22:52:13,164][src.models.gnet][INFO] - Predictions for test.
[2024-05-04 22:52:14,648][src.models.gnet][INFO] - Predictions for test.
[2024-05-04 22:52:16,226][src.models.gnet][INFO] - Predictions for test.
[2024-05-04 22:52:17,710][src.models.gnet][INFO] - Predictions for test.
[2024-05-04 22:52:19,256][__main__][INFO] - Test normalised RMSE (n-step prediction): {'2-step': 12.842697340116585, '3-step': 13.554351434245696, '4-step': 13.081030111377567, '5-step': 13.181011013221244, '6-step': 13.83584201717155}
