[2024-05-04 23:43:52,516][__main__][INFO] - 
model:
  dim_treatments: 4
  dim_vitals: 0
  dim_static_features: 1
  dim_outcomes: 1
  dim_cosovitals: ???
  dim_abstract_confounders: ???
  dim_s: ???
  name: G-Net
  g_net:
    _target_: src.models.gnet.GNet
    seq_hidden_units: 48
    num_layer: 1
    r_size: 2
    fc_hidden_units: 40
    num_comp: 1
    mc_samples: 50
    fit_vitals: true
    comp_sizes: null
    batch_size: 64
    dropout_rate: 0.2
    optimizer:
      optimizer_cls: adam
      learning_rate: 0.01
      weight_decay: 0.0
      lr_scheduler: false
    tune_hparams: false
    tune_range: 50
    hparams_grid: null
    resources_per_trial: null
dataset:
  val_batch_size: 4096
  treatment_mode: multiclass
  _target_: src.data.SyntheticVitalDatasetCollection
  name: tumor_generator
  seed: 100
  num_confounder: 2
  num_u: 1
  split:
    val: 0.15
    test: 0.15
  window_size: 15
  lag: 0
  max_seq_length: 60
  projection_horizon: 5
  cf_seq_mode: sliding_treatment
  time_step: 30
  holdout_ratio: 0.1
exp:
  seed: 100
  gpus:
  - 0
  max_epochs: 100
  logging: true
  mlflow_uri: http://127.0.0.1:5000
  unscale_rmse: true
  percentage_rmse: true
  alpha: 1.0
  update_alpha: false
  alpha_rate: exp
  balancing: grad_reverse
  bce_weight: false
  weights_ema: false
  beta: 0.99

[2024-05-04 23:44:15,307][src.data.cancer_sim.dataset][INFO] - Shape of processed train data: {'sequence_lengths': (3500,), 'prev_treatments': (3500, 28, 1), 'vitals': (3500, 28, 10), 'next_vitals': (3500, 27, 10), 'current_treatments': (3500, 28, 1), 'static_features': (3500, 1), 'active_entries': (3500, 28, 1), 'outputs': (3500, 28, 1), 'unscaled_outputs': (3500, 28, 1), 'prev_outputs': (3500, 28, 1), 'coso_vitals': (3500, 28, 9), 'COSO': (3500, 28, 1)}
[2024-05-04 23:44:15,323][src.data.cancer_sim.dataset][INFO] - Shape of processed val data: {'sequence_lengths': (750,), 'prev_treatments': (750, 28, 1), 'vitals': (750, 28, 10), 'next_vitals': (750, 27, 10), 'current_treatments': (750, 28, 1), 'static_features': (750, 1), 'active_entries': (750, 28, 1), 'outputs': (750, 28, 1), 'unscaled_outputs': (750, 28, 1), 'prev_outputs': (750, 28, 1), 'coso_vitals': (750, 28, 9), 'COSO': (750, 28, 1)}
[2024-05-04 23:44:15,323][src.data.cancer_sim.dataset][INFO] - Shape of processed test data: {'sequence_lengths': (750,), 'prev_treatments': (750, 28, 1), 'vitals': (750, 28, 10), 'next_vitals': (750, 27, 10), 'current_treatments': (750, 28, 1), 'static_features': (750, 1), 'active_entries': (750, 28, 1), 'outputs': (750, 28, 1), 'unscaled_outputs': (750, 28, 1), 'prev_outputs': (750, 28, 1), 'coso_vitals': (750, 28, 9), 'COSO': (750, 28, 1)}
[2024-05-04 23:44:15,323][src.data.cancer_sim.dataset][INFO] - Exploding test dataset before testing (multiple sequences)
[2024-05-04 23:44:15,416][src.data.cancer_sim.dataset][INFO] - Shape of processed test data: {'prev_treatments': (13844, 28, 1), 'current_treatments': (13844, 28, 1), 'static_features': (13844, 1), 'prev_outputs': (13844, 28, 1), 'outputs': (13844, 28, 1), 'vitals': (13844, 28, 10), 'next_vitals': (13844, 27, 10), 'unscaled_outputs': (13844, 28, 1), 'sequence_lengths': (13844,), 'active_entries': (13844, 28, 1)}
[2024-05-04 23:44:15,432][src.data.cancer_sim.dataset][INFO] - Processing test dataset before testing (multiple sequences)
[2024-05-04 23:44:15,526][src.data.cancer_sim.dataset][INFO] - Shape of processed test data: {'original_index': (13844,), 'active_encoder_r': (13844, 23), 'prev_treatments': (13844, 5, 1), 'current_treatments': (13844, 5, 1), 'static_features': (13844, 1), 'prev_outputs': (13844, 5, 1), 'outputs': (13844, 5, 1), 'unscaled_outputs': (13844, 5, 1), 'sequence_lengths': (13844,), 'active_entries': (13844, 5, 1)}
[2024-05-04 23:44:15,651][src.models.gnet][INFO] - Input size of g_net: 13
[2024-05-04 23:44:15,682][src.data.dataset_collection][INFO] - Splited train_f on train_f: 3150 and train_f_holdout: 350
[2024-05-04 23:44:15,682][src.data.dataset_collection][INFO] - Exploding test_f 50 times
[2024-05-04 23:44:15,713][src.data.dataset_collection][INFO] - Exploding test_f 50 times
[2024-05-04 23:44:15,729][src.data.dataset_collection][INFO] - Exploding test_f 50 times
[2024-05-04 23:44:15,760][src.data.dataset_collection][INFO] - Exploding test_f 50 times
[2024-05-04 23:44:15,776][src.data.dataset_collection][INFO] - Exploding test_f 50 times
[2024-05-04 23:44:15,807][src.data.dataset_collection][INFO] - Exploding test_f 50 times
[2024-05-04 23:44:15,823][src.data.dataset_collection][INFO] - Exploding test_f 50 times
[2024-05-04 23:44:15,854][src.data.dataset_collection][INFO] - Exploding test_f 50 times
[2024-05-04 23:44:15,885][src.data.dataset_collection][INFO] - Exploding test_f 50 times
[2024-05-04 23:44:15,901][src.data.dataset_collection][INFO] - Exploding test_f 50 times
[2024-05-04 23:44:15,916][src.data.dataset_collection][INFO] - Exploding test_f 50 times
[2024-05-04 23:44:15,948][src.data.dataset_collection][INFO] - Exploding test_f 50 times
[2024-05-04 23:44:15,963][src.data.dataset_collection][INFO] - Exploding test_f 50 times
[2024-05-04 23:44:15,994][src.data.dataset_collection][INFO] - Exploding test_f 50 times
[2024-05-04 23:44:16,026][src.data.dataset_collection][INFO] - Exploding test_f 50 times
[2024-05-04 23:44:16,041][src.data.dataset_collection][INFO] - Exploding test_f 50 times
[2024-05-04 23:44:16,073][src.data.dataset_collection][INFO] - Exploding test_f 50 times
[2024-05-04 23:44:16,088][src.data.dataset_collection][INFO] - Exploding test_f 50 times
[2024-05-04 23:44:16,119][src.data.dataset_collection][INFO] - Exploding test_f 50 times
[2024-05-04 23:44:16,135][src.data.dataset_collection][INFO] - Exploding test_f 50 times
[2024-05-04 23:44:16,166][src.data.dataset_collection][INFO] - Exploding test_f 50 times
[2024-05-04 23:44:16,182][src.data.dataset_collection][INFO] - Exploding test_f 50 times
[2024-05-04 23:44:16,213][src.data.dataset_collection][INFO] - Exploding test_f 50 times
[2024-05-04 23:44:16,229][src.data.dataset_collection][INFO] - Exploding test_f 50 times
[2024-05-04 23:44:16,260][src.data.dataset_collection][INFO] - Exploding test_f 50 times
[2024-05-04 23:44:16,291][src.data.dataset_collection][INFO] - Exploding test_f 50 times
[2024-05-04 23:44:16,307][src.data.dataset_collection][INFO] - Exploding test_f 50 times
[2024-05-04 23:44:16,338][src.data.dataset_collection][INFO] - Exploding test_f 50 times
[2024-05-04 23:44:16,354][src.data.dataset_collection][INFO] - Exploding test_f 50 times
[2024-05-04 23:44:16,385][src.data.dataset_collection][INFO] - Exploding test_f 50 times
[2024-05-04 23:44:16,401][src.data.dataset_collection][INFO] - Exploding test_f 50 times
[2024-05-04 23:44:16,432][src.data.dataset_collection][INFO] - Exploding test_f 50 times
[2024-05-04 23:44:16,447][src.data.dataset_collection][INFO] - Exploding test_f 50 times
[2024-05-04 23:44:16,479][src.data.dataset_collection][INFO] - Exploding test_f 50 times
[2024-05-04 23:44:16,510][src.data.dataset_collection][INFO] - Exploding test_f 50 times
[2024-05-04 23:44:16,526][src.data.dataset_collection][INFO] - Exploding test_f 50 times
[2024-05-04 23:44:16,557][src.data.dataset_collection][INFO] - Exploding test_f 50 times
[2024-05-04 23:44:16,572][src.data.dataset_collection][INFO] - Exploding test_f 50 times
[2024-05-04 23:44:16,604][src.data.dataset_collection][INFO] - Exploding test_f 50 times
[2024-05-04 23:44:16,619][src.data.dataset_collection][INFO] - Exploding test_f 50 times
[2024-05-04 23:44:16,651][src.data.dataset_collection][INFO] - Exploding test_f 50 times
[2024-05-04 23:44:16,682][src.data.dataset_collection][INFO] - Exploding test_f 50 times
[2024-05-04 23:44:16,697][src.data.dataset_collection][INFO] - Exploding test_f 50 times
[2024-05-04 23:44:16,729][src.data.dataset_collection][INFO] - Exploding test_f 50 times
[2024-05-04 23:44:16,744][src.data.dataset_collection][INFO] - Exploding test_f 50 times
[2024-05-04 23:44:16,776][src.data.dataset_collection][INFO] - Exploding test_f 50 times
[2024-05-04 23:44:16,791][src.data.dataset_collection][INFO] - Exploding test_f 50 times
[2024-05-04 23:44:16,822][src.data.dataset_collection][INFO] - Exploding test_f 50 times
[2024-05-04 23:44:16,838][src.data.dataset_collection][INFO] - Exploding test_f 50 times
[2024-05-04 23:44:16,869][src.data.dataset_collection][INFO] - Exploding test_f 50 times
[2024-05-04 23:46:26,292][src.models.gnet][INFO] - Fitting residuals based on train_f_holdout.
[2024-05-04 23:46:26,292][src.models.gnet][INFO] - Predictions for train.
[2024-05-04 23:46:27,167][src.models.time_varying_model][INFO] - RMSE calculation for val.
[2024-05-04 23:46:27,167][src.models.gnet][INFO] - Predictions for val.
[2024-05-04 23:46:28,104][__main__][INFO] - Val normalised RMSE (all): 3.50305957128201; Val normalised RMSE (orig): nan
[2024-05-04 23:46:28,104][src.models.time_varying_model][INFO] - RMSE calculation for test.
[2024-05-04 23:46:28,104][src.models.gnet][INFO] - Predictions for test.
[2024-05-04 23:46:29,026][__main__][INFO] - Test normalised RMSE (all): 3.464707174435086; Test normalised RMSE (orig): nan.
[2024-05-04 23:46:29,088][src.models.time_varying_model][INFO] - RMSE calculation for test.
[2024-05-04 23:46:29,088][src.models.gnet][INFO] - Autoregressive Prediction for test with MC-sampling of trajectories.
[2024-05-04 23:46:29,088][src.models.gnet][INFO] - t = 1
[2024-05-04 23:46:29,088][src.models.gnet][INFO] - Predictions for test.
[2024-05-04 23:46:30,619][src.models.gnet][INFO] - Predictions for test.
[2024-05-04 23:46:32,010][src.models.gnet][INFO] - Predictions for test.
[2024-05-04 23:46:33,650][src.models.gnet][INFO] - Predictions for test.
[2024-05-04 23:46:35,181][src.models.gnet][INFO] - Predictions for test.
[2024-05-04 23:46:36,680][src.models.gnet][INFO] - Predictions for test.
[2024-05-04 23:46:38,164][src.models.gnet][INFO] - Predictions for test.
[2024-05-04 23:46:39,726][src.models.gnet][INFO] - Predictions for test.
[2024-05-04 23:46:41,242][src.models.gnet][INFO] - Predictions for test.
[2024-05-04 23:46:42,804][src.models.gnet][INFO] - Predictions for test.
[2024-05-04 23:46:44,413][src.models.gnet][INFO] - Predictions for test.
[2024-05-04 23:46:46,131][src.models.gnet][INFO] - Predictions for test.
[2024-05-04 23:46:47,615][src.models.gnet][INFO] - Predictions for test.
[2024-05-04 23:46:49,115][src.models.gnet][INFO] - Predictions for test.
[2024-05-04 23:46:50,536][src.models.gnet][INFO] - Predictions for test.
[2024-05-04 23:46:52,177][src.models.gnet][INFO] - Predictions for test.
[2024-05-04 23:46:53,692][src.models.gnet][INFO] - Predictions for test.
[2024-05-04 23:46:55,207][src.models.gnet][INFO] - Predictions for test.
[2024-05-04 23:46:56,738][src.models.gnet][INFO] - Predictions for test.
[2024-05-04 23:46:58,316][src.models.gnet][INFO] - Predictions for test.
[2024-05-04 23:46:59,909][src.models.gnet][INFO] - Predictions for test.
[2024-05-04 23:47:01,534][src.models.gnet][INFO] - Predictions for test.
[2024-05-04 23:47:03,096][src.models.gnet][INFO] - Predictions for test.
[2024-05-04 23:47:04,643][src.models.gnet][INFO] - Predictions for test.
[2024-05-04 23:47:06,205][src.models.gnet][INFO] - Predictions for test.
[2024-05-04 23:47:07,626][src.models.gnet][INFO] - Predictions for test.
[2024-05-04 23:47:09,266][src.models.gnet][INFO] - Predictions for test.
[2024-05-04 23:47:10,735][src.models.gnet][INFO] - Predictions for test.
[2024-05-04 23:47:12,328][src.models.gnet][INFO] - Predictions for test.
[2024-05-04 23:47:13,890][src.models.gnet][INFO] - Predictions for test.
[2024-05-04 23:47:15,452][src.models.gnet][INFO] - Predictions for test.
[2024-05-04 23:47:16,968][src.models.gnet][INFO] - Predictions for test.
[2024-05-04 23:47:18,515][src.models.gnet][INFO] - Predictions for test.
[2024-05-04 23:47:19,905][src.models.gnet][INFO] - Predictions for test.
[2024-05-04 23:47:21,545][src.models.gnet][INFO] - Predictions for test.
[2024-05-04 23:47:23,092][src.models.gnet][INFO] - Predictions for test.
[2024-05-04 23:47:24,670][src.models.gnet][INFO] - Predictions for test.
[2024-05-04 23:47:26,216][src.models.gnet][INFO] - Predictions for test.
[2024-05-04 23:47:27,778][src.models.gnet][INFO] - Predictions for test.
[2024-05-04 23:47:29,294][src.models.gnet][INFO] - Predictions for test.
[2024-05-04 23:47:30,887][src.models.gnet][INFO] - Predictions for test.
[2024-05-04 23:47:32,418][src.models.gnet][INFO] - Predictions for test.
[2024-05-04 23:47:33,917][src.models.gnet][INFO] - Predictions for test.
[2024-05-04 23:47:35,386][src.models.gnet][INFO] - Predictions for test.
[2024-05-04 23:47:36,948][src.models.gnet][INFO] - Predictions for test.
[2024-05-04 23:47:38,479][src.models.gnet][INFO] - Predictions for test.
[2024-05-04 23:47:40,088][src.models.gnet][INFO] - Predictions for test.
[2024-05-04 23:47:41,556][src.models.gnet][INFO] - Predictions for test.
[2024-05-04 23:47:43,087][src.models.gnet][INFO] - Predictions for test.
[2024-05-04 23:47:44,759][src.models.gnet][INFO] - Predictions for test.
[2024-05-04 23:47:46,290][src.models.gnet][INFO] - t = 2
[2024-05-04 23:47:46,305][src.models.gnet][INFO] - Predictions for test.
[2024-05-04 23:47:47,836][src.models.gnet][INFO] - Predictions for test.
[2024-05-04 23:47:49,429][src.models.gnet][INFO] - Predictions for test.
[2024-05-04 23:47:50,882][src.models.gnet][INFO] - Predictions for test.
[2024-05-04 23:47:52,460][src.models.gnet][INFO] - Predictions for test.
[2024-05-04 23:47:54,053][src.models.gnet][INFO] - Predictions for test.
[2024-05-04 23:47:55,553][src.models.gnet][INFO] - Predictions for test.
[2024-05-04 23:47:57,146][src.models.gnet][INFO] - Predictions for test.
[2024-05-04 23:47:58,771][src.models.gnet][INFO] - Predictions for test.
[2024-05-04 23:48:00,318][src.models.gnet][INFO] - Predictions for test.
[2024-05-04 23:48:01,833][src.models.gnet][INFO] - Predictions for test.
[2024-05-04 23:48:03,411][src.models.gnet][INFO] - Predictions for test.
[2024-05-04 23:48:05,004][src.models.gnet][INFO] - Predictions for test.
[2024-05-04 23:48:06,504][src.models.gnet][INFO] - Predictions for test.
[2024-05-04 23:48:07,988][src.models.gnet][INFO] - Predictions for test.
[2024-05-04 23:48:09,565][src.models.gnet][INFO] - Predictions for test.
[2024-05-04 23:48:11,096][src.models.gnet][INFO] - Predictions for test.
[2024-05-04 23:48:12,705][src.models.gnet][INFO] - Predictions for test.
[2024-05-04 23:48:14,267][src.models.gnet][INFO] - Predictions for test.
[2024-05-04 23:48:15,814][src.models.gnet][INFO] - Predictions for test.
[2024-05-04 23:48:17,392][src.models.gnet][INFO] - Predictions for test.
[2024-05-04 23:48:18,813][src.models.gnet][INFO] - Predictions for test.
[2024-05-04 23:48:20,453][src.models.gnet][INFO] - Predictions for test.
[2024-05-04 23:48:21,906][src.models.gnet][INFO] - Predictions for test.
[2024-05-04 23:48:23,453][src.models.gnet][INFO] - Predictions for test.
[2024-05-04 23:48:24,968][src.models.gnet][INFO] - Predictions for test.
[2024-05-04 23:48:26,624][src.models.gnet][INFO] - Predictions for test.
[2024-05-04 23:48:28,139][src.models.gnet][INFO] - Predictions for test.
[2024-05-04 23:48:29,654][src.models.gnet][INFO] - Predictions for test.
[2024-05-04 23:48:31,263][src.models.gnet][INFO] - Predictions for test.
[2024-05-04 23:48:32,669][src.models.gnet][INFO] - Predictions for test.
[2024-05-04 23:48:34,247][src.models.gnet][INFO] - Predictions for test.
[2024-05-04 23:48:35,856][src.models.gnet][INFO] - Predictions for test.
[2024-05-04 23:48:37,371][src.models.gnet][INFO] - Predictions for test.
[2024-05-04 23:48:38,934][src.models.gnet][INFO] - Predictions for test.
[2024-05-04 23:48:40,511][src.models.gnet][INFO] - Predictions for test.
[2024-05-04 23:48:42,058][src.models.gnet][INFO] - Predictions for test.
[2024-05-04 23:48:43,604][src.models.gnet][INFO] - Predictions for test.
[2024-05-04 23:48:45,182][src.models.gnet][INFO] - Predictions for test.
[2024-05-04 23:48:46,572][src.models.gnet][INFO] - Predictions for test.
[2024-05-04 23:48:48,134][src.models.gnet][INFO] - Predictions for test.
[2024-05-04 23:48:49,650][src.models.gnet][INFO] - Predictions for test.
[2024-05-04 23:48:51,259][src.models.gnet][INFO] - Predictions for test.
[2024-05-04 23:48:52,821][src.models.gnet][INFO] - Predictions for test.
[2024-05-04 23:48:54,352][src.models.gnet][INFO] - Predictions for test.
[2024-05-04 23:48:55,945][src.models.gnet][INFO] - Predictions for test.
[2024-05-04 23:48:57,382][src.models.gnet][INFO] - Predictions for test.
[2024-05-04 23:48:59,023][src.models.gnet][INFO] - Predictions for test.
[2024-05-04 23:49:00,569][src.models.gnet][INFO] - Predictions for test.
[2024-05-04 23:49:02,100][src.models.gnet][INFO] - Predictions for test.
[2024-05-04 23:49:03,615][src.models.gnet][INFO] - t = 3
[2024-05-04 23:49:03,615][src.models.gnet][INFO] - Predictions for test.
[2024-05-04 23:49:05,099][src.models.gnet][INFO] - Predictions for test.
[2024-05-04 23:49:06,646][src.models.gnet][INFO] - Predictions for test.
[2024-05-04 23:49:08,145][src.models.gnet][INFO] - Predictions for test.
[2024-05-04 23:49:09,739][src.models.gnet][INFO] - Predictions for test.
[2024-05-04 23:49:11,285][src.models.gnet][INFO] - Predictions for test.
[2024-05-04 23:49:12,832][src.models.gnet][INFO] - Predictions for test.
[2024-05-04 23:49:14,410][src.models.gnet][INFO] - Predictions for test.
[2024-05-04 23:49:15,925][src.models.gnet][INFO] - Predictions for test.
[2024-05-04 23:49:17,487][src.models.gnet][INFO] - Predictions for test.
[2024-05-04 23:49:19,065][src.models.gnet][INFO] - Predictions for test.
[2024-05-04 23:49:20,486][src.models.gnet][INFO] - Predictions for test.
[2024-05-04 23:49:22,064][src.models.gnet][INFO] - Predictions for test.
[2024-05-04 23:49:23,673][src.models.gnet][INFO] - Predictions for test.
[2024-05-04 23:49:25,204][src.models.gnet][INFO] - Predictions for test.
[2024-05-04 23:49:26,922][src.models.gnet][INFO] - Predictions for test.
[2024-05-04 23:49:28,500][src.models.gnet][INFO] - Predictions for test.
[2024-05-04 23:49:30,015][src.models.gnet][INFO] - Predictions for test.
[2024-05-04 23:49:31,515][src.models.gnet][INFO] - Predictions for test.
[2024-05-04 23:49:32,983][src.models.gnet][INFO] - Predictions for test.
[2024-05-04 23:49:34,561][src.models.gnet][INFO] - Predictions for test.
[2024-05-04 23:49:36,076][src.models.gnet][INFO] - Predictions for test.
[2024-05-04 23:49:37,685][src.models.gnet][INFO] - Predictions for test.
[2024-05-04 23:49:39,232][src.models.gnet][INFO] - Predictions for test.
[2024-05-04 23:49:40,747][src.models.gnet][INFO] - Predictions for test.
[2024-05-04 23:49:42,356][src.models.gnet][INFO] - Predictions for test.
[2024-05-04 23:49:43,981][src.models.gnet][INFO] - Predictions for test.
[2024-05-04 23:49:45,543][src.models.gnet][INFO] - Predictions for test.
[2024-05-04 23:49:47,136][src.models.gnet][INFO] - Predictions for test.
[2024-05-04 23:49:48,683][src.models.gnet][INFO] - Predictions for test.
[2024-05-04 23:49:50,198][src.models.gnet][INFO] - Predictions for test.
[2024-05-04 23:49:51,791][src.models.gnet][INFO] - Predictions for test.
[2024-05-04 23:49:53,385][src.models.gnet][INFO] - Predictions for test.
[2024-05-04 23:49:54,916][src.models.gnet][INFO] - Predictions for test.
[2024-05-04 23:49:56,494][src.models.gnet][INFO] - Predictions for test.
[2024-05-04 23:49:57,915][src.models.gnet][INFO] - Predictions for test.
[2024-05-04 23:49:59,508][src.models.gnet][INFO] - Predictions for test.
[2024-05-04 23:50:01,149][src.models.gnet][INFO] - Predictions for test.
[2024-05-04 23:50:02,664][src.models.gnet][INFO] - Predictions for test.
[2024-05-04 23:50:04,179][src.models.gnet][INFO] - Predictions for test.
[2024-05-04 23:50:05,694][src.models.gnet][INFO] - Predictions for test.
[2024-05-04 23:50:07,163][src.models.gnet][INFO] - Predictions for test.
[2024-05-04 23:50:08,694][src.models.gnet][INFO] - Predictions for test.
[2024-05-04 23:50:10,240][src.models.gnet][INFO] - Predictions for test.
[2024-05-04 23:50:11,990][src.models.gnet][INFO] - Predictions for test.
[2024-05-04 23:50:13,505][src.models.gnet][INFO] - Predictions for test.
[2024-05-04 23:50:15,083][src.models.gnet][INFO] - Predictions for test.
[2024-05-04 23:50:16,629][src.models.gnet][INFO] - Predictions for test.
[2024-05-04 23:50:18,145][src.models.gnet][INFO] - Predictions for test.
[2024-05-04 23:50:19,660][src.models.gnet][INFO] - Predictions for test.
[2024-05-04 23:50:21,238][src.models.gnet][INFO] - t = 4
[2024-05-04 23:50:21,238][src.models.gnet][INFO] - Predictions for test.
[2024-05-04 23:50:22,659][src.models.gnet][INFO] - Predictions for test.
[2024-05-04 23:50:24,237][src.models.gnet][INFO] - Predictions for test.
[2024-05-04 23:50:25,830][src.models.gnet][INFO] - Predictions for test.
[2024-05-04 23:50:27,346][src.models.gnet][INFO] - Predictions for test.
[2024-05-04 23:50:28,892][src.models.gnet][INFO] - Predictions for test.
[2024-05-04 23:50:30,486][src.models.gnet][INFO] - Predictions for test.
[2024-05-04 23:50:31,985][src.models.gnet][INFO] - Predictions for test.
[2024-05-04 23:50:33,500][src.models.gnet][INFO] - Predictions for test.
[2024-05-04 23:50:34,969][src.models.gnet][INFO] - Predictions for test.
[2024-05-04 23:50:36,515][src.models.gnet][INFO] - Predictions for test.
[2024-05-04 23:50:38,046][src.models.gnet][INFO] - Predictions for test.
[2024-05-04 23:50:39,624][src.models.gnet][INFO] - Predictions for test.
[2024-05-04 23:50:41,139][src.models.gnet][INFO] - Predictions for test.
[2024-05-04 23:50:42,561][src.models.gnet][INFO] - Predictions for test.
[2024-05-04 23:50:44,185][src.models.gnet][INFO] - Predictions for test.
[2024-05-04 23:50:45,732][src.models.gnet][INFO] - Predictions for test.
[2024-05-04 23:50:47,247][src.models.gnet][INFO] - Predictions for test.
[2024-05-04 23:50:48,825][src.models.gnet][INFO] - Predictions for test.
[2024-05-04 23:50:50,325][src.models.gnet][INFO] - Predictions for test.
[2024-05-04 23:50:51,731][src.models.gnet][INFO] - Predictions for test.
[2024-05-04 23:50:53,449][src.models.gnet][INFO] - Predictions for test.
[2024-05-04 23:50:54,964][src.models.gnet][INFO] - Predictions for test.
[2024-05-04 23:50:56,401][src.models.gnet][INFO] - Predictions for test.
[2024-05-04 23:50:58,026][src.models.gnet][INFO] - Predictions for test.
[2024-05-04 23:50:59,557][src.models.gnet][INFO] - Predictions for test.
[2024-05-04 23:51:01,088][src.models.gnet][INFO] - Predictions for test.
[2024-05-04 23:51:02,666][src.models.gnet][INFO] - Predictions for test.
[2024-05-04 23:51:04,056][src.models.gnet][INFO] - Predictions for test.
[2024-05-04 23:51:05,602][src.models.gnet][INFO] - Predictions for test.
[2024-05-04 23:51:07,196][src.models.gnet][INFO] - Predictions for test.
[2024-05-04 23:51:08,789][src.models.gnet][INFO] - Predictions for test.
[2024-05-04 23:51:10,336][src.models.gnet][INFO] - Predictions for test.
[2024-05-04 23:51:12,116][src.models.gnet][INFO] - Predictions for test.
[2024-05-04 23:51:13,663][src.models.gnet][INFO] - Predictions for test.
[2024-05-04 23:51:15,178][src.models.gnet][INFO] - Predictions for test.
[2024-05-04 23:51:16,756][src.models.gnet][INFO] - Predictions for test.
[2024-05-04 23:51:18,146][src.models.gnet][INFO] - Predictions for test.
[2024-05-04 23:51:19,677][src.models.gnet][INFO] - Predictions for test.
[2024-05-04 23:51:21,192][src.models.gnet][INFO] - Predictions for test.
[2024-05-04 23:51:22,942][src.models.gnet][INFO] - Predictions for test.
[2024-05-04 23:51:24,364][src.models.gnet][INFO] - Predictions for test.
[2024-05-04 23:51:25,941][src.models.gnet][INFO] - Predictions for test.
[2024-05-04 23:51:27,519][src.models.gnet][INFO] - Predictions for test.
[2024-05-04 23:51:29,034][src.models.gnet][INFO] - Predictions for test.
[2024-05-04 23:51:30,597][src.models.gnet][INFO] - Predictions for test.
[2024-05-04 23:51:32,002][src.models.gnet][INFO] - Predictions for test.
[2024-05-04 23:51:33,565][src.models.gnet][INFO] - Predictions for test.
[2024-05-04 23:51:35,095][src.models.gnet][INFO] - Predictions for test.
[2024-05-04 23:51:36,783][src.models.gnet][INFO] - Predictions for test.
[2024-05-04 23:51:38,298][src.models.gnet][INFO] - t = 5
[2024-05-04 23:51:38,313][src.models.gnet][INFO] - Predictions for test.
[2024-05-04 23:51:39,829][src.models.gnet][INFO] - Predictions for test.
[2024-05-04 23:51:41,313][src.models.gnet][INFO] - Predictions for test.
[2024-05-04 23:51:42,844][src.models.gnet][INFO] - Predictions for test.
[2024-05-04 23:51:44,375][src.models.gnet][INFO] - Predictions for test.
[2024-05-04 23:51:45,952][src.models.gnet][INFO] - Predictions for test.
[2024-05-04 23:51:47,499][src.models.gnet][INFO] - Predictions for test.
[2024-05-04 23:51:49,045][src.models.gnet][INFO] - Predictions for test.
[2024-05-04 23:51:50,607][src.models.gnet][INFO] - Predictions for test.
[2024-05-04 23:51:52,123][src.models.gnet][INFO] - Predictions for test.
[2024-05-04 23:51:53,669][src.models.gnet][INFO] - Predictions for test.
[2024-05-04 23:51:55,138][src.models.gnet][INFO] - Predictions for test.
[2024-05-04 23:51:56,794][src.models.gnet][INFO] - Predictions for test.
[2024-05-04 23:51:58,324][src.models.gnet][INFO] - Predictions for test.
[2024-05-04 23:51:59,902][src.models.gnet][INFO] - Predictions for test.
[2024-05-04 23:52:01,324][src.models.gnet][INFO] - Predictions for test.
[2024-05-04 23:52:02,886][src.models.gnet][INFO] - Predictions for test.
[2024-05-04 23:52:04,510][src.models.gnet][INFO] - Predictions for test.
[2024-05-04 23:52:06,026][src.models.gnet][INFO] - Predictions for test.
[2024-05-04 23:52:07,619][src.models.gnet][INFO] - Predictions for test.
[2024-05-04 23:52:09,197][src.models.gnet][INFO] - Predictions for test.
[2024-05-04 23:52:10,712][src.models.gnet][INFO] - Predictions for test.
[2024-05-04 23:52:12,243][src.models.gnet][INFO] - Predictions for test.
[2024-05-04 23:52:13,821][src.models.gnet][INFO] - Predictions for test.
[2024-05-04 23:52:15,211][src.models.gnet][INFO] - Predictions for test.
[2024-05-04 23:52:16,758][src.models.gnet][INFO] - Predictions for test.
[2024-05-04 23:52:18,335][src.models.gnet][INFO] - Predictions for test.
[2024-05-04 23:52:19,944][src.models.gnet][INFO] - Predictions for test.
[2024-05-04 23:52:21,507][src.models.gnet][INFO] - Predictions for test.
[2024-05-04 23:52:23,116][src.models.gnet][INFO] - Predictions for test.
[2024-05-04 23:52:24,631][src.models.gnet][INFO] - Predictions for test.
[2024-05-04 23:52:26,037][src.models.gnet][INFO] - Predictions for test.
[2024-05-04 23:52:27,739][src.models.gnet][INFO] - Predictions for test.
[2024-05-04 23:52:29,255][src.models.gnet][INFO] - Predictions for test.
[2024-05-04 23:52:30,676][src.models.gnet][INFO] - Predictions for test.
[2024-05-04 23:52:32,332][src.models.gnet][INFO] - Predictions for test.
[2024-05-04 23:52:33,879][src.models.gnet][INFO] - Predictions for test.
[2024-05-04 23:52:35,378][src.models.gnet][INFO] - Predictions for test.
[2024-05-04 23:52:36,972][src.models.gnet][INFO] - Predictions for test.
[2024-05-04 23:52:38,549][src.models.gnet][INFO] - Predictions for test.
[2024-05-04 23:52:40,080][src.models.gnet][INFO] - Predictions for test.
[2024-05-04 23:52:41,627][src.models.gnet][INFO] - Predictions for test.
[2024-05-04 23:52:43,205][src.models.gnet][INFO] - Predictions for test.
[2024-05-04 23:52:44,767][src.models.gnet][INFO] - Predictions for test.
[2024-05-04 23:52:46,344][src.models.gnet][INFO] - Predictions for test.
[2024-05-04 23:52:47,860][src.models.gnet][INFO] - Predictions for test.
[2024-05-04 23:52:49,375][src.models.gnet][INFO] - Predictions for test.
[2024-05-04 23:52:50,797][src.models.gnet][INFO] - Predictions for test.
[2024-05-04 23:52:52,437][src.models.gnet][INFO] - Predictions for test.
[2024-05-04 23:52:54,030][src.models.gnet][INFO] - Predictions for test.
[2024-05-04 23:52:55,561][src.models.gnet][INFO] - t = 6
[2024-05-04 23:52:55,561][src.models.gnet][INFO] - Predictions for test.
[2024-05-04 23:52:57,186][src.models.gnet][INFO] - Predictions for test.
[2024-05-04 23:52:58,592][src.models.gnet][INFO] - Predictions for test.
[2024-05-04 23:53:00,169][src.models.gnet][INFO] - Predictions for test.
[2024-05-04 23:53:01,841][src.models.gnet][INFO] - Predictions for test.
[2024-05-04 23:53:03,340][src.models.gnet][INFO] - Predictions for test.
[2024-05-04 23:53:04,856][src.models.gnet][INFO] - Predictions for test.
[2024-05-04 23:53:06,340][src.models.gnet][INFO] - Predictions for test.
[2024-05-04 23:53:07,871][src.models.gnet][INFO] - Predictions for test.
[2024-05-04 23:53:09,386][src.models.gnet][INFO] - Predictions for test.
[2024-05-04 23:53:10,964][src.models.gnet][INFO] - Predictions for test.
[2024-05-04 23:53:12,526][src.models.gnet][INFO] - Predictions for test.
[2024-05-04 23:53:14,072][src.models.gnet][INFO] - Predictions for test.
[2024-05-04 23:53:15,634][src.models.gnet][INFO] - Predictions for test.
[2024-05-04 23:53:17,150][src.models.gnet][INFO] - Predictions for test.
[2024-05-04 23:53:18,665][src.models.gnet][INFO] - Predictions for test.
[2024-05-04 23:53:20,118][src.models.gnet][INFO] - Predictions for test.
[2024-05-04 23:53:21,680][src.models.gnet][INFO] - Predictions for test.
[2024-05-04 23:53:23,226][src.models.gnet][INFO] - Predictions for test.
[2024-05-04 23:53:24,804][src.models.gnet][INFO] - Predictions for test.
[2024-05-04 23:53:26,210][src.models.gnet][INFO] - Predictions for test.
[2024-05-04 23:53:27,757][src.models.gnet][INFO] - Predictions for test.
[2024-05-04 23:53:29,319][src.models.gnet][INFO] - Predictions for test.
[2024-05-04 23:53:30,818][src.models.gnet][INFO] - Predictions for test.
[2024-05-04 23:53:32,365][src.models.gnet][INFO] - Predictions for test.
[2024-05-04 23:53:33,958][src.models.gnet][INFO] - Predictions for test.
[2024-05-04 23:53:35,458][src.models.gnet][INFO] - Predictions for test.
[2024-05-04 23:53:37,004][src.models.gnet][INFO] - Predictions for test.
[2024-05-04 23:53:38,582][src.models.gnet][INFO] - Predictions for test.
[2024-05-04 23:53:40,082][src.models.gnet][INFO] - Predictions for test.
[2024-05-04 23:53:41,675][src.models.gnet][INFO] - Predictions for test.
[2024-05-04 23:53:43,300][src.models.gnet][INFO] - Predictions for test.
[2024-05-04 23:53:44,846][src.models.gnet][INFO] - Predictions for test.
[2024-05-04 23:53:46,346][src.models.gnet][INFO] - Predictions for test.
[2024-05-04 23:53:47,924][src.models.gnet][INFO] - Predictions for test.
[2024-05-04 23:53:49,423][src.models.gnet][INFO] - Predictions for test.
[2024-05-04 23:53:50,814][src.models.gnet][INFO] - Predictions for test.
[2024-05-04 23:53:52,376][src.models.gnet][INFO] - Predictions for test.
[2024-05-04 23:53:54,001][src.models.gnet][INFO] - Predictions for test.
[2024-05-04 23:53:55,563][src.models.gnet][INFO] - Predictions for test.
[2024-05-04 23:53:57,140][src.models.gnet][INFO] - Predictions for test.
[2024-05-04 23:53:58,734][src.models.gnet][INFO] - Predictions for test.
[2024-05-04 23:54:00,249][src.models.gnet][INFO] - Predictions for test.
[2024-05-04 23:54:01,842][src.models.gnet][INFO] - Predictions for test.
[2024-05-04 23:54:03,389][src.models.gnet][INFO] - Predictions for test.
[2024-05-04 23:54:04,904][src.models.gnet][INFO] - Predictions for test.
[2024-05-04 23:54:06,279][src.models.gnet][INFO] - Predictions for test.
[2024-05-04 23:54:07,935][src.models.gnet][INFO] - Predictions for test.
[2024-05-04 23:54:09,466][src.models.gnet][INFO] - Predictions for test.
[2024-05-04 23:54:11,059][src.models.gnet][INFO] - Predictions for test.
[2024-05-04 23:54:12,684][__main__][INFO] - Test normalised RMSE (n-step prediction): {'2-step': 20.707729101436843, '3-step': 21.379409054824855, '4-step': 22.633167297699654, '5-step': 22.35564462433651, '6-step': 23.636468096586203}
