[2024-05-04 22:52:19,522][__main__][INFO] - 
model:
  dim_treatments: 4
  dim_vitals: 0
  dim_static_features: 1
  dim_outcomes: 1
  dim_cosovitals: ???
  dim_abstract_confounders: ???
  dim_s: ???
  name: G-Net
  g_net:
    _target_: src.models.gnet.GNet
    seq_hidden_units: 48
    num_layer: 1
    r_size: 2
    fc_hidden_units: 40
    num_comp: 1
    mc_samples: 50
    fit_vitals: true
    comp_sizes: null
    batch_size: 64
    dropout_rate: 0.2
    optimizer:
      optimizer_cls: adam
      learning_rate: 0.01
      weight_decay: 0.0
      lr_scheduler: false
    tune_hparams: false
    tune_range: 50
    hparams_grid: null
    resources_per_trial: null
dataset:
  val_batch_size: 4096
  treatment_mode: multiclass
  _target_: src.data.SyntheticVitalDatasetCollection
  name: tumor_generator
  seed: 100
  num_confounder: 1
  num_u: 1
  split:
    val: 0.15
    test: 0.15
  window_size: 15
  lag: 0
  max_seq_length: 60
  projection_horizon: 5
  cf_seq_mode: sliding_treatment
  time_step: 30
  holdout_ratio: 0.1
exp:
  seed: 100
  gpus:
  - 0
  max_epochs: 100
  logging: true
  mlflow_uri: http://127.0.0.1:5000
  unscale_rmse: true
  percentage_rmse: true
  alpha: 1.0
  update_alpha: false
  alpha_rate: exp
  balancing: grad_reverse
  bce_weight: false
  weights_ema: false
  beta: 0.99

[2024-05-04 22:52:43,298][src.data.cancer_sim.dataset][INFO] - Shape of processed train data: {'sequence_lengths': (3500,), 'prev_treatments': (3500, 28, 1), 'vitals': (3500, 28, 8), 'next_vitals': (3500, 27, 8), 'current_treatments': (3500, 28, 1), 'static_features': (3500, 1), 'active_entries': (3500, 28, 1), 'outputs': (3500, 28, 1), 'unscaled_outputs': (3500, 28, 1), 'prev_outputs': (3500, 28, 1), 'coso_vitals': (3500, 28, 7), 'COSO': (3500, 28, 1)}
[2024-05-04 22:52:43,298][src.data.cancer_sim.dataset][INFO] - Shape of processed val data: {'sequence_lengths': (750,), 'prev_treatments': (750, 28, 1), 'vitals': (750, 28, 8), 'next_vitals': (750, 27, 8), 'current_treatments': (750, 28, 1), 'static_features': (750, 1), 'active_entries': (750, 28, 1), 'outputs': (750, 28, 1), 'unscaled_outputs': (750, 28, 1), 'prev_outputs': (750, 28, 1), 'coso_vitals': (750, 28, 7), 'COSO': (750, 28, 1)}
[2024-05-04 22:52:43,298][src.data.cancer_sim.dataset][INFO] - Shape of processed test data: {'sequence_lengths': (750,), 'prev_treatments': (750, 28, 1), 'vitals': (750, 28, 8), 'next_vitals': (750, 27, 8), 'current_treatments': (750, 28, 1), 'static_features': (750, 1), 'active_entries': (750, 28, 1), 'outputs': (750, 28, 1), 'unscaled_outputs': (750, 28, 1), 'prev_outputs': (750, 28, 1), 'coso_vitals': (750, 28, 7), 'COSO': (750, 28, 1)}
[2024-05-04 22:52:43,298][src.data.cancer_sim.dataset][INFO] - Exploding test dataset before testing (multiple sequences)
[2024-05-04 22:52:43,391][src.data.cancer_sim.dataset][INFO] - Shape of processed test data: {'prev_treatments': (13912, 28, 1), 'current_treatments': (13912, 28, 1), 'static_features': (13912, 1), 'prev_outputs': (13912, 28, 1), 'outputs': (13912, 28, 1), 'vitals': (13912, 28, 8), 'next_vitals': (13912, 27, 8), 'unscaled_outputs': (13912, 28, 1), 'sequence_lengths': (13912,), 'active_entries': (13912, 28, 1)}
[2024-05-04 22:52:43,391][src.data.cancer_sim.dataset][INFO] - Processing test dataset before testing (multiple sequences)
[2024-05-04 22:52:43,485][src.data.cancer_sim.dataset][INFO] - Shape of processed test data: {'original_index': (13912,), 'active_encoder_r': (13912, 23), 'prev_treatments': (13912, 5, 1), 'current_treatments': (13912, 5, 1), 'static_features': (13912, 1), 'prev_outputs': (13912, 5, 1), 'outputs': (13912, 5, 1), 'unscaled_outputs': (13912, 5, 1), 'sequence_lengths': (13912,), 'active_entries': (13912, 5, 1)}
[2024-05-04 22:52:43,610][src.models.gnet][INFO] - Input size of g_net: 11
[2024-05-04 22:52:43,641][src.data.dataset_collection][INFO] - Splited train_f on train_f: 3150 and train_f_holdout: 350
[2024-05-04 22:52:43,641][src.data.dataset_collection][INFO] - Exploding test_f 50 times
[2024-05-04 22:52:43,657][src.data.dataset_collection][INFO] - Exploding test_f 50 times
[2024-05-04 22:52:43,673][src.data.dataset_collection][INFO] - Exploding test_f 50 times
[2024-05-04 22:52:43,688][src.data.dataset_collection][INFO] - Exploding test_f 50 times
[2024-05-04 22:52:43,704][src.data.dataset_collection][INFO] - Exploding test_f 50 times
[2024-05-04 22:52:43,735][src.data.dataset_collection][INFO] - Exploding test_f 50 times
[2024-05-04 22:52:43,751][src.data.dataset_collection][INFO] - Exploding test_f 50 times
[2024-05-04 22:52:43,766][src.data.dataset_collection][INFO] - Exploding test_f 50 times
[2024-05-04 22:52:43,782][src.data.dataset_collection][INFO] - Exploding test_f 50 times
[2024-05-04 22:52:43,798][src.data.dataset_collection][INFO] - Exploding test_f 50 times
[2024-05-04 22:52:43,813][src.data.dataset_collection][INFO] - Exploding test_f 50 times
[2024-05-04 22:52:43,829][src.data.dataset_collection][INFO] - Exploding test_f 50 times
[2024-05-04 22:52:43,860][src.data.dataset_collection][INFO] - Exploding test_f 50 times
[2024-05-04 22:52:43,876][src.data.dataset_collection][INFO] - Exploding test_f 50 times
[2024-05-04 22:52:43,891][src.data.dataset_collection][INFO] - Exploding test_f 50 times
[2024-05-04 22:52:43,907][src.data.dataset_collection][INFO] - Exploding test_f 50 times
[2024-05-04 22:52:43,923][src.data.dataset_collection][INFO] - Exploding test_f 50 times
[2024-05-04 22:52:43,938][src.data.dataset_collection][INFO] - Exploding test_f 50 times
[2024-05-04 22:52:43,969][src.data.dataset_collection][INFO] - Exploding test_f 50 times
[2024-05-04 22:52:43,985][src.data.dataset_collection][INFO] - Exploding test_f 50 times
[2024-05-04 22:52:44,001][src.data.dataset_collection][INFO] - Exploding test_f 50 times
[2024-05-04 22:52:44,016][src.data.dataset_collection][INFO] - Exploding test_f 50 times
[2024-05-04 22:52:44,032][src.data.dataset_collection][INFO] - Exploding test_f 50 times
[2024-05-04 22:52:44,063][src.data.dataset_collection][INFO] - Exploding test_f 50 times
[2024-05-04 22:52:44,079][src.data.dataset_collection][INFO] - Exploding test_f 50 times
[2024-05-04 22:52:44,094][src.data.dataset_collection][INFO] - Exploding test_f 50 times
[2024-05-04 22:52:44,126][src.data.dataset_collection][INFO] - Exploding test_f 50 times
[2024-05-04 22:52:44,141][src.data.dataset_collection][INFO] - Exploding test_f 50 times
[2024-05-04 22:52:44,157][src.data.dataset_collection][INFO] - Exploding test_f 50 times
[2024-05-04 22:52:44,188][src.data.dataset_collection][INFO] - Exploding test_f 50 times
[2024-05-04 22:52:44,204][src.data.dataset_collection][INFO] - Exploding test_f 50 times
[2024-05-04 22:52:44,219][src.data.dataset_collection][INFO] - Exploding test_f 50 times
[2024-05-04 22:52:44,251][src.data.dataset_collection][INFO] - Exploding test_f 50 times
[2024-05-04 22:52:44,266][src.data.dataset_collection][INFO] - Exploding test_f 50 times
[2024-05-04 22:52:44,282][src.data.dataset_collection][INFO] - Exploding test_f 50 times
[2024-05-04 22:52:44,298][src.data.dataset_collection][INFO] - Exploding test_f 50 times
[2024-05-04 22:52:44,329][src.data.dataset_collection][INFO] - Exploding test_f 50 times
[2024-05-04 22:52:44,344][src.data.dataset_collection][INFO] - Exploding test_f 50 times
[2024-05-04 22:52:44,376][src.data.dataset_collection][INFO] - Exploding test_f 50 times
[2024-05-04 22:52:44,391][src.data.dataset_collection][INFO] - Exploding test_f 50 times
[2024-05-04 22:52:44,407][src.data.dataset_collection][INFO] - Exploding test_f 50 times
[2024-05-04 22:52:44,438][src.data.dataset_collection][INFO] - Exploding test_f 50 times
[2024-05-04 22:52:44,454][src.data.dataset_collection][INFO] - Exploding test_f 50 times
[2024-05-04 22:52:44,469][src.data.dataset_collection][INFO] - Exploding test_f 50 times
[2024-05-04 22:52:44,485][src.data.dataset_collection][INFO] - Exploding test_f 50 times
[2024-05-04 22:52:44,516][src.data.dataset_collection][INFO] - Exploding test_f 50 times
[2024-05-04 22:52:44,532][src.data.dataset_collection][INFO] - Exploding test_f 50 times
[2024-05-04 22:52:44,547][src.data.dataset_collection][INFO] - Exploding test_f 50 times
[2024-05-04 22:52:44,579][src.data.dataset_collection][INFO] - Exploding test_f 50 times
[2024-05-04 22:52:44,594][src.data.dataset_collection][INFO] - Exploding test_f 50 times
[2024-05-04 22:54:54,533][src.models.gnet][INFO] - Fitting residuals based on train_f_holdout.
[2024-05-04 22:54:54,533][src.models.gnet][INFO] - Predictions for train.
[2024-05-04 22:54:55,408][src.models.time_varying_model][INFO] - RMSE calculation for val.
[2024-05-04 22:54:55,408][src.models.gnet][INFO] - Predictions for val.
[2024-05-04 22:54:56,345][__main__][INFO] - Val normalised RMSE (all): 2.2010331911728587; Val normalised RMSE (orig): nan
[2024-05-04 22:54:56,345][src.models.time_varying_model][INFO] - RMSE calculation for test.
[2024-05-04 22:54:56,345][src.models.gnet][INFO] - Predictions for test.
[2024-05-04 22:54:57,266][__main__][INFO] - Test normalised RMSE (all): 2.3251658390582595; Test normalised RMSE (orig): nan.
[2024-05-04 22:54:57,329][src.models.time_varying_model][INFO] - RMSE calculation for test.
[2024-05-04 22:54:57,329][src.models.gnet][INFO] - Autoregressive Prediction for test with MC-sampling of trajectories.
[2024-05-04 22:54:57,329][src.models.gnet][INFO] - t = 1
[2024-05-04 22:54:57,329][src.models.gnet][INFO] - Predictions for test.
[2024-05-04 22:54:59,032][src.models.gnet][INFO] - Predictions for test.
[2024-05-04 22:55:00,547][src.models.gnet][INFO] - Predictions for test.
[2024-05-04 22:55:02,187][src.models.gnet][INFO] - Predictions for test.
[2024-05-04 22:55:03,702][src.models.gnet][INFO] - Predictions for test.
[2024-05-04 22:55:05,218][src.models.gnet][INFO] - Predictions for test.
[2024-05-04 22:55:06,655][src.models.gnet][INFO] - Predictions for test.
[2024-05-04 22:55:08,217][src.models.gnet][INFO] - Predictions for test.
[2024-05-04 22:55:09,748][src.models.gnet][INFO] - Predictions for test.
[2024-05-04 22:55:11,326][src.models.gnet][INFO] - Predictions for test.
[2024-05-04 22:55:12,716][src.models.gnet][INFO] - Predictions for test.
[2024-05-04 22:55:14,263][src.models.gnet][INFO] - Predictions for test.
[2024-05-04 22:55:15,825][src.models.gnet][INFO] - Predictions for test.
[2024-05-04 22:55:17,324][src.models.gnet][INFO] - Predictions for test.
[2024-05-04 22:55:18,761][src.models.gnet][INFO] - Predictions for test.
[2024-05-04 22:55:20,386][src.models.gnet][INFO] - Predictions for test.
[2024-05-04 22:55:21,933][src.models.gnet][INFO] - Predictions for test.
[2024-05-04 22:55:23,417][src.models.gnet][INFO] - Predictions for test.
[2024-05-04 22:55:24,979][src.models.gnet][INFO] - Predictions for test.
[2024-05-04 22:55:26,510][src.models.gnet][INFO] - Predictions for test.
[2024-05-04 22:55:27,900][src.models.gnet][INFO] - Predictions for test.
[2024-05-04 22:55:29,493][src.models.gnet][INFO] - Predictions for test.
[2024-05-04 22:55:31,024][src.models.gnet][INFO] - Predictions for test.
[2024-05-04 22:55:32,539][src.models.gnet][INFO] - Predictions for test.
[2024-05-04 22:55:33,992][src.models.gnet][INFO] - Predictions for test.
[2024-05-04 22:55:35,539][src.models.gnet][INFO] - Predictions for test.
[2024-05-04 22:55:37,070][src.models.gnet][INFO] - Predictions for test.
[2024-05-04 22:55:38,647][src.models.gnet][INFO] - Predictions for test.
[2024-05-04 22:55:40,038][src.models.gnet][INFO] - Predictions for test.
[2024-05-04 22:55:41,600][src.models.gnet][INFO] - Predictions for test.
[2024-05-04 22:55:43,209][src.models.gnet][INFO] - Predictions for test.
[2024-05-04 22:55:44,646][src.models.gnet][INFO] - Predictions for test.
[2024-05-04 22:55:46,224][src.models.gnet][INFO] - Predictions for test.
[2024-05-04 22:55:47,786][src.models.gnet][INFO] - Predictions for test.
[2024-05-04 22:55:49,301][src.models.gnet][INFO] - Predictions for test.
[2024-05-04 22:55:50,816][src.models.gnet][INFO] - Predictions for test.
[2024-05-04 22:55:52,316][src.models.gnet][INFO] - Predictions for test.
[2024-05-04 22:55:53,816][src.models.gnet][INFO] - Predictions for test.
[2024-05-04 22:55:55,190][src.models.gnet][INFO] - Predictions for test.
[2024-05-04 22:55:56,831][src.models.gnet][INFO] - Predictions for test.
[2024-05-04 22:55:58,362][src.models.gnet][INFO] - Predictions for test.
[2024-05-04 22:55:59,877][src.models.gnet][INFO] - Predictions for test.
[2024-05-04 22:56:01,330][src.models.gnet][INFO] - Predictions for test.
[2024-05-04 22:56:02,907][src.models.gnet][INFO] - Predictions for test.
[2024-05-04 22:56:04,423][src.models.gnet][INFO] - Predictions for test.
[2024-05-04 22:56:06,016][src.models.gnet][INFO] - Predictions for test.
[2024-05-04 22:56:07,531][src.models.gnet][INFO] - Predictions for test.
[2024-05-04 22:56:08,922][src.models.gnet][INFO] - Predictions for test.
[2024-05-04 22:56:10,562][src.models.gnet][INFO] - Predictions for test.
[2024-05-04 22:56:12,077][src.models.gnet][INFO] - Predictions for test.
[2024-05-04 22:56:13,577][src.models.gnet][INFO] - t = 2
[2024-05-04 22:56:13,577][src.models.gnet][INFO] - Predictions for test.
[2024-05-04 22:56:15,061][src.models.gnet][INFO] - Predictions for test.
[2024-05-04 22:56:16,592][src.models.gnet][INFO] - Predictions for test.
[2024-05-04 22:56:18,107][src.models.gnet][INFO] - Predictions for test.
[2024-05-04 22:56:19,685][src.models.gnet][INFO] - Predictions for test.
[2024-05-04 22:56:21,247][src.models.gnet][INFO] - Predictions for test.
[2024-05-04 22:56:22,762][src.models.gnet][INFO] - Predictions for test.
[2024-05-04 22:56:24,324][src.models.gnet][INFO] - Predictions for test.
[2024-05-04 22:56:25,824][src.models.gnet][INFO] - Predictions for test.
[2024-05-04 22:56:27,245][src.models.gnet][INFO] - Predictions for test.
[2024-05-04 22:56:28,870][src.models.gnet][INFO] - Predictions for test.
[2024-05-04 22:56:30,401][src.models.gnet][INFO] - Predictions for test.
[2024-05-04 22:56:31,916][src.models.gnet][INFO] - Predictions for test.
[2024-05-04 22:56:33,510][src.models.gnet][INFO] - Predictions for test.
[2024-05-04 22:56:34,900][src.models.gnet][INFO] - Predictions for test.
[2024-05-04 22:56:36,415][src.models.gnet][INFO] - Predictions for test.
[2024-05-04 22:56:38,009][src.models.gnet][INFO] - Predictions for test.
[2024-05-04 22:56:39,524][src.models.gnet][INFO] - Predictions for test.
[2024-05-04 22:56:41,024][src.models.gnet][INFO] - Predictions for test.
[2024-05-04 22:56:42,586][src.models.gnet][INFO] - Predictions for test.
[2024-05-04 22:56:44,132][src.models.gnet][INFO] - Predictions for test.
[2024-05-04 22:56:45,647][src.models.gnet][INFO] - Predictions for test.
[2024-05-04 22:56:47,210][src.models.gnet][INFO] - Predictions for test.
[2024-05-04 22:56:48,694][src.models.gnet][INFO] - Predictions for test.
[2024-05-04 22:56:50,100][src.models.gnet][INFO] - Predictions for test.
[2024-05-04 22:56:51,709][src.models.gnet][INFO] - Predictions for test.
[2024-05-04 22:56:53,239][src.models.gnet][INFO] - Predictions for test.
[2024-05-04 22:56:54,739][src.models.gnet][INFO] - Predictions for test.
[2024-05-04 22:56:56,192][src.models.gnet][INFO] - Predictions for test.
[2024-05-04 22:56:57,754][src.models.gnet][INFO] - Predictions for test.
[2024-05-04 22:56:59,269][src.models.gnet][INFO] - Predictions for test.
[2024-05-04 22:57:00,847][src.models.gnet][INFO] - Predictions for test.
[2024-05-04 22:57:02,253][src.models.gnet][INFO] - Predictions for test.
[2024-05-04 22:57:03,799][src.models.gnet][INFO] - Predictions for test.
[2024-05-04 22:57:05,393][src.models.gnet][INFO] - Predictions for test.
[2024-05-04 22:57:06,814][src.models.gnet][INFO] - Predictions for test.
[2024-05-04 22:57:08,408][src.models.gnet][INFO] - Predictions for test.
[2024-05-04 22:57:09,985][src.models.gnet][INFO] - Predictions for test.
[2024-05-04 22:57:11,501][src.models.gnet][INFO] - Predictions for test.
[2024-05-04 22:57:13,000][src.models.gnet][INFO] - Predictions for test.
[2024-05-04 22:57:14,516][src.models.gnet][INFO] - Predictions for test.
[2024-05-04 22:57:16,062][src.models.gnet][INFO] - Predictions for test.
[2024-05-04 22:57:17,562][src.models.gnet][INFO] - Predictions for test.
[2024-05-04 22:57:19,186][src.models.gnet][INFO] - Predictions for test.
[2024-05-04 22:57:20,749][src.models.gnet][INFO] - Predictions for test.
[2024-05-04 22:57:22,280][src.models.gnet][INFO] - Predictions for test.
[2024-05-04 22:57:23,842][src.models.gnet][INFO] - Predictions for test.
[2024-05-04 22:57:25,341][src.models.gnet][INFO] - Predictions for test.
[2024-05-04 22:57:26,903][src.models.gnet][INFO] - Predictions for test.
[2024-05-04 22:57:28,481][src.models.gnet][INFO] - Predictions for test.
[2024-05-04 22:57:29,981][src.models.gnet][INFO] - t = 3
[2024-05-04 22:57:29,981][src.models.gnet][INFO] - Predictions for test.
[2024-05-04 22:57:31,543][src.models.gnet][INFO] - Predictions for test.
[2024-05-04 22:57:33,121][src.models.gnet][INFO] - Predictions for test.
[2024-05-04 22:57:34,605][src.models.gnet][INFO] - Predictions for test.
[2024-05-04 22:57:36,167][src.models.gnet][INFO] - Predictions for test.
[2024-05-04 22:57:37,729][src.models.gnet][INFO] - Predictions for test.
[2024-05-04 22:57:39,229][src.models.gnet][INFO] - Predictions for test.
[2024-05-04 22:57:40,728][src.models.gnet][INFO] - Predictions for test.
[2024-05-04 22:57:42,181][src.models.gnet][INFO] - Predictions for test.
[2024-05-04 22:57:43,767][src.models.gnet][INFO] - Predictions for test.
[2024-05-04 22:57:45,298][src.models.gnet][INFO] - Predictions for test.
[2024-05-04 22:57:46,891][src.models.gnet][INFO] - Predictions for test.
[2024-05-04 22:57:48,343][src.models.gnet][INFO] - Predictions for test.
[2024-05-04 22:57:50,018][src.models.gnet][INFO] - Predictions for test.
[2024-05-04 22:57:51,611][src.models.gnet][INFO] - Predictions for test.
[2024-05-04 22:57:53,111][src.models.gnet][INFO] - Predictions for test.
[2024-05-04 22:57:54,673][src.models.gnet][INFO] - Predictions for test.
[2024-05-04 22:57:56,235][src.models.gnet][INFO] - Predictions for test.
[2024-05-04 22:57:57,734][src.models.gnet][INFO] - Predictions for test.
[2024-05-04 22:57:59,281][src.models.gnet][INFO] - Predictions for test.
[2024-05-04 22:58:00,859][src.models.gnet][INFO] - Predictions for test.
[2024-05-04 22:58:02,343][src.models.gnet][INFO] - Predictions for test.
[2024-05-04 22:58:03,889][src.models.gnet][INFO] - Predictions for test.
[2024-05-04 22:58:05,467][src.models.gnet][INFO] - Predictions for test.
[2024-05-04 22:58:06,967][src.models.gnet][INFO] - Predictions for test.
[2024-05-04 22:58:08,513][src.models.gnet][INFO] - Predictions for test.
[2024-05-04 22:58:10,075][src.models.gnet][INFO] - Predictions for test.
[2024-05-04 22:58:11,606][src.models.gnet][INFO] - Predictions for test.
[2024-05-04 22:58:13,106][src.models.gnet][INFO] - Predictions for test.
[2024-05-04 22:58:14,559][src.models.gnet][INFO] - Predictions for test.
[2024-05-04 22:58:16,105][src.models.gnet][INFO] - Predictions for test.
[2024-05-04 22:58:17,652][src.models.gnet][INFO] - Predictions for test.
[2024-05-04 22:58:19,245][src.models.gnet][INFO] - Predictions for test.
[2024-05-04 22:58:20,776][src.models.gnet][INFO] - Predictions for test.
[2024-05-04 22:58:22,166][src.models.gnet][INFO] - Predictions for test.
[2024-05-04 22:58:23,791][src.models.gnet][INFO] - Predictions for test.
[2024-05-04 22:58:25,306][src.models.gnet][INFO] - Predictions for test.
[2024-05-04 22:58:26,821][src.models.gnet][INFO] - Predictions for test.
[2024-05-04 22:58:28,337][src.models.gnet][INFO] - Predictions for test.
[2024-05-04 22:58:29,899][src.models.gnet][INFO] - Predictions for test.
[2024-05-04 22:58:31,445][src.models.gnet][INFO] - Predictions for test.
[2024-05-04 22:58:33,007][src.models.gnet][INFO] - Predictions for test.
[2024-05-04 22:58:34,491][src.models.gnet][INFO] - Predictions for test.
[2024-05-04 22:58:35,991][src.models.gnet][INFO] - Predictions for test.
[2024-05-04 22:58:37,444][src.models.gnet][INFO] - Predictions for test.
[2024-05-04 22:58:38,990][src.models.gnet][INFO] - Predictions for test.
[2024-05-04 22:58:40,537][src.models.gnet][INFO] - Predictions for test.
[2024-05-04 22:58:42,162][src.models.gnet][INFO] - Predictions for test.
[2024-05-04 22:58:43,692][src.models.gnet][INFO] - Predictions for test.
[2024-05-04 22:58:45,192][src.models.gnet][INFO] - Predictions for test.
[2024-05-04 22:58:46,770][src.models.gnet][INFO] - t = 4
[2024-05-04 22:58:46,770][src.models.gnet][INFO] - Predictions for test.
[2024-05-04 22:58:48,270][src.models.gnet][INFO] - Predictions for test.
[2024-05-04 22:58:49,644][src.models.gnet][INFO] - Predictions for test.
[2024-05-04 22:58:51,253][src.models.gnet][INFO] - Predictions for test.
[2024-05-04 22:58:52,800][src.models.gnet][INFO] - Predictions for test.
[2024-05-04 22:58:54,299][src.models.gnet][INFO] - Predictions for test.
[2024-05-04 22:58:55,768][src.models.gnet][INFO] - Predictions for test.
[2024-05-04 22:58:57,330][src.models.gnet][INFO] - Predictions for test.
[2024-05-04 22:58:58,861][src.models.gnet][INFO] - Predictions for test.
[2024-05-04 22:59:00,517][src.models.gnet][INFO] - Predictions for test.
[2024-05-04 22:59:02,032][src.models.gnet][INFO] - Predictions for test.
[2024-05-04 22:59:03,594][src.models.gnet][INFO] - Predictions for test.
[2024-05-04 22:59:05,062][src.models.gnet][INFO] - Predictions for test.
[2024-05-04 22:59:06,609][src.models.gnet][INFO] - Predictions for test.
[2024-05-04 22:59:08,109][src.models.gnet][INFO] - Predictions for test.
[2024-05-04 22:59:09,765][src.models.gnet][INFO] - Predictions for test.
[2024-05-04 22:59:11,264][src.models.gnet][INFO] - Predictions for test.
[2024-05-04 22:59:12,764][src.models.gnet][INFO] - Predictions for test.
[2024-05-04 22:59:14,326][src.models.gnet][INFO] - Predictions for test.
[2024-05-04 22:59:15,919][src.models.gnet][INFO] - Predictions for test.
[2024-05-04 22:59:17,403][src.models.gnet][INFO] - Predictions for test.
[2024-05-04 22:59:18,965][src.models.gnet][INFO] - Predictions for test.
[2024-05-04 22:59:20,450][src.models.gnet][INFO] - Predictions for test.
[2024-05-04 22:59:21,902][src.models.gnet][INFO] - Predictions for test.
[2024-05-04 22:59:23,527][src.models.gnet][INFO] - Predictions for test.
[2024-05-04 22:59:25,058][src.models.gnet][INFO] - Predictions for test.
[2024-05-04 22:59:26,589][src.models.gnet][INFO] - Predictions for test.
[2024-05-04 22:59:28,166][src.models.gnet][INFO] - Predictions for test.
[2024-05-04 22:59:29,541][src.models.gnet][INFO] - Predictions for test.
[2024-05-04 22:59:31,088][src.models.gnet][INFO] - Predictions for test.
[2024-05-04 22:59:32,665][src.models.gnet][INFO] - Predictions for test.
[2024-05-04 22:59:34,165][src.models.gnet][INFO] - Predictions for test.
[2024-05-04 22:59:35,665][src.models.gnet][INFO] - Predictions for test.
[2024-05-04 22:59:37,227][src.models.gnet][INFO] - Predictions for test.
[2024-05-04 22:59:38,711][src.models.gnet][INFO] - Predictions for test.
[2024-05-04 22:59:40,101][src.models.gnet][INFO] - Predictions for test.
[2024-05-04 22:59:41,726][src.models.gnet][INFO] - Predictions for test.
[2024-05-04 22:59:43,241][src.models.gnet][INFO] - Predictions for test.
[2024-05-04 22:59:44,756][src.models.gnet][INFO] - Predictions for test.
[2024-05-04 22:59:46,194][src.models.gnet][INFO] - Predictions for test.
[2024-05-04 22:59:47,756][src.models.gnet][INFO] - Predictions for test.
[2024-05-04 22:59:49,287][src.models.gnet][INFO] - Predictions for test.
[2024-05-04 22:59:50,880][src.models.gnet][INFO] - Predictions for test.
[2024-05-04 22:59:52,255][src.models.gnet][INFO] - Predictions for test.
[2024-05-04 22:59:53,801][src.models.gnet][INFO] - Predictions for test.
[2024-05-04 22:59:55,363][src.models.gnet][INFO] - Predictions for test.
[2024-05-04 22:59:56,894][src.models.gnet][INFO] - Predictions for test.
[2024-05-04 22:59:58,394][src.models.gnet][INFO] - Predictions for test.
[2024-05-04 22:59:59,847][src.models.gnet][INFO] - Predictions for test.
[2024-05-04 23:00:01,456][src.models.gnet][INFO] - Predictions for test.
[2024-05-04 23:00:02,877][src.models.gnet][INFO] - t = 5
[2024-05-04 23:00:02,877][src.models.gnet][INFO] - Predictions for test.
[2024-05-04 23:00:04,486][src.models.gnet][INFO] - Predictions for test.
[2024-05-04 23:00:06,001][src.models.gnet][INFO] - Predictions for test.
[2024-05-04 23:00:07,501][src.models.gnet][INFO] - Predictions for test.
[2024-05-04 23:00:08,985][src.models.gnet][INFO] - Predictions for test.
[2024-05-04 23:00:10,532][src.models.gnet][INFO] - Predictions for test.
[2024-05-04 23:00:12,047][src.models.gnet][INFO] - Predictions for test.
[2024-05-04 23:00:13,609][src.models.gnet][INFO] - Predictions for test.
[2024-05-04 23:00:15,109][src.models.gnet][INFO] - Predictions for test.
[2024-05-04 23:00:16,483][src.models.gnet][INFO] - Predictions for test.
[2024-05-04 23:00:18,092][src.models.gnet][INFO] - Predictions for test.
[2024-05-04 23:00:19,639][src.models.gnet][INFO] - Predictions for test.
[2024-05-04 23:00:21,154][src.models.gnet][INFO] - Predictions for test.
[2024-05-04 23:00:22,638][src.models.gnet][INFO] - Predictions for test.
[2024-05-04 23:00:24,169][src.models.gnet][INFO] - Predictions for test.
[2024-05-04 23:00:25,669][src.models.gnet][INFO] - Predictions for test.
[2024-05-04 23:00:27,278][src.models.gnet][INFO] - Predictions for test.
[2024-05-04 23:00:28,699][src.models.gnet][INFO] - Predictions for test.
[2024-05-04 23:00:30,230][src.models.gnet][INFO] - Predictions for test.
[2024-05-04 23:00:31,808][src.models.gnet][INFO] - Predictions for test.
[2024-05-04 23:00:33,245][src.models.gnet][INFO] - Predictions for test.
[2024-05-04 23:00:34,823][src.models.gnet][INFO] - Predictions for test.
[2024-05-04 23:00:36,416][src.models.gnet][INFO] - Predictions for test.
[2024-05-04 23:00:37,916][src.models.gnet][INFO] - Predictions for test.
[2024-05-04 23:00:39,415][src.models.gnet][INFO] - Predictions for test.
[2024-05-04 23:00:40,868][src.models.gnet][INFO] - Predictions for test.
[2024-05-04 23:00:42,399][src.models.gnet][INFO] - Predictions for test.
[2024-05-04 23:00:43,946][src.models.gnet][INFO] - Predictions for test.
[2024-05-04 23:00:45,539][src.models.gnet][INFO] - Predictions for test.
[2024-05-04 23:00:47,054][src.models.gnet][INFO] - Predictions for test.
[2024-05-04 23:00:48,429][src.models.gnet][INFO] - Predictions for test.
[2024-05-04 23:00:50,038][src.models.gnet][INFO] - Predictions for test.
[2024-05-04 23:00:51,553][src.models.gnet][INFO] - Predictions for test.
[2024-05-04 23:00:53,069][src.models.gnet][INFO] - Predictions for test.
[2024-05-04 23:00:54,646][src.models.gnet][INFO] - Predictions for test.
[2024-05-04 23:00:56,162][src.models.gnet][INFO] - Predictions for test.
[2024-05-04 23:00:57,646][src.models.gnet][INFO] - Predictions for test.
[2024-05-04 23:00:59,114][src.models.gnet][INFO] - Predictions for test.
[2024-05-04 23:01:00,692][src.models.gnet][INFO] - Predictions for test.
[2024-05-04 23:01:02,238][src.models.gnet][INFO] - Predictions for test.
[2024-05-04 23:01:03,832][src.models.gnet][INFO] - Predictions for test.
[2024-05-04 23:01:05,378][src.models.gnet][INFO] - Predictions for test.
[2024-05-04 23:01:06,878][src.models.gnet][INFO] - Predictions for test.
[2024-05-04 23:01:08,440][src.models.gnet][INFO] - Predictions for test.
[2024-05-04 23:01:09,830][src.models.gnet][INFO] - Predictions for test.
[2024-05-04 23:01:11,361][src.models.gnet][INFO] - Predictions for test.
[2024-05-04 23:01:12,939][src.models.gnet][INFO] - Predictions for test.
[2024-05-04 23:01:14,454][src.models.gnet][INFO] - Predictions for test.
[2024-05-04 23:01:15,938][src.models.gnet][INFO] - Predictions for test.
[2024-05-04 23:01:17,500][src.models.gnet][INFO] - Predictions for test.
[2024-05-04 23:01:19,000][src.models.gnet][INFO] - t = 6
[2024-05-04 23:01:19,000][src.models.gnet][INFO] - Predictions for test.
[2024-05-04 23:01:20,375][src.models.gnet][INFO] - Predictions for test.
[2024-05-04 23:01:21,984][src.models.gnet][INFO] - Predictions for test.
[2024-05-04 23:01:23,530][src.models.gnet][INFO] - Predictions for test.
[2024-05-04 23:01:25,045][src.models.gnet][INFO] - Predictions for test.
[2024-05-04 23:01:26,498][src.models.gnet][INFO] - Predictions for test.
[2024-05-04 23:01:28,060][src.models.gnet][INFO] - Predictions for test.
[2024-05-04 23:01:29,591][src.models.gnet][INFO] - Predictions for test.
[2024-05-04 23:01:31,169][src.models.gnet][INFO] - Predictions for test.
[2024-05-04 23:01:32,544][src.models.gnet][INFO] - Predictions for test.
[2024-05-04 23:01:34,090][src.models.gnet][INFO] - Predictions for test.
[2024-05-04 23:01:35,652][src.models.gnet][INFO] - Predictions for test.
[2024-05-04 23:01:37,136][src.models.gnet][INFO] - Predictions for test.
[2024-05-04 23:01:38,558][src.models.gnet][INFO] - Predictions for test.
[2024-05-04 23:01:40,183][src.models.gnet][INFO] - Predictions for test.
[2024-05-04 23:01:41,729][src.models.gnet][INFO] - Predictions for test.
[2024-05-04 23:01:43,229][src.models.gnet][INFO] - Predictions for test.
[2024-05-04 23:01:44,806][src.models.gnet][INFO] - Predictions for test.
[2024-05-04 23:01:46,181][src.models.gnet][INFO] - Predictions for test.
[2024-05-04 23:01:47,712][src.models.gnet][INFO] - Predictions for test.
[2024-05-04 23:01:49,305][src.models.gnet][INFO] - Predictions for test.
[2024-05-04 23:01:50,836][src.models.gnet][INFO] - Predictions for test.
[2024-05-04 23:01:52,336][src.models.gnet][INFO] - Predictions for test.
[2024-05-04 23:01:53,945][src.models.gnet][INFO] - Predictions for test.
[2024-05-04 23:01:55,460][src.models.gnet][INFO] - Predictions for test.
[2024-05-04 23:01:56,991][src.models.gnet][INFO] - Predictions for test.
[2024-05-04 23:01:58,553][src.models.gnet][INFO] - Predictions for test.
[2024-05-04 23:02:00,068][src.models.gnet][INFO] - Predictions for test.
[2024-05-04 23:02:01,474][src.models.gnet][INFO] - Predictions for test.
[2024-05-04 23:02:03,130][src.models.gnet][INFO] - Predictions for test.
[2024-05-04 23:02:04,677][src.models.gnet][INFO] - Predictions for test.
[2024-05-04 23:02:06,176][src.models.gnet][INFO] - Predictions for test.
[2024-05-04 23:02:07,739][src.models.gnet][INFO] - Predictions for test.
[2024-05-04 23:02:09,129][src.models.gnet][INFO] - Predictions for test.
[2024-05-04 23:02:10,644][src.models.gnet][INFO] - Predictions for test.
[2024-05-04 23:02:12,238][src.models.gnet][INFO] - Predictions for test.
[2024-05-04 23:02:13,737][src.models.gnet][INFO] - Predictions for test.
[2024-05-04 23:02:15,237][src.models.gnet][INFO] - Predictions for test.
[2024-05-04 23:02:16,783][src.models.gnet][INFO] - Predictions for test.
[2024-05-04 23:02:18,299][src.models.gnet][INFO] - Predictions for test.
[2024-05-04 23:02:19,705][src.models.gnet][INFO] - Predictions for test.
[2024-05-04 23:02:21,314][src.models.gnet][INFO] - Predictions for test.
[2024-05-04 23:02:22,876][src.models.gnet][INFO] - Predictions for test.
[2024-05-04 23:02:24,485][src.models.gnet][INFO] - Predictions for test.
[2024-05-04 23:02:26,062][src.models.gnet][INFO] - Predictions for test.
[2024-05-04 23:02:27,562][src.models.gnet][INFO] - Predictions for test.
[2024-05-04 23:02:28,937][src.models.gnet][INFO] - Predictions for test.
[2024-05-04 23:02:30,561][src.models.gnet][INFO] - Predictions for test.
[2024-05-04 23:02:32,108][src.models.gnet][INFO] - Predictions for test.
[2024-05-04 23:02:33,733][src.models.gnet][INFO] - Predictions for test.
[2024-05-04 23:02:35,357][__main__][INFO] - Test normalised RMSE (n-step prediction): {'2-step': 11.623184116154036, '3-step': 12.123649064645358, '4-step': 12.233542873575587, '5-step': 12.399887938767034, '6-step': 14.274446672183938}
