[2024-05-05 02:32:00,391][__main__][INFO] - 
model:
  dim_treatments: 4
  dim_vitals: 0
  dim_static_features: 1
  dim_outcomes: 1
  dim_cosovitals: ???
  dim_abstract_confounders: ???
  dim_s: ???
  name: G-Net
  g_net:
    _target_: src.models.gnet.GNet
    seq_hidden_units: 48
    num_layer: 1
    r_size: 2
    fc_hidden_units: 40
    num_comp: 1
    mc_samples: 50
    fit_vitals: true
    comp_sizes: null
    batch_size: 64
    dropout_rate: 0.2
    optimizer:
      optimizer_cls: adam
      learning_rate: 0.01
      weight_decay: 0.0
      lr_scheduler: false
    tune_hparams: false
    tune_range: 50
    hparams_grid: null
    resources_per_trial: null
dataset:
  val_batch_size: 4096
  treatment_mode: multiclass
  _target_: src.data.SyntheticVitalDatasetCollection
  name: tumor_generator
  seed: 1000
  num_confounder: 5
  num_u: 1
  split:
    val: 0.15
    test: 0.15
  window_size: 15
  lag: 0
  max_seq_length: 60
  projection_horizon: 5
  cf_seq_mode: sliding_treatment
  time_step: 30
  holdout_ratio: 0.1
exp:
  seed: 1000
  gpus:
  - 0
  max_epochs: 100
  logging: true
  mlflow_uri: http://127.0.0.1:5000
  unscale_rmse: true
  percentage_rmse: true
  alpha: 1.0
  update_alpha: false
  alpha_rate: exp
  balancing: grad_reverse
  bce_weight: false
  weights_ema: false
  beta: 0.99

[2024-05-05 02:32:23,713][src.data.cancer_sim.dataset][INFO] - Shape of processed train data: {'sequence_lengths': (3500,), 'prev_treatments': (3500, 28, 1), 'vitals': (3500, 28, 16), 'next_vitals': (3500, 27, 16), 'current_treatments': (3500, 28, 1), 'static_features': (3500, 1), 'active_entries': (3500, 28, 1), 'outputs': (3500, 28, 1), 'unscaled_outputs': (3500, 28, 1), 'prev_outputs': (3500, 28, 1), 'coso_vitals': (3500, 28, 15), 'COSO': (3500, 28, 1)}
[2024-05-05 02:32:23,713][src.data.cancer_sim.dataset][INFO] - Shape of processed val data: {'sequence_lengths': (750,), 'prev_treatments': (750, 28, 1), 'vitals': (750, 28, 16), 'next_vitals': (750, 27, 16), 'current_treatments': (750, 28, 1), 'static_features': (750, 1), 'active_entries': (750, 28, 1), 'outputs': (750, 28, 1), 'unscaled_outputs': (750, 28, 1), 'prev_outputs': (750, 28, 1), 'coso_vitals': (750, 28, 15), 'COSO': (750, 28, 1)}
[2024-05-05 02:32:23,729][src.data.cancer_sim.dataset][INFO] - Shape of processed test data: {'sequence_lengths': (750,), 'prev_treatments': (750, 28, 1), 'vitals': (750, 28, 16), 'next_vitals': (750, 27, 16), 'current_treatments': (750, 28, 1), 'static_features': (750, 1), 'active_entries': (750, 28, 1), 'outputs': (750, 28, 1), 'unscaled_outputs': (750, 28, 1), 'prev_outputs': (750, 28, 1), 'coso_vitals': (750, 28, 15), 'COSO': (750, 28, 1)}
[2024-05-05 02:32:23,729][src.data.cancer_sim.dataset][INFO] - Exploding test dataset before testing (multiple sequences)
[2024-05-05 02:32:23,869][src.data.cancer_sim.dataset][INFO] - Shape of processed test data: {'prev_treatments': (13778, 28, 1), 'current_treatments': (13778, 28, 1), 'static_features': (13778, 1), 'prev_outputs': (13778, 28, 1), 'outputs': (13778, 28, 1), 'vitals': (13778, 28, 16), 'next_vitals': (13778, 27, 16), 'unscaled_outputs': (13778, 28, 1), 'sequence_lengths': (13778,), 'active_entries': (13778, 28, 1)}
[2024-05-05 02:32:23,869][src.data.cancer_sim.dataset][INFO] - Processing test dataset before testing (multiple sequences)
[2024-05-05 02:32:23,979][src.data.cancer_sim.dataset][INFO] - Shape of processed test data: {'original_index': (13778,), 'active_encoder_r': (13778, 23), 'prev_treatments': (13778, 5, 1), 'current_treatments': (13778, 5, 1), 'static_features': (13778, 1), 'prev_outputs': (13778, 5, 1), 'outputs': (13778, 5, 1), 'unscaled_outputs': (13778, 5, 1), 'sequence_lengths': (13778,), 'active_entries': (13778, 5, 1)}
[2024-05-05 02:32:24,119][src.models.gnet][INFO] - Input size of g_net: 19
[2024-05-05 02:32:24,151][src.data.dataset_collection][INFO] - Splited train_f on train_f: 3150 and train_f_holdout: 350
[2024-05-05 02:32:24,166][src.data.dataset_collection][INFO] - Exploding test_f 50 times
[2024-05-05 02:32:24,198][src.data.dataset_collection][INFO] - Exploding test_f 50 times
[2024-05-05 02:32:24,229][src.data.dataset_collection][INFO] - Exploding test_f 50 times
[2024-05-05 02:32:24,260][src.data.dataset_collection][INFO] - Exploding test_f 50 times
[2024-05-05 02:32:24,307][src.data.dataset_collection][INFO] - Exploding test_f 50 times
[2024-05-05 02:32:24,338][src.data.dataset_collection][INFO] - Exploding test_f 50 times
[2024-05-05 02:32:24,369][src.data.dataset_collection][INFO] - Exploding test_f 50 times
[2024-05-05 02:32:24,416][src.data.dataset_collection][INFO] - Exploding test_f 50 times
[2024-05-05 02:32:24,447][src.data.dataset_collection][INFO] - Exploding test_f 50 times
[2024-05-05 02:32:24,479][src.data.dataset_collection][INFO] - Exploding test_f 50 times
[2024-05-05 02:32:24,510][src.data.dataset_collection][INFO] - Exploding test_f 50 times
[2024-05-05 02:32:24,557][src.data.dataset_collection][INFO] - Exploding test_f 50 times
[2024-05-05 02:32:24,588][src.data.dataset_collection][INFO] - Exploding test_f 50 times
[2024-05-05 02:32:24,635][src.data.dataset_collection][INFO] - Exploding test_f 50 times
[2024-05-05 02:32:24,666][src.data.dataset_collection][INFO] - Exploding test_f 50 times
[2024-05-05 02:32:24,713][src.data.dataset_collection][INFO] - Exploding test_f 50 times
[2024-05-05 02:32:24,744][src.data.dataset_collection][INFO] - Exploding test_f 50 times
[2024-05-05 02:32:24,775][src.data.dataset_collection][INFO] - Exploding test_f 50 times
[2024-05-05 02:32:24,807][src.data.dataset_collection][INFO] - Exploding test_f 50 times
[2024-05-05 02:32:24,854][src.data.dataset_collection][INFO] - Exploding test_f 50 times
[2024-05-05 02:32:24,885][src.data.dataset_collection][INFO] - Exploding test_f 50 times
[2024-05-05 02:32:24,932][src.data.dataset_collection][INFO] - Exploding test_f 50 times
[2024-05-05 02:32:24,963][src.data.dataset_collection][INFO] - Exploding test_f 50 times
[2024-05-05 02:32:24,994][src.data.dataset_collection][INFO] - Exploding test_f 50 times
[2024-05-05 02:32:25,025][src.data.dataset_collection][INFO] - Exploding test_f 50 times
[2024-05-05 02:32:25,072][src.data.dataset_collection][INFO] - Exploding test_f 50 times
[2024-05-05 02:32:25,104][src.data.dataset_collection][INFO] - Exploding test_f 50 times
[2024-05-05 02:32:25,135][src.data.dataset_collection][INFO] - Exploding test_f 50 times
[2024-05-05 02:32:25,182][src.data.dataset_collection][INFO] - Exploding test_f 50 times
[2024-05-05 02:32:25,213][src.data.dataset_collection][INFO] - Exploding test_f 50 times
[2024-05-05 02:32:25,244][src.data.dataset_collection][INFO] - Exploding test_f 50 times
[2024-05-05 02:32:25,275][src.data.dataset_collection][INFO] - Exploding test_f 50 times
[2024-05-05 02:32:25,307][src.data.dataset_collection][INFO] - Exploding test_f 50 times
[2024-05-05 02:32:25,353][src.data.dataset_collection][INFO] - Exploding test_f 50 times
[2024-05-05 02:32:25,385][src.data.dataset_collection][INFO] - Exploding test_f 50 times
[2024-05-05 02:32:25,416][src.data.dataset_collection][INFO] - Exploding test_f 50 times
[2024-05-05 02:32:25,463][src.data.dataset_collection][INFO] - Exploding test_f 50 times
[2024-05-05 02:32:25,494][src.data.dataset_collection][INFO] - Exploding test_f 50 times
[2024-05-05 02:32:25,525][src.data.dataset_collection][INFO] - Exploding test_f 50 times
[2024-05-05 02:32:25,572][src.data.dataset_collection][INFO] - Exploding test_f 50 times
[2024-05-05 02:32:25,603][src.data.dataset_collection][INFO] - Exploding test_f 50 times
[2024-05-05 02:32:25,650][src.data.dataset_collection][INFO] - Exploding test_f 50 times
[2024-05-05 02:32:25,697][src.data.dataset_collection][INFO] - Exploding test_f 50 times
[2024-05-05 02:32:25,728][src.data.dataset_collection][INFO] - Exploding test_f 50 times
[2024-05-05 02:32:25,760][src.data.dataset_collection][INFO] - Exploding test_f 50 times
[2024-05-05 02:32:25,791][src.data.dataset_collection][INFO] - Exploding test_f 50 times
[2024-05-05 02:32:25,838][src.data.dataset_collection][INFO] - Exploding test_f 50 times
[2024-05-05 02:32:25,869][src.data.dataset_collection][INFO] - Exploding test_f 50 times
[2024-05-05 02:32:25,916][src.data.dataset_collection][INFO] - Exploding test_f 50 times
[2024-05-05 02:32:25,947][src.data.dataset_collection][INFO] - Exploding test_f 50 times
[2024-05-05 02:34:36,120][src.models.gnet][INFO] - Fitting residuals based on train_f_holdout.
[2024-05-05 02:34:36,120][src.models.gnet][INFO] - Predictions for train.
[2024-05-05 02:34:37,010][src.models.time_varying_model][INFO] - RMSE calculation for val.
[2024-05-05 02:34:37,010][src.models.gnet][INFO] - Predictions for val.
[2024-05-05 02:34:37,932][__main__][INFO] - Val normalised RMSE (all): 4.761710839918297; Val normalised RMSE (orig): nan
[2024-05-05 02:34:37,932][src.models.time_varying_model][INFO] - RMSE calculation for test.
[2024-05-05 02:34:37,932][src.models.gnet][INFO] - Predictions for test.
[2024-05-05 02:34:38,869][__main__][INFO] - Test normalised RMSE (all): 4.6779118323922315; Test normalised RMSE (orig): nan.
[2024-05-05 02:34:38,916][src.models.time_varying_model][INFO] - RMSE calculation for test.
[2024-05-05 02:34:38,932][src.models.gnet][INFO] - Autoregressive Prediction for test with MC-sampling of trajectories.
[2024-05-05 02:34:38,932][src.models.gnet][INFO] - t = 1
[2024-05-05 02:34:38,932][src.models.gnet][INFO] - Predictions for test.
[2024-05-05 02:34:40,603][src.models.gnet][INFO] - Predictions for test.
[2024-05-05 02:34:42,243][src.models.gnet][INFO] - Predictions for test.
[2024-05-05 02:34:43,837][src.models.gnet][INFO] - Predictions for test.
[2024-05-05 02:34:45,399][src.models.gnet][INFO] - Predictions for test.
[2024-05-05 02:34:46,914][src.models.gnet][INFO] - Predictions for test.
[2024-05-05 02:34:48,523][src.models.gnet][INFO] - Predictions for test.
[2024-05-05 02:34:50,101][src.models.gnet][INFO] - Predictions for test.
[2024-05-05 02:34:51,647][src.models.gnet][INFO] - Predictions for test.
[2024-05-05 02:34:53,178][src.models.gnet][INFO] - Predictions for test.
[2024-05-05 02:34:54,756][src.models.gnet][INFO] - Predictions for test.
[2024-05-05 02:34:56,349][src.models.gnet][INFO] - Predictions for test.
[2024-05-05 02:34:57,974][src.models.gnet][INFO] - Predictions for test.
[2024-05-05 02:34:59,552][src.models.gnet][INFO] - Predictions for test.
[2024-05-05 02:35:01,317][src.models.gnet][INFO] - Predictions for test.
[2024-05-05 02:35:02,957][src.models.gnet][INFO] - Predictions for test.
[2024-05-05 02:35:04,394][src.models.gnet][INFO] - Predictions for test.
[2024-05-05 02:35:05,988][src.models.gnet][INFO] - Predictions for test.
[2024-05-05 02:35:07,612][src.models.gnet][INFO] - Predictions for test.
[2024-05-05 02:35:09,190][src.models.gnet][INFO] - Predictions for test.
[2024-05-05 02:35:10,737][src.models.gnet][INFO] - Predictions for test.
[2024-05-05 02:35:12,361][src.models.gnet][INFO] - Predictions for test.
[2024-05-05 02:35:13,986][src.models.gnet][INFO] - Predictions for test.
[2024-05-05 02:35:15,532][src.models.gnet][INFO] - Predictions for test.
[2024-05-05 02:35:16,985][src.models.gnet][INFO] - Predictions for test.
[2024-05-05 02:35:18,672][src.models.gnet][INFO] - Predictions for test.
[2024-05-05 02:35:20,266][src.models.gnet][INFO] - Predictions for test.
[2024-05-05 02:35:21,843][src.models.gnet][INFO] - Predictions for test.
[2024-05-05 02:35:23,452][src.models.gnet][INFO] - Predictions for test.
[2024-05-05 02:35:25,030][src.models.gnet][INFO] - Predictions for test.
[2024-05-05 02:35:26,514][src.models.gnet][INFO] - Predictions for test.
[2024-05-05 02:35:28,154][src.models.gnet][INFO] - Predictions for test.
[2024-05-05 02:35:29,732][src.models.gnet][INFO] - Predictions for test.
[2024-05-05 02:35:31,294][src.models.gnet][INFO] - Predictions for test.
[2024-05-05 02:35:32,841][src.models.gnet][INFO] - Predictions for test.
[2024-05-05 02:35:34,387][src.models.gnet][INFO] - Predictions for test.
[2024-05-05 02:35:35,965][src.models.gnet][INFO] - Predictions for test.
[2024-05-05 02:35:37,543][src.models.gnet][INFO] - Predictions for test.
[2024-05-05 02:35:39,167][src.models.gnet][INFO] - Predictions for test.
[2024-05-05 02:35:40,730][src.models.gnet][INFO] - Predictions for test.
[2024-05-05 02:35:42,417][src.models.gnet][INFO] - Predictions for test.
[2024-05-05 02:35:44,073][src.models.gnet][INFO] - Predictions for test.
[2024-05-05 02:35:45,635][src.models.gnet][INFO] - Predictions for test.
[2024-05-05 02:35:47,228][src.models.gnet][INFO] - Predictions for test.
[2024-05-05 02:35:48,884][src.models.gnet][INFO] - Predictions for test.
[2024-05-05 02:35:50,446][src.models.gnet][INFO] - Predictions for test.
[2024-05-05 02:35:52,024][src.models.gnet][INFO] - Predictions for test.
[2024-05-05 02:35:53,680][src.models.gnet][INFO] - Predictions for test.
[2024-05-05 02:35:55,242][src.models.gnet][INFO] - Predictions for test.
[2024-05-05 02:35:56,929][src.models.gnet][INFO] - Predictions for test.
[2024-05-05 02:35:58,663][src.models.gnet][INFO] - t = 2
[2024-05-05 02:35:58,663][src.models.gnet][INFO] - Predictions for test.
[2024-05-05 02:36:00,241][src.models.gnet][INFO] - Predictions for test.
[2024-05-05 02:36:01,818][src.models.gnet][INFO] - Predictions for test.
[2024-05-05 02:36:03,271][src.models.gnet][INFO] - Predictions for test.
[2024-05-05 02:36:04,974][src.models.gnet][INFO] - Predictions for test.
[2024-05-05 02:36:06,567][src.models.gnet][INFO] - Predictions for test.
[2024-05-05 02:36:08,239][src.models.gnet][INFO] - Predictions for test.
[2024-05-05 02:36:09,863][src.models.gnet][INFO] - Predictions for test.
[2024-05-05 02:36:11,316][src.models.gnet][INFO] - Predictions for test.
[2024-05-05 02:36:12,910][src.models.gnet][INFO] - Predictions for test.
[2024-05-05 02:36:14,565][src.models.gnet][INFO] - Predictions for test.
[2024-05-05 02:36:16,143][src.models.gnet][INFO] - Predictions for test.
[2024-05-05 02:36:17,721][src.models.gnet][INFO] - Predictions for test.
[2024-05-05 02:36:19,361][src.models.gnet][INFO] - Predictions for test.
[2024-05-05 02:36:20,970][src.models.gnet][INFO] - Predictions for test.
[2024-05-05 02:36:22,532][src.models.gnet][INFO] - Predictions for test.
[2024-05-05 02:36:24,157][src.models.gnet][INFO] - Predictions for test.
[2024-05-05 02:36:25,750][src.models.gnet][INFO] - Predictions for test.
[2024-05-05 02:36:27,437][src.models.gnet][INFO] - Predictions for test.
[2024-05-05 02:36:29,031][src.models.gnet][INFO] - Predictions for test.
[2024-05-05 02:36:30,687][src.models.gnet][INFO] - Predictions for test.
[2024-05-05 02:36:32,374][src.models.gnet][INFO] - Predictions for test.
[2024-05-05 02:36:33,952][src.models.gnet][INFO] - Predictions for test.
[2024-05-05 02:36:35,498][src.models.gnet][INFO] - Predictions for test.
[2024-05-05 02:36:37,091][src.models.gnet][INFO] - Predictions for test.
[2024-05-05 02:36:38,669][src.models.gnet][INFO] - Predictions for test.
[2024-05-05 02:36:40,341][src.models.gnet][INFO] - Predictions for test.
[2024-05-05 02:36:42,168][src.models.gnet][INFO] - Predictions for test.
[2024-05-05 02:36:43,793][src.models.gnet][INFO] - Predictions for test.
[2024-05-05 02:36:45,480][src.models.gnet][INFO] - Predictions for test.
[2024-05-05 02:36:47,230][src.models.gnet][INFO] - Predictions for test.
[2024-05-05 02:36:48,839][src.models.gnet][INFO] - Predictions for test.
[2024-05-05 02:36:50,307][src.models.gnet][INFO] - Predictions for test.
[2024-05-05 02:36:52,088][src.models.gnet][INFO] - Predictions for test.
[2024-05-05 02:36:53,650][src.models.gnet][INFO] - Predictions for test.
[2024-05-05 02:36:55,134][src.models.gnet][INFO] - Predictions for test.
[2024-05-05 02:36:56,915][src.models.gnet][INFO] - Predictions for test.
[2024-05-05 02:36:58,477][src.models.gnet][INFO] - Predictions for test.
[2024-05-05 02:36:59,930][src.models.gnet][INFO] - Predictions for test.
[2024-05-05 02:37:01,617][src.models.gnet][INFO] - Predictions for test.
[2024-05-05 02:37:03,226][src.models.gnet][INFO] - Predictions for test.
[2024-05-05 02:37:04,819][src.models.gnet][INFO] - Predictions for test.
[2024-05-05 02:37:06,460][src.models.gnet][INFO] - Predictions for test.
[2024-05-05 02:37:08,037][src.models.gnet][INFO] - Predictions for test.
[2024-05-05 02:37:09,599][src.models.gnet][INFO] - Predictions for test.
[2024-05-05 02:37:11,255][src.models.gnet][INFO] - Predictions for test.
[2024-05-05 02:37:12,849][src.models.gnet][INFO] - Predictions for test.
[2024-05-05 02:37:14,489][src.models.gnet][INFO] - Predictions for test.
[2024-05-05 02:37:16,129][src.models.gnet][INFO] - Predictions for test.
[2024-05-05 02:37:17,691][src.models.gnet][INFO] - Predictions for test.
[2024-05-05 02:37:19,285][src.models.gnet][INFO] - t = 3
[2024-05-05 02:37:19,285][src.models.gnet][INFO] - Predictions for test.
[2024-05-05 02:37:20,862][src.models.gnet][INFO] - Predictions for test.
[2024-05-05 02:37:22,503][src.models.gnet][INFO] - Predictions for test.
[2024-05-05 02:37:24,080][src.models.gnet][INFO] - Predictions for test.
[2024-05-05 02:37:25,643][src.models.gnet][INFO] - Predictions for test.
[2024-05-05 02:37:27,314][src.models.gnet][INFO] - Predictions for test.
[2024-05-05 02:37:28,892][src.models.gnet][INFO] - Predictions for test.
[2024-05-05 02:37:30,470][src.models.gnet][INFO] - Predictions for test.
[2024-05-05 02:37:32,079][src.models.gnet][INFO] - Predictions for test.
[2024-05-05 02:37:33,531][src.models.gnet][INFO] - Predictions for test.
[2024-05-05 02:37:35,140][src.models.gnet][INFO] - Predictions for test.
[2024-05-05 02:37:36,796][src.models.gnet][INFO] - Predictions for test.
[2024-05-05 02:37:38,374][src.models.gnet][INFO] - Predictions for test.
[2024-05-05 02:37:39,936][src.models.gnet][INFO] - Predictions for test.
[2024-05-05 02:37:41,592][src.models.gnet][INFO] - Predictions for test.
[2024-05-05 02:37:43,234][src.models.gnet][INFO] - Predictions for test.
[2024-05-05 02:37:44,781][src.models.gnet][INFO] - Predictions for test.
[2024-05-05 02:37:46,358][src.models.gnet][INFO] - Predictions for test.
[2024-05-05 02:37:47,999][src.models.gnet][INFO] - Predictions for test.
[2024-05-05 02:37:49,654][src.models.gnet][INFO] - Predictions for test.
[2024-05-05 02:37:51,217][src.models.gnet][INFO] - Predictions for test.
[2024-05-05 02:37:52,919][src.models.gnet][INFO] - Predictions for test.
[2024-05-05 02:37:54,513][src.models.gnet][INFO] - Predictions for test.
[2024-05-05 02:37:56,215][src.models.gnet][INFO] - Predictions for test.
[2024-05-05 02:37:57,887][src.models.gnet][INFO] - Predictions for test.
[2024-05-05 02:38:00,027][src.models.gnet][INFO] - Predictions for test.
[2024-05-05 02:38:01,464][src.models.gnet][INFO] - Predictions for test.
[2024-05-05 02:38:03,120][src.models.gnet][INFO] - Predictions for test.
[2024-05-05 02:38:04,682][src.models.gnet][INFO] - Predictions for test.
[2024-05-05 02:38:06,260][src.models.gnet][INFO] - Predictions for test.
[2024-05-05 02:38:07,806][src.models.gnet][INFO] - Predictions for test.
[2024-05-05 02:38:09,353][src.models.gnet][INFO] - Predictions for test.
[2024-05-05 02:38:10,931][src.models.gnet][INFO] - Predictions for test.
[2024-05-05 02:38:12,587][src.models.gnet][INFO] - Predictions for test.
[2024-05-05 02:38:14,242][src.models.gnet][INFO] - Predictions for test.
[2024-05-05 02:38:15,664][src.models.gnet][INFO] - Predictions for test.
[2024-05-05 02:38:17,273][src.models.gnet][INFO] - Predictions for test.
[2024-05-05 02:38:18,898][src.models.gnet][INFO] - Predictions for test.
[2024-05-05 02:38:20,350][src.models.gnet][INFO] - Predictions for test.
[2024-05-05 02:38:21,944][src.models.gnet][INFO] - Predictions for test.
[2024-05-05 02:38:23,600][src.models.gnet][INFO] - Predictions for test.
[2024-05-05 02:38:25,162][src.models.gnet][INFO] - Predictions for test.
[2024-05-05 02:38:26,833][src.models.gnet][INFO] - Predictions for test.
[2024-05-05 02:38:28,567][src.models.gnet][INFO] - Predictions for test.
[2024-05-05 02:38:30,114][src.models.gnet][INFO] - Predictions for test.
[2024-05-05 02:38:31,551][src.models.gnet][INFO] - Predictions for test.
[2024-05-05 02:38:33,238][src.models.gnet][INFO] - Predictions for test.
[2024-05-05 02:38:34,816][src.models.gnet][INFO] - Predictions for test.
[2024-05-05 02:38:36,425][src.models.gnet][INFO] - Predictions for test.
[2024-05-05 02:38:37,987][src.models.gnet][INFO] - Predictions for test.
[2024-05-05 02:38:39,783][src.models.gnet][INFO] - t = 4
[2024-05-05 02:38:39,783][src.models.gnet][INFO] - Predictions for test.
[2024-05-05 02:38:41,408][src.models.gnet][INFO] - Predictions for test.
[2024-05-05 02:38:42,954][src.models.gnet][INFO] - Predictions for test.
[2024-05-05 02:38:44,470][src.models.gnet][INFO] - Predictions for test.
[2024-05-05 02:38:46,079][src.models.gnet][INFO] - Predictions for test.
[2024-05-05 02:38:47,656][src.models.gnet][INFO] - Predictions for test.
[2024-05-05 02:38:49,265][src.models.gnet][INFO] - Predictions for test.
[2024-05-05 02:38:50,718][src.models.gnet][INFO] - Predictions for test.
[2024-05-05 02:38:52,312][src.models.gnet][INFO] - Predictions for test.
[2024-05-05 02:38:53,952][src.models.gnet][INFO] - Predictions for test.
[2024-05-05 02:38:55,701][src.models.gnet][INFO] - Predictions for test.
[2024-05-05 02:38:57,420][src.models.gnet][INFO] - Predictions for test.
[2024-05-05 02:38:59,076][src.models.gnet][INFO] - Predictions for test.
[2024-05-05 02:39:00,638][src.models.gnet][INFO] - Predictions for test.
[2024-05-05 02:39:02,216][src.models.gnet][INFO] - Predictions for test.
[2024-05-05 02:39:03,918][src.models.gnet][INFO] - Predictions for test.
[2024-05-05 02:39:05,449][src.models.gnet][INFO] - Predictions for test.
[2024-05-05 02:39:07,058][src.models.gnet][INFO] - Predictions for test.
[2024-05-05 02:39:08,761][src.models.gnet][INFO] - Predictions for test.
[2024-05-05 02:39:10,401][src.models.gnet][INFO] - Predictions for test.
[2024-05-05 02:39:12,135][src.models.gnet][INFO] - Predictions for test.
[2024-05-05 02:39:13,557][src.models.gnet][INFO] - Predictions for test.
[2024-05-05 02:39:15,228][src.models.gnet][INFO] - Predictions for test.
[2024-05-05 02:39:16,806][src.models.gnet][INFO] - Predictions for test.
[2024-05-05 02:39:18,368][src.models.gnet][INFO] - Predictions for test.
[2024-05-05 02:39:19,883][src.models.gnet][INFO] - Predictions for test.
[2024-05-05 02:39:21,477][src.models.gnet][INFO] - Predictions for test.
[2024-05-05 02:39:23,070][src.models.gnet][INFO] - Predictions for test.
[2024-05-05 02:39:24,648][src.models.gnet][INFO] - Predictions for test.
[2024-05-05 02:39:26,288][src.models.gnet][INFO] - Predictions for test.
[2024-05-05 02:39:27,866][src.models.gnet][INFO] - Predictions for test.
[2024-05-05 02:39:29,412][src.models.gnet][INFO] - Predictions for test.
[2024-05-05 02:39:30,928][src.models.gnet][INFO] - Predictions for test.
[2024-05-05 02:39:32,505][src.models.gnet][INFO] - Predictions for test.
[2024-05-05 02:39:34,099][src.models.gnet][INFO] - Predictions for test.
[2024-05-05 02:39:35,770][src.models.gnet][INFO] - Predictions for test.
[2024-05-05 02:39:37,426][src.models.gnet][INFO] - Predictions for test.
[2024-05-05 02:39:39,019][src.models.gnet][INFO] - Predictions for test.
[2024-05-05 02:39:41,191][src.models.gnet][INFO] - Predictions for test.
[2024-05-05 02:39:42,722][src.models.gnet][INFO] - Predictions for test.
[2024-05-05 02:39:44,190][src.models.gnet][INFO] - Predictions for test.
[2024-05-05 02:39:45,846][src.models.gnet][INFO] - Predictions for test.
[2024-05-05 02:39:47,424][src.models.gnet][INFO] - Predictions for test.
[2024-05-05 02:39:49,001][src.models.gnet][INFO] - Predictions for test.
[2024-05-05 02:39:50,642][src.models.gnet][INFO] - Predictions for test.
[2024-05-05 02:39:52,204][src.models.gnet][INFO] - Predictions for test.
[2024-05-05 02:39:53,766][src.models.gnet][INFO] - Predictions for test.
[2024-05-05 02:39:55,234][src.models.gnet][INFO] - Predictions for test.
[2024-05-05 02:39:57,375][src.models.gnet][INFO] - Predictions for test.
[2024-05-05 02:39:58,796][src.models.gnet][INFO] - Predictions for test.
[2024-05-05 02:40:00,405][src.models.gnet][INFO] - t = 5
[2024-05-05 02:40:00,405][src.models.gnet][INFO] - Predictions for test.
[2024-05-05 02:40:02,077][src.models.gnet][INFO] - Predictions for test.
[2024-05-05 02:40:03,654][src.models.gnet][INFO] - Predictions for test.
[2024-05-05 02:40:05,232][src.models.gnet][INFO] - Predictions for test.
[2024-05-05 02:40:06,857][src.models.gnet][INFO] - Predictions for test.
[2024-05-05 02:40:08,309][src.models.gnet][INFO] - Predictions for test.
[2024-05-05 02:40:09,887][src.models.gnet][INFO] - Predictions for test.
[2024-05-05 02:40:11,559][src.models.gnet][INFO] - Predictions for test.
[2024-05-05 02:40:13,121][src.models.gnet][INFO] - Predictions for test.
[2024-05-05 02:40:14,699][src.models.gnet][INFO] - Predictions for test.
[2024-05-05 02:40:16,323][src.models.gnet][INFO] - Predictions for test.
[2024-05-05 02:40:17,885][src.models.gnet][INFO] - Predictions for test.
[2024-05-05 02:40:19,307][src.models.gnet][INFO] - Predictions for test.
[2024-05-05 02:40:20,885][src.models.gnet][INFO] - Predictions for test.
[2024-05-05 02:40:22,509][src.models.gnet][INFO] - Predictions for test.
[2024-05-05 02:40:23,946][src.models.gnet][INFO] - Predictions for test.
[2024-05-05 02:40:25,524][src.models.gnet][INFO] - Predictions for test.
[2024-05-05 02:40:27,321][src.models.gnet][INFO] - Predictions for test.
[2024-05-05 02:40:28,758][src.models.gnet][INFO] - Predictions for test.
[2024-05-05 02:40:30,351][src.models.gnet][INFO] - Predictions for test.
[2024-05-05 02:40:31,991][src.models.gnet][INFO] - Predictions for test.
[2024-05-05 02:40:33,538][src.models.gnet][INFO] - Predictions for test.
[2024-05-05 02:40:34,959][src.models.gnet][INFO] - Predictions for test.
[2024-05-05 02:40:36,647][src.models.gnet][INFO] - Predictions for test.
[2024-05-05 02:40:38,224][src.models.gnet][INFO] - Predictions for test.
[2024-05-05 02:40:39,802][src.models.gnet][INFO] - Predictions for test.
[2024-05-05 02:40:41,395][src.models.gnet][INFO] - Predictions for test.
[2024-05-05 02:40:42,989][src.models.gnet][INFO] - Predictions for test.
[2024-05-05 02:40:44,660][src.models.gnet][INFO] - Predictions for test.
[2024-05-05 02:40:46,269][src.models.gnet][INFO] - Predictions for test.
[2024-05-05 02:40:47,925][src.models.gnet][INFO] - Predictions for test.
[2024-05-05 02:40:49,581][src.models.gnet][INFO] - Predictions for test.
[2024-05-05 02:40:51,159][src.models.gnet][INFO] - Predictions for test.
[2024-05-05 02:40:52,799][src.models.gnet][INFO] - Predictions for test.
[2024-05-05 02:40:54,236][src.models.gnet][INFO] - Predictions for test.
[2024-05-05 02:40:55,845][src.models.gnet][INFO] - Predictions for test.
[2024-05-05 02:40:57,579][src.models.gnet][INFO] - Predictions for test.
[2024-05-05 02:40:59,188][src.models.gnet][INFO] - Predictions for test.
[2024-05-05 02:41:00,782][src.models.gnet][INFO] - Predictions for test.
[2024-05-05 02:41:02,422][src.models.gnet][INFO] - Predictions for test.
[2024-05-05 02:41:03,984][src.models.gnet][INFO] - Predictions for test.
[2024-05-05 02:41:05,562][src.models.gnet][INFO] - Predictions for test.
[2024-05-05 02:41:07,202][src.models.gnet][INFO] - Predictions for test.
[2024-05-05 02:41:08,827][src.models.gnet][INFO] - Predictions for test.
[2024-05-05 02:41:10,389][src.models.gnet][INFO] - Predictions for test.
[2024-05-05 02:41:12,107][src.models.gnet][INFO] - Predictions for test.
[2024-05-05 02:41:13,638][src.models.gnet][INFO] - Predictions for test.
[2024-05-05 02:41:15,216][src.models.gnet][INFO] - Predictions for test.
[2024-05-05 02:41:16,778][src.models.gnet][INFO] - Predictions for test.
[2024-05-05 02:41:18,402][src.models.gnet][INFO] - Predictions for test.
[2024-05-05 02:41:19,949][src.models.gnet][INFO] - t = 6
[2024-05-05 02:41:19,949][src.models.gnet][INFO] - Predictions for test.
[2024-05-05 02:41:21,402][src.models.gnet][INFO] - Predictions for test.
[2024-05-05 02:41:23,073][src.models.gnet][INFO] - Predictions for test.
[2024-05-05 02:41:24,651][src.models.gnet][INFO] - Predictions for test.
[2024-05-05 02:41:26,229][src.models.gnet][INFO] - Predictions for test.
[2024-05-05 02:41:27,869][src.models.gnet][INFO] - Predictions for test.
[2024-05-05 02:41:29,462][src.models.gnet][INFO] - Predictions for test.
[2024-05-05 02:41:31,025][src.models.gnet][INFO] - Predictions for test.
[2024-05-05 02:41:32,649][src.models.gnet][INFO] - Predictions for test.
[2024-05-05 02:41:34,086][src.models.gnet][INFO] - Predictions for test.
[2024-05-05 02:41:35,680][src.models.gnet][INFO] - Predictions for test.
[2024-05-05 02:41:37,257][src.models.gnet][INFO] - Predictions for test.
[2024-05-05 02:41:38,788][src.models.gnet][INFO] - Predictions for test.
[2024-05-05 02:41:40,382][src.models.gnet][INFO] - Predictions for test.
[2024-05-05 02:41:42,131][src.models.gnet][INFO] - Predictions for test.
[2024-05-05 02:41:43,787][src.models.gnet][INFO] - Predictions for test.
[2024-05-05 02:41:45,427][src.models.gnet][INFO] - Predictions for test.
[2024-05-05 02:41:47,036][src.models.gnet][INFO] - Predictions for test.
[2024-05-05 02:41:48,786][src.models.gnet][INFO] - Predictions for test.
[2024-05-05 02:41:50,208][src.models.gnet][INFO] - Predictions for test.
[2024-05-05 02:41:51,785][src.models.gnet][INFO] - Predictions for test.
[2024-05-05 02:41:53,410][src.models.gnet][INFO] - Predictions for test.
[2024-05-05 02:41:54,988][src.models.gnet][INFO] - Predictions for test.
[2024-05-05 02:41:56,612][src.models.gnet][INFO] - Predictions for test.
[2024-05-05 02:41:58,190][src.models.gnet][INFO] - Predictions for test.
[2024-05-05 02:41:59,877][src.models.gnet][INFO] - Predictions for test.
[2024-05-05 02:42:01,549][src.models.gnet][INFO] - Predictions for test.
[2024-05-05 02:42:03,142][src.models.gnet][INFO] - Predictions for test.
[2024-05-05 02:42:04,829][src.models.gnet][INFO] - Predictions for test.
[2024-05-05 02:42:06,469][src.models.gnet][INFO] - Predictions for test.
[2024-05-05 02:42:08,094][src.models.gnet][INFO] - Predictions for test.
[2024-05-05 02:42:09,781][src.models.gnet][INFO] - Predictions for test.
[2024-05-05 02:42:11,437][src.models.gnet][INFO] - Predictions for test.
[2024-05-05 02:42:12,921][src.models.gnet][INFO] - Predictions for test.
[2024-05-05 02:42:14,655][src.models.gnet][INFO] - Predictions for test.
[2024-05-05 02:42:16,295][src.models.gnet][INFO] - Predictions for test.
[2024-05-05 02:42:17,967][src.models.gnet][INFO] - Predictions for test.
[2024-05-05 02:42:19,685][src.models.gnet][INFO] - Predictions for test.
[2024-05-05 02:42:21,278][src.models.gnet][INFO] - Predictions for test.
[2024-05-05 02:42:22,731][src.models.gnet][INFO] - Predictions for test.
[2024-05-05 02:42:24,387][src.models.gnet][INFO] - Predictions for test.
[2024-05-05 02:42:25,980][src.models.gnet][INFO] - Predictions for test.
[2024-05-05 02:42:27,621][src.models.gnet][INFO] - Predictions for test.
[2024-05-05 02:42:29,308][src.models.gnet][INFO] - Predictions for test.
[2024-05-05 02:42:30,948][src.models.gnet][INFO] - Predictions for test.
[2024-05-05 02:42:32,401][src.models.gnet][INFO] - Predictions for test.
[2024-05-05 02:42:33,994][src.models.gnet][INFO] - Predictions for test.
[2024-05-05 02:42:35,634][src.models.gnet][INFO] - Predictions for test.
[2024-05-05 02:42:37,197][src.models.gnet][INFO] - Predictions for test.
[2024-05-05 02:42:38,790][src.models.gnet][INFO] - Predictions for test.
[2024-05-05 02:42:40,493][__main__][INFO] - Test normalised RMSE (n-step prediction): {'2-step': 18.053690124920525, '3-step': 18.784797783398872, '4-step': 18.582447303427475, '5-step': 17.409707413807052, '6-step': 17.819148861678013}
