[2024-05-05 00:35:50,197][__main__][INFO] - 
model:
  dim_treatments: 4
  dim_vitals: 0
  dim_static_features: 1
  dim_outcomes: 1
  dim_cosovitals: ???
  dim_abstract_confounders: ???
  dim_s: ???
  name: G-Net
  g_net:
    _target_: src.models.gnet.GNet
    seq_hidden_units: 48
    num_layer: 1
    r_size: 2
    fc_hidden_units: 40
    num_comp: 1
    mc_samples: 50
    fit_vitals: true
    comp_sizes: null
    batch_size: 64
    dropout_rate: 0.2
    optimizer:
      optimizer_cls: adam
      learning_rate: 0.01
      weight_decay: 0.0
      lr_scheduler: false
    tune_hparams: false
    tune_range: 50
    hparams_grid: null
    resources_per_trial: null
dataset:
  val_batch_size: 4096
  treatment_mode: multiclass
  _target_: src.data.SyntheticVitalDatasetCollection
  name: tumor_generator
  seed: 100
  num_confounder: 3
  num_u: 1
  split:
    val: 0.15
    test: 0.15
  window_size: 15
  lag: 0
  max_seq_length: 60
  projection_horizon: 5
  cf_seq_mode: sliding_treatment
  time_step: 30
  holdout_ratio: 0.1
exp:
  seed: 100
  gpus:
  - 0
  max_epochs: 100
  logging: true
  mlflow_uri: http://127.0.0.1:5000
  unscale_rmse: true
  percentage_rmse: true
  alpha: 1.0
  update_alpha: false
  alpha_rate: exp
  balancing: grad_reverse
  bce_weight: false
  weights_ema: false
  beta: 0.99

[2024-05-05 00:36:13,098][src.data.cancer_sim.dataset][INFO] - Shape of processed train data: {'sequence_lengths': (3500,), 'prev_treatments': (3500, 28, 1), 'vitals': (3500, 28, 12), 'next_vitals': (3500, 27, 12), 'current_treatments': (3500, 28, 1), 'static_features': (3500, 1), 'active_entries': (3500, 28, 1), 'outputs': (3500, 28, 1), 'unscaled_outputs': (3500, 28, 1), 'prev_outputs': (3500, 28, 1), 'coso_vitals': (3500, 28, 11), 'COSO': (3500, 28, 1)}
[2024-05-05 00:36:13,098][src.data.cancer_sim.dataset][INFO] - Shape of processed val data: {'sequence_lengths': (750,), 'prev_treatments': (750, 28, 1), 'vitals': (750, 28, 12), 'next_vitals': (750, 27, 12), 'current_treatments': (750, 28, 1), 'static_features': (750, 1), 'active_entries': (750, 28, 1), 'outputs': (750, 28, 1), 'unscaled_outputs': (750, 28, 1), 'prev_outputs': (750, 28, 1), 'coso_vitals': (750, 28, 11), 'COSO': (750, 28, 1)}
[2024-05-05 00:36:13,098][src.data.cancer_sim.dataset][INFO] - Shape of processed test data: {'sequence_lengths': (750,), 'prev_treatments': (750, 28, 1), 'vitals': (750, 28, 12), 'next_vitals': (750, 27, 12), 'current_treatments': (750, 28, 1), 'static_features': (750, 1), 'active_entries': (750, 28, 1), 'outputs': (750, 28, 1), 'unscaled_outputs': (750, 28, 1), 'prev_outputs': (750, 28, 1), 'coso_vitals': (750, 28, 11), 'COSO': (750, 28, 1)}
[2024-05-05 00:36:13,114][src.data.cancer_sim.dataset][INFO] - Exploding test dataset before testing (multiple sequences)
[2024-05-05 00:36:13,207][src.data.cancer_sim.dataset][INFO] - Shape of processed test data: {'prev_treatments': (13719, 28, 1), 'current_treatments': (13719, 28, 1), 'static_features': (13719, 1), 'prev_outputs': (13719, 28, 1), 'outputs': (13719, 28, 1), 'vitals': (13719, 28, 12), 'next_vitals': (13719, 27, 12), 'unscaled_outputs': (13719, 28, 1), 'sequence_lengths': (13719,), 'active_entries': (13719, 28, 1)}
[2024-05-05 00:36:13,207][src.data.cancer_sim.dataset][INFO] - Processing test dataset before testing (multiple sequences)
[2024-05-05 00:36:13,317][src.data.cancer_sim.dataset][INFO] - Shape of processed test data: {'original_index': (13719,), 'active_encoder_r': (13719, 23), 'prev_treatments': (13719, 5, 1), 'current_treatments': (13719, 5, 1), 'static_features': (13719, 1), 'prev_outputs': (13719, 5, 1), 'outputs': (13719, 5, 1), 'unscaled_outputs': (13719, 5, 1), 'sequence_lengths': (13719,), 'active_entries': (13719, 5, 1)}
[2024-05-05 00:36:13,442][src.models.gnet][INFO] - Input size of g_net: 15
[2024-05-05 00:36:13,473][src.data.dataset_collection][INFO] - Splited train_f on train_f: 3150 and train_f_holdout: 350
[2024-05-05 00:36:13,473][src.data.dataset_collection][INFO] - Exploding test_f 50 times
[2024-05-05 00:36:13,504][src.data.dataset_collection][INFO] - Exploding test_f 50 times
[2024-05-05 00:36:13,535][src.data.dataset_collection][INFO] - Exploding test_f 50 times
[2024-05-05 00:36:13,551][src.data.dataset_collection][INFO] - Exploding test_f 50 times
[2024-05-05 00:36:13,582][src.data.dataset_collection][INFO] - Exploding test_f 50 times
[2024-05-05 00:36:13,613][src.data.dataset_collection][INFO] - Exploding test_f 50 times
[2024-05-05 00:36:13,645][src.data.dataset_collection][INFO] - Exploding test_f 50 times
[2024-05-05 00:36:13,660][src.data.dataset_collection][INFO] - Exploding test_f 50 times
[2024-05-05 00:36:13,692][src.data.dataset_collection][INFO] - Exploding test_f 50 times
[2024-05-05 00:36:13,723][src.data.dataset_collection][INFO] - Exploding test_f 50 times
[2024-05-05 00:36:13,754][src.data.dataset_collection][INFO] - Exploding test_f 50 times
[2024-05-05 00:36:13,770][src.data.dataset_collection][INFO] - Exploding test_f 50 times
[2024-05-05 00:36:13,801][src.data.dataset_collection][INFO] - Exploding test_f 50 times
[2024-05-05 00:36:13,832][src.data.dataset_collection][INFO] - Exploding test_f 50 times
[2024-05-05 00:36:13,863][src.data.dataset_collection][INFO] - Exploding test_f 50 times
[2024-05-05 00:36:13,879][src.data.dataset_collection][INFO] - Exploding test_f 50 times
[2024-05-05 00:36:13,910][src.data.dataset_collection][INFO] - Exploding test_f 50 times
[2024-05-05 00:36:13,942][src.data.dataset_collection][INFO] - Exploding test_f 50 times
[2024-05-05 00:36:13,973][src.data.dataset_collection][INFO] - Exploding test_f 50 times
[2024-05-05 00:36:13,988][src.data.dataset_collection][INFO] - Exploding test_f 50 times
[2024-05-05 00:36:14,020][src.data.dataset_collection][INFO] - Exploding test_f 50 times
[2024-05-05 00:36:14,051][src.data.dataset_collection][INFO] - Exploding test_f 50 times
[2024-05-05 00:36:14,082][src.data.dataset_collection][INFO] - Exploding test_f 50 times
[2024-05-05 00:36:14,098][src.data.dataset_collection][INFO] - Exploding test_f 50 times
[2024-05-05 00:36:14,129][src.data.dataset_collection][INFO] - Exploding test_f 50 times
[2024-05-05 00:36:14,160][src.data.dataset_collection][INFO] - Exploding test_f 50 times
[2024-05-05 00:36:14,191][src.data.dataset_collection][INFO] - Exploding test_f 50 times
[2024-05-05 00:36:14,207][src.data.dataset_collection][INFO] - Exploding test_f 50 times
[2024-05-05 00:36:14,238][src.data.dataset_collection][INFO] - Exploding test_f 50 times
[2024-05-05 00:36:14,270][src.data.dataset_collection][INFO] - Exploding test_f 50 times
[2024-05-05 00:36:14,301][src.data.dataset_collection][INFO] - Exploding test_f 50 times
[2024-05-05 00:36:14,316][src.data.dataset_collection][INFO] - Exploding test_f 50 times
[2024-05-05 00:36:14,348][src.data.dataset_collection][INFO] - Exploding test_f 50 times
[2024-05-05 00:36:14,379][src.data.dataset_collection][INFO] - Exploding test_f 50 times
[2024-05-05 00:36:14,410][src.data.dataset_collection][INFO] - Exploding test_f 50 times
[2024-05-05 00:36:14,426][src.data.dataset_collection][INFO] - Exploding test_f 50 times
[2024-05-05 00:36:14,457][src.data.dataset_collection][INFO] - Exploding test_f 50 times
[2024-05-05 00:36:14,488][src.data.dataset_collection][INFO] - Exploding test_f 50 times
[2024-05-05 00:36:14,520][src.data.dataset_collection][INFO] - Exploding test_f 50 times
[2024-05-05 00:36:14,535][src.data.dataset_collection][INFO] - Exploding test_f 50 times
[2024-05-05 00:36:14,566][src.data.dataset_collection][INFO] - Exploding test_f 50 times
[2024-05-05 00:36:14,598][src.data.dataset_collection][INFO] - Exploding test_f 50 times
[2024-05-05 00:36:14,629][src.data.dataset_collection][INFO] - Exploding test_f 50 times
[2024-05-05 00:36:14,644][src.data.dataset_collection][INFO] - Exploding test_f 50 times
[2024-05-05 00:36:14,676][src.data.dataset_collection][INFO] - Exploding test_f 50 times
[2024-05-05 00:36:14,707][src.data.dataset_collection][INFO] - Exploding test_f 50 times
[2024-05-05 00:36:14,738][src.data.dataset_collection][INFO] - Exploding test_f 50 times
[2024-05-05 00:36:14,754][src.data.dataset_collection][INFO] - Exploding test_f 50 times
[2024-05-05 00:36:14,785][src.data.dataset_collection][INFO] - Exploding test_f 50 times
[2024-05-05 00:36:14,816][src.data.dataset_collection][INFO] - Exploding test_f 50 times
[2024-05-05 00:38:24,647][src.models.gnet][INFO] - Fitting residuals based on train_f_holdout.
[2024-05-05 00:38:24,647][src.models.gnet][INFO] - Predictions for train.
[2024-05-05 00:38:25,538][src.models.time_varying_model][INFO] - RMSE calculation for val.
[2024-05-05 00:38:25,538][src.models.gnet][INFO] - Predictions for val.
[2024-05-05 00:38:26,537][__main__][INFO] - Val normalised RMSE (all): 5.105538366411912; Val normalised RMSE (orig): nan
[2024-05-05 00:38:26,537][src.models.time_varying_model][INFO] - RMSE calculation for test.
[2024-05-05 00:38:26,537][src.models.gnet][INFO] - Predictions for test.
[2024-05-05 00:38:27,475][__main__][INFO] - Test normalised RMSE (all): 4.968877867308999; Test normalised RMSE (orig): nan.
[2024-05-05 00:38:27,537][src.models.time_varying_model][INFO] - RMSE calculation for test.
[2024-05-05 00:38:27,537][src.models.gnet][INFO] - Autoregressive Prediction for test with MC-sampling of trajectories.
[2024-05-05 00:38:27,537][src.models.gnet][INFO] - t = 1
[2024-05-05 00:38:27,537][src.models.gnet][INFO] - Predictions for test.
[2024-05-05 00:38:29,084][src.models.gnet][INFO] - Predictions for test.
[2024-05-05 00:38:30,552][src.models.gnet][INFO] - Predictions for test.
[2024-05-05 00:38:32,130][src.models.gnet][INFO] - Predictions for test.
[2024-05-05 00:38:33,676][src.models.gnet][INFO] - Predictions for test.
[2024-05-05 00:38:35,270][src.models.gnet][INFO] - Predictions for test.
[2024-05-05 00:38:36,707][src.models.gnet][INFO] - Predictions for test.
[2024-05-05 00:38:38,285][src.models.gnet][INFO] - Predictions for test.
[2024-05-05 00:38:39,909][src.models.gnet][INFO] - Predictions for test.
[2024-05-05 00:38:41,440][src.models.gnet][INFO] - Predictions for test.
[2024-05-05 00:38:42,955][src.models.gnet][INFO] - Predictions for test.
[2024-05-05 00:38:44,439][src.models.gnet][INFO] - Predictions for test.
[2024-05-05 00:38:46,017][src.models.gnet][INFO] - Predictions for test.
[2024-05-05 00:38:47,564][src.models.gnet][INFO] - Predictions for test.
[2024-05-05 00:38:49,095][src.models.gnet][INFO] - Predictions for test.
[2024-05-05 00:38:50,688][src.models.gnet][INFO] - Predictions for test.
[2024-05-05 00:38:52,203][src.models.gnet][INFO] - Predictions for test.
[2024-05-05 00:38:53,640][src.models.gnet][INFO] - Predictions for test.
[2024-05-05 00:38:55,328][src.models.gnet][INFO] - Predictions for test.
[2024-05-05 00:38:56,968][src.models.gnet][INFO] - Predictions for test.
[2024-05-05 00:38:58,530][src.models.gnet][INFO] - Predictions for test.
[2024-05-05 00:39:00,108][src.models.gnet][INFO] - Predictions for test.
[2024-05-05 00:39:01,639][src.models.gnet][INFO] - Predictions for test.
[2024-05-05 00:39:03,091][src.models.gnet][INFO] - Predictions for test.
[2024-05-05 00:39:04,716][src.models.gnet][INFO] - Predictions for test.
[2024-05-05 00:39:06,262][src.models.gnet][INFO] - Predictions for test.
[2024-05-05 00:39:07,793][src.models.gnet][INFO] - Predictions for test.
[2024-05-05 00:39:09,418][src.models.gnet][INFO] - Predictions for test.
[2024-05-05 00:39:10,980][src.models.gnet][INFO] - Predictions for test.
[2024-05-05 00:39:12,527][src.models.gnet][INFO] - Predictions for test.
[2024-05-05 00:39:14,151][src.models.gnet][INFO] - Predictions for test.
[2024-05-05 00:39:15,557][src.models.gnet][INFO] - Predictions for test.
[2024-05-05 00:39:17,104][src.models.gnet][INFO] - Predictions for test.
[2024-05-05 00:39:18,697][src.models.gnet][INFO] - Predictions for test.
[2024-05-05 00:39:20,134][src.models.gnet][INFO] - Predictions for test.
[2024-05-05 00:39:21,728][src.models.gnet][INFO] - Predictions for test.
[2024-05-05 00:39:23,352][src.models.gnet][INFO] - Predictions for test.
[2024-05-05 00:39:24,774][src.models.gnet][INFO] - Predictions for test.
[2024-05-05 00:39:26,367][src.models.gnet][INFO] - Predictions for test.
[2024-05-05 00:39:27,882][src.models.gnet][INFO] - Predictions for test.
[2024-05-05 00:39:29,554][src.models.gnet][INFO] - Predictions for test.
[2024-05-05 00:39:31,100][src.models.gnet][INFO] - Predictions for test.
[2024-05-05 00:39:32,647][src.models.gnet][INFO] - Predictions for test.
[2024-05-05 00:39:34,334][src.models.gnet][INFO] - Predictions for test.
[2024-05-05 00:39:35,912][src.models.gnet][INFO] - Predictions for test.
[2024-05-05 00:39:37,458][src.models.gnet][INFO] - Predictions for test.
[2024-05-05 00:39:39,052][src.models.gnet][INFO] - Predictions for test.
[2024-05-05 00:39:40,567][src.models.gnet][INFO] - Predictions for test.
[2024-05-05 00:39:42,223][src.models.gnet][INFO] - Predictions for test.
[2024-05-05 00:39:43,801][src.models.gnet][INFO] - Predictions for test.
[2024-05-05 00:39:45,316][src.models.gnet][INFO] - t = 2
[2024-05-05 00:39:45,316][src.models.gnet][INFO] - Predictions for test.
[2024-05-05 00:39:46,878][src.models.gnet][INFO] - Predictions for test.
[2024-05-05 00:39:48,471][src.models.gnet][INFO] - Predictions for test.
[2024-05-05 00:39:49,909][src.models.gnet][INFO] - Predictions for test.
[2024-05-05 00:39:51,486][src.models.gnet][INFO] - Predictions for test.
[2024-05-05 00:39:53,080][src.models.gnet][INFO] - Predictions for test.
[2024-05-05 00:39:54,517][src.models.gnet][INFO] - Predictions for test.
[2024-05-05 00:39:56,110][src.models.gnet][INFO] - Predictions for test.
[2024-05-05 00:39:57,719][src.models.gnet][INFO] - Predictions for test.
[2024-05-05 00:39:59,234][src.models.gnet][INFO] - Predictions for test.
[2024-05-05 00:40:00,812][src.models.gnet][INFO] - Predictions for test.
[2024-05-05 00:40:02,437][src.models.gnet][INFO] - Predictions for test.
[2024-05-05 00:40:03,983][src.models.gnet][INFO] - Predictions for test.
[2024-05-05 00:40:05,530][src.models.gnet][INFO] - Predictions for test.
[2024-05-05 00:40:07,045][src.models.gnet][INFO] - Predictions for test.
[2024-05-05 00:40:08,639][src.models.gnet][INFO] - Predictions for test.
[2024-05-05 00:40:10,201][src.models.gnet][INFO] - Predictions for test.
[2024-05-05 00:40:11,825][src.models.gnet][INFO] - Predictions for test.
[2024-05-05 00:40:13,512][src.models.gnet][INFO] - Predictions for test.
[2024-05-05 00:40:15,075][src.models.gnet][INFO] - Predictions for test.
[2024-05-05 00:40:16,637][src.models.gnet][INFO] - Predictions for test.
[2024-05-05 00:40:18,214][src.models.gnet][INFO] - Predictions for test.
[2024-05-05 00:40:19,652][src.models.gnet][INFO] - Predictions for test.
[2024-05-05 00:40:21,214][src.models.gnet][INFO] - Predictions for test.
[2024-05-05 00:40:22,838][src.models.gnet][INFO] - Predictions for test.
[2024-05-05 00:40:24,260][src.models.gnet][INFO] - Predictions for test.
[2024-05-05 00:40:25,853][src.models.gnet][INFO] - Predictions for test.
[2024-05-05 00:40:27,478][src.models.gnet][INFO] - Predictions for test.
[2024-05-05 00:40:28,993][src.models.gnet][INFO] - Predictions for test.
[2024-05-05 00:40:30,540][src.models.gnet][INFO] - Predictions for test.
[2024-05-05 00:40:32,164][src.models.gnet][INFO] - Predictions for test.
[2024-05-05 00:40:33,711][src.models.gnet][INFO] - Predictions for test.
[2024-05-05 00:40:35,226][src.models.gnet][INFO] - Predictions for test.
[2024-05-05 00:40:36,804][src.models.gnet][INFO] - Predictions for test.
[2024-05-05 00:40:38,350][src.models.gnet][INFO] - Predictions for test.
[2024-05-05 00:40:39,912][src.models.gnet][INFO] - Predictions for test.
[2024-05-05 00:40:41,506][src.models.gnet][INFO] - Predictions for test.
[2024-05-05 00:40:42,927][src.models.gnet][INFO] - Predictions for test.
[2024-05-05 00:40:44,521][src.models.gnet][INFO] - Predictions for test.
[2024-05-05 00:40:46,052][src.models.gnet][INFO] - Predictions for test.
[2024-05-05 00:40:47,754][src.models.gnet][INFO] - Predictions for test.
[2024-05-05 00:40:49,270][src.models.gnet][INFO] - Predictions for test.
[2024-05-05 00:40:50,785][src.models.gnet][INFO] - Predictions for test.
[2024-05-05 00:40:52,285][src.models.gnet][INFO] - Predictions for test.
[2024-05-05 00:40:53,847][src.models.gnet][INFO] - Predictions for test.
[2024-05-05 00:40:55,393][src.models.gnet][INFO] - Predictions for test.
[2024-05-05 00:40:57,065][src.models.gnet][INFO] - Predictions for test.
[2024-05-05 00:40:58,564][src.models.gnet][INFO] - Predictions for test.
[2024-05-05 00:40:59,970][src.models.gnet][INFO] - Predictions for test.
[2024-05-05 00:41:01,626][src.models.gnet][INFO] - Predictions for test.
[2024-05-05 00:41:03,157][src.models.gnet][INFO] - t = 3
[2024-05-05 00:41:03,157][src.models.gnet][INFO] - Predictions for test.
[2024-05-05 00:41:04,719][src.models.gnet][INFO] - Predictions for test.
[2024-05-05 00:41:06,344][src.models.gnet][INFO] - Predictions for test.
[2024-05-05 00:41:07,890][src.models.gnet][INFO] - Predictions for test.
[2024-05-05 00:41:09,421][src.models.gnet][INFO] - Predictions for test.
[2024-05-05 00:41:11,015][src.models.gnet][INFO] - Predictions for test.
[2024-05-05 00:41:12,577][src.models.gnet][INFO] - Predictions for test.
[2024-05-05 00:41:14,123][src.models.gnet][INFO] - Predictions for test.
[2024-05-05 00:41:15,717][src.models.gnet][INFO] - Predictions for test.
[2024-05-05 00:41:17,232][src.models.gnet][INFO] - Predictions for test.
[2024-05-05 00:41:18,778][src.models.gnet][INFO] - Predictions for test.
[2024-05-05 00:41:20,403][src.models.gnet][INFO] - Predictions for test.
[2024-05-05 00:41:21,950][src.models.gnet][INFO] - Predictions for test.
[2024-05-05 00:41:23,480][src.models.gnet][INFO] - Predictions for test.
[2024-05-05 00:41:24,996][src.models.gnet][INFO] - Predictions for test.
[2024-05-05 00:41:26,745][src.models.gnet][INFO] - Predictions for test.
[2024-05-05 00:41:28,261][src.models.gnet][INFO] - Predictions for test.
[2024-05-05 00:41:29,807][src.models.gnet][INFO] - Predictions for test.
[2024-05-05 00:41:31,432][src.models.gnet][INFO] - Predictions for test.
[2024-05-05 00:41:32,963][src.models.gnet][INFO] - Predictions for test.
[2024-05-05 00:41:34,384][src.models.gnet][INFO] - Predictions for test.
[2024-05-05 00:41:36,024][src.models.gnet][INFO] - Predictions for test.
[2024-05-05 00:41:37,540][src.models.gnet][INFO] - Predictions for test.
[2024-05-05 00:41:39,071][src.models.gnet][INFO] - Predictions for test.
[2024-05-05 00:41:40,664][src.models.gnet][INFO] - Predictions for test.
[2024-05-05 00:41:42,179][src.models.gnet][INFO] - Predictions for test.
[2024-05-05 00:41:43,710][src.models.gnet][INFO] - Predictions for test.
[2024-05-05 00:41:45,428][src.models.gnet][INFO] - Predictions for test.
[2024-05-05 00:41:46,928][src.models.gnet][INFO] - Predictions for test.
[2024-05-05 00:41:48,490][src.models.gnet][INFO] - Predictions for test.
[2024-05-05 00:41:50,099][src.models.gnet][INFO] - Predictions for test.
[2024-05-05 00:41:51,614][src.models.gnet][INFO] - Predictions for test.
[2024-05-05 00:41:53,177][src.models.gnet][INFO] - Predictions for test.
[2024-05-05 00:41:54,786][src.models.gnet][INFO] - Predictions for test.
[2024-05-05 00:41:56,332][src.models.gnet][INFO] - Predictions for test.
[2024-05-05 00:41:57,863][src.models.gnet][INFO] - Predictions for test.
[2024-05-05 00:41:59,456][src.models.gnet][INFO] - Predictions for test.
[2024-05-05 00:42:01,019][src.models.gnet][INFO] - Predictions for test.
[2024-05-05 00:42:02,581][src.models.gnet][INFO] - Predictions for test.
[2024-05-05 00:42:04,127][src.models.gnet][INFO] - Predictions for test.
[2024-05-05 00:42:05,721][src.models.gnet][INFO] - Predictions for test.
[2024-05-05 00:42:07,158][src.models.gnet][INFO] - Predictions for test.
[2024-05-05 00:42:08,751][src.models.gnet][INFO] - Predictions for test.
[2024-05-05 00:42:10,360][src.models.gnet][INFO] - Predictions for test.
[2024-05-05 00:42:11,969][src.models.gnet][INFO] - Predictions for test.
[2024-05-05 00:42:13,391][src.models.gnet][INFO] - Predictions for test.
[2024-05-05 00:42:15,046][src.models.gnet][INFO] - Predictions for test.
[2024-05-05 00:42:16,593][src.models.gnet][INFO] - Predictions for test.
[2024-05-05 00:42:18,124][src.models.gnet][INFO] - Predictions for test.
[2024-05-05 00:42:19,702][src.models.gnet][INFO] - Predictions for test.
[2024-05-05 00:42:21,279][src.models.gnet][INFO] - t = 4
[2024-05-05 00:42:21,279][src.models.gnet][INFO] - Predictions for test.
[2024-05-05 00:42:22,826][src.models.gnet][INFO] - Predictions for test.
[2024-05-05 00:42:24,435][src.models.gnet][INFO] - Predictions for test.
[2024-05-05 00:42:25,872][src.models.gnet][INFO] - Predictions for test.
[2024-05-05 00:42:27,481][src.models.gnet][INFO] - Predictions for test.
[2024-05-05 00:42:29,074][src.models.gnet][INFO] - Predictions for test.
[2024-05-05 00:42:30,543][src.models.gnet][INFO] - Predictions for test.
[2024-05-05 00:42:31,980][src.models.gnet][INFO] - Predictions for test.
[2024-05-05 00:42:33,605][src.models.gnet][INFO] - Predictions for test.
[2024-05-05 00:42:35,151][src.models.gnet][INFO] - Predictions for test.
[2024-05-05 00:42:36,698][src.models.gnet][INFO] - Predictions for test.
[2024-05-05 00:42:38,291][src.models.gnet][INFO] - Predictions for test.
[2024-05-05 00:42:39,713][src.models.gnet][INFO] - Predictions for test.
[2024-05-05 00:42:41,306][src.models.gnet][INFO] - Predictions for test.
[2024-05-05 00:42:42,852][src.models.gnet][INFO] - Predictions for test.
[2024-05-05 00:42:44,461][src.models.gnet][INFO] - Predictions for test.
[2024-05-05 00:42:46,008][src.models.gnet][INFO] - Predictions for test.
[2024-05-05 00:42:47,523][src.models.gnet][INFO] - Predictions for test.
[2024-05-05 00:42:49,023][src.models.gnet][INFO] - Predictions for test.
[2024-05-05 00:42:50,585][src.models.gnet][INFO] - Predictions for test.
[2024-05-05 00:42:52,116][src.models.gnet][INFO] - Predictions for test.
[2024-05-05 00:42:53,709][src.models.gnet][INFO] - Predictions for test.
[2024-05-05 00:42:55,271][src.models.gnet][INFO] - Predictions for test.
[2024-05-05 00:42:56,912][src.models.gnet][INFO] - Predictions for test.
[2024-05-05 00:42:58,646][src.models.gnet][INFO] - Predictions for test.
[2024-05-05 00:43:00,177][src.models.gnet][INFO] - Predictions for test.
[2024-05-05 00:43:01,739][src.models.gnet][INFO] - Predictions for test.
[2024-05-05 00:43:03,363][src.models.gnet][INFO] - Predictions for test.
[2024-05-05 00:43:04,925][src.models.gnet][INFO] - Predictions for test.
[2024-05-05 00:43:06,472][src.models.gnet][INFO] - Predictions for test.
[2024-05-05 00:43:08,065][src.models.gnet][INFO] - Predictions for test.
[2024-05-05 00:43:09,487][src.models.gnet][INFO] - Predictions for test.
[2024-05-05 00:43:11,127][src.models.gnet][INFO] - Predictions for test.
[2024-05-05 00:43:12,596][src.models.gnet][INFO] - Predictions for test.
[2024-05-05 00:43:14,142][src.models.gnet][INFO] - Predictions for test.
[2024-05-05 00:43:15,704][src.models.gnet][INFO] - Predictions for test.
[2024-05-05 00:43:17,282][src.models.gnet][INFO] - Predictions for test.
[2024-05-05 00:43:18,703][src.models.gnet][INFO] - Predictions for test.
[2024-05-05 00:43:20,297][src.models.gnet][INFO] - Predictions for test.
[2024-05-05 00:43:21,843][src.models.gnet][INFO] - Predictions for test.
[2024-05-05 00:43:23,468][src.models.gnet][INFO] - Predictions for test.
[2024-05-05 00:43:25,030][src.models.gnet][INFO] - Predictions for test.
[2024-05-05 00:43:26,686][src.models.gnet][INFO] - Predictions for test.
[2024-05-05 00:43:28,311][src.models.gnet][INFO] - Predictions for test.
[2024-05-05 00:43:29,873][src.models.gnet][INFO] - Predictions for test.
[2024-05-05 00:43:31,419][src.models.gnet][INFO] - Predictions for test.
[2024-05-05 00:43:32,997][src.models.gnet][INFO] - Predictions for test.
[2024-05-05 00:43:34,434][src.models.gnet][INFO] - Predictions for test.
[2024-05-05 00:43:36,012][src.models.gnet][INFO] - Predictions for test.
[2024-05-05 00:43:37,605][src.models.gnet][INFO] - Predictions for test.
[2024-05-05 00:43:39,121][src.models.gnet][INFO] - t = 5
[2024-05-05 00:43:39,121][src.models.gnet][INFO] - Predictions for test.
[2024-05-05 00:43:40,667][src.models.gnet][INFO] - Predictions for test.
[2024-05-05 00:43:42,339][src.models.gnet][INFO] - Predictions for test.
[2024-05-05 00:43:43,948][src.models.gnet][INFO] - Predictions for test.
[2024-05-05 00:43:45,463][src.models.gnet][INFO] - Predictions for test.
[2024-05-05 00:43:46,947][src.models.gnet][INFO] - Predictions for test.
[2024-05-05 00:43:48,509][src.models.gnet][INFO] - Predictions for test.
[2024-05-05 00:43:50,024][src.models.gnet][INFO] - Predictions for test.
[2024-05-05 00:43:51,602][src.models.gnet][INFO] - Predictions for test.
[2024-05-05 00:43:53,211][src.models.gnet][INFO] - Predictions for test.
[2024-05-05 00:43:54,726][src.models.gnet][INFO] - Predictions for test.
[2024-05-05 00:43:56,320][src.models.gnet][INFO] - Predictions for test.
[2024-05-05 00:43:57,741][src.models.gnet][INFO] - Predictions for test.
[2024-05-05 00:43:59,335][src.models.gnet][INFO] - Predictions for test.
[2024-05-05 00:44:00,865][src.models.gnet][INFO] - Predictions for test.
[2024-05-05 00:44:02,553][src.models.gnet][INFO] - Predictions for test.
[2024-05-05 00:44:04,068][src.models.gnet][INFO] - Predictions for test.
[2024-05-05 00:44:05,599][src.models.gnet][INFO] - Predictions for test.
[2024-05-05 00:44:07,098][src.models.gnet][INFO] - Predictions for test.
[2024-05-05 00:44:08,676][src.models.gnet][INFO] - Predictions for test.
[2024-05-05 00:44:10,223][src.models.gnet][INFO] - Predictions for test.
[2024-05-05 00:44:11,910][src.models.gnet][INFO] - Predictions for test.
[2024-05-05 00:44:13,519][src.models.gnet][INFO] - Predictions for test.
[2024-05-05 00:44:15,065][src.models.gnet][INFO] - Predictions for test.
[2024-05-05 00:44:16,659][src.models.gnet][INFO] - Predictions for test.
[2024-05-05 00:44:18,174][src.models.gnet][INFO] - Predictions for test.
[2024-05-05 00:44:19,736][src.models.gnet][INFO] - Predictions for test.
[2024-05-05 00:44:21,361][src.models.gnet][INFO] - Predictions for test.
[2024-05-05 00:44:22,907][src.models.gnet][INFO] - Predictions for test.
[2024-05-05 00:44:24,454][src.models.gnet][INFO] - Predictions for test.
[2024-05-05 00:44:26,078][src.models.gnet][INFO] - Predictions for test.
[2024-05-05 00:44:27,516][src.models.gnet][INFO] - Predictions for test.
[2024-05-05 00:44:29,078][src.models.gnet][INFO] - Predictions for test.
[2024-05-05 00:44:30,687][src.models.gnet][INFO] - Predictions for test.
[2024-05-05 00:44:32,124][src.models.gnet][INFO] - Predictions for test.
[2024-05-05 00:44:33,717][src.models.gnet][INFO] - Predictions for test.
[2024-05-05 00:44:35,311][src.models.gnet][INFO] - Predictions for test.
[2024-05-05 00:44:36,810][src.models.gnet][INFO] - Predictions for test.
[2024-05-05 00:44:38,372][src.models.gnet][INFO] - Predictions for test.
[2024-05-05 00:44:39,888][src.models.gnet][INFO] - Predictions for test.
[2024-05-05 00:44:41,497][src.models.gnet][INFO] - Predictions for test.
[2024-05-05 00:44:42,903][src.models.gnet][INFO] - Predictions for test.
[2024-05-05 00:44:44,465][src.models.gnet][INFO] - Predictions for test.
[2024-05-05 00:44:46,089][src.models.gnet][INFO] - Predictions for test.
[2024-05-05 00:44:47,636][src.models.gnet][INFO] - Predictions for test.
[2024-05-05 00:44:49,182][src.models.gnet][INFO] - Predictions for test.
[2024-05-05 00:44:50,776][src.models.gnet][INFO] - Predictions for test.
[2024-05-05 00:44:52,228][src.models.gnet][INFO] - Predictions for test.
[2024-05-05 00:44:53,822][src.models.gnet][INFO] - Predictions for test.
[2024-05-05 00:44:55,400][src.models.gnet][INFO] - Predictions for test.
[2024-05-05 00:44:56,993][src.models.gnet][INFO] - t = 6
[2024-05-05 00:44:56,993][src.models.gnet][INFO] - Predictions for test.
[2024-05-05 00:44:58,415][src.models.gnet][INFO] - Predictions for test.
[2024-05-05 00:45:00,070][src.models.gnet][INFO] - Predictions for test.
[2024-05-05 00:45:01,648][src.models.gnet][INFO] - Predictions for test.
[2024-05-05 00:45:03,163][src.models.gnet][INFO] - Predictions for test.
[2024-05-05 00:45:04,741][src.models.gnet][INFO] - Predictions for test.
[2024-05-05 00:45:06,241][src.models.gnet][INFO] - Predictions for test.
[2024-05-05 00:45:07,631][src.models.gnet][INFO] - Predictions for test.
[2024-05-05 00:45:09,334][src.models.gnet][INFO] - Predictions for test.
[2024-05-05 00:45:10,724][src.models.gnet][INFO] - Predictions for test.
[2024-05-05 00:45:12,333][src.models.gnet][INFO] - Predictions for test.
[2024-05-05 00:45:13,911][src.models.gnet][INFO] - Predictions for test.
[2024-05-05 00:45:15,426][src.models.gnet][INFO] - Predictions for test.
[2024-05-05 00:45:16,941][src.models.gnet][INFO] - Predictions for test.
[2024-05-05 00:45:18,347][src.models.gnet][INFO] - Predictions for test.
[2024-05-05 00:45:19,988][src.models.gnet][INFO] - Predictions for test.
[2024-05-05 00:45:21,534][src.models.gnet][INFO] - Predictions for test.
[2024-05-05 00:45:23,049][src.models.gnet][INFO] - Predictions for test.
[2024-05-05 00:45:24,643][src.models.gnet][INFO] - Predictions for test.
[2024-05-05 00:45:26,205][src.models.gnet][INFO] - Predictions for test.
[2024-05-05 00:45:27,705][src.models.gnet][INFO] - Predictions for test.
[2024-05-05 00:45:29,282][src.models.gnet][INFO] - Predictions for test.
[2024-05-05 00:45:30,829][src.models.gnet][INFO] - Predictions for test.
[2024-05-05 00:45:32,375][src.models.gnet][INFO] - Predictions for test.
[2024-05-05 00:45:33,953][src.models.gnet][INFO] - Predictions for test.
[2024-05-05 00:45:35,375][src.models.gnet][INFO] - Predictions for test.
[2024-05-05 00:45:36,968][src.models.gnet][INFO] - Predictions for test.
[2024-05-05 00:45:38,640][src.models.gnet][INFO] - Predictions for test.
[2024-05-05 00:45:40,155][src.models.gnet][INFO] - Predictions for test.
[2024-05-05 00:45:41,764][src.models.gnet][INFO] - Predictions for test.
[2024-05-05 00:45:43,342][src.models.gnet][INFO] - Predictions for test.
[2024-05-05 00:45:44,904][src.models.gnet][INFO] - Predictions for test.
[2024-05-05 00:45:46,435][src.models.gnet][INFO] - Predictions for test.
[2024-05-05 00:45:48,012][src.models.gnet][INFO] - Predictions for test.
[2024-05-05 00:45:49,574][src.models.gnet][INFO] - Predictions for test.
[2024-05-05 00:45:51,465][src.models.gnet][INFO] - Predictions for test.
[2024-05-05 00:45:52,980][src.models.gnet][INFO] - Predictions for test.
[2024-05-05 00:45:54,605][src.models.gnet][INFO] - Predictions for test.
[2024-05-05 00:45:56,135][src.models.gnet][INFO] - Predictions for test.
[2024-05-05 00:45:57,651][src.models.gnet][INFO] - Predictions for test.
[2024-05-05 00:45:59,228][src.models.gnet][INFO] - Predictions for test.
[2024-05-05 00:46:00,744][src.models.gnet][INFO] - Predictions for test.
[2024-05-05 00:46:02,165][src.models.gnet][INFO] - Predictions for test.
[2024-05-05 00:46:03,806][src.models.gnet][INFO] - Predictions for test.
[2024-05-05 00:46:05,352][src.models.gnet][INFO] - Predictions for test.
[2024-05-05 00:46:06,867][src.models.gnet][INFO] - Predictions for test.
[2024-05-05 00:46:08,445][src.models.gnet][INFO] - Predictions for test.
[2024-05-05 00:46:09,976][src.models.gnet][INFO] - Predictions for test.
[2024-05-05 00:46:11,397][src.models.gnet][INFO] - Predictions for test.
[2024-05-05 00:46:13,022][src.models.gnet][INFO] - Predictions for test.
[2024-05-05 00:46:14,600][__main__][INFO] - Test normalised RMSE (n-step prediction): {'2-step': 17.509697238274352, '3-step': 18.242107705405676, '4-step': 20.444995148815348, '5-step': 20.368807040867352, '6-step': 22.39362718087206}
