[2024-05-05 01:49:32,640][__main__][INFO] - 
model:
  dim_treatments: 4
  dim_vitals: 0
  dim_static_features: 1
  dim_outcomes: 1
  dim_cosovitals: ???
  dim_abstract_confounders: ???
  dim_s: ???
  name: G-Net
  g_net:
    _target_: src.models.gnet.GNet
    seq_hidden_units: 48
    num_layer: 1
    r_size: 2
    fc_hidden_units: 40
    num_comp: 1
    mc_samples: 50
    fit_vitals: true
    comp_sizes: null
    batch_size: 64
    dropout_rate: 0.2
    optimizer:
      optimizer_cls: adam
      learning_rate: 0.01
      weight_decay: 0.0
      lr_scheduler: false
    tune_hparams: false
    tune_range: 50
    hparams_grid: null
    resources_per_trial: null
dataset:
  val_batch_size: 4096
  treatment_mode: multiclass
  _target_: src.data.SyntheticVitalDatasetCollection
  name: tumor_generator
  seed: 10000
  num_confounder: 4
  num_u: 1
  split:
    val: 0.15
    test: 0.15
  window_size: 15
  lag: 0
  max_seq_length: 60
  projection_horizon: 5
  cf_seq_mode: sliding_treatment
  time_step: 30
  holdout_ratio: 0.1
exp:
  seed: 10000
  gpus:
  - 0
  max_epochs: 100
  logging: true
  mlflow_uri: http://127.0.0.1:5000
  unscale_rmse: true
  percentage_rmse: true
  alpha: 1.0
  update_alpha: false
  alpha_rate: exp
  balancing: grad_reverse
  bce_weight: false
  weights_ema: false
  beta: 0.99

[2024-05-05 01:49:55,713][src.data.cancer_sim.dataset][INFO] - Shape of processed train data: {'sequence_lengths': (3500,), 'prev_treatments': (3500, 28, 1), 'vitals': (3500, 28, 14), 'next_vitals': (3500, 27, 14), 'current_treatments': (3500, 28, 1), 'static_features': (3500, 1), 'active_entries': (3500, 28, 1), 'outputs': (3500, 28, 1), 'unscaled_outputs': (3500, 28, 1), 'prev_outputs': (3500, 28, 1), 'coso_vitals': (3500, 28, 13), 'COSO': (3500, 28, 1)}
[2024-05-05 01:49:55,713][src.data.cancer_sim.dataset][INFO] - Shape of processed val data: {'sequence_lengths': (750,), 'prev_treatments': (750, 28, 1), 'vitals': (750, 28, 14), 'next_vitals': (750, 27, 14), 'current_treatments': (750, 28, 1), 'static_features': (750, 1), 'active_entries': (750, 28, 1), 'outputs': (750, 28, 1), 'unscaled_outputs': (750, 28, 1), 'prev_outputs': (750, 28, 1), 'coso_vitals': (750, 28, 13), 'COSO': (750, 28, 1)}
[2024-05-05 01:49:55,728][src.data.cancer_sim.dataset][INFO] - Shape of processed test data: {'sequence_lengths': (750,), 'prev_treatments': (750, 28, 1), 'vitals': (750, 28, 14), 'next_vitals': (750, 27, 14), 'current_treatments': (750, 28, 1), 'static_features': (750, 1), 'active_entries': (750, 28, 1), 'outputs': (750, 28, 1), 'unscaled_outputs': (750, 28, 1), 'prev_outputs': (750, 28, 1), 'coso_vitals': (750, 28, 13), 'COSO': (750, 28, 1)}
[2024-05-05 01:49:55,728][src.data.cancer_sim.dataset][INFO] - Exploding test dataset before testing (multiple sequences)
[2024-05-05 01:49:55,838][src.data.cancer_sim.dataset][INFO] - Shape of processed test data: {'prev_treatments': (13780, 28, 1), 'current_treatments': (13780, 28, 1), 'static_features': (13780, 1), 'prev_outputs': (13780, 28, 1), 'outputs': (13780, 28, 1), 'vitals': (13780, 28, 14), 'next_vitals': (13780, 27, 14), 'unscaled_outputs': (13780, 28, 1), 'sequence_lengths': (13780,), 'active_entries': (13780, 28, 1)}
[2024-05-05 01:49:55,838][src.data.cancer_sim.dataset][INFO] - Processing test dataset before testing (multiple sequences)
[2024-05-05 01:49:55,947][src.data.cancer_sim.dataset][INFO] - Shape of processed test data: {'original_index': (13780,), 'active_encoder_r': (13780, 23), 'prev_treatments': (13780, 5, 1), 'current_treatments': (13780, 5, 1), 'static_features': (13780, 1), 'prev_outputs': (13780, 5, 1), 'outputs': (13780, 5, 1), 'unscaled_outputs': (13780, 5, 1), 'sequence_lengths': (13780,), 'active_entries': (13780, 5, 1)}
[2024-05-05 01:49:56,103][src.models.gnet][INFO] - Input size of g_net: 17
[2024-05-05 01:49:56,134][src.data.dataset_collection][INFO] - Splited train_f on train_f: 3150 and train_f_holdout: 350
[2024-05-05 01:49:56,134][src.data.dataset_collection][INFO] - Exploding test_f 50 times
[2024-05-05 01:49:56,166][src.data.dataset_collection][INFO] - Exploding test_f 50 times
[2024-05-05 01:49:56,197][src.data.dataset_collection][INFO] - Exploding test_f 50 times
[2024-05-05 01:49:56,228][src.data.dataset_collection][INFO] - Exploding test_f 50 times
[2024-05-05 01:49:56,259][src.data.dataset_collection][INFO] - Exploding test_f 50 times
[2024-05-05 01:49:56,291][src.data.dataset_collection][INFO] - Exploding test_f 50 times
[2024-05-05 01:49:56,322][src.data.dataset_collection][INFO] - Exploding test_f 50 times
[2024-05-05 01:49:56,353][src.data.dataset_collection][INFO] - Exploding test_f 50 times
[2024-05-05 01:49:56,384][src.data.dataset_collection][INFO] - Exploding test_f 50 times
[2024-05-05 01:49:56,416][src.data.dataset_collection][INFO] - Exploding test_f 50 times
[2024-05-05 01:49:56,447][src.data.dataset_collection][INFO] - Exploding test_f 50 times
[2024-05-05 01:49:56,478][src.data.dataset_collection][INFO] - Exploding test_f 50 times
[2024-05-05 01:49:56,509][src.data.dataset_collection][INFO] - Exploding test_f 50 times
[2024-05-05 01:49:56,541][src.data.dataset_collection][INFO] - Exploding test_f 50 times
[2024-05-05 01:49:56,572][src.data.dataset_collection][INFO] - Exploding test_f 50 times
[2024-05-05 01:49:56,603][src.data.dataset_collection][INFO] - Exploding test_f 50 times
[2024-05-05 01:49:56,634][src.data.dataset_collection][INFO] - Exploding test_f 50 times
[2024-05-05 01:49:56,666][src.data.dataset_collection][INFO] - Exploding test_f 50 times
[2024-05-05 01:49:56,697][src.data.dataset_collection][INFO] - Exploding test_f 50 times
[2024-05-05 01:49:56,728][src.data.dataset_collection][INFO] - Exploding test_f 50 times
[2024-05-05 01:49:56,759][src.data.dataset_collection][INFO] - Exploding test_f 50 times
[2024-05-05 01:49:56,790][src.data.dataset_collection][INFO] - Exploding test_f 50 times
[2024-05-05 01:49:56,822][src.data.dataset_collection][INFO] - Exploding test_f 50 times
[2024-05-05 01:49:56,853][src.data.dataset_collection][INFO] - Exploding test_f 50 times
[2024-05-05 01:49:56,884][src.data.dataset_collection][INFO] - Exploding test_f 50 times
[2024-05-05 01:49:56,915][src.data.dataset_collection][INFO] - Exploding test_f 50 times
[2024-05-05 01:49:56,947][src.data.dataset_collection][INFO] - Exploding test_f 50 times
[2024-05-05 01:49:56,978][src.data.dataset_collection][INFO] - Exploding test_f 50 times
[2024-05-05 01:49:57,009][src.data.dataset_collection][INFO] - Exploding test_f 50 times
[2024-05-05 01:49:57,040][src.data.dataset_collection][INFO] - Exploding test_f 50 times
[2024-05-05 01:49:57,072][src.data.dataset_collection][INFO] - Exploding test_f 50 times
[2024-05-05 01:49:57,103][src.data.dataset_collection][INFO] - Exploding test_f 50 times
[2024-05-05 01:49:57,134][src.data.dataset_collection][INFO] - Exploding test_f 50 times
[2024-05-05 01:49:57,165][src.data.dataset_collection][INFO] - Exploding test_f 50 times
[2024-05-05 01:49:57,197][src.data.dataset_collection][INFO] - Exploding test_f 50 times
[2024-05-05 01:49:57,228][src.data.dataset_collection][INFO] - Exploding test_f 50 times
[2024-05-05 01:49:57,259][src.data.dataset_collection][INFO] - Exploding test_f 50 times
[2024-05-05 01:49:57,290][src.data.dataset_collection][INFO] - Exploding test_f 50 times
[2024-05-05 01:49:57,322][src.data.dataset_collection][INFO] - Exploding test_f 50 times
[2024-05-05 01:49:57,353][src.data.dataset_collection][INFO] - Exploding test_f 50 times
[2024-05-05 01:49:57,384][src.data.dataset_collection][INFO] - Exploding test_f 50 times
[2024-05-05 01:49:57,415][src.data.dataset_collection][INFO] - Exploding test_f 50 times
[2024-05-05 01:49:57,447][src.data.dataset_collection][INFO] - Exploding test_f 50 times
[2024-05-05 01:49:57,478][src.data.dataset_collection][INFO] - Exploding test_f 50 times
[2024-05-05 01:49:57,509][src.data.dataset_collection][INFO] - Exploding test_f 50 times
[2024-05-05 01:49:57,540][src.data.dataset_collection][INFO] - Exploding test_f 50 times
[2024-05-05 01:49:57,572][src.data.dataset_collection][INFO] - Exploding test_f 50 times
[2024-05-05 01:49:57,603][src.data.dataset_collection][INFO] - Exploding test_f 50 times
[2024-05-05 01:49:57,634][src.data.dataset_collection][INFO] - Exploding test_f 50 times
[2024-05-05 01:49:57,665][src.data.dataset_collection][INFO] - Exploding test_f 50 times
[2024-05-05 01:52:08,510][src.models.gnet][INFO] - Fitting residuals based on train_f_holdout.
[2024-05-05 01:52:08,510][src.models.gnet][INFO] - Predictions for train.
[2024-05-05 01:52:09,384][src.models.time_varying_model][INFO] - RMSE calculation for val.
[2024-05-05 01:52:09,384][src.models.gnet][INFO] - Predictions for val.
[2024-05-05 01:52:10,322][__main__][INFO] - Val normalised RMSE (all): 3.3725976750484397; Val normalised RMSE (orig): nan
[2024-05-05 01:52:10,322][src.models.time_varying_model][INFO] - RMSE calculation for test.
[2024-05-05 01:52:10,322][src.models.gnet][INFO] - Predictions for test.
[2024-05-05 01:52:11,368][__main__][INFO] - Test normalised RMSE (all): 3.358009819828495; Test normalised RMSE (orig): nan.
[2024-05-05 01:52:11,431][src.models.time_varying_model][INFO] - RMSE calculation for test.
[2024-05-05 01:52:11,431][src.models.gnet][INFO] - Autoregressive Prediction for test with MC-sampling of trajectories.
[2024-05-05 01:52:11,431][src.models.gnet][INFO] - t = 1
[2024-05-05 01:52:11,431][src.models.gnet][INFO] - Predictions for test.
[2024-05-05 01:52:12,993][src.models.gnet][INFO] - Predictions for test.
[2024-05-05 01:52:14,430][src.models.gnet][INFO] - Predictions for test.
[2024-05-05 01:52:16,102][src.models.gnet][INFO] - Predictions for test.
[2024-05-05 01:52:17,664][src.models.gnet][INFO] - Predictions for test.
[2024-05-05 01:52:19,117][src.models.gnet][INFO] - Predictions for test.
[2024-05-05 01:52:20,772][src.models.gnet][INFO] - Predictions for test.
[2024-05-05 01:52:22,335][src.models.gnet][INFO] - Predictions for test.
[2024-05-05 01:52:23,865][src.models.gnet][INFO] - Predictions for test.
[2024-05-05 01:52:25,365][src.models.gnet][INFO] - Predictions for test.
[2024-05-05 01:52:27,146][src.models.gnet][INFO] - Predictions for test.
[2024-05-05 01:52:28,692][src.models.gnet][INFO] - Predictions for test.
[2024-05-05 01:52:30,145][src.models.gnet][INFO] - Predictions for test.
[2024-05-05 01:52:31,817][src.models.gnet][INFO] - Predictions for test.
[2024-05-05 01:52:33,379][src.models.gnet][INFO] - Predictions for test.
[2024-05-05 01:52:34,925][src.models.gnet][INFO] - Predictions for test.
[2024-05-05 01:52:36,441][src.models.gnet][INFO] - Predictions for test.
[2024-05-05 01:52:38,018][src.models.gnet][INFO] - Predictions for test.
[2024-05-05 01:52:39,565][src.models.gnet][INFO] - Predictions for test.
[2024-05-05 01:52:41,096][src.models.gnet][INFO] - Predictions for test.
[2024-05-05 01:52:42,720][src.models.gnet][INFO] - Predictions for test.
[2024-05-05 01:52:45,048][src.models.gnet][INFO] - Predictions for test.
[2024-05-05 01:52:46,563][src.models.gnet][INFO] - Predictions for test.
[2024-05-05 01:52:48,235][src.models.gnet][INFO] - Predictions for test.
[2024-05-05 01:52:49,766][src.models.gnet][INFO] - Predictions for test.
[2024-05-05 01:52:51,375][src.models.gnet][INFO] - Predictions for test.
[2024-05-05 01:52:52,952][src.models.gnet][INFO] - Predictions for test.
[2024-05-05 01:52:54,515][src.models.gnet][INFO] - Predictions for test.
[2024-05-05 01:52:56,155][src.models.gnet][INFO] - Predictions for test.
[2024-05-05 01:52:57,717][src.models.gnet][INFO] - Predictions for test.
[2024-05-05 01:52:59,263][src.models.gnet][INFO] - Predictions for test.
[2024-05-05 01:53:01,357][src.models.gnet][INFO] - Predictions for test.
[2024-05-05 01:53:03,137][src.models.gnet][INFO] - Predictions for test.
[2024-05-05 01:53:04,684][src.models.gnet][INFO] - Predictions for test.
[2024-05-05 01:53:06,121][src.models.gnet][INFO] - Predictions for test.
[2024-05-05 01:53:07,808][src.models.gnet][INFO] - Predictions for test.
[2024-05-05 01:53:09,370][src.models.gnet][INFO] - Predictions for test.
[2024-05-05 01:53:10,917][src.models.gnet][INFO] - Predictions for test.
[2024-05-05 01:53:12,479][src.models.gnet][INFO] - Predictions for test.
[2024-05-05 01:53:14,057][src.models.gnet][INFO] - Predictions for test.
[2024-05-05 01:53:15,619][src.models.gnet][INFO] - Predictions for test.
[2024-05-05 01:53:17,259][src.models.gnet][INFO] - Predictions for test.
[2024-05-05 01:53:18,821][src.models.gnet][INFO] - Predictions for test.
[2024-05-05 01:53:20,368][src.models.gnet][INFO] - Predictions for test.
[2024-05-05 01:53:21,883][src.models.gnet][INFO] - Predictions for test.
[2024-05-05 01:53:23,476][src.models.gnet][INFO] - Predictions for test.
[2024-05-05 01:53:25,039][src.models.gnet][INFO] - Predictions for test.
[2024-05-05 01:53:26,694][src.models.gnet][INFO] - Predictions for test.
[2024-05-05 01:53:28,272][src.models.gnet][INFO] - Predictions for test.
[2024-05-05 01:53:29,850][src.models.gnet][INFO] - Predictions for test.
[2024-05-05 01:53:31,381][src.models.gnet][INFO] - t = 2
[2024-05-05 01:53:31,381][src.models.gnet][INFO] - Predictions for test.
[2024-05-05 01:53:33,037][src.models.gnet][INFO] - Predictions for test.
[2024-05-05 01:53:35,036][src.models.gnet][INFO] - Predictions for test.
[2024-05-05 01:53:36,473][src.models.gnet][INFO] - Predictions for test.
[2024-05-05 01:53:38,129][src.models.gnet][INFO] - Predictions for test.
[2024-05-05 01:53:39,707][src.models.gnet][INFO] - Predictions for test.
[2024-05-05 01:53:41,269][src.models.gnet][INFO] - Predictions for test.
[2024-05-05 01:53:42,753][src.models.gnet][INFO] - Predictions for test.
[2024-05-05 01:53:44,378][src.models.gnet][INFO] - Predictions for test.
[2024-05-05 01:53:45,940][src.models.gnet][INFO] - Predictions for test.
[2024-05-05 01:53:47,487][src.models.gnet][INFO] - Predictions for test.
[2024-05-05 01:53:49,002][src.models.gnet][INFO] - Predictions for test.
[2024-05-05 01:53:50,564][src.models.gnet][INFO] - Predictions for test.
[2024-05-05 01:53:52,189][src.models.gnet][INFO] - Predictions for test.
[2024-05-05 01:53:53,735][src.models.gnet][INFO] - Predictions for test.
[2024-05-05 01:53:55,141][src.models.gnet][INFO] - Predictions for test.
[2024-05-05 01:53:56,812][src.models.gnet][INFO] - Predictions for test.
[2024-05-05 01:53:58,468][src.models.gnet][INFO] - Predictions for test.
[2024-05-05 01:54:00,030][src.models.gnet][INFO] - Predictions for test.
[2024-05-05 01:54:01,593][src.models.gnet][INFO] - Predictions for test.
[2024-05-05 01:54:03,108][src.models.gnet][INFO] - Predictions for test.
[2024-05-05 01:54:04,701][src.models.gnet][INFO] - Predictions for test.
[2024-05-05 01:54:06,279][src.models.gnet][INFO] - Predictions for test.
[2024-05-05 01:54:07,919][src.models.gnet][INFO] - Predictions for test.
[2024-05-05 01:54:09,497][src.models.gnet][INFO] - Predictions for test.
[2024-05-05 01:54:11,059][src.models.gnet][INFO] - Predictions for test.
[2024-05-05 01:54:12,715][src.models.gnet][INFO] - Predictions for test.
[2024-05-05 01:54:14,605][src.models.gnet][INFO] - Predictions for test.
[2024-05-05 01:54:16,027][src.models.gnet][INFO] - Predictions for test.
[2024-05-05 01:54:17,636][src.models.gnet][INFO] - Predictions for test.
[2024-05-05 01:54:19,276][src.models.gnet][INFO] - Predictions for test.
[2024-05-05 01:54:20,713][src.models.gnet][INFO] - Predictions for test.
[2024-05-05 01:54:22,291][src.models.gnet][INFO] - Predictions for test.
[2024-05-05 01:54:23,900][src.models.gnet][INFO] - Predictions for test.
[2024-05-05 01:54:25,337][src.models.gnet][INFO] - Predictions for test.
[2024-05-05 01:54:27,040][src.models.gnet][INFO] - Predictions for test.
[2024-05-05 01:54:28,852][src.models.gnet][INFO] - Predictions for test.
[2024-05-05 01:54:30,398][src.models.gnet][INFO] - Predictions for test.
[2024-05-05 01:54:31,960][src.models.gnet][INFO] - Predictions for test.
[2024-05-05 01:54:33,585][src.models.gnet][INFO] - Predictions for test.
[2024-05-05 01:54:35,132][src.models.gnet][INFO] - Predictions for test.
[2024-05-05 01:54:36,553][src.models.gnet][INFO] - Predictions for test.
[2024-05-05 01:54:38,209][src.models.gnet][INFO] - Predictions for test.
[2024-05-05 01:54:39,787][src.models.gnet][INFO] - Predictions for test.
[2024-05-05 01:54:41,349][src.models.gnet][INFO] - Predictions for test.
[2024-05-05 01:54:42,849][src.models.gnet][INFO] - Predictions for test.
[2024-05-05 01:54:44,458][src.models.gnet][INFO] - Predictions for test.
[2024-05-05 01:54:46,035][src.models.gnet][INFO] - Predictions for test.
[2024-05-05 01:54:47,582][src.models.gnet][INFO] - Predictions for test.
[2024-05-05 01:54:49,113][src.models.gnet][INFO] - Predictions for test.
[2024-05-05 01:54:50,690][src.models.gnet][INFO] - t = 3
[2024-05-05 01:54:50,690][src.models.gnet][INFO] - Predictions for test.
[2024-05-05 01:54:52,268][src.models.gnet][INFO] - Predictions for test.
[2024-05-05 01:54:53,877][src.models.gnet][INFO] - Predictions for test.
[2024-05-05 01:54:55,455][src.models.gnet][INFO] - Predictions for test.
[2024-05-05 01:54:57,126][src.models.gnet][INFO] - Predictions for test.
[2024-05-05 01:54:58,782][src.models.gnet][INFO] - Predictions for test.
[2024-05-05 01:55:00,344][src.models.gnet][INFO] - Predictions for test.
[2024-05-05 01:55:01,938][src.models.gnet][INFO] - Predictions for test.
[2024-05-05 01:55:03,500][src.models.gnet][INFO] - Predictions for test.
[2024-05-05 01:55:05,109][src.models.gnet][INFO] - Predictions for test.
[2024-05-05 01:55:06,562][src.models.gnet][INFO] - Predictions for test.
[2024-05-05 01:55:08,218][src.models.gnet][INFO] - Predictions for test.
[2024-05-05 01:55:09,811][src.models.gnet][INFO] - Predictions for test.
[2024-05-05 01:55:11,467][src.models.gnet][INFO] - Predictions for test.
[2024-05-05 01:55:13,045][src.models.gnet][INFO] - Predictions for test.
[2024-05-05 01:55:14,763][src.models.gnet][INFO] - Predictions for test.
[2024-05-05 01:55:16,294][src.models.gnet][INFO] - Predictions for test.
[2024-05-05 01:55:17,856][src.models.gnet][INFO] - Predictions for test.
[2024-05-05 01:55:20,059][src.models.gnet][INFO] - Predictions for test.
[2024-05-05 01:55:21,496][src.models.gnet][INFO] - Predictions for test.
[2024-05-05 01:55:23,058][src.models.gnet][INFO] - Predictions for test.
[2024-05-05 01:55:24,683][src.models.gnet][INFO] - Predictions for test.
[2024-05-05 01:55:26,260][src.models.gnet][INFO] - Predictions for test.
[2024-05-05 01:55:27,822][src.models.gnet][INFO] - Predictions for test.
[2024-05-05 01:55:29,416][src.models.gnet][INFO] - Predictions for test.
[2024-05-05 01:55:30,837][src.models.gnet][INFO] - Predictions for test.
[2024-05-05 01:55:32,431][src.models.gnet][INFO] - Predictions for test.
[2024-05-05 01:55:33,962][src.models.gnet][INFO] - Predictions for test.
[2024-05-05 01:55:35,633][src.models.gnet][INFO] - Predictions for test.
[2024-05-05 01:55:37,180][src.models.gnet][INFO] - Predictions for test.
[2024-05-05 01:55:38,773][src.models.gnet][INFO] - Predictions for test.
[2024-05-05 01:55:40,444][src.models.gnet][INFO] - Predictions for test.
[2024-05-05 01:55:42,132][src.models.gnet][INFO] - Predictions for test.
[2024-05-05 01:55:43,662][src.models.gnet][INFO] - Predictions for test.
[2024-05-05 01:55:45,146][src.models.gnet][INFO] - Predictions for test.
[2024-05-05 01:55:46,709][src.models.gnet][INFO] - Predictions for test.
[2024-05-05 01:55:48,255][src.models.gnet][INFO] - Predictions for test.
[2024-05-05 01:55:49,770][src.models.gnet][INFO] - Predictions for test.
[2024-05-05 01:55:51,348][src.models.gnet][INFO] - Predictions for test.
[2024-05-05 01:55:52,910][src.models.gnet][INFO] - Predictions for test.
[2024-05-05 01:55:54,504][src.models.gnet][INFO] - Predictions for test.
[2024-05-05 01:55:55,941][src.models.gnet][INFO] - Predictions for test.
[2024-05-05 01:55:57,581][src.models.gnet][INFO] - Predictions for test.
[2024-05-05 01:55:59,221][src.models.gnet][INFO] - Predictions for test.
[2024-05-05 01:56:00,783][src.models.gnet][INFO] - Predictions for test.
[2024-05-05 01:56:02,346][src.models.gnet][INFO] - Predictions for test.
[2024-05-05 01:56:03,783][src.models.gnet][INFO] - Predictions for test.
[2024-05-05 01:56:05,454][src.models.gnet][INFO] - Predictions for test.
[2024-05-05 01:56:07,032][src.models.gnet][INFO] - Predictions for test.
[2024-05-05 01:56:08,594][src.models.gnet][INFO] - Predictions for test.
[2024-05-05 01:56:10,141][src.models.gnet][INFO] - t = 4
[2024-05-05 01:56:10,141][src.models.gnet][INFO] - Predictions for test.
[2024-05-05 01:56:11,765][src.models.gnet][INFO] - Predictions for test.
[2024-05-05 01:56:13,171][src.models.gnet][INFO] - Predictions for test.
[2024-05-05 01:56:14,843][src.models.gnet][INFO] - Predictions for test.
[2024-05-05 01:56:16,389][src.models.gnet][INFO] - Predictions for test.
[2024-05-05 01:56:17,920][src.models.gnet][INFO] - Predictions for test.
[2024-05-05 01:56:19,560][src.models.gnet][INFO] - Predictions for test.
[2024-05-05 01:56:21,201][src.models.gnet][INFO] - Predictions for test.
[2024-05-05 01:56:22,747][src.models.gnet][INFO] - Predictions for test.
[2024-05-05 01:56:24,387][src.models.gnet][INFO] - Predictions for test.
[2024-05-05 01:56:25,965][src.models.gnet][INFO] - Predictions for test.
[2024-05-05 01:56:27,590][src.models.gnet][INFO] - Predictions for test.
[2024-05-05 01:56:29,214][src.models.gnet][INFO] - Predictions for test.
[2024-05-05 01:56:30,839][src.models.gnet][INFO] - Predictions for test.
[2024-05-05 01:56:32,510][src.models.gnet][INFO] - Predictions for test.
[2024-05-05 01:56:34,057][src.models.gnet][INFO] - Predictions for test.
[2024-05-05 01:56:35,697][src.models.gnet][INFO] - Predictions for test.
[2024-05-05 01:56:37,244][src.models.gnet][INFO] - Predictions for test.
[2024-05-05 01:56:38,868][src.models.gnet][INFO] - Predictions for test.
[2024-05-05 01:56:40,493][src.models.gnet][INFO] - Predictions for test.
[2024-05-05 01:56:42,164][src.models.gnet][INFO] - Predictions for test.
[2024-05-05 01:56:43,602][src.models.gnet][INFO] - Predictions for test.
[2024-05-05 01:56:45,242][src.models.gnet][INFO] - Predictions for test.
[2024-05-05 01:56:46,804][src.models.gnet][INFO] - Predictions for test.
[2024-05-05 01:56:48,350][src.models.gnet][INFO] - Predictions for test.
[2024-05-05 01:56:49,788][src.models.gnet][INFO] - Predictions for test.
[2024-05-05 01:56:51,459][src.models.gnet][INFO] - Predictions for test.
[2024-05-05 01:56:53,052][src.models.gnet][INFO] - Predictions for test.
[2024-05-05 01:56:54,615][src.models.gnet][INFO] - Predictions for test.
[2024-05-05 01:56:56,161][src.models.gnet][INFO] - Predictions for test.
[2024-05-05 01:56:57,755][src.models.gnet][INFO] - Predictions for test.
[2024-05-05 01:56:59,332][src.models.gnet][INFO] - Predictions for test.
[2024-05-05 01:57:00,973][src.models.gnet][INFO] - Predictions for test.
[2024-05-05 01:57:02,535][src.models.gnet][INFO] - Predictions for test.
[2024-05-05 01:57:04,081][src.models.gnet][INFO] - Predictions for test.
[2024-05-05 01:57:05,706][src.models.gnet][INFO] - Predictions for test.
[2024-05-05 01:57:07,127][src.models.gnet][INFO] - Predictions for test.
[2024-05-05 01:57:09,299][src.models.gnet][INFO] - Predictions for test.
[2024-05-05 01:57:10,955][src.models.gnet][INFO] - Predictions for test.
[2024-05-05 01:57:12,579][src.models.gnet][INFO] - Predictions for test.
[2024-05-05 01:57:14,173][src.models.gnet][INFO] - Predictions for test.
[2024-05-05 01:57:15,828][src.models.gnet][INFO] - Predictions for test.
[2024-05-05 01:57:17,406][src.models.gnet][INFO] - Predictions for test.
[2024-05-05 01:57:18,984][src.models.gnet][INFO] - Predictions for test.
[2024-05-05 01:57:20,515][src.models.gnet][INFO] - Predictions for test.
[2024-05-05 01:57:22,030][src.models.gnet][INFO] - Predictions for test.
[2024-05-05 01:57:23,608][src.models.gnet][INFO] - Predictions for test.
[2024-05-05 01:57:25,170][src.models.gnet][INFO] - Predictions for test.
[2024-05-05 01:57:26,779][src.models.gnet][INFO] - Predictions for test.
[2024-05-05 01:57:28,388][src.models.gnet][INFO] - Predictions for test.
[2024-05-05 01:57:29,919][src.models.gnet][INFO] - t = 5
[2024-05-05 01:57:29,919][src.models.gnet][INFO] - Predictions for test.
[2024-05-05 01:57:31,543][src.models.gnet][INFO] - Predictions for test.
[2024-05-05 01:57:33,106][src.models.gnet][INFO] - Predictions for test.
[2024-05-05 01:57:34,668][src.models.gnet][INFO] - Predictions for test.
[2024-05-05 01:57:36,230][src.models.gnet][INFO] - Predictions for test.
[2024-05-05 01:57:37,839][src.models.gnet][INFO] - Predictions for test.
[2024-05-05 01:57:39,260][src.models.gnet][INFO] - Predictions for test.
[2024-05-05 01:57:40,932][src.models.gnet][INFO] - Predictions for test.
[2024-05-05 01:57:42,557][src.models.gnet][INFO] - Predictions for test.
[2024-05-05 01:57:44,120][src.models.gnet][INFO] - Predictions for test.
[2024-05-05 01:57:45,682][src.models.gnet][INFO] - Predictions for test.
[2024-05-05 01:57:47,291][src.models.gnet][INFO] - Predictions for test.
[2024-05-05 01:57:48,728][src.models.gnet][INFO] - Predictions for test.
[2024-05-05 01:57:50,290][src.models.gnet][INFO] - Predictions for test.
[2024-05-05 01:57:51,899][src.models.gnet][INFO] - Predictions for test.
[2024-05-05 01:57:53,321][src.models.gnet][INFO] - Predictions for test.
[2024-05-05 01:57:54,914][src.models.gnet][INFO] - Predictions for test.
[2024-05-05 01:57:56,539][src.models.gnet][INFO] - Predictions for test.
[2024-05-05 01:57:57,976][src.models.gnet][INFO] - Predictions for test.
[2024-05-05 01:57:59,569][src.models.gnet][INFO] - Predictions for test.
[2024-05-05 01:58:01,194][src.models.gnet][INFO] - Predictions for test.
[2024-05-05 01:58:02,725][src.models.gnet][INFO] - Predictions for test.
[2024-05-05 01:58:04,146][src.models.gnet][INFO] - Predictions for test.
[2024-05-05 01:58:05,724][src.models.gnet][INFO] - Predictions for test.
[2024-05-05 01:58:07,364][src.models.gnet][INFO] - Predictions for test.
[2024-05-05 01:58:08,895][src.models.gnet][INFO] - Predictions for test.
[2024-05-05 01:58:10,473][src.models.gnet][INFO] - Predictions for test.
[2024-05-05 01:58:12,269][src.models.gnet][INFO] - Predictions for test.
[2024-05-05 01:58:13,847][src.models.gnet][INFO] - Predictions for test.
[2024-05-05 01:58:15,409][src.models.gnet][INFO] - Predictions for test.
[2024-05-05 01:58:17,003][src.models.gnet][INFO] - Predictions for test.
[2024-05-05 01:58:18,440][src.models.gnet][INFO] - Predictions for test.
[2024-05-05 01:58:20,017][src.models.gnet][INFO] - Predictions for test.
[2024-05-05 01:58:21,642][src.models.gnet][INFO] - Predictions for test.
[2024-05-05 01:58:23,079][src.models.gnet][INFO] - Predictions for test.
[2024-05-05 01:58:24,657][src.models.gnet][INFO] - Predictions for test.
[2024-05-05 01:58:26,282][src.models.gnet][INFO] - Predictions for test.
[2024-05-05 01:58:27,703][src.models.gnet][INFO] - Predictions for test.
[2024-05-05 01:58:29,281][src.models.gnet][INFO] - Predictions for test.
[2024-05-05 01:58:30,890][src.models.gnet][INFO] - Predictions for test.
[2024-05-05 01:58:32,327][src.models.gnet][INFO] - Predictions for test.
[2024-05-05 01:58:33,889][src.models.gnet][INFO] - Predictions for test.
[2024-05-05 01:58:35,436][src.models.gnet][INFO] - Predictions for test.
[2024-05-05 01:58:37,092][src.models.gnet][INFO] - Predictions for test.
[2024-05-05 01:58:38,638][src.models.gnet][INFO] - Predictions for test.
[2024-05-05 01:58:40,200][src.models.gnet][INFO] - Predictions for test.
[2024-05-05 01:58:41,965][src.models.gnet][INFO] - Predictions for test.
[2024-05-05 01:58:43,371][src.models.gnet][INFO] - Predictions for test.
[2024-05-05 01:58:44,934][src.models.gnet][INFO] - Predictions for test.
[2024-05-05 01:58:46,543][src.models.gnet][INFO] - Predictions for test.
[2024-05-05 01:58:47,980][src.models.gnet][INFO] - t = 6
[2024-05-05 01:58:47,980][src.models.gnet][INFO] - Predictions for test.
[2024-05-05 01:58:49,557][src.models.gnet][INFO] - Predictions for test.
[2024-05-05 01:58:51,104][src.models.gnet][INFO] - Predictions for test.
[2024-05-05 01:58:52,775][src.models.gnet][INFO] - Predictions for test.
[2024-05-05 01:58:54,306][src.models.gnet][INFO] - Predictions for test.
[2024-05-05 01:58:55,947][src.models.gnet][INFO] - Predictions for test.
[2024-05-05 01:58:57,571][src.models.gnet][INFO] - Predictions for test.
[2024-05-05 01:58:59,102][src.models.gnet][INFO] - Predictions for test.
[2024-05-05 01:59:00,680][src.models.gnet][INFO] - Predictions for test.
[2024-05-05 01:59:02,476][src.models.gnet][INFO] - Predictions for test.
[2024-05-05 01:59:04,038][src.models.gnet][INFO] - Predictions for test.
[2024-05-05 01:59:05,554][src.models.gnet][INFO] - Predictions for test.
[2024-05-05 01:59:07,194][src.models.gnet][INFO] - Predictions for test.
[2024-05-05 01:59:08,740][src.models.gnet][INFO] - Predictions for test.
[2024-05-05 01:59:10,349][src.models.gnet][INFO] - Predictions for test.
[2024-05-05 01:59:12,083][src.models.gnet][INFO] - Predictions for test.
[2024-05-05 01:59:13,614][src.models.gnet][INFO] - Predictions for test.
[2024-05-05 01:59:15,161][src.models.gnet][INFO] - Predictions for test.
[2024-05-05 01:59:16,801][src.models.gnet][INFO] - Predictions for test.
[2024-05-05 01:59:18,379][src.models.gnet][INFO] - Predictions for test.
[2024-05-05 01:59:19,941][src.models.gnet][INFO] - Predictions for test.
[2024-05-05 01:59:21,487][src.models.gnet][INFO] - Predictions for test.
[2024-05-05 01:59:23,018][src.models.gnet][INFO] - Predictions for test.
[2024-05-05 01:59:24,596][src.models.gnet][INFO] - Predictions for test.
[2024-05-05 01:59:26,158][src.models.gnet][INFO] - Predictions for test.
[2024-05-05 01:59:27,783][src.models.gnet][INFO] - Predictions for test.
[2024-05-05 01:59:29,314][src.models.gnet][INFO] - Predictions for test.
[2024-05-05 01:59:30,751][src.models.gnet][INFO] - Predictions for test.
[2024-05-05 01:59:32,407][src.models.gnet][INFO] - Predictions for test.
[2024-05-05 01:59:33,969][src.models.gnet][INFO] - Predictions for test.
[2024-05-05 01:59:35,500][src.models.gnet][INFO] - Predictions for test.
[2024-05-05 01:59:37,187][src.models.gnet][INFO] - Predictions for test.
[2024-05-05 01:59:38,718][src.models.gnet][INFO] - Predictions for test.
[2024-05-05 01:59:40,280][src.models.gnet][INFO] - Predictions for test.
[2024-05-05 01:59:42,030][src.models.gnet][INFO] - Predictions for test.
[2024-05-05 01:59:43,576][src.models.gnet][INFO] - Predictions for test.
[2024-05-05 01:59:45,013][src.models.gnet][INFO] - Predictions for test.
[2024-05-05 01:59:46,747][src.models.gnet][INFO] - Predictions for test.
[2024-05-05 01:59:48,278][src.models.gnet][INFO] - Predictions for test.
[2024-05-05 01:59:49,856][src.models.gnet][INFO] - Predictions for test.
[2024-05-05 01:59:51,387][src.models.gnet][INFO] - Predictions for test.
[2024-05-05 01:59:53,058][src.models.gnet][INFO] - Predictions for test.
[2024-05-05 01:59:54,589][src.models.gnet][INFO] - Predictions for test.
[2024-05-05 01:59:56,167][src.models.gnet][INFO] - Predictions for test.
[2024-05-05 01:59:57,791][src.models.gnet][INFO] - Predictions for test.
[2024-05-05 01:59:59,354][src.models.gnet][INFO] - Predictions for test.
[2024-05-05 02:00:00,947][src.models.gnet][INFO] - Predictions for test.
[2024-05-05 02:00:02,572][src.models.gnet][INFO] - Predictions for test.
[2024-05-05 02:00:04,118][src.models.gnet][INFO] - Predictions for test.
[2024-05-05 02:00:05,524][src.models.gnet][INFO] - Predictions for test.
[2024-05-05 02:00:07,164][__main__][INFO] - Test normalised RMSE (n-step prediction): {'2-step': 17.05139288567475, '3-step': 17.75216926556044, '4-step': 17.769512708524836, '5-step': 16.254939676549462, '6-step': 16.28210969488831}
