[2024-05-05 00:04:35,446][__main__][INFO] - 
model:
  dim_treatments: 4
  dim_vitals: 0
  dim_static_features: 1
  dim_outcomes: 1
  dim_cosovitals: ???
  dim_abstract_confounders: ???
  dim_s: ???
  name: G-Net
  g_net:
    _target_: src.models.gnet.GNet
    seq_hidden_units: 48
    num_layer: 1
    r_size: 2
    fc_hidden_units: 40
    num_comp: 1
    mc_samples: 50
    fit_vitals: true
    comp_sizes: null
    batch_size: 64
    dropout_rate: 0.2
    optimizer:
      optimizer_cls: adam
      learning_rate: 0.01
      weight_decay: 0.0
      lr_scheduler: false
    tune_hparams: false
    tune_range: 50
    hparams_grid: null
    resources_per_trial: null
dataset:
  val_batch_size: 4096
  treatment_mode: multiclass
  _target_: src.data.SyntheticVitalDatasetCollection
  name: tumor_generator
  seed: 10000
  num_confounder: 2
  num_u: 1
  split:
    val: 0.15
    test: 0.15
  window_size: 15
  lag: 0
  max_seq_length: 60
  projection_horizon: 5
  cf_seq_mode: sliding_treatment
  time_step: 30
  holdout_ratio: 0.1
exp:
  seed: 10000
  gpus:
  - 0
  max_epochs: 100
  logging: true
  mlflow_uri: http://127.0.0.1:5000
  unscale_rmse: true
  percentage_rmse: true
  alpha: 1.0
  update_alpha: false
  alpha_rate: exp
  balancing: grad_reverse
  bce_weight: false
  weights_ema: false
  beta: 0.99

[2024-05-05 00:04:58,331][src.data.cancer_sim.dataset][INFO] - Shape of processed train data: {'sequence_lengths': (3500,), 'prev_treatments': (3500, 28, 1), 'vitals': (3500, 28, 10), 'next_vitals': (3500, 27, 10), 'current_treatments': (3500, 28, 1), 'static_features': (3500, 1), 'active_entries': (3500, 28, 1), 'outputs': (3500, 28, 1), 'unscaled_outputs': (3500, 28, 1), 'prev_outputs': (3500, 28, 1), 'coso_vitals': (3500, 28, 9), 'COSO': (3500, 28, 1)}
[2024-05-05 00:04:58,331][src.data.cancer_sim.dataset][INFO] - Shape of processed val data: {'sequence_lengths': (750,), 'prev_treatments': (750, 28, 1), 'vitals': (750, 28, 10), 'next_vitals': (750, 27, 10), 'current_treatments': (750, 28, 1), 'static_features': (750, 1), 'active_entries': (750, 28, 1), 'outputs': (750, 28, 1), 'unscaled_outputs': (750, 28, 1), 'prev_outputs': (750, 28, 1), 'coso_vitals': (750, 28, 9), 'COSO': (750, 28, 1)}
[2024-05-05 00:04:58,331][src.data.cancer_sim.dataset][INFO] - Shape of processed test data: {'sequence_lengths': (750,), 'prev_treatments': (750, 28, 1), 'vitals': (750, 28, 10), 'next_vitals': (750, 27, 10), 'current_treatments': (750, 28, 1), 'static_features': (750, 1), 'active_entries': (750, 28, 1), 'outputs': (750, 28, 1), 'unscaled_outputs': (750, 28, 1), 'prev_outputs': (750, 28, 1), 'coso_vitals': (750, 28, 9), 'COSO': (750, 28, 1)}
[2024-05-05 00:04:58,347][src.data.cancer_sim.dataset][INFO] - Exploding test dataset before testing (multiple sequences)
[2024-05-05 00:04:58,440][src.data.cancer_sim.dataset][INFO] - Shape of processed test data: {'prev_treatments': (13890, 28, 1), 'current_treatments': (13890, 28, 1), 'static_features': (13890, 1), 'prev_outputs': (13890, 28, 1), 'outputs': (13890, 28, 1), 'vitals': (13890, 28, 10), 'next_vitals': (13890, 27, 10), 'unscaled_outputs': (13890, 28, 1), 'sequence_lengths': (13890,), 'active_entries': (13890, 28, 1)}
[2024-05-05 00:04:58,440][src.data.cancer_sim.dataset][INFO] - Processing test dataset before testing (multiple sequences)
[2024-05-05 00:04:58,550][src.data.cancer_sim.dataset][INFO] - Shape of processed test data: {'original_index': (13890,), 'active_encoder_r': (13890, 23), 'prev_treatments': (13890, 5, 1), 'current_treatments': (13890, 5, 1), 'static_features': (13890, 1), 'prev_outputs': (13890, 5, 1), 'outputs': (13890, 5, 1), 'unscaled_outputs': (13890, 5, 1), 'sequence_lengths': (13890,), 'active_entries': (13890, 5, 1)}
[2024-05-05 00:04:58,675][src.models.gnet][INFO] - Input size of g_net: 13
[2024-05-05 00:04:58,722][src.data.dataset_collection][INFO] - Splited train_f on train_f: 3150 and train_f_holdout: 350
[2024-05-05 00:04:58,722][src.data.dataset_collection][INFO] - Exploding test_f 50 times
[2024-05-05 00:04:58,737][src.data.dataset_collection][INFO] - Exploding test_f 50 times
[2024-05-05 00:04:58,768][src.data.dataset_collection][INFO] - Exploding test_f 50 times
[2024-05-05 00:04:58,800][src.data.dataset_collection][INFO] - Exploding test_f 50 times
[2024-05-05 00:04:58,815][src.data.dataset_collection][INFO] - Exploding test_f 50 times
[2024-05-05 00:04:58,846][src.data.dataset_collection][INFO] - Exploding test_f 50 times
[2024-05-05 00:04:58,862][src.data.dataset_collection][INFO] - Exploding test_f 50 times
[2024-05-05 00:04:58,893][src.data.dataset_collection][INFO] - Exploding test_f 50 times
[2024-05-05 00:04:58,909][src.data.dataset_collection][INFO] - Exploding test_f 50 times
[2024-05-05 00:04:58,940][src.data.dataset_collection][INFO] - Exploding test_f 50 times
[2024-05-05 00:04:58,956][src.data.dataset_collection][INFO] - Exploding test_f 50 times
[2024-05-05 00:04:58,987][src.data.dataset_collection][INFO] - Exploding test_f 50 times
[2024-05-05 00:04:59,003][src.data.dataset_collection][INFO] - Exploding test_f 50 times
[2024-05-05 00:04:59,034][src.data.dataset_collection][INFO] - Exploding test_f 50 times
[2024-05-05 00:04:59,050][src.data.dataset_collection][INFO] - Exploding test_f 50 times
[2024-05-05 00:04:59,081][src.data.dataset_collection][INFO] - Exploding test_f 50 times
[2024-05-05 00:04:59,096][src.data.dataset_collection][INFO] - Exploding test_f 50 times
[2024-05-05 00:04:59,128][src.data.dataset_collection][INFO] - Exploding test_f 50 times
[2024-05-05 00:04:59,143][src.data.dataset_collection][INFO] - Exploding test_f 50 times
[2024-05-05 00:04:59,175][src.data.dataset_collection][INFO] - Exploding test_f 50 times
[2024-05-05 00:04:59,206][src.data.dataset_collection][INFO] - Exploding test_f 50 times
[2024-05-05 00:04:59,221][src.data.dataset_collection][INFO] - Exploding test_f 50 times
[2024-05-05 00:04:59,253][src.data.dataset_collection][INFO] - Exploding test_f 50 times
[2024-05-05 00:04:59,268][src.data.dataset_collection][INFO] - Exploding test_f 50 times
[2024-05-05 00:04:59,300][src.data.dataset_collection][INFO] - Exploding test_f 50 times
[2024-05-05 00:04:59,315][src.data.dataset_collection][INFO] - Exploding test_f 50 times
[2024-05-05 00:04:59,346][src.data.dataset_collection][INFO] - Exploding test_f 50 times
[2024-05-05 00:04:59,362][src.data.dataset_collection][INFO] - Exploding test_f 50 times
[2024-05-05 00:04:59,393][src.data.dataset_collection][INFO] - Exploding test_f 50 times
[2024-05-05 00:04:59,409][src.data.dataset_collection][INFO] - Exploding test_f 50 times
[2024-05-05 00:04:59,440][src.data.dataset_collection][INFO] - Exploding test_f 50 times
[2024-05-05 00:04:59,456][src.data.dataset_collection][INFO] - Exploding test_f 50 times
[2024-05-05 00:04:59,487][src.data.dataset_collection][INFO] - Exploding test_f 50 times
[2024-05-05 00:04:59,518][src.data.dataset_collection][INFO] - Exploding test_f 50 times
[2024-05-05 00:04:59,534][src.data.dataset_collection][INFO] - Exploding test_f 50 times
[2024-05-05 00:04:59,565][src.data.dataset_collection][INFO] - Exploding test_f 50 times
[2024-05-05 00:04:59,581][src.data.dataset_collection][INFO] - Exploding test_f 50 times
[2024-05-05 00:04:59,612][src.data.dataset_collection][INFO] - Exploding test_f 50 times
[2024-05-05 00:04:59,628][src.data.dataset_collection][INFO] - Exploding test_f 50 times
[2024-05-05 00:04:59,659][src.data.dataset_collection][INFO] - Exploding test_f 50 times
[2024-05-05 00:04:59,674][src.data.dataset_collection][INFO] - Exploding test_f 50 times
[2024-05-05 00:04:59,706][src.data.dataset_collection][INFO] - Exploding test_f 50 times
[2024-05-05 00:04:59,721][src.data.dataset_collection][INFO] - Exploding test_f 50 times
[2024-05-05 00:04:59,753][src.data.dataset_collection][INFO] - Exploding test_f 50 times
[2024-05-05 00:04:59,784][src.data.dataset_collection][INFO] - Exploding test_f 50 times
[2024-05-05 00:04:59,799][src.data.dataset_collection][INFO] - Exploding test_f 50 times
[2024-05-05 00:04:59,831][src.data.dataset_collection][INFO] - Exploding test_f 50 times
[2024-05-05 00:04:59,846][src.data.dataset_collection][INFO] - Exploding test_f 50 times
[2024-05-05 00:04:59,878][src.data.dataset_collection][INFO] - Exploding test_f 50 times
[2024-05-05 00:04:59,893][src.data.dataset_collection][INFO] - Exploding test_f 50 times
[2024-05-05 00:07:09,394][src.models.gnet][INFO] - Fitting residuals based on train_f_holdout.
[2024-05-05 00:07:09,394][src.models.gnet][INFO] - Predictions for train.
[2024-05-05 00:07:10,285][src.models.time_varying_model][INFO] - RMSE calculation for val.
[2024-05-05 00:07:10,285][src.models.gnet][INFO] - Predictions for val.
[2024-05-05 00:07:11,269][__main__][INFO] - Val normalised RMSE (all): 3.1288145075027427; Val normalised RMSE (orig): nan
[2024-05-05 00:07:11,269][src.models.time_varying_model][INFO] - RMSE calculation for test.
[2024-05-05 00:07:11,269][src.models.gnet][INFO] - Predictions for test.
[2024-05-05 00:07:12,206][__main__][INFO] - Test normalised RMSE (all): 3.0214623802455867; Test normalised RMSE (orig): nan.
[2024-05-05 00:07:12,253][src.models.time_varying_model][INFO] - RMSE calculation for test.
[2024-05-05 00:07:12,253][src.models.gnet][INFO] - Autoregressive Prediction for test with MC-sampling of trajectories.
[2024-05-05 00:07:12,268][src.models.gnet][INFO] - t = 1
[2024-05-05 00:07:12,268][src.models.gnet][INFO] - Predictions for test.
[2024-05-05 00:07:13,831][src.models.gnet][INFO] - Predictions for test.
[2024-05-05 00:07:15,221][src.models.gnet][INFO] - Predictions for test.
[2024-05-05 00:07:16,861][src.models.gnet][INFO] - Predictions for test.
[2024-05-05 00:07:18,376][src.models.gnet][INFO] - Predictions for test.
[2024-05-05 00:07:19,907][src.models.gnet][INFO] - Predictions for test.
[2024-05-05 00:07:21,501][src.models.gnet][INFO] - Predictions for test.
[2024-05-05 00:07:22,907][src.models.gnet][INFO] - Predictions for test.
[2024-05-05 00:07:24,453][src.models.gnet][INFO] - Predictions for test.
[2024-05-05 00:07:26,046][src.models.gnet][INFO] - Predictions for test.
[2024-05-05 00:07:27,468][src.models.gnet][INFO] - Predictions for test.
[2024-05-05 00:07:29,061][src.models.gnet][INFO] - Predictions for test.
[2024-05-05 00:07:30,670][src.models.gnet][INFO] - Predictions for test.
[2024-05-05 00:07:32,201][src.models.gnet][INFO] - Predictions for test.
[2024-05-05 00:07:33,795][src.models.gnet][INFO] - Predictions for test.
[2024-05-05 00:07:35,357][src.models.gnet][INFO] - Predictions for test.
[2024-05-05 00:07:36,872][src.models.gnet][INFO] - Predictions for test.
[2024-05-05 00:07:38,262][src.models.gnet][INFO] - Predictions for test.
[2024-05-05 00:07:39,887][src.models.gnet][INFO] - Predictions for test.
[2024-05-05 00:07:41,449][src.models.gnet][INFO] - Predictions for test.
[2024-05-05 00:07:42,996][src.models.gnet][INFO] - Predictions for test.
[2024-05-05 00:07:44,589][src.models.gnet][INFO] - Predictions for test.
[2024-05-05 00:07:46,104][src.models.gnet][INFO] - Predictions for test.
[2024-05-05 00:07:47,620][src.models.gnet][INFO] - Predictions for test.
[2024-05-05 00:07:49,119][src.models.gnet][INFO] - Predictions for test.
[2024-05-05 00:07:50,588][src.models.gnet][INFO] - Predictions for test.
[2024-05-05 00:07:52,134][src.models.gnet][INFO] - Predictions for test.
[2024-05-05 00:07:53,681][src.models.gnet][INFO] - Predictions for test.
[2024-05-05 00:07:55,399][src.models.gnet][INFO] - Predictions for test.
[2024-05-05 00:07:56,867][src.models.gnet][INFO] - Predictions for test.
[2024-05-05 00:07:58,414][src.models.gnet][INFO] - Predictions for test.
[2024-05-05 00:08:00,023][src.models.gnet][INFO] - Predictions for test.
[2024-05-05 00:08:01,444][src.models.gnet][INFO] - Predictions for test.
[2024-05-05 00:08:03,116][src.models.gnet][INFO] - Predictions for test.
[2024-05-05 00:08:04,694][src.models.gnet][INFO] - Predictions for test.
[2024-05-05 00:08:06,178][src.models.gnet][INFO] - Predictions for test.
[2024-05-05 00:08:07,615][src.models.gnet][INFO] - Predictions for test.
[2024-05-05 00:08:09,271][src.models.gnet][INFO] - Predictions for test.
[2024-05-05 00:08:10,802][src.models.gnet][INFO] - Predictions for test.
[2024-05-05 00:08:12,411][src.models.gnet][INFO] - Predictions for test.
[2024-05-05 00:08:14,051][src.models.gnet][INFO] - Predictions for test.
[2024-05-05 00:08:15,597][src.models.gnet][INFO] - Predictions for test.
[2024-05-05 00:08:17,160][src.models.gnet][INFO] - Predictions for test.
[2024-05-05 00:08:18,784][src.models.gnet][INFO] - Predictions for test.
[2024-05-05 00:08:20,284][src.models.gnet][INFO] - Predictions for test.
[2024-05-05 00:08:21,705][src.models.gnet][INFO] - Predictions for test.
[2024-05-05 00:08:23,346][src.models.gnet][INFO] - Predictions for test.
[2024-05-05 00:08:24,861][src.models.gnet][INFO] - Predictions for test.
[2024-05-05 00:08:26,407][src.models.gnet][INFO] - Predictions for test.
[2024-05-05 00:08:28,001][src.models.gnet][INFO] - Predictions for test.
[2024-05-05 00:08:29,391][src.models.gnet][INFO] - t = 2
[2024-05-05 00:08:29,391][src.models.gnet][INFO] - Predictions for test.
[2024-05-05 00:08:30,953][src.models.gnet][INFO] - Predictions for test.
[2024-05-05 00:08:32,562][src.models.gnet][INFO] - Predictions for test.
[2024-05-05 00:08:34,093][src.models.gnet][INFO] - Predictions for test.
[2024-05-05 00:08:35,655][src.models.gnet][INFO] - Predictions for test.
[2024-05-05 00:08:37,280][src.models.gnet][INFO] - Predictions for test.
[2024-05-05 00:08:38,826][src.models.gnet][INFO] - Predictions for test.
[2024-05-05 00:08:40,342][src.models.gnet][INFO] - Predictions for test.
[2024-05-05 00:08:41,982][src.models.gnet][INFO] - Predictions for test.
[2024-05-05 00:08:43,497][src.models.gnet][INFO] - Predictions for test.
[2024-05-05 00:08:45,059][src.models.gnet][INFO] - Predictions for test.
[2024-05-05 00:08:46,575][src.models.gnet][INFO] - Predictions for test.
[2024-05-05 00:08:48,168][src.models.gnet][INFO] - Predictions for test.
[2024-05-05 00:08:49,683][src.models.gnet][INFO] - Predictions for test.
[2024-05-05 00:08:51,167][src.models.gnet][INFO] - Predictions for test.
[2024-05-05 00:08:52,729][src.models.gnet][INFO] - Predictions for test.
[2024-05-05 00:08:54,276][src.models.gnet][INFO] - Predictions for test.
[2024-05-05 00:08:55,791][src.models.gnet][INFO] - Predictions for test.
[2024-05-05 00:08:57,806][src.models.gnet][INFO] - Predictions for test.
[2024-05-05 00:08:59,337][src.models.gnet][INFO] - Predictions for test.
[2024-05-05 00:09:00,868][src.models.gnet][INFO] - Predictions for test.
[2024-05-05 00:09:02,461][src.models.gnet][INFO] - Predictions for test.
[2024-05-05 00:09:03,992][src.models.gnet][INFO] - Predictions for test.
[2024-05-05 00:09:05,554][src.models.gnet][INFO] - Predictions for test.
[2024-05-05 00:09:07,163][src.models.gnet][INFO] - Predictions for test.
[2024-05-05 00:09:08,601][src.models.gnet][INFO] - Predictions for test.
[2024-05-05 00:09:10,194][src.models.gnet][INFO] - Predictions for test.
[2024-05-05 00:09:11,850][src.models.gnet][INFO] - Predictions for test.
[2024-05-05 00:09:13,381][src.models.gnet][INFO] - Predictions for test.
[2024-05-05 00:09:14,771][src.models.gnet][INFO] - Predictions for test.
[2024-05-05 00:09:16,411][src.models.gnet][INFO] - Predictions for test.
[2024-05-05 00:09:17,942][src.models.gnet][INFO] - Predictions for test.
[2024-05-05 00:09:19,520][src.models.gnet][INFO] - Predictions for test.
[2024-05-05 00:09:21,113][src.models.gnet][INFO] - Predictions for test.
[2024-05-05 00:09:22,675][src.models.gnet][INFO] - Predictions for test.
[2024-05-05 00:09:24,222][src.models.gnet][INFO] - Predictions for test.
[2024-05-05 00:09:25,800][src.models.gnet][INFO] - Predictions for test.
[2024-05-05 00:09:27,346][src.models.gnet][INFO] - Predictions for test.
[2024-05-05 00:09:28,908][src.models.gnet][INFO] - Predictions for test.
[2024-05-05 00:09:30,517][src.models.gnet][INFO] - Predictions for test.
[2024-05-05 00:09:32,048][src.models.gnet][INFO] - Predictions for test.
[2024-05-05 00:09:33,454][src.models.gnet][INFO] - Predictions for test.
[2024-05-05 00:09:35,094][src.models.gnet][INFO] - Predictions for test.
[2024-05-05 00:09:36,625][src.models.gnet][INFO] - Predictions for test.
[2024-05-05 00:09:38,156][src.models.gnet][INFO] - Predictions for test.
[2024-05-05 00:09:39,750][src.models.gnet][INFO] - Predictions for test.
[2024-05-05 00:09:41,187][src.models.gnet][INFO] - Predictions for test.
[2024-05-05 00:09:42,733][src.models.gnet][INFO] - Predictions for test.
[2024-05-05 00:09:44,311][src.models.gnet][INFO] - Predictions for test.
[2024-05-05 00:09:45,748][src.models.gnet][INFO] - Predictions for test.
[2024-05-05 00:09:47,388][src.models.gnet][INFO] - t = 3
[2024-05-05 00:09:47,388][src.models.gnet][INFO] - Predictions for test.
[2024-05-05 00:09:48,857][src.models.gnet][INFO] - Predictions for test.
[2024-05-05 00:09:50,403][src.models.gnet][INFO] - Predictions for test.
[2024-05-05 00:09:51,950][src.models.gnet][INFO] - Predictions for test.
[2024-05-05 00:09:53,543][src.models.gnet][INFO] - Predictions for test.
[2024-05-05 00:09:54,965][src.models.gnet][INFO] - Predictions for test.
[2024-05-05 00:09:56,589][src.models.gnet][INFO] - Predictions for test.
[2024-05-05 00:09:58,183][src.models.gnet][INFO] - Predictions for test.
[2024-05-05 00:09:59,698][src.models.gnet][INFO] - Predictions for test.
[2024-05-05 00:10:01,291][src.models.gnet][INFO] - Predictions for test.
[2024-05-05 00:10:02,979][src.models.gnet][INFO] - Predictions for test.
[2024-05-05 00:10:04,603][src.models.gnet][INFO] - Predictions for test.
[2024-05-05 00:10:06,118][src.models.gnet][INFO] - Predictions for test.
[2024-05-05 00:10:07,712][src.models.gnet][INFO] - Predictions for test.
[2024-05-05 00:10:09,274][src.models.gnet][INFO] - Predictions for test.
[2024-05-05 00:10:10,789][src.models.gnet][INFO] - Predictions for test.
[2024-05-05 00:10:12,336][src.models.gnet][INFO] - Predictions for test.
[2024-05-05 00:10:14,023][src.models.gnet][INFO] - Predictions for test.
[2024-05-05 00:10:15,569][src.models.gnet][INFO] - Predictions for test.
[2024-05-05 00:10:17,116][src.models.gnet][INFO] - Predictions for test.
[2024-05-05 00:10:18,709][src.models.gnet][INFO] - Predictions for test.
[2024-05-05 00:10:20,131][src.models.gnet][INFO] - Predictions for test.
[2024-05-05 00:10:21,740][src.models.gnet][INFO] - Predictions for test.
[2024-05-05 00:10:23,318][src.models.gnet][INFO] - Predictions for test.
[2024-05-05 00:10:24,833][src.models.gnet][INFO] - Predictions for test.
[2024-05-05 00:10:26,395][src.models.gnet][INFO] - Predictions for test.
[2024-05-05 00:10:27,988][src.models.gnet][INFO] - Predictions for test.
[2024-05-05 00:10:29,519][src.models.gnet][INFO] - Predictions for test.
[2024-05-05 00:10:31,050][src.models.gnet][INFO] - Predictions for test.
[2024-05-05 00:10:32,643][src.models.gnet][INFO] - Predictions for test.
[2024-05-05 00:10:34,049][src.models.gnet][INFO] - Predictions for test.
[2024-05-05 00:10:35,596][src.models.gnet][INFO] - Predictions for test.
[2024-05-05 00:10:37,189][src.models.gnet][INFO] - Predictions for test.
[2024-05-05 00:10:38,611][src.models.gnet][INFO] - Predictions for test.
[2024-05-05 00:10:40,189][src.models.gnet][INFO] - Predictions for test.
[2024-05-05 00:10:41,860][src.models.gnet][INFO] - Predictions for test.
[2024-05-05 00:10:43,375][src.models.gnet][INFO] - Predictions for test.
[2024-05-05 00:10:44,906][src.models.gnet][INFO] - Predictions for test.
[2024-05-05 00:10:46,500][src.models.gnet][INFO] - Predictions for test.
[2024-05-05 00:10:47,921][src.models.gnet][INFO] - Predictions for test.
[2024-05-05 00:10:49,468][src.models.gnet][INFO] - Predictions for test.
[2024-05-05 00:10:51,061][src.models.gnet][INFO] - Predictions for test.
[2024-05-05 00:10:52,483][src.models.gnet][INFO] - Predictions for test.
[2024-05-05 00:10:54,060][src.models.gnet][INFO] - Predictions for test.
[2024-05-05 00:10:55,669][src.models.gnet][INFO] - Predictions for test.
[2024-05-05 00:10:57,231][src.models.gnet][INFO] - Predictions for test.
[2024-05-05 00:10:58,747][src.models.gnet][INFO] - Predictions for test.
[2024-05-05 00:11:00,231][src.models.gnet][INFO] - Predictions for test.
[2024-05-05 00:11:01,809][src.models.gnet][INFO] - Predictions for test.
[2024-05-05 00:11:03,355][src.models.gnet][INFO] - Predictions for test.
[2024-05-05 00:11:04,964][src.models.gnet][INFO] - t = 4
[2024-05-05 00:11:04,964][src.models.gnet][INFO] - Predictions for test.
[2024-05-05 00:11:06,464][src.models.gnet][INFO] - Predictions for test.
[2024-05-05 00:11:07,885][src.models.gnet][INFO] - Predictions for test.
[2024-05-05 00:11:09,525][src.models.gnet][INFO] - Predictions for test.
[2024-05-05 00:11:11,072][src.models.gnet][INFO] - Predictions for test.
[2024-05-05 00:11:12,618][src.models.gnet][INFO] - Predictions for test.
[2024-05-05 00:11:14,227][src.models.gnet][INFO] - Predictions for test.
[2024-05-05 00:11:15,743][src.models.gnet][INFO] - Predictions for test.
[2024-05-05 00:11:17,258][src.models.gnet][INFO] - Predictions for test.
[2024-05-05 00:11:18,773][src.models.gnet][INFO] - Predictions for test.
[2024-05-05 00:11:20,242][src.models.gnet][INFO] - Predictions for test.
[2024-05-05 00:11:21,788][src.models.gnet][INFO] - Predictions for test.
[2024-05-05 00:11:23,397][src.models.gnet][INFO] - Predictions for test.
[2024-05-05 00:11:24,928][src.models.gnet][INFO] - Predictions for test.
[2024-05-05 00:11:26,553][src.models.gnet][INFO] - Predictions for test.
[2024-05-05 00:11:28,084][src.models.gnet][INFO] - Predictions for test.
[2024-05-05 00:11:29,677][src.models.gnet][INFO] - Predictions for test.
[2024-05-05 00:11:31,099][src.models.gnet][INFO] - Predictions for test.
[2024-05-05 00:11:32,676][src.models.gnet][INFO] - Predictions for test.
[2024-05-05 00:11:34,270][src.models.gnet][INFO] - Predictions for test.
[2024-05-05 00:11:35,785][src.models.gnet][INFO] - Predictions for test.
[2024-05-05 00:11:37,331][src.models.gnet][INFO] - Predictions for test.
[2024-05-05 00:11:38,925][src.models.gnet][INFO] - Predictions for test.
[2024-05-05 00:11:40,440][src.models.gnet][INFO] - Predictions for test.
[2024-05-05 00:11:42,080][src.models.gnet][INFO] - Predictions for test.
[2024-05-05 00:11:43,674][src.models.gnet][INFO] - Predictions for test.
[2024-05-05 00:11:45,220][src.models.gnet][INFO] - Predictions for test.
[2024-05-05 00:11:46,736][src.models.gnet][INFO] - Predictions for test.
[2024-05-05 00:11:48,204][src.models.gnet][INFO] - Predictions for test.
[2024-05-05 00:11:49,719][src.models.gnet][INFO] - Predictions for test.
[2024-05-05 00:11:51,109][src.models.gnet][INFO] - Predictions for test.
[2024-05-05 00:11:52,719][src.models.gnet][INFO] - Predictions for test.
[2024-05-05 00:11:54,281][src.models.gnet][INFO] - Predictions for test.
[2024-05-05 00:11:55,796][src.models.gnet][INFO] - Predictions for test.
[2024-05-05 00:11:57,280][src.models.gnet][INFO] - Predictions for test.
[2024-05-05 00:11:58,826][src.models.gnet][INFO] - Predictions for test.
[2024-05-05 00:12:00,342][src.models.gnet][INFO] - Predictions for test.
[2024-05-05 00:12:01,935][src.models.gnet][INFO] - Predictions for test.
[2024-05-05 00:12:03,450][src.models.gnet][INFO] - Predictions for test.
[2024-05-05 00:12:04,872][src.models.gnet][INFO] - Predictions for test.
[2024-05-05 00:12:06,559][src.models.gnet][INFO] - Predictions for test.
[2024-05-05 00:12:08,106][src.models.gnet][INFO] - Predictions for test.
[2024-05-05 00:12:09,652][src.models.gnet][INFO] - Predictions for test.
[2024-05-05 00:12:11,230][src.models.gnet][INFO] - Predictions for test.
[2024-05-05 00:12:12,745][src.models.gnet][INFO] - Predictions for test.
[2024-05-05 00:12:14,245][src.models.gnet][INFO] - Predictions for test.
[2024-05-05 00:12:15,713][src.models.gnet][INFO] - Predictions for test.
[2024-05-05 00:12:17,291][src.models.gnet][INFO] - Predictions for test.
[2024-05-05 00:12:18,806][src.models.gnet][INFO] - Predictions for test.
[2024-05-05 00:12:20,446][src.models.gnet][INFO] - Predictions for test.
[2024-05-05 00:12:21,993][src.models.gnet][INFO] - t = 5
[2024-05-05 00:12:21,993][src.models.gnet][INFO] - Predictions for test.
[2024-05-05 00:12:23,539][src.models.gnet][INFO] - Predictions for test.
[2024-05-05 00:12:25,117][src.models.gnet][INFO] - Predictions for test.
[2024-05-05 00:12:26,601][src.models.gnet][INFO] - Predictions for test.
[2024-05-05 00:12:28,163][src.models.gnet][INFO] - Predictions for test.
[2024-05-05 00:12:29,741][src.models.gnet][INFO] - Predictions for test.
[2024-05-05 00:12:31,256][src.models.gnet][INFO] - Predictions for test.
[2024-05-05 00:12:32,819][src.models.gnet][INFO] - Predictions for test.
[2024-05-05 00:12:34,349][src.models.gnet][INFO] - Predictions for test.
[2024-05-05 00:12:35,958][src.models.gnet][INFO] - Predictions for test.
[2024-05-05 00:12:37,505][src.models.gnet][INFO] - Predictions for test.
[2024-05-05 00:12:39,130][src.models.gnet][INFO] - Predictions for test.
[2024-05-05 00:12:40,676][src.models.gnet][INFO] - Predictions for test.
[2024-05-05 00:12:42,269][src.models.gnet][INFO] - Predictions for test.
[2024-05-05 00:12:43,785][src.models.gnet][INFO] - Predictions for test.
[2024-05-05 00:12:45,378][src.models.gnet][INFO] - Predictions for test.
[2024-05-05 00:12:46,893][src.models.gnet][INFO] - Predictions for test.
[2024-05-05 00:12:48,409][src.models.gnet][INFO] - Predictions for test.
[2024-05-05 00:12:50,049][src.models.gnet][INFO] - Predictions for test.
[2024-05-05 00:12:51,564][src.models.gnet][INFO] - Predictions for test.
[2024-05-05 00:12:53,079][src.models.gnet][INFO] - Predictions for test.
[2024-05-05 00:12:54,548][src.models.gnet][INFO] - Predictions for test.
[2024-05-05 00:12:56,079][src.models.gnet][INFO] - Predictions for test.
[2024-05-05 00:12:57,485][src.models.gnet][INFO] - Predictions for test.
[2024-05-05 00:12:59,156][src.models.gnet][INFO] - Predictions for test.
[2024-05-05 00:13:00,671][src.models.gnet][INFO] - Predictions for test.
[2024-05-05 00:13:02,187][src.models.gnet][INFO] - Predictions for test.
[2024-05-05 00:13:03,811][src.models.gnet][INFO] - Predictions for test.
[2024-05-05 00:13:05,358][src.models.gnet][INFO] - Predictions for test.
[2024-05-05 00:13:06,920][src.models.gnet][INFO] - Predictions for test.
[2024-05-05 00:13:08,482][src.models.gnet][INFO] - Predictions for test.
[2024-05-05 00:13:09,997][src.models.gnet][INFO] - Predictions for test.
[2024-05-05 00:13:11,466][src.models.gnet][INFO] - Predictions for test.
[2024-05-05 00:13:13,106][src.models.gnet][INFO] - Predictions for test.
[2024-05-05 00:13:14,652][src.models.gnet][INFO] - Predictions for test.
[2024-05-05 00:13:16,215][src.models.gnet][INFO] - Predictions for test.
[2024-05-05 00:13:17,792][src.models.gnet][INFO] - Predictions for test.
[2024-05-05 00:13:19,230][src.models.gnet][INFO] - Predictions for test.
[2024-05-05 00:13:20,885][src.models.gnet][INFO] - Predictions for test.
[2024-05-05 00:13:22,338][src.models.gnet][INFO] - Predictions for test.
[2024-05-05 00:13:23,900][src.models.gnet][INFO] - Predictions for test.
[2024-05-05 00:13:25,447][src.models.gnet][INFO] - Predictions for test.
[2024-05-05 00:13:27,103][src.models.gnet][INFO] - Predictions for test.
[2024-05-05 00:13:28,618][src.models.gnet][INFO] - Predictions for test.
[2024-05-05 00:13:30,008][src.models.gnet][INFO] - Predictions for test.
[2024-05-05 00:13:31,633][src.models.gnet][INFO] - Predictions for test.
[2024-05-05 00:13:33,179][src.models.gnet][INFO] - Predictions for test.
[2024-05-05 00:13:34,804][src.models.gnet][INFO] - Predictions for test.
[2024-05-05 00:13:36,382][src.models.gnet][INFO] - Predictions for test.
[2024-05-05 00:13:37,991][src.models.gnet][INFO] - Predictions for test.
[2024-05-05 00:13:39,522][src.models.gnet][INFO] - t = 6
[2024-05-05 00:13:39,522][src.models.gnet][INFO] - Predictions for test.
[2024-05-05 00:13:41,099][src.models.gnet][INFO] - Predictions for test.
[2024-05-05 00:13:42,521][src.models.gnet][INFO] - Predictions for test.
[2024-05-05 00:13:44,114][src.models.gnet][INFO] - Predictions for test.
[2024-05-05 00:13:45,723][src.models.gnet][INFO] - Predictions for test.
[2024-05-05 00:13:47,223][src.models.gnet][INFO] - Predictions for test.
[2024-05-05 00:13:48,738][src.models.gnet][INFO] - Predictions for test.
[2024-05-05 00:13:50,129][src.models.gnet][INFO] - Predictions for test.
[2024-05-05 00:13:51,769][src.models.gnet][INFO] - Predictions for test.
[2024-05-05 00:13:53,284][src.models.gnet][INFO] - Predictions for test.
[2024-05-05 00:13:54,877][src.models.gnet][INFO] - Predictions for test.
[2024-05-05 00:13:56,393][src.models.gnet][INFO] - Predictions for test.
[2024-05-05 00:13:57,783][src.models.gnet][INFO] - Predictions for test.
[2024-05-05 00:13:59,361][src.models.gnet][INFO] - Predictions for test.
[2024-05-05 00:14:01,001][src.models.gnet][INFO] - Predictions for test.
[2024-05-05 00:14:02,516][src.models.gnet][INFO] - Predictions for test.
[2024-05-05 00:14:04,032][src.models.gnet][INFO] - Predictions for test.
[2024-05-05 00:14:05,516][src.models.gnet][INFO] - Predictions for test.
[2024-05-05 00:14:07,093][src.models.gnet][INFO] - Predictions for test.
[2024-05-05 00:14:08,609][src.models.gnet][INFO] - Predictions for test.
[2024-05-05 00:14:10,186][src.models.gnet][INFO] - Predictions for test.
[2024-05-05 00:14:11,764][src.models.gnet][INFO] - Predictions for test.
[2024-05-05 00:14:13,264][src.models.gnet][INFO] - Predictions for test.
[2024-05-05 00:14:14,717][src.models.gnet][INFO] - Predictions for test.
[2024-05-05 00:14:16,294][src.models.gnet][INFO] - Predictions for test.
[2024-05-05 00:14:17,810][src.models.gnet][INFO] - Predictions for test.
[2024-05-05 00:14:19,372][src.models.gnet][INFO] - Predictions for test.
[2024-05-05 00:14:20,918][src.models.gnet][INFO] - Predictions for test.
[2024-05-05 00:14:22,434][src.models.gnet][INFO] - Predictions for test.
[2024-05-05 00:14:23,996][src.models.gnet][INFO] - Predictions for test.
[2024-05-05 00:14:25,511][src.models.gnet][INFO] - Predictions for test.
[2024-05-05 00:14:26,948][src.models.gnet][INFO] - Predictions for test.
[2024-05-05 00:14:28,588][src.models.gnet][INFO] - Predictions for test.
[2024-05-05 00:14:30,119][src.models.gnet][INFO] - Predictions for test.
[2024-05-05 00:14:31,650][src.models.gnet][INFO] - Predictions for test.
[2024-05-05 00:14:33,243][src.models.gnet][INFO] - Predictions for test.
[2024-05-05 00:14:34,649][src.models.gnet][INFO] - Predictions for test.
[2024-05-05 00:14:36,196][src.models.gnet][INFO] - Predictions for test.
[2024-05-05 00:14:37,774][src.models.gnet][INFO] - Predictions for test.
[2024-05-05 00:14:39,273][src.models.gnet][INFO] - Predictions for test.
[2024-05-05 00:14:40,835][src.models.gnet][INFO] - Predictions for test.
[2024-05-05 00:14:42,429][src.models.gnet][INFO] - Predictions for test.
[2024-05-05 00:14:43,913][src.models.gnet][INFO] - Predictions for test.
[2024-05-05 00:14:45,334][src.models.gnet][INFO] - Predictions for test.
[2024-05-05 00:14:46,959][src.models.gnet][INFO] - Predictions for test.
[2024-05-05 00:14:48,506][src.models.gnet][INFO] - Predictions for test.
[2024-05-05 00:14:50,036][src.models.gnet][INFO] - Predictions for test.
[2024-05-05 00:14:51,614][src.models.gnet][INFO] - Predictions for test.
[2024-05-05 00:14:53,192][src.models.gnet][INFO] - Predictions for test.
[2024-05-05 00:14:54,723][src.models.gnet][INFO] - Predictions for test.
[2024-05-05 00:14:56,347][__main__][INFO] - Test normalised RMSE (n-step prediction): {'2-step': 14.789540333787318, '3-step': 13.232318554591854, '4-step': 12.44546305965666, '5-step': 11.184700707729071, '6-step': 10.936090174433089}
