[2024-05-05 02:53:25,295][__main__][INFO] - 
model:
  dim_treatments: 4
  dim_vitals: 0
  dim_static_features: 1
  dim_outcomes: 1
  dim_cosovitals: ???
  dim_abstract_confounders: ???
  dim_s: ???
  name: G-Net
  g_net:
    _target_: src.models.gnet.GNet
    seq_hidden_units: 48
    num_layer: 1
    r_size: 2
    fc_hidden_units: 40
    num_comp: 1
    mc_samples: 50
    fit_vitals: true
    comp_sizes: null
    batch_size: 64
    dropout_rate: 0.2
    optimizer:
      optimizer_cls: adam
      learning_rate: 0.01
      weight_decay: 0.0
      lr_scheduler: false
    tune_hparams: false
    tune_range: 50
    hparams_grid: null
    resources_per_trial: null
dataset:
  val_batch_size: 4096
  treatment_mode: multiclass
  _target_: src.data.SyntheticVitalDatasetCollection
  name: tumor_generator
  seed: 100000
  num_confounder: 5
  num_u: 1
  split:
    val: 0.15
    test: 0.15
  window_size: 15
  lag: 0
  max_seq_length: 60
  projection_horizon: 5
  cf_seq_mode: sliding_treatment
  time_step: 30
  holdout_ratio: 0.1
exp:
  seed: 100000
  gpus:
  - 0
  max_epochs: 100
  logging: true
  mlflow_uri: http://127.0.0.1:5000
  unscale_rmse: true
  percentage_rmse: true
  alpha: 1.0
  update_alpha: false
  alpha_rate: exp
  balancing: grad_reverse
  bce_weight: false
  weights_ema: false
  beta: 0.99

[2024-05-05 02:53:48,696][src.data.cancer_sim.dataset][INFO] - Shape of processed train data: {'sequence_lengths': (3500,), 'prev_treatments': (3500, 28, 1), 'vitals': (3500, 28, 16), 'next_vitals': (3500, 27, 16), 'current_treatments': (3500, 28, 1), 'static_features': (3500, 1), 'active_entries': (3500, 28, 1), 'outputs': (3500, 28, 1), 'unscaled_outputs': (3500, 28, 1), 'prev_outputs': (3500, 28, 1), 'coso_vitals': (3500, 28, 15), 'COSO': (3500, 28, 1)}
[2024-05-05 02:53:48,696][src.data.cancer_sim.dataset][INFO] - Shape of processed val data: {'sequence_lengths': (750,), 'prev_treatments': (750, 28, 1), 'vitals': (750, 28, 16), 'next_vitals': (750, 27, 16), 'current_treatments': (750, 28, 1), 'static_features': (750, 1), 'active_entries': (750, 28, 1), 'outputs': (750, 28, 1), 'unscaled_outputs': (750, 28, 1), 'prev_outputs': (750, 28, 1), 'coso_vitals': (750, 28, 15), 'COSO': (750, 28, 1)}
[2024-05-05 02:53:48,696][src.data.cancer_sim.dataset][INFO] - Shape of processed test data: {'sequence_lengths': (750,), 'prev_treatments': (750, 28, 1), 'vitals': (750, 28, 16), 'next_vitals': (750, 27, 16), 'current_treatments': (750, 28, 1), 'static_features': (750, 1), 'active_entries': (750, 28, 1), 'outputs': (750, 28, 1), 'unscaled_outputs': (750, 28, 1), 'prev_outputs': (750, 28, 1), 'coso_vitals': (750, 28, 15), 'COSO': (750, 28, 1)}
[2024-05-05 02:53:48,711][src.data.cancer_sim.dataset][INFO] - Exploding test dataset before testing (multiple sequences)
[2024-05-05 02:53:48,821][src.data.cancer_sim.dataset][INFO] - Shape of processed test data: {'prev_treatments': (13927, 28, 1), 'current_treatments': (13927, 28, 1), 'static_features': (13927, 1), 'prev_outputs': (13927, 28, 1), 'outputs': (13927, 28, 1), 'vitals': (13927, 28, 16), 'next_vitals': (13927, 27, 16), 'unscaled_outputs': (13927, 28, 1), 'sequence_lengths': (13927,), 'active_entries': (13927, 28, 1)}
[2024-05-05 02:53:48,821][src.data.cancer_sim.dataset][INFO] - Processing test dataset before testing (multiple sequences)
[2024-05-05 02:53:48,930][src.data.cancer_sim.dataset][INFO] - Shape of processed test data: {'original_index': (13927,), 'active_encoder_r': (13927, 23), 'prev_treatments': (13927, 5, 1), 'current_treatments': (13927, 5, 1), 'static_features': (13927, 1), 'prev_outputs': (13927, 5, 1), 'outputs': (13927, 5, 1), 'unscaled_outputs': (13927, 5, 1), 'sequence_lengths': (13927,), 'active_entries': (13927, 5, 1)}
[2024-05-05 02:53:49,055][src.models.gnet][INFO] - Input size of g_net: 19
[2024-05-05 02:53:49,102][src.data.dataset_collection][INFO] - Splited train_f on train_f: 3150 and train_f_holdout: 350
[2024-05-05 02:53:49,102][src.data.dataset_collection][INFO] - Exploding test_f 50 times
[2024-05-05 02:53:49,133][src.data.dataset_collection][INFO] - Exploding test_f 50 times
[2024-05-05 02:53:49,164][src.data.dataset_collection][INFO] - Exploding test_f 50 times
[2024-05-05 02:53:49,196][src.data.dataset_collection][INFO] - Exploding test_f 50 times
[2024-05-05 02:53:49,242][src.data.dataset_collection][INFO] - Exploding test_f 50 times
[2024-05-05 02:53:49,274][src.data.dataset_collection][INFO] - Exploding test_f 50 times
[2024-05-05 02:53:49,305][src.data.dataset_collection][INFO] - Exploding test_f 50 times
[2024-05-05 02:53:49,336][src.data.dataset_collection][INFO] - Exploding test_f 50 times
[2024-05-05 02:53:49,383][src.data.dataset_collection][INFO] - Exploding test_f 50 times
[2024-05-05 02:53:49,414][src.data.dataset_collection][INFO] - Exploding test_f 50 times
[2024-05-05 02:53:49,446][src.data.dataset_collection][INFO] - Exploding test_f 50 times
[2024-05-05 02:53:49,477][src.data.dataset_collection][INFO] - Exploding test_f 50 times
[2024-05-05 02:53:49,508][src.data.dataset_collection][INFO] - Exploding test_f 50 times
[2024-05-05 02:53:49,555][src.data.dataset_collection][INFO] - Exploding test_f 50 times
[2024-05-05 02:53:49,586][src.data.dataset_collection][INFO] - Exploding test_f 50 times
[2024-05-05 02:53:49,617][src.data.dataset_collection][INFO] - Exploding test_f 50 times
[2024-05-05 02:53:49,649][src.data.dataset_collection][INFO] - Exploding test_f 50 times
[2024-05-05 02:53:49,680][src.data.dataset_collection][INFO] - Exploding test_f 50 times
[2024-05-05 02:53:49,727][src.data.dataset_collection][INFO] - Exploding test_f 50 times
[2024-05-05 02:53:49,758][src.data.dataset_collection][INFO] - Exploding test_f 50 times
[2024-05-05 02:53:49,789][src.data.dataset_collection][INFO] - Exploding test_f 50 times
[2024-05-05 02:53:49,820][src.data.dataset_collection][INFO] - Exploding test_f 50 times
[2024-05-05 02:53:49,867][src.data.dataset_collection][INFO] - Exploding test_f 50 times
[2024-05-05 02:53:49,899][src.data.dataset_collection][INFO] - Exploding test_f 50 times
[2024-05-05 02:53:49,930][src.data.dataset_collection][INFO] - Exploding test_f 50 times
[2024-05-05 02:53:49,961][src.data.dataset_collection][INFO] - Exploding test_f 50 times
[2024-05-05 02:53:49,992][src.data.dataset_collection][INFO] - Exploding test_f 50 times
[2024-05-05 02:53:50,039][src.data.dataset_collection][INFO] - Exploding test_f 50 times
[2024-05-05 02:53:50,070][src.data.dataset_collection][INFO] - Exploding test_f 50 times
[2024-05-05 02:53:50,102][src.data.dataset_collection][INFO] - Exploding test_f 50 times
[2024-05-05 02:53:50,133][src.data.dataset_collection][INFO] - Exploding test_f 50 times
[2024-05-05 02:53:50,180][src.data.dataset_collection][INFO] - Exploding test_f 50 times
[2024-05-05 02:53:50,211][src.data.dataset_collection][INFO] - Exploding test_f 50 times
[2024-05-05 02:53:50,242][src.data.dataset_collection][INFO] - Exploding test_f 50 times
[2024-05-05 02:53:50,273][src.data.dataset_collection][INFO] - Exploding test_f 50 times
[2024-05-05 02:53:50,305][src.data.dataset_collection][INFO] - Exploding test_f 50 times
[2024-05-05 02:53:50,352][src.data.dataset_collection][INFO] - Exploding test_f 50 times
[2024-05-05 02:53:50,383][src.data.dataset_collection][INFO] - Exploding test_f 50 times
[2024-05-05 02:53:50,414][src.data.dataset_collection][INFO] - Exploding test_f 50 times
[2024-05-05 02:53:50,461][src.data.dataset_collection][INFO] - Exploding test_f 50 times
[2024-05-05 02:53:50,492][src.data.dataset_collection][INFO] - Exploding test_f 50 times
[2024-05-05 02:53:50,523][src.data.dataset_collection][INFO] - Exploding test_f 50 times
[2024-05-05 02:53:50,555][src.data.dataset_collection][INFO] - Exploding test_f 50 times
[2024-05-05 02:53:50,586][src.data.dataset_collection][INFO] - Exploding test_f 50 times
[2024-05-05 02:53:50,633][src.data.dataset_collection][INFO] - Exploding test_f 50 times
[2024-05-05 02:53:50,664][src.data.dataset_collection][INFO] - Exploding test_f 50 times
[2024-05-05 02:53:50,695][src.data.dataset_collection][INFO] - Exploding test_f 50 times
[2024-05-05 02:53:50,727][src.data.dataset_collection][INFO] - Exploding test_f 50 times
[2024-05-05 02:53:50,773][src.data.dataset_collection][INFO] - Exploding test_f 50 times
[2024-05-05 02:53:50,805][src.data.dataset_collection][INFO] - Exploding test_f 50 times
[2024-05-05 02:56:01,977][src.models.gnet][INFO] - Fitting residuals based on train_f_holdout.
[2024-05-05 02:56:01,977][src.models.gnet][INFO] - Predictions for train.
[2024-05-05 02:56:02,867][src.models.time_varying_model][INFO] - RMSE calculation for val.
[2024-05-05 02:56:02,867][src.models.gnet][INFO] - Predictions for val.
[2024-05-05 02:56:03,805][__main__][INFO] - Val normalised RMSE (all): 4.5727911699713815; Val normalised RMSE (orig): nan
[2024-05-05 02:56:03,805][src.models.time_varying_model][INFO] - RMSE calculation for test.
[2024-05-05 02:56:03,805][src.models.gnet][INFO] - Predictions for test.
[2024-05-05 02:56:04,742][__main__][INFO] - Test normalised RMSE (all): 4.64122938723691; Test normalised RMSE (orig): nan.
[2024-05-05 02:56:04,804][src.models.time_varying_model][INFO] - RMSE calculation for test.
[2024-05-05 02:56:04,804][src.models.gnet][INFO] - Autoregressive Prediction for test with MC-sampling of trajectories.
[2024-05-05 02:56:04,804][src.models.gnet][INFO] - t = 1
[2024-05-05 02:56:04,804][src.models.gnet][INFO] - Predictions for test.
[2024-05-05 02:56:06,570][src.models.gnet][INFO] - Predictions for test.
[2024-05-05 02:56:08,147][src.models.gnet][INFO] - Predictions for test.
[2024-05-05 02:56:09,600][src.models.gnet][INFO] - Predictions for test.
[2024-05-05 02:56:11,272][src.models.gnet][INFO] - Predictions for test.
[2024-05-05 02:56:12,896][src.models.gnet][INFO] - Predictions for test.
[2024-05-05 02:56:14,583][src.models.gnet][INFO] - Predictions for test.
[2024-05-05 02:56:16,130][src.models.gnet][INFO] - Predictions for test.
[2024-05-05 02:56:17,676][src.models.gnet][INFO] - Predictions for test.
[2024-05-05 02:56:19,270][src.models.gnet][INFO] - Predictions for test.
[2024-05-05 02:56:20,848][src.models.gnet][INFO] - Predictions for test.
[2024-05-05 02:56:22,472][src.models.gnet][INFO] - Predictions for test.
[2024-05-05 02:56:24,034][src.models.gnet][INFO] - Predictions for test.
[2024-05-05 02:56:25,472][src.models.gnet][INFO] - Predictions for test.
[2024-05-05 02:56:27,315][src.models.gnet][INFO] - Predictions for test.
[2024-05-05 02:56:28,893][src.models.gnet][INFO] - Predictions for test.
[2024-05-05 02:56:30,470][src.models.gnet][INFO] - Predictions for test.
[2024-05-05 02:56:31,939][src.models.gnet][INFO] - Predictions for test.
[2024-05-05 02:56:33,673][src.models.gnet][INFO] - Predictions for test.
[2024-05-05 02:56:35,250][src.models.gnet][INFO] - Predictions for test.
[2024-05-05 02:56:36,703][src.models.gnet][INFO] - Predictions for test.
[2024-05-05 02:56:38,375][src.models.gnet][INFO] - Predictions for test.
[2024-05-05 02:56:40,062][src.models.gnet][INFO] - Predictions for test.
[2024-05-05 02:56:41,686][src.models.gnet][INFO] - Predictions for test.
[2024-05-05 02:56:43,217][src.models.gnet][INFO] - Predictions for test.
[2024-05-05 02:56:44,826][src.models.gnet][INFO] - Predictions for test.
[2024-05-05 02:56:46,435][src.models.gnet][INFO] - Predictions for test.
[2024-05-05 02:56:48,091][src.models.gnet][INFO] - Predictions for test.
[2024-05-05 02:56:49,653][src.models.gnet][INFO] - Predictions for test.
[2024-05-05 02:56:51,247][src.models.gnet][INFO] - Predictions for test.
[2024-05-05 02:56:52,903][src.models.gnet][INFO] - Predictions for test.
[2024-05-05 02:56:54,480][src.models.gnet][INFO] - Predictions for test.
[2024-05-05 02:56:56,152][src.models.gnet][INFO] - Predictions for test.
[2024-05-05 02:56:57,776][src.models.gnet][INFO] - Predictions for test.
[2024-05-05 02:56:59,339][src.models.gnet][INFO] - Predictions for test.
[2024-05-05 02:57:00,994][src.models.gnet][INFO] - Predictions for test.
[2024-05-05 02:57:02,572][src.models.gnet][INFO] - Predictions for test.
[2024-05-05 02:57:04,197][src.models.gnet][INFO] - Predictions for test.
[2024-05-05 02:57:05,650][src.models.gnet][INFO] - Predictions for test.
[2024-05-05 02:57:07,243][src.models.gnet][INFO] - Predictions for test.
[2024-05-05 02:57:08,868][src.models.gnet][INFO] - Predictions for test.
[2024-05-05 02:57:10,320][src.models.gnet][INFO] - Predictions for test.
[2024-05-05 02:57:12,070][src.models.gnet][INFO] - Predictions for test.
[2024-05-05 02:57:13,617][src.models.gnet][INFO] - Predictions for test.
[2024-05-05 02:57:15,288][src.models.gnet][INFO] - Predictions for test.
[2024-05-05 02:57:16,835][src.models.gnet][INFO] - Predictions for test.
[2024-05-05 02:57:18,319][src.models.gnet][INFO] - Predictions for test.
[2024-05-05 02:57:20,006][src.models.gnet][INFO] - Predictions for test.
[2024-05-05 02:57:21,599][src.models.gnet][INFO] - Predictions for test.
[2024-05-05 02:57:23,177][src.models.gnet][INFO] - Predictions for test.
[2024-05-05 02:57:24,817][src.models.gnet][INFO] - t = 2
[2024-05-05 02:57:24,817][src.models.gnet][INFO] - Predictions for test.
[2024-05-05 02:57:26,410][src.models.gnet][INFO] - Predictions for test.
[2024-05-05 02:57:27,988][src.models.gnet][INFO] - Predictions for test.
[2024-05-05 02:57:29,613][src.models.gnet][INFO] - Predictions for test.
[2024-05-05 02:57:31,253][src.models.gnet][INFO] - Predictions for test.
[2024-05-05 02:57:32,815][src.models.gnet][INFO] - Predictions for test.
[2024-05-05 02:57:34,487][src.models.gnet][INFO] - Predictions for test.
[2024-05-05 02:57:36,080][src.models.gnet][INFO] - Predictions for test.
[2024-05-05 02:57:37,658][src.models.gnet][INFO] - Predictions for test.
[2024-05-05 02:57:39,376][src.models.gnet][INFO] - Predictions for test.
[2024-05-05 02:57:41,048][src.models.gnet][INFO] - Predictions for test.
[2024-05-05 02:57:42,703][src.models.gnet][INFO] - Predictions for test.
[2024-05-05 02:57:44,377][src.models.gnet][INFO] - Predictions for test.
[2024-05-05 02:57:45,986][src.models.gnet][INFO] - Predictions for test.
[2024-05-05 02:57:47,610][src.models.gnet][INFO] - Predictions for test.
[2024-05-05 02:57:49,157][src.models.gnet][INFO] - Predictions for test.
[2024-05-05 02:57:50,844][src.models.gnet][INFO] - Predictions for test.
[2024-05-05 02:57:52,406][src.models.gnet][INFO] - Predictions for test.
[2024-05-05 02:57:54,015][src.models.gnet][INFO] - Predictions for test.
[2024-05-05 02:57:55,796][src.models.gnet][INFO] - Predictions for test.
[2024-05-05 02:57:57,530][src.models.gnet][INFO] - Predictions for test.
[2024-05-05 02:57:59,108][src.models.gnet][INFO] - Predictions for test.
[2024-05-05 02:58:00,639][src.models.gnet][INFO] - Predictions for test.
[2024-05-05 02:58:02,263][src.models.gnet][INFO] - Predictions for test.
[2024-05-05 02:58:03,966][src.models.gnet][INFO] - Predictions for test.
[2024-05-05 02:58:05,606][src.models.gnet][INFO] - Predictions for test.
[2024-05-05 02:58:07,153][src.models.gnet][INFO] - Predictions for test.
[2024-05-05 02:58:08,590][src.models.gnet][INFO] - Predictions for test.
[2024-05-05 02:58:10,183][src.models.gnet][INFO] - Predictions for test.
[2024-05-05 02:58:11,792][src.models.gnet][INFO] - Predictions for test.
[2024-05-05 02:58:13,417][src.models.gnet][INFO] - Predictions for test.
[2024-05-05 02:58:15,010][src.models.gnet][INFO] - Predictions for test.
[2024-05-05 02:58:16,541][src.models.gnet][INFO] - Predictions for test.
[2024-05-05 02:58:18,634][src.models.gnet][INFO] - Predictions for test.
[2024-05-05 02:58:20,212][src.models.gnet][INFO] - Predictions for test.
[2024-05-05 02:58:21,727][src.models.gnet][INFO] - Predictions for test.
[2024-05-05 02:58:23,336][src.models.gnet][INFO] - Predictions for test.
[2024-05-05 02:58:24,930][src.models.gnet][INFO] - Predictions for test.
[2024-05-05 02:58:26,601][src.models.gnet][INFO] - Predictions for test.
[2024-05-05 02:58:28,163][src.models.gnet][INFO] - Predictions for test.
[2024-05-05 02:58:29,757][src.models.gnet][INFO] - Predictions for test.
[2024-05-05 02:58:31,350][src.models.gnet][INFO] - Predictions for test.
[2024-05-05 02:58:33,006][src.models.gnet][INFO] - Predictions for test.
[2024-05-05 02:58:34,693][src.models.gnet][INFO] - Predictions for test.
[2024-05-05 02:58:36,240][src.models.gnet][INFO] - Predictions for test.
[2024-05-05 02:58:37,786][src.models.gnet][INFO] - Predictions for test.
[2024-05-05 02:58:39,395][src.models.gnet][INFO] - Predictions for test.
[2024-05-05 02:58:40,989][src.models.gnet][INFO] - Predictions for test.
[2024-05-05 02:58:42,738][src.models.gnet][INFO] - Predictions for test.
[2024-05-05 02:58:44,191][src.models.gnet][INFO] - Predictions for test.
[2024-05-05 02:58:45,800][src.models.gnet][INFO] - t = 3
[2024-05-05 02:58:45,800][src.models.gnet][INFO] - Predictions for test.
[2024-05-05 02:58:47,393][src.models.gnet][INFO] - Predictions for test.
[2024-05-05 02:58:49,065][src.models.gnet][INFO] - Predictions for test.
[2024-05-05 02:58:50,705][src.models.gnet][INFO] - Predictions for test.
[2024-05-05 02:58:52,298][src.models.gnet][INFO] - Predictions for test.
[2024-05-05 02:58:53,954][src.models.gnet][INFO] - Predictions for test.
[2024-05-05 02:58:55,376][src.models.gnet][INFO] - Predictions for test.
[2024-05-05 02:58:57,188][src.models.gnet][INFO] - Predictions for test.
[2024-05-05 02:58:58,828][src.models.gnet][INFO] - Predictions for test.
[2024-05-05 02:59:00,281][src.models.gnet][INFO] - Predictions for test.
[2024-05-05 02:59:01,906][src.models.gnet][INFO] - Predictions for test.
[2024-05-05 02:59:03,577][src.models.gnet][INFO] - Predictions for test.
[2024-05-05 02:59:05,170][src.models.gnet][INFO] - Predictions for test.
[2024-05-05 02:59:06,858][src.models.gnet][INFO] - Predictions for test.
[2024-05-05 02:59:08,279][src.models.gnet][INFO] - Predictions for test.
[2024-05-05 02:59:09,966][src.models.gnet][INFO] - Predictions for test.
[2024-05-05 02:59:11,575][src.models.gnet][INFO] - Predictions for test.
[2024-05-05 02:59:13,247][src.models.gnet][INFO] - Predictions for test.
[2024-05-05 02:59:14,887][src.models.gnet][INFO] - Predictions for test.
[2024-05-05 02:59:16,371][src.models.gnet][INFO] - Predictions for test.
[2024-05-05 02:59:17,980][src.models.gnet][INFO] - Predictions for test.
[2024-05-05 02:59:19,636][src.models.gnet][INFO] - Predictions for test.
[2024-05-05 02:59:21,214][src.models.gnet][INFO] - Predictions for test.
[2024-05-05 02:59:22,807][src.models.gnet][INFO] - Predictions for test.
[2024-05-05 02:59:24,447][src.models.gnet][INFO] - Predictions for test.
[2024-05-05 02:59:26,041][src.models.gnet][INFO] - Predictions for test.
[2024-05-05 02:59:27,775][src.models.gnet][INFO] - Predictions for test.
[2024-05-05 02:59:29,399][src.models.gnet][INFO] - Predictions for test.
[2024-05-05 02:59:30,852][src.models.gnet][INFO] - Predictions for test.
[2024-05-05 02:59:32,445][src.models.gnet][INFO] - Predictions for test.
[2024-05-05 02:59:34,039][src.models.gnet][INFO] - Predictions for test.
[2024-05-05 02:59:35,710][src.models.gnet][INFO] - Predictions for test.
[2024-05-05 02:59:37,413][src.models.gnet][INFO] - Predictions for test.
[2024-05-05 02:59:38,991][src.models.gnet][INFO] - Predictions for test.
[2024-05-05 02:59:40,506][src.models.gnet][INFO] - Predictions for test.
[2024-05-05 02:59:42,256][src.models.gnet][INFO] - Predictions for test.
[2024-05-05 02:59:43,833][src.models.gnet][INFO] - Predictions for test.
[2024-05-05 02:59:45,349][src.models.gnet][INFO] - Predictions for test.
[2024-05-05 02:59:46,958][src.models.gnet][INFO] - Predictions for test.
[2024-05-05 02:59:48,582][src.models.gnet][INFO] - Predictions for test.
[2024-05-05 02:59:50,207][src.models.gnet][INFO] - Predictions for test.
[2024-05-05 02:59:51,816][src.models.gnet][INFO] - Predictions for test.
[2024-05-05 02:59:53,503][src.models.gnet][INFO] - Predictions for test.
[2024-05-05 02:59:55,065][src.models.gnet][INFO] - Predictions for test.
[2024-05-05 02:59:56,643][src.models.gnet][INFO] - Predictions for test.
[2024-05-05 02:59:58,283][src.models.gnet][INFO] - Predictions for test.
[2024-05-05 02:59:59,861][src.models.gnet][INFO] - Predictions for test.
[2024-05-05 03:00:01,610][src.models.gnet][INFO] - Predictions for test.
[2024-05-05 03:00:03,204][src.models.gnet][INFO] - Predictions for test.
[2024-05-05 03:00:04,782][src.models.gnet][INFO] - Predictions for test.
[2024-05-05 03:00:06,406][src.models.gnet][INFO] - t = 4
[2024-05-05 03:00:06,406][src.models.gnet][INFO] - Predictions for test.
[2024-05-05 03:00:07,999][src.models.gnet][INFO] - Predictions for test.
[2024-05-05 03:00:09,577][src.models.gnet][INFO] - Predictions for test.
[2024-05-05 03:00:11,124][src.models.gnet][INFO] - Predictions for test.
[2024-05-05 03:00:12,811][src.models.gnet][INFO] - Predictions for test.
[2024-05-05 03:00:14,389][src.models.gnet][INFO] - Predictions for test.
[2024-05-05 03:00:15,904][src.models.gnet][INFO] - Predictions for test.
[2024-05-05 03:00:17,513][src.models.gnet][INFO] - Predictions for test.
[2024-05-05 03:00:19,091][src.models.gnet][INFO] - Predictions for test.
[2024-05-05 03:00:20,747][src.models.gnet][INFO] - Predictions for test.
[2024-05-05 03:00:22,324][src.models.gnet][INFO] - Predictions for test.
[2024-05-05 03:00:24,230][src.models.gnet][INFO] - Predictions for test.
[2024-05-05 03:00:25,667][src.models.gnet][INFO] - Predictions for test.
[2024-05-05 03:00:27,448][src.models.gnet][INFO] - Predictions for test.
[2024-05-05 03:00:28,901][src.models.gnet][INFO] - Predictions for test.
[2024-05-05 03:00:30,479][src.models.gnet][INFO] - Predictions for test.
[2024-05-05 03:00:32,103][src.models.gnet][INFO] - Predictions for test.
[2024-05-05 03:00:33,556][src.models.gnet][INFO] - Predictions for test.
[2024-05-05 03:00:35,165][src.models.gnet][INFO] - Predictions for test.
[2024-05-05 03:00:36,805][src.models.gnet][INFO] - Predictions for test.
[2024-05-05 03:00:38,383][src.models.gnet][INFO] - Predictions for test.
[2024-05-05 03:00:39,961][src.models.gnet][INFO] - Predictions for test.
[2024-05-05 03:00:41,648][src.models.gnet][INFO] - Predictions for test.
[2024-05-05 03:00:43,226][src.models.gnet][INFO] - Predictions for test.
[2024-05-05 03:00:44,788][src.models.gnet][INFO] - Predictions for test.
[2024-05-05 03:00:46,366][src.models.gnet][INFO] - Predictions for test.
[2024-05-05 03:00:48,021][src.models.gnet][INFO] - Predictions for test.
[2024-05-05 03:00:49,662][src.models.gnet][INFO] - Predictions for test.
[2024-05-05 03:00:51,239][src.models.gnet][INFO] - Predictions for test.
[2024-05-05 03:00:52,895][src.models.gnet][INFO] - Predictions for test.
[2024-05-05 03:00:54,473][src.models.gnet][INFO] - Predictions for test.
[2024-05-05 03:00:56,066][src.models.gnet][INFO] - Predictions for test.
[2024-05-05 03:00:57,785][src.models.gnet][INFO] - Predictions for test.
[2024-05-05 03:00:59,347][src.models.gnet][INFO] - Predictions for test.
[2024-05-05 03:01:00,956][src.models.gnet][INFO] - Predictions for test.
[2024-05-05 03:01:02,705][src.models.gnet][INFO] - Predictions for test.
[2024-05-05 03:01:04,314][src.models.gnet][INFO] - Predictions for test.
[2024-05-05 03:01:05,908][src.models.gnet][INFO] - Predictions for test.
[2024-05-05 03:01:07,486][src.models.gnet][INFO] - Predictions for test.
[2024-05-05 03:01:09,126][src.models.gnet][INFO] - Predictions for test.
[2024-05-05 03:01:10,766][src.models.gnet][INFO] - Predictions for test.
[2024-05-05 03:01:12,469][src.models.gnet][INFO] - Predictions for test.
[2024-05-05 03:01:13,984][src.models.gnet][INFO] - Predictions for test.
[2024-05-05 03:01:15,593][src.models.gnet][INFO] - Predictions for test.
[2024-05-05 03:01:17,186][src.models.gnet][INFO] - Predictions for test.
[2024-05-05 03:01:18,827][src.models.gnet][INFO] - Predictions for test.
[2024-05-05 03:01:20,404][src.models.gnet][INFO] - Predictions for test.
[2024-05-05 03:01:21,967][src.models.gnet][INFO] - Predictions for test.
[2024-05-05 03:01:23,544][src.models.gnet][INFO] - Predictions for test.
[2024-05-05 03:01:25,091][src.models.gnet][INFO] - Predictions for test.
[2024-05-05 03:01:26,715][src.models.gnet][INFO] - t = 5
[2024-05-05 03:01:26,715][src.models.gnet][INFO] - Predictions for test.
[2024-05-05 03:01:28,153][src.models.gnet][INFO] - Predictions for test.
[2024-05-05 03:01:29,824][src.models.gnet][INFO] - Predictions for test.
[2024-05-05 03:01:31,417][src.models.gnet][INFO] - Predictions for test.
[2024-05-05 03:01:32,995][src.models.gnet][INFO] - Predictions for test.
[2024-05-05 03:01:34,620][src.models.gnet][INFO] - Predictions for test.
[2024-05-05 03:01:36,213][src.models.gnet][INFO] - Predictions for test.
[2024-05-05 03:01:37,775][src.models.gnet][INFO] - Predictions for test.
[2024-05-05 03:01:39,306][src.models.gnet][INFO] - Predictions for test.
[2024-05-05 03:01:40,900][src.models.gnet][INFO] - Predictions for test.
[2024-05-05 03:01:42,602][src.models.gnet][INFO] - Predictions for test.
[2024-05-05 03:01:44,149][src.models.gnet][INFO] - Predictions for test.
[2024-05-05 03:01:45,852][src.models.gnet][INFO] - Predictions for test.
[2024-05-05 03:01:47,414][src.models.gnet][INFO] - Predictions for test.
[2024-05-05 03:01:48,867][src.models.gnet][INFO] - Predictions for test.
[2024-05-05 03:01:50,569][src.models.gnet][INFO] - Predictions for test.
[2024-05-05 03:01:52,163][src.models.gnet][INFO] - Predictions for test.
[2024-05-05 03:01:53,740][src.models.gnet][INFO] - Predictions for test.
[2024-05-05 03:01:55,381][src.models.gnet][INFO] - Predictions for test.
[2024-05-05 03:01:57,130][src.models.gnet][INFO] - Predictions for test.
[2024-05-05 03:01:58,708][src.models.gnet][INFO] - Predictions for test.
[2024-05-05 03:02:00,254][src.models.gnet][INFO] - Predictions for test.
[2024-05-05 03:02:01,879][src.models.gnet][INFO] - Predictions for test.
[2024-05-05 03:02:03,441][src.models.gnet][INFO] - Predictions for test.
[2024-05-05 03:02:05,191][src.models.gnet][INFO] - Predictions for test.
[2024-05-05 03:02:06,784][src.models.gnet][INFO] - Predictions for test.
[2024-05-05 03:02:08,362][src.models.gnet][INFO] - Predictions for test.
[2024-05-05 03:02:09,908][src.models.gnet][INFO] - Predictions for test.
[2024-05-05 03:02:11,471][src.models.gnet][INFO] - Predictions for test.
[2024-05-05 03:02:13,080][src.models.gnet][INFO] - Predictions for test.
[2024-05-05 03:02:14,689][src.models.gnet][INFO] - Predictions for test.
[2024-05-05 03:02:16,516][src.models.gnet][INFO] - Predictions for test.
[2024-05-05 03:02:18,094][src.models.gnet][INFO] - Predictions for test.
[2024-05-05 03:02:19,734][src.models.gnet][INFO] - Predictions for test.
[2024-05-05 03:02:21,921][src.models.gnet][INFO] - Predictions for test.
[2024-05-05 03:02:23,515][src.models.gnet][INFO] - Predictions for test.
[2024-05-05 03:02:25,092][src.models.gnet][INFO] - Predictions for test.
[2024-05-05 03:02:26,826][src.models.gnet][INFO] - Predictions for test.
[2024-05-05 03:02:28,498][src.models.gnet][INFO] - Predictions for test.
[2024-05-05 03:02:30,076][src.models.gnet][INFO] - Predictions for test.
[2024-05-05 03:02:31,528][src.models.gnet][INFO] - Predictions for test.
[2024-05-05 03:02:33,216][src.models.gnet][INFO] - Predictions for test.
[2024-05-05 03:02:34,903][src.models.gnet][INFO] - Predictions for test.
[2024-05-05 03:02:36,340][src.models.gnet][INFO] - Predictions for test.
[2024-05-05 03:02:37,996][src.models.gnet][INFO] - Predictions for test.
[2024-05-05 03:02:39,605][src.models.gnet][INFO] - Predictions for test.
[2024-05-05 03:02:41,198][src.models.gnet][INFO] - Predictions for test.
[2024-05-05 03:02:42,901][src.models.gnet][INFO] - Predictions for test.
[2024-05-05 03:02:44,463][src.models.gnet][INFO] - Predictions for test.
[2024-05-05 03:02:46,056][src.models.gnet][INFO] - Predictions for test.
[2024-05-05 03:02:47,728][src.models.gnet][INFO] - t = 6
[2024-05-05 03:02:47,728][src.models.gnet][INFO] - Predictions for test.
[2024-05-05 03:02:49,274][src.models.gnet][INFO] - Predictions for test.
[2024-05-05 03:02:50,899][src.models.gnet][INFO] - Predictions for test.
[2024-05-05 03:02:52,648][src.models.gnet][INFO] - Predictions for test.
[2024-05-05 03:02:54,242][src.models.gnet][INFO] - Predictions for test.
[2024-05-05 03:02:55,820][src.models.gnet][INFO] - Predictions for test.
[2024-05-05 03:02:57,585][src.models.gnet][INFO] - Predictions for test.
[2024-05-05 03:02:59,225][src.models.gnet][INFO] - Predictions for test.
[2024-05-05 03:03:00,693][src.models.gnet][INFO] - Predictions for test.
[2024-05-05 03:03:02,287][src.models.gnet][INFO] - Predictions for test.
[2024-05-05 03:03:03,943][src.models.gnet][INFO] - Predictions for test.
[2024-05-05 03:03:05,614][src.models.gnet][INFO] - Predictions for test.
[2024-05-05 03:03:07,176][src.models.gnet][INFO] - Predictions for test.
[2024-05-05 03:03:08,895][src.models.gnet][INFO] - Predictions for test.
[2024-05-05 03:03:10,676][src.models.gnet][INFO] - Predictions for test.
[2024-05-05 03:03:12,285][src.models.gnet][INFO] - Predictions for test.
[2024-05-05 03:03:13,956][src.models.gnet][INFO] - Predictions for test.
[2024-05-05 03:03:15,549][src.models.gnet][INFO] - Predictions for test.
[2024-05-05 03:03:17,112][src.models.gnet][INFO] - Predictions for test.
[2024-05-05 03:03:18,642][src.models.gnet][INFO] - Predictions for test.
[2024-05-05 03:03:20,251][src.models.gnet][INFO] - Predictions for test.
[2024-05-05 03:03:21,954][src.models.gnet][INFO] - Predictions for test.
[2024-05-05 03:03:23,532][src.models.gnet][INFO] - Predictions for test.
[2024-05-05 03:03:25,078][src.models.gnet][INFO] - Predictions for test.
[2024-05-05 03:03:26,766][src.models.gnet][INFO] - Predictions for test.
[2024-05-05 03:03:28,218][src.models.gnet][INFO] - Predictions for test.
[2024-05-05 03:03:29,890][src.models.gnet][INFO] - Predictions for test.
[2024-05-05 03:03:31,468][src.models.gnet][INFO] - Predictions for test.
[2024-05-05 03:03:33,030][src.models.gnet][INFO] - Predictions for test.
[2024-05-05 03:03:34,670][src.models.gnet][INFO] - Predictions for test.
[2024-05-05 03:03:36,232][src.models.gnet][INFO] - Predictions for test.
[2024-05-05 03:03:37,794][src.models.gnet][INFO] - Predictions for test.
[2024-05-05 03:03:39,309][src.models.gnet][INFO] - Predictions for test.
[2024-05-05 03:03:40,950][src.models.gnet][INFO] - Predictions for test.
[2024-05-05 03:03:42,590][src.models.gnet][INFO] - Predictions for test.
[2024-05-05 03:03:44,058][src.models.gnet][INFO] - Predictions for test.
[2024-05-05 03:03:45,745][src.models.gnet][INFO] - Predictions for test.
[2024-05-05 03:03:47,339][src.models.gnet][INFO] - Predictions for test.
[2024-05-05 03:03:48,917][src.models.gnet][INFO] - Predictions for test.
[2024-05-05 03:03:50,572][src.models.gnet][INFO] - Predictions for test.
[2024-05-05 03:03:52,150][src.models.gnet][INFO] - Predictions for test.
[2024-05-05 03:03:53,728][src.models.gnet][INFO] - Predictions for test.
[2024-05-05 03:03:55,353][src.models.gnet][INFO] - Predictions for test.
[2024-05-05 03:03:57,087][src.models.gnet][INFO] - Predictions for test.
[2024-05-05 03:03:58,524][src.models.gnet][INFO] - Predictions for test.
[2024-05-05 03:04:00,117][src.models.gnet][INFO] - Predictions for test.
[2024-05-05 03:04:01,757][src.models.gnet][INFO] - Predictions for test.
[2024-05-05 03:04:03,351][src.models.gnet][INFO] - Predictions for test.
[2024-05-05 03:04:04,897][src.models.gnet][INFO] - Predictions for test.
[2024-05-05 03:04:06,412][src.models.gnet][INFO] - Predictions for test.
[2024-05-05 03:04:08,037][__main__][INFO] - Test normalised RMSE (n-step prediction): {'2-step': 20.15342204967988, '3-step': 22.974931275978953, '4-step': 23.893081310300815, '5-step': 24.79373435616592, '6-step': 26.214033781079504}
