[2024-05-05 04:18:09,632][__main__][INFO] - 
model:
  dim_treatments: 4
  dim_vitals: 0
  dim_static_features: 1
  dim_outcomes: 1
  dim_cosovitals: ???
  dim_abstract_confounders: ???
  dim_s: ???
  name: CRN
  encoder:
    _target_: src.models.crn.CRNEncoder
    seq_hidden_units: 48
    br_size: 6
    fc_hidden_units: 24
    dropout_rate: 0.1
    num_layer: 1
    batch_size: 64
    optimizer:
      optimizer_cls: adam
      learning_rate: 0.01
      weight_decay: 0.0
      lr_scheduler: false
    tune_hparams: false
    tune_range: 50
    hparams_grid: null
    resources_per_trial: null
  train_decoder: true
  decoder:
    _target_: src.models.crn.CRNDecoder
    seq_hidden_units: 128
    br_size: 18
    fc_hidden_units: 18
    dropout_rate: 0.1
    num_layer: 1
    batch_size: 1024
    optimizer:
      optimizer_cls: adam
      learning_rate: 0.01
      weight_decay: 0.0
      lr_scheduler: false
    tune_hparams: false
    tune_range: 30
    hparams_grid: null
    resources_per_trial: null
dataset:
  val_batch_size: 512
  treatment_mode: multiclass
  _target_: src.data.SyntheticVitalDatasetCollection
  name: tumor_generator
  seed: 1000
  num_confounder: 2
  num_u: 1
  split:
    val: 0.15
    test: 0.15
  window_size: 15
  lag: 0
  max_seq_length: 60
  projection_horizon: 5
  cf_seq_mode: sliding_treatment
  time_step: 30
exp:
  seed: 1000
  gpus:
  - 0
  max_epochs: 150
  logging: true
  mlflow_uri: http://127.0.0.1:5000
  unscale_rmse: true
  percentage_rmse: true
  alpha: 0.01
  update_alpha: true
  alpha_rate: exp
  balancing: domain_confusion
  bce_weight: false
  weights_ema: true
  beta: 0.99

[2024-05-05 04:18:32,439][src.data.cancer_sim.dataset][INFO] - Shape of processed train data: {'sequence_lengths': (3500,), 'prev_treatments': (3500, 28, 1), 'vitals': (3500, 28, 10), 'next_vitals': (3500, 27, 10), 'current_treatments': (3500, 28, 1), 'static_features': (3500, 1), 'active_entries': (3500, 28, 1), 'outputs': (3500, 28, 1), 'unscaled_outputs': (3500, 28, 1), 'prev_outputs': (3500, 28, 1), 'coso_vitals': (3500, 28, 9), 'COSO': (3500, 28, 1)}
[2024-05-05 04:18:32,439][src.data.cancer_sim.dataset][INFO] - Shape of processed val data: {'sequence_lengths': (750,), 'prev_treatments': (750, 28, 1), 'vitals': (750, 28, 10), 'next_vitals': (750, 27, 10), 'current_treatments': (750, 28, 1), 'static_features': (750, 1), 'active_entries': (750, 28, 1), 'outputs': (750, 28, 1), 'unscaled_outputs': (750, 28, 1), 'prev_outputs': (750, 28, 1), 'coso_vitals': (750, 28, 9), 'COSO': (750, 28, 1)}
[2024-05-05 04:18:32,439][src.data.cancer_sim.dataset][INFO] - Shape of processed test data: {'sequence_lengths': (750,), 'prev_treatments': (750, 28, 1), 'vitals': (750, 28, 10), 'next_vitals': (750, 27, 10), 'current_treatments': (750, 28, 1), 'static_features': (750, 1), 'active_entries': (750, 28, 1), 'outputs': (750, 28, 1), 'unscaled_outputs': (750, 28, 1), 'prev_outputs': (750, 28, 1), 'coso_vitals': (750, 28, 9), 'COSO': (750, 28, 1)}
[2024-05-05 04:18:32,548][src.models.crn][INFO] - Input size of encoder: 13
[2024-05-05 04:25:03,816][src.models.time_varying_model][INFO] - RMSE calculation for val.
[2024-05-05 04:25:03,816][src.models.time_varying_model][INFO] - Predictions for val.
[2024-05-05 04:25:04,441][__main__][INFO] - Val normalised RMSE (all): 1.9750972217138039; Val normalised RMSE (orig): nan
[2024-05-05 04:25:04,441][src.models.time_varying_model][INFO] - RMSE calculation for test.
[2024-05-05 04:25:04,441][src.models.time_varying_model][INFO] - Predictions for test.
[2024-05-05 04:25:05,050][__main__][INFO] - Test normalised RMSE (all): 1.9764054330609466; Test normalised RMSE (orig): nan.
[2024-05-05 04:25:05,128][src.models.crn][INFO] - Input size of decoder: 3
[2024-05-05 04:25:05,128][src.data.cancer_sim.dataset][INFO] - Exploding test dataset before testing (multiple sequences)
[2024-05-05 04:25:05,238][src.data.cancer_sim.dataset][INFO] - Shape of processed test data: {'prev_treatments': (13811, 28, 1), 'current_treatments': (13811, 28, 1), 'static_features': (13811, 1), 'prev_outputs': (13811, 28, 1), 'outputs': (13811, 28, 1), 'vitals': (13811, 28, 10), 'next_vitals': (13811, 27, 10), 'unscaled_outputs': (13811, 28, 1), 'sequence_lengths': (13811,), 'active_entries': (13811, 28, 1)}
[2024-05-05 04:25:05,238][src.models.time_varying_model][INFO] - Balanced representations inference for train.
[2024-05-05 04:25:06,081][src.models.time_varying_model][INFO] - Balanced representations inference for val.
[2024-05-05 04:25:06,706][src.models.time_varying_model][INFO] - Balanced representations inference for test.
[2024-05-05 04:25:08,018][src.models.time_varying_model][INFO] - Predictions for test.
[2024-05-05 04:25:09,252][src.data.cancer_sim.dataset][INFO] - Processing train dataset before training (multiple sequences)
[2024-05-05 04:25:09,690][src.data.cancer_sim.dataset][INFO] - Shape of processed train data: {'init_state': (61314, 6), 'original_index': (61314,), 'active_encoder_r': (61314, 28), 'prev_treatments': (61314, 5, 1), 'current_treatments': (61314, 5, 1), 'static_features': (61314, 1), 'prev_outputs': (61314, 5, 1), 'outputs': (61314, 5, 1), 'unscaled_outputs': (61314, 5, 1), 'sequence_lengths': (61314,), 'active_entries': (61314, 5, 1)}
[2024-05-05 04:25:09,690][src.data.cancer_sim.dataset][INFO] - Processing val dataset before training (multiple sequences)
[2024-05-05 04:25:09,768][src.data.cancer_sim.dataset][INFO] - Shape of processed val data: {'init_state': (13142, 6), 'original_index': (13142,), 'active_encoder_r': (13142, 28), 'prev_treatments': (13142, 5, 1), 'current_treatments': (13142, 5, 1), 'static_features': (13142, 1), 'prev_outputs': (13142, 5, 1), 'outputs': (13142, 5, 1), 'unscaled_outputs': (13142, 5, 1), 'sequence_lengths': (13142,), 'active_entries': (13142, 5, 1)}
[2024-05-05 04:25:09,768][src.data.cancer_sim.dataset][INFO] - Processing test dataset before testing (multiple sequences)
[2024-05-05 04:25:09,877][src.data.cancer_sim.dataset][INFO] - Shape of processed test data: {'original_index': (13811,), 'active_encoder_r': (13811, 23), 'prev_treatments': (13811, 5, 1), 'current_treatments': (13811, 5, 1), 'static_features': (13811, 1), 'prev_outputs': (13811, 5, 1), 'outputs': (13811, 5, 1), 'unscaled_outputs': (13811, 5, 1), 'sequence_lengths': (13811,), 'active_entries': (13811, 5, 1), 'init_state': (13811, 6)}
[2024-05-05 04:25:09,877][src.data.cancer_sim.dataset][INFO] - Processing test dataset before testing (autoregressive)
[2024-05-05 04:25:09,924][src.data.cancer_sim.dataset][INFO] - Shape of processed test data: {'prev_treatments': (13811, 5, 1), 'current_treatments': (13811, 5, 1), 'prev_outputs': (13811, 5, 1), 'init_state': (13811, 6), 'active_encoder_r': (13811, 23), 'active_entries': (13811, 5, 1), 'static_features': (13811, 1)}
[2024-05-05 04:37:26,205][src.models.time_varying_model][INFO] - RMSE calculation for val.
[2024-05-05 04:37:26,205][src.models.time_varying_model][INFO] - Predictions for val.
[2024-05-05 04:37:27,314][__main__][INFO] - Val normalised RMSE (all): 6.673114567245839; Val normalised RMSE (orig): 6.673114567245833
[2024-05-05 04:37:27,314][src.models.time_varying_model][INFO] - RMSE calculation for test.
[2024-05-05 04:37:27,314][src.models.time_varying_model][INFO] - Autoregressive Prediction for test.
[2024-05-05 04:37:27,314][src.models.time_varying_model][INFO] - t = 2
[2024-05-05 04:37:27,314][src.models.time_varying_model][INFO] - Predictions for test.
[2024-05-05 04:37:28,298][src.models.time_varying_model][INFO] - t = 3
[2024-05-05 04:37:28,298][src.models.time_varying_model][INFO] - Predictions for test.
[2024-05-05 04:37:29,298][src.models.time_varying_model][INFO] - t = 4
[2024-05-05 04:37:29,298][src.models.time_varying_model][INFO] - Predictions for test.
[2024-05-05 04:37:30,282][src.models.time_varying_model][INFO] - t = 5
[2024-05-05 04:37:30,282][src.models.time_varying_model][INFO] - Predictions for test.
[2024-05-05 04:37:31,282][src.models.time_varying_model][INFO] - t = 6
[2024-05-05 04:37:31,282][src.models.time_varying_model][INFO] - Predictions for test.
[2024-05-05 04:37:32,313][__main__][INFO] - Test normalised RMSE (n-step prediction): {'2-step': 9.251909933739896, '3-step': 12.280224784054232, '4-step': 10.427396223968302, '5-step': 12.228515365532731, '6-step': 12.068117803945826}
