[2024-04-09 15:22:13,690][__main__][INFO] - 
model:
  dim_treatments: ???
  dim_vitals: ???
  dim_static_features: ???
  dim_outcomes: ???
  name: CRN
  encoder:
    _target_: src.models.crn.CRNEncoder
    seq_hidden_units: 144
    br_size: 72
    fc_hidden_units: 36
    dropout_rate: 0.1
    num_layer: 1
    batch_size: 256
    optimizer:
      optimizer_cls: adam
      learning_rate: 0.001
      weight_decay: 0.0
      lr_scheduler: false
    tune_hparams: false
    tune_range: 50
    hparams_grid: null
    resources_per_trial: null
  train_decoder: true
  decoder:
    _target_: src.models.crn.CRNDecoder
    seq_hidden_units: null
    br_size: 94
    fc_hidden_units: 188
    dropout_rate: 0.2
    num_layer: 1
    batch_size: 256
    optimizer:
      optimizer_cls: adam
      learning_rate: 0.0001
      weight_decay: 0.0
      lr_scheduler: false
    tune_hparams: false
    tune_range: 30
    hparams_grid: null
    resources_per_trial: null
dataset:
  val_batch_size: 512
  treatment_mode: multilabel
  _target_: src.data.MIMIC3RealDatasetCollection
  seed: 100
  name: mimic3_real
  path: data/processed/all_hourly_data.h5
  min_seq_length: 30
  max_seq_length: 60
  max_number: 5000
  projection_horizon: 5
  split:
    val: 0.15
    test: 0.15
  autoregressive: true
  treatment_list:
  - vaso
  outcome_list:
  - diastolic blood pressure
  vital_list:
  - heart rate
  - red blood cell count
  - sodium
  - mean blood pressure
  - systemic vascular resistance
  - glucose
  - chloride urine
  - glascow coma scale total
  - hematocrit
  - positive end-expiratory pressure set
  - respiratory rate
  - prothrombin time pt
  - cholesterol
  - hemoglobin
  - creatinine
  - blood urea nitrogen
  - bicarbonate
  - calcium ionized
  - partial pressure of carbon dioxide
  - magnesium
  - anion gap
  - phosphorous
  - venous pvo2
  - platelets
  - calcium urine
  static_list:
  - gender
  - ethnicity
  - age
  drop_first: false
exp:
  seed: 100
  gpus:
  - 0
  max_epochs: 200
  logging: true
  mlflow_uri: http://127.0.0.1:5000
  unscale_rmse: true
  percentage_rmse: false
  alpha: 1.0
  update_alpha: true
  alpha_rate: exp
  balancing: grad_reverse
  bce_weight: false
  weights_ema: false
  beta: 0.99

[2024-04-09 15:22:13,711][src.data.mimic_iii.load_data][INFO] - Loading MIMIC-III dataset from D:\Mingjun\CausalTransformer/data/processed/all_hourly_data.h5.
[2024-04-09 15:22:18,882][src.data.mimic_iii.load_data][INFO] - Number of patients filtered: 5000.
[2024-04-09 15:22:32,046][src.data.mimic_iii.real_dataset][INFO] - Shape of processed train data: {'sequence_lengths': (3500,), 'prev_treatments': (3500, 59, 1), 'vitals': (3500, 59, 25), 'next_vitals': (3500, 58, 25), 'current_treatments': (3500, 59, 1), 'static_features': (3500, 44), 'active_entries': (3500, 59, 1), 'outputs': (3500, 59, 1), 'unscaled_outputs': (3500, 59, 1), 'prev_outputs': (3500, 59, 1), 'coso_vitals': (3500, 59, 24), 'COSO': (3500, 59, 1)}
[2024-04-09 15:22:35,299][src.data.mimic_iii.real_dataset][INFO] - Shape of processed val data: {'sequence_lengths': (750,), 'prev_treatments': (750, 59, 1), 'vitals': (750, 59, 25), 'next_vitals': (750, 58, 25), 'current_treatments': (750, 59, 1), 'static_features': (750, 44), 'active_entries': (750, 59, 1), 'outputs': (750, 59, 1), 'unscaled_outputs': (750, 59, 1), 'prev_outputs': (750, 59, 1), 'coso_vitals': (750, 59, 24), 'COSO': (750, 59, 1)}
[2024-04-09 15:22:39,462][src.data.mimic_iii.real_dataset][INFO] - Shape of processed test data: {'sequence_lengths': (750,), 'prev_treatments': (750, 59, 1), 'vitals': (750, 59, 25), 'next_vitals': (750, 58, 25), 'current_treatments': (750, 59, 1), 'static_features': (750, 44), 'active_entries': (750, 59, 1), 'outputs': (750, 59, 1), 'unscaled_outputs': (750, 59, 1), 'prev_outputs': (750, 59, 1), 'coso_vitals': (750, 59, 24), 'COSO': (750, 59, 1)}
[2024-04-09 15:22:39,642][src.models.crn][INFO] - Input size of encoder: 71
[2024-04-09 15:27:23,817][src.models.time_varying_model][INFO] - RMSE calculation for val.
[2024-04-09 15:27:23,818][src.models.time_varying_model][INFO] - Predictions for val.
[2024-04-09 15:27:24,452][__main__][INFO] - Val normalised RMSE (all): 4.8795946961818535; Val normalised RMSE (orig): 4.90198454938477
[2024-04-09 15:27:24,453][src.models.time_varying_model][INFO] - RMSE calculation for test.
[2024-04-09 15:27:24,453][src.models.time_varying_model][INFO] - Predictions for test.
[2024-04-09 15:27:25,115][__main__][INFO] - Test normalised RMSE (all): 5.219466274233075; Test normalised RMSE (orig): 5.191786259141029.
[2024-04-09 15:27:25,177][src.models.crn][INFO] - Input size of decoder: 46
[2024-04-09 15:27:25,191][src.data.mimic_iii.real_dataset][INFO] - Exploding test dataset before testing (multiple sequences)
[2024-04-09 15:27:25,596][src.data.mimic_iii.real_dataset][INFO] - Shape of processed test data: {'prev_treatments': (34439, 59, 1), 'current_treatments': (34439, 59, 1), 'static_features': (34439, 44), 'prev_outputs': (34439, 59, 1), 'outputs': (34439, 59, 1), 'vitals': (34439, 59, 25), 'next_vitals': (34439, 58, 25), 'unscaled_outputs': (34439, 59, 1), 'sequence_lengths': (34439,), 'active_entries': (34439, 59, 1)}
[2024-04-09 15:27:25,598][src.models.time_varying_model][INFO] - Balanced representations inference for train.
[2024-04-09 15:27:26,718][src.models.time_varying_model][INFO] - Balanced representations inference for val.
[2024-04-09 15:27:27,306][src.models.time_varying_model][INFO] - Balanced representations inference for test.
[2024-04-09 15:27:32,589][src.models.time_varying_model][INFO] - Predictions for test.
[2024-04-09 15:27:37,919][src.data.mimic_iii.real_dataset][INFO] - Processing train dataset before training (multiple sequences)
[2024-04-09 15:27:38,926][src.data.mimic_iii.real_dataset][INFO] - Shape of processed train data: {'init_state': (158549, 72), 'original_index': (158549,), 'active_encoder_r': (158549, 59), 'prev_treatments': (158549, 5, 1), 'current_treatments': (158549, 5, 1), 'static_features': (158549, 44), 'prev_outputs': (158549, 5, 1), 'outputs': (158549, 5, 1), 'unscaled_outputs': (158549, 5, 1), 'sequence_lengths': (158549,), 'active_entries': (158549, 5, 1)}
[2024-04-09 15:27:38,927][src.data.mimic_iii.real_dataset][INFO] - Processing val dataset before training (multiple sequences)
[2024-04-09 15:27:39,142][src.data.mimic_iii.real_dataset][INFO] - Shape of processed val data: {'init_state': (33411, 72), 'original_index': (33411,), 'active_encoder_r': (33411, 59), 'prev_treatments': (33411, 5, 1), 'current_treatments': (33411, 5, 1), 'static_features': (33411, 44), 'prev_outputs': (33411, 5, 1), 'outputs': (33411, 5, 1), 'unscaled_outputs': (33411, 5, 1), 'sequence_lengths': (33411,), 'active_entries': (33411, 5, 1)}
[2024-04-09 15:27:39,143][src.data.mimic_iii.real_dataset][INFO] - Processing test dataset before testing (multiple sequences)
[2024-04-09 15:27:39,633][src.data.mimic_iii.real_dataset][INFO] - Shape of processed test data: {'original_index': (34439,), 'active_encoder_r': (34439, 54), 'prev_treatments': (34439, 5, 1), 'current_treatments': (34439, 5, 1), 'static_features': (34439, 44), 'prev_outputs': (34439, 5, 1), 'outputs': (34439, 5, 1), 'unscaled_outputs': (34439, 5, 1), 'sequence_lengths': (34439,), 'active_entries': (34439, 5, 1), 'init_state': (34439, 72)}
[2024-04-09 15:27:39,638][src.data.mimic_iii.real_dataset][INFO] - Processing test dataset before testing (autoregressive)
[2024-04-09 15:27:39,784][src.data.mimic_iii.real_dataset][INFO] - Shape of processed test data: {'prev_treatments': (34439, 5, 1), 'current_treatments': (34439, 5, 1), 'prev_outputs': (34439, 5, 1), 'init_state': (34439, 72), 'active_encoder_r': (34439, 54), 'active_entries': (34439, 5, 1), 'static_features': (34439, 44)}
[2024-04-09 16:48:58,507][src.models.time_varying_model][INFO] - RMSE calculation for val.
[2024-04-09 16:48:58,507][src.models.time_varying_model][INFO] - Predictions for val.
[2024-04-09 16:49:00,462][__main__][INFO] - Val normalised RMSE (all): 8.875322805430269; Val normalised RMSE (orig): 8.875322805430272
[2024-04-09 16:49:00,473][src.models.time_varying_model][INFO] - RMSE calculation for test.
[2024-04-09 16:49:00,473][src.models.time_varying_model][INFO] - Autoregressive Prediction for test.
[2024-04-09 16:49:00,474][src.models.time_varying_model][INFO] - t = 2
[2024-04-09 16:49:00,474][src.models.time_varying_model][INFO] - Predictions for test.
[2024-04-09 16:49:02,396][src.models.time_varying_model][INFO] - t = 3
[2024-04-09 16:49:02,396][src.models.time_varying_model][INFO] - Predictions for test.
[2024-04-09 16:49:04,163][src.models.time_varying_model][INFO] - t = 4
[2024-04-09 16:49:04,163][src.models.time_varying_model][INFO] - Predictions for test.
[2024-04-09 16:49:05,942][src.models.time_varying_model][INFO] - t = 5
[2024-04-09 16:49:05,942][src.models.time_varying_model][INFO] - Predictions for test.
[2024-04-09 16:49:07,677][src.models.time_varying_model][INFO] - t = 6
[2024-04-09 16:49:07,677][src.models.time_varying_model][INFO] - Predictions for test.
[2024-04-09 16:49:09,541][__main__][INFO] - Test normalised RMSE (n-step prediction): {'2-step': 9.288695707506067, '3-step': 9.891909796646742, '4-step': 10.27054128850326, '5-step': 10.522066658869443, '6-step': 10.774673765313388}
