[2024-05-04 23:54:12,965][__main__][INFO] - 
model:
  dim_treatments: 4
  dim_vitals: 0
  dim_static_features: 1
  dim_outcomes: 1
  dim_cosovitals: ???
  dim_abstract_confounders: ???
  dim_s: ???
  name: G-Net
  g_net:
    _target_: src.models.gnet.GNet
    seq_hidden_units: 48
    num_layer: 1
    r_size: 2
    fc_hidden_units: 40
    num_comp: 1
    mc_samples: 50
    fit_vitals: true
    comp_sizes: null
    batch_size: 64
    dropout_rate: 0.2
    optimizer:
      optimizer_cls: adam
      learning_rate: 0.01
      weight_decay: 0.0
      lr_scheduler: false
    tune_hparams: false
    tune_range: 50
    hparams_grid: null
    resources_per_trial: null
dataset:
  val_batch_size: 4096
  treatment_mode: multiclass
  _target_: src.data.SyntheticVitalDatasetCollection
  name: tumor_generator
  seed: 1000
  num_confounder: 2
  num_u: 1
  split:
    val: 0.15
    test: 0.15
  window_size: 15
  lag: 0
  max_seq_length: 60
  projection_horizon: 5
  cf_seq_mode: sliding_treatment
  time_step: 30
  holdout_ratio: 0.1
exp:
  seed: 1000
  gpus:
  - 0
  max_epochs: 100
  logging: true
  mlflow_uri: http://127.0.0.1:5000
  unscale_rmse: true
  percentage_rmse: true
  alpha: 1.0
  update_alpha: false
  alpha_rate: exp
  balancing: grad_reverse
  bce_weight: false
  weights_ema: false
  beta: 0.99

[2024-05-04 23:54:35,725][src.data.cancer_sim.dataset][INFO] - Shape of processed train data: {'sequence_lengths': (3500,), 'prev_treatments': (3500, 28, 1), 'vitals': (3500, 28, 10), 'next_vitals': (3500, 27, 10), 'current_treatments': (3500, 28, 1), 'static_features': (3500, 1), 'active_entries': (3500, 28, 1), 'outputs': (3500, 28, 1), 'unscaled_outputs': (3500, 28, 1), 'prev_outputs': (3500, 28, 1), 'coso_vitals': (3500, 28, 9), 'COSO': (3500, 28, 1)}
[2024-05-04 23:54:35,725][src.data.cancer_sim.dataset][INFO] - Shape of processed val data: {'sequence_lengths': (750,), 'prev_treatments': (750, 28, 1), 'vitals': (750, 28, 10), 'next_vitals': (750, 27, 10), 'current_treatments': (750, 28, 1), 'static_features': (750, 1), 'active_entries': (750, 28, 1), 'outputs': (750, 28, 1), 'unscaled_outputs': (750, 28, 1), 'prev_outputs': (750, 28, 1), 'coso_vitals': (750, 28, 9), 'COSO': (750, 28, 1)}
[2024-05-04 23:54:35,725][src.data.cancer_sim.dataset][INFO] - Shape of processed test data: {'sequence_lengths': (750,), 'prev_treatments': (750, 28, 1), 'vitals': (750, 28, 10), 'next_vitals': (750, 27, 10), 'current_treatments': (750, 28, 1), 'static_features': (750, 1), 'active_entries': (750, 28, 1), 'outputs': (750, 28, 1), 'unscaled_outputs': (750, 28, 1), 'prev_outputs': (750, 28, 1), 'coso_vitals': (750, 28, 9), 'COSO': (750, 28, 1)}
[2024-05-04 23:54:35,725][src.data.cancer_sim.dataset][INFO] - Exploding test dataset before testing (multiple sequences)
[2024-05-04 23:54:35,834][src.data.cancer_sim.dataset][INFO] - Shape of processed test data: {'prev_treatments': (13811, 28, 1), 'current_treatments': (13811, 28, 1), 'static_features': (13811, 1), 'prev_outputs': (13811, 28, 1), 'outputs': (13811, 28, 1), 'vitals': (13811, 28, 10), 'next_vitals': (13811, 27, 10), 'unscaled_outputs': (13811, 28, 1), 'sequence_lengths': (13811,), 'active_entries': (13811, 28, 1)}
[2024-05-04 23:54:35,834][src.data.cancer_sim.dataset][INFO] - Processing test dataset before testing (multiple sequences)
[2024-05-04 23:54:35,944][src.data.cancer_sim.dataset][INFO] - Shape of processed test data: {'original_index': (13811,), 'active_encoder_r': (13811, 23), 'prev_treatments': (13811, 5, 1), 'current_treatments': (13811, 5, 1), 'static_features': (13811, 1), 'prev_outputs': (13811, 5, 1), 'outputs': (13811, 5, 1), 'unscaled_outputs': (13811, 5, 1), 'sequence_lengths': (13811,), 'active_entries': (13811, 5, 1)}
[2024-05-04 23:54:36,069][src.models.gnet][INFO] - Input size of g_net: 13
[2024-05-04 23:54:36,100][src.data.dataset_collection][INFO] - Splited train_f on train_f: 3150 and train_f_holdout: 350
[2024-05-04 23:54:36,100][src.data.dataset_collection][INFO] - Exploding test_f 50 times
[2024-05-04 23:54:36,131][src.data.dataset_collection][INFO] - Exploding test_f 50 times
[2024-05-04 23:54:36,147][src.data.dataset_collection][INFO] - Exploding test_f 50 times
[2024-05-04 23:54:36,178][src.data.dataset_collection][INFO] - Exploding test_f 50 times
[2024-05-04 23:54:36,194][src.data.dataset_collection][INFO] - Exploding test_f 50 times
[2024-05-04 23:54:36,225][src.data.dataset_collection][INFO] - Exploding test_f 50 times
[2024-05-04 23:54:36,241][src.data.dataset_collection][INFO] - Exploding test_f 50 times
[2024-05-04 23:54:36,272][src.data.dataset_collection][INFO] - Exploding test_f 50 times
[2024-05-04 23:54:36,288][src.data.dataset_collection][INFO] - Exploding test_f 50 times
[2024-05-04 23:54:36,319][src.data.dataset_collection][INFO] - Exploding test_f 50 times
[2024-05-04 23:54:36,334][src.data.dataset_collection][INFO] - Exploding test_f 50 times
[2024-05-04 23:54:36,366][src.data.dataset_collection][INFO] - Exploding test_f 50 times
[2024-05-04 23:54:36,381][src.data.dataset_collection][INFO] - Exploding test_f 50 times
[2024-05-04 23:54:36,412][src.data.dataset_collection][INFO] - Exploding test_f 50 times
[2024-05-04 23:54:36,428][src.data.dataset_collection][INFO] - Exploding test_f 50 times
[2024-05-04 23:54:36,459][src.data.dataset_collection][INFO] - Exploding test_f 50 times
[2024-05-04 23:54:36,475][src.data.dataset_collection][INFO] - Exploding test_f 50 times
[2024-05-04 23:54:36,506][src.data.dataset_collection][INFO] - Exploding test_f 50 times
[2024-05-04 23:54:36,522][src.data.dataset_collection][INFO] - Exploding test_f 50 times
[2024-05-04 23:54:36,553][src.data.dataset_collection][INFO] - Exploding test_f 50 times
[2024-05-04 23:54:36,584][src.data.dataset_collection][INFO] - Exploding test_f 50 times
[2024-05-04 23:54:36,600][src.data.dataset_collection][INFO] - Exploding test_f 50 times
[2024-05-04 23:54:36,631][src.data.dataset_collection][INFO] - Exploding test_f 50 times
[2024-05-04 23:54:36,647][src.data.dataset_collection][INFO] - Exploding test_f 50 times
[2024-05-04 23:54:36,678][src.data.dataset_collection][INFO] - Exploding test_f 50 times
[2024-05-04 23:54:36,694][src.data.dataset_collection][INFO] - Exploding test_f 50 times
[2024-05-04 23:54:36,725][src.data.dataset_collection][INFO] - Exploding test_f 50 times
[2024-05-04 23:54:36,741][src.data.dataset_collection][INFO] - Exploding test_f 50 times
[2024-05-04 23:54:36,772][src.data.dataset_collection][INFO] - Exploding test_f 50 times
[2024-05-04 23:54:36,787][src.data.dataset_collection][INFO] - Exploding test_f 50 times
[2024-05-04 23:54:36,819][src.data.dataset_collection][INFO] - Exploding test_f 50 times
[2024-05-04 23:54:36,850][src.data.dataset_collection][INFO] - Exploding test_f 50 times
[2024-05-04 23:54:36,866][src.data.dataset_collection][INFO] - Exploding test_f 50 times
[2024-05-04 23:54:36,897][src.data.dataset_collection][INFO] - Exploding test_f 50 times
[2024-05-04 23:54:36,912][src.data.dataset_collection][INFO] - Exploding test_f 50 times
[2024-05-04 23:54:36,944][src.data.dataset_collection][INFO] - Exploding test_f 50 times
[2024-05-04 23:54:36,959][src.data.dataset_collection][INFO] - Exploding test_f 50 times
[2024-05-04 23:54:36,990][src.data.dataset_collection][INFO] - Exploding test_f 50 times
[2024-05-04 23:54:37,006][src.data.dataset_collection][INFO] - Exploding test_f 50 times
[2024-05-04 23:54:37,037][src.data.dataset_collection][INFO] - Exploding test_f 50 times
[2024-05-04 23:54:37,053][src.data.dataset_collection][INFO] - Exploding test_f 50 times
[2024-05-04 23:54:37,084][src.data.dataset_collection][INFO] - Exploding test_f 50 times
[2024-05-04 23:54:37,100][src.data.dataset_collection][INFO] - Exploding test_f 50 times
[2024-05-04 23:54:37,131][src.data.dataset_collection][INFO] - Exploding test_f 50 times
[2024-05-04 23:54:37,147][src.data.dataset_collection][INFO] - Exploding test_f 50 times
[2024-05-04 23:54:37,178][src.data.dataset_collection][INFO] - Exploding test_f 50 times
[2024-05-04 23:54:37,194][src.data.dataset_collection][INFO] - Exploding test_f 50 times
[2024-05-04 23:54:37,225][src.data.dataset_collection][INFO] - Exploding test_f 50 times
[2024-05-04 23:54:37,240][src.data.dataset_collection][INFO] - Exploding test_f 50 times
[2024-05-04 23:54:37,272][src.data.dataset_collection][INFO] - Exploding test_f 50 times
[2024-05-04 23:56:47,319][src.models.gnet][INFO] - Fitting residuals based on train_f_holdout.
[2024-05-04 23:56:47,319][src.models.gnet][INFO] - Predictions for train.
[2024-05-04 23:56:48,194][src.models.time_varying_model][INFO] - RMSE calculation for val.
[2024-05-04 23:56:48,194][src.models.gnet][INFO] - Predictions for val.
[2024-05-04 23:56:49,131][__main__][INFO] - Val normalised RMSE (all): 2.8481954301469417; Val normalised RMSE (orig): nan
[2024-05-04 23:56:49,131][src.models.time_varying_model][INFO] - RMSE calculation for test.
[2024-05-04 23:56:49,131][src.models.gnet][INFO] - Predictions for test.
[2024-05-04 23:56:50,053][__main__][INFO] - Test normalised RMSE (all): 2.8198481111815212; Test normalised RMSE (orig): nan.
[2024-05-04 23:56:50,100][src.models.time_varying_model][INFO] - RMSE calculation for test.
[2024-05-04 23:56:50,100][src.models.gnet][INFO] - Autoregressive Prediction for test with MC-sampling of trajectories.
[2024-05-04 23:56:50,116][src.models.gnet][INFO] - t = 1
[2024-05-04 23:56:50,116][src.models.gnet][INFO] - Predictions for test.
[2024-05-04 23:56:51,771][src.models.gnet][INFO] - Predictions for test.
[2024-05-04 23:56:53,318][src.models.gnet][INFO] - Predictions for test.
[2024-05-04 23:56:54,927][src.models.gnet][INFO] - Predictions for test.
[2024-05-04 23:56:56,395][src.models.gnet][INFO] - Predictions for test.
[2024-05-04 23:56:57,973][src.models.gnet][INFO] - Predictions for test.
[2024-05-04 23:56:59,567][src.models.gnet][INFO] - Predictions for test.
[2024-05-04 23:57:01,082][src.models.gnet][INFO] - Predictions for test.
[2024-05-04 23:57:02,581][src.models.gnet][INFO] - Predictions for test.
[2024-05-04 23:57:04,003][src.models.gnet][INFO] - Predictions for test.
[2024-05-04 23:57:05,659][src.models.gnet][INFO] - Predictions for test.
[2024-05-04 23:57:07,190][src.models.gnet][INFO] - Predictions for test.
[2024-05-04 23:57:08,783][src.models.gnet][INFO] - Predictions for test.
[2024-05-04 23:57:10,283][src.models.gnet][INFO] - Predictions for test.
[2024-05-04 23:57:11,923][src.models.gnet][INFO] - Predictions for test.
[2024-05-04 23:57:13,454][src.models.gnet][INFO] - Predictions for test.
[2024-05-04 23:57:15,016][src.models.gnet][INFO] - Predictions for test.
[2024-05-04 23:57:16,594][src.models.gnet][INFO] - Predictions for test.
[2024-05-04 23:57:18,187][src.models.gnet][INFO] - Predictions for test.
[2024-05-04 23:57:19,781][src.models.gnet][INFO] - Predictions for test.
[2024-05-04 23:57:21,296][src.models.gnet][INFO] - Predictions for test.
[2024-05-04 23:57:22,733][src.models.gnet][INFO] - Predictions for test.
[2024-05-04 23:57:24,358][src.models.gnet][INFO] - Predictions for test.
[2024-05-04 23:57:25,904][src.models.gnet][INFO] - Predictions for test.
[2024-05-04 23:57:27,419][src.models.gnet][INFO] - Predictions for test.
[2024-05-04 23:57:28,997][src.models.gnet][INFO] - Predictions for test.
[2024-05-04 23:57:30,512][src.models.gnet][INFO] - Predictions for test.
[2024-05-04 23:57:31,918][src.models.gnet][INFO] - Predictions for test.
[2024-05-04 23:57:33,543][src.models.gnet][INFO] - Predictions for test.
[2024-05-04 23:57:34,965][src.models.gnet][INFO] - Predictions for test.
[2024-05-04 23:57:36,558][src.models.gnet][INFO] - Predictions for test.
[2024-05-04 23:57:38,136][src.models.gnet][INFO] - Predictions for test.
[2024-05-04 23:57:39,557][src.models.gnet][INFO] - Predictions for test.
[2024-05-04 23:57:41,135][src.models.gnet][INFO] - Predictions for test.
[2024-05-04 23:57:42,917][src.models.gnet][INFO] - Predictions for test.
[2024-05-04 23:57:44,464][src.models.gnet][INFO] - Predictions for test.
[2024-05-04 23:57:45,994][src.models.gnet][INFO] - Predictions for test.
[2024-05-04 23:57:47,572][src.models.gnet][INFO] - Predictions for test.
[2024-05-04 23:57:49,119][src.models.gnet][INFO] - Predictions for test.
[2024-05-04 23:57:50,665][src.models.gnet][INFO] - Predictions for test.
[2024-05-04 23:57:52,243][src.models.gnet][INFO] - Predictions for test.
[2024-05-04 23:57:53,665][src.models.gnet][INFO] - Predictions for test.
[2024-05-04 23:57:55,242][src.models.gnet][INFO] - Predictions for test.
[2024-05-04 23:57:56,914][src.models.gnet][INFO] - Predictions for test.
[2024-05-04 23:57:58,445][src.models.gnet][INFO] - Predictions for test.
[2024-05-04 23:57:59,835][src.models.gnet][INFO] - Predictions for test.
[2024-05-04 23:58:01,460][src.models.gnet][INFO] - Predictions for test.
[2024-05-04 23:58:02,975][src.models.gnet][INFO] - Predictions for test.
[2024-05-04 23:58:04,490][src.models.gnet][INFO] - Predictions for test.
[2024-05-04 23:58:05,943][src.models.gnet][INFO] - Predictions for test.
[2024-05-04 23:58:07,474][src.models.gnet][INFO] - t = 2
[2024-05-04 23:58:07,474][src.models.gnet][INFO] - Predictions for test.
[2024-05-04 23:58:08,864][src.models.gnet][INFO] - Predictions for test.
[2024-05-04 23:58:10,489][src.models.gnet][INFO] - Predictions for test.
[2024-05-04 23:58:12,067][src.models.gnet][INFO] - Predictions for test.
[2024-05-04 23:58:13,597][src.models.gnet][INFO] - Predictions for test.
[2024-05-04 23:58:15,160][src.models.gnet][INFO] - Predictions for test.
[2024-05-04 23:58:16,550][src.models.gnet][INFO] - Predictions for test.
[2024-05-04 23:58:18,112][src.models.gnet][INFO] - Predictions for test.
[2024-05-04 23:58:19,674][src.models.gnet][INFO] - Predictions for test.
[2024-05-04 23:58:21,283][src.models.gnet][INFO] - Predictions for test.
[2024-05-04 23:58:22,830][src.models.gnet][INFO] - Predictions for test.
[2024-05-04 23:58:24,423][src.models.gnet][INFO] - Predictions for test.
[2024-05-04 23:58:25,954][src.models.gnet][INFO] - Predictions for test.
[2024-05-04 23:58:27,500][src.models.gnet][INFO] - Predictions for test.
[2024-05-04 23:58:29,094][src.models.gnet][INFO] - Predictions for test.
[2024-05-04 23:58:30,656][src.models.gnet][INFO] - Predictions for test.
[2024-05-04 23:58:32,171][src.models.gnet][INFO] - Predictions for test.
[2024-05-04 23:58:33,686][src.models.gnet][INFO] - Predictions for test.
[2024-05-04 23:58:35,170][src.models.gnet][INFO] - Predictions for test.
[2024-05-04 23:58:36,748][src.models.gnet][INFO] - Predictions for test.
[2024-05-04 23:58:38,326][src.models.gnet][INFO] - Predictions for test.
[2024-05-04 23:58:39,951][src.models.gnet][INFO] - Predictions for test.
[2024-05-04 23:58:41,528][src.models.gnet][INFO] - Predictions for test.
[2024-05-04 23:58:43,059][src.models.gnet][INFO] - Predictions for test.
[2024-05-04 23:58:44,637][src.models.gnet][INFO] - Predictions for test.
[2024-05-04 23:58:46,152][src.models.gnet][INFO] - Predictions for test.
[2024-05-04 23:58:47,699][src.models.gnet][INFO] - Predictions for test.
[2024-05-04 23:58:49,277][src.models.gnet][INFO] - Predictions for test.
[2024-05-04 23:58:50,792][src.models.gnet][INFO] - Predictions for test.
[2024-05-04 23:58:52,307][src.models.gnet][INFO] - Predictions for test.
[2024-05-04 23:58:53,776][src.models.gnet][INFO] - Predictions for test.
[2024-05-04 23:58:55,306][src.models.gnet][INFO] - Predictions for test.
[2024-05-04 23:58:56,900][src.models.gnet][INFO] - Predictions for test.
[2024-05-04 23:58:58,509][src.models.gnet][INFO] - Predictions for test.
[2024-05-04 23:59:00,040][src.models.gnet][INFO] - Predictions for test.
[2024-05-04 23:59:01,586][src.models.gnet][INFO] - Predictions for test.
[2024-05-04 23:59:03,055][src.models.gnet][INFO] - Predictions for test.
[2024-05-04 23:59:04,570][src.models.gnet][INFO] - Predictions for test.
[2024-05-04 23:59:05,960][src.models.gnet][INFO] - Predictions for test.
[2024-05-04 23:59:07,569][src.models.gnet][INFO] - Predictions for test.
[2024-05-04 23:59:09,116][src.models.gnet][INFO] - Predictions for test.
[2024-05-04 23:59:10,756][src.models.gnet][INFO] - Predictions for test.
[2024-05-04 23:59:12,381][src.models.gnet][INFO] - Predictions for test.
[2024-05-04 23:59:13,911][src.models.gnet][INFO] - Predictions for test.
[2024-05-04 23:59:15,442][src.models.gnet][INFO] - Predictions for test.
[2024-05-04 23:59:16,895][src.models.gnet][INFO] - Predictions for test.
[2024-05-04 23:59:18,473][src.models.gnet][INFO] - Predictions for test.
[2024-05-04 23:59:19,988][src.models.gnet][INFO] - Predictions for test.
[2024-05-04 23:59:21,582][src.models.gnet][INFO] - Predictions for test.
[2024-05-04 23:59:23,081][src.models.gnet][INFO] - Predictions for test.
[2024-05-04 23:59:24,487][src.models.gnet][INFO] - t = 3
[2024-05-04 23:59:24,487][src.models.gnet][INFO] - Predictions for test.
[2024-05-04 23:59:26,127][src.models.gnet][INFO] - Predictions for test.
[2024-05-04 23:59:27,643][src.models.gnet][INFO] - Predictions for test.
[2024-05-04 23:59:29,173][src.models.gnet][INFO] - Predictions for test.
[2024-05-04 23:59:30,798][src.models.gnet][INFO] - Predictions for test.
[2024-05-04 23:59:32,360][src.models.gnet][INFO] - Predictions for test.
[2024-05-04 23:59:33,876][src.models.gnet][INFO] - Predictions for test.
[2024-05-04 23:59:35,453][src.models.gnet][INFO] - Predictions for test.
[2024-05-04 23:59:37,047][src.models.gnet][INFO] - Predictions for test.
[2024-05-04 23:59:38,562][src.models.gnet][INFO] - Predictions for test.
[2024-05-04 23:59:40,124][src.models.gnet][INFO] - Predictions for test.
[2024-05-04 23:59:41,717][src.models.gnet][INFO] - Predictions for test.
[2024-05-04 23:59:43,264][src.models.gnet][INFO] - Predictions for test.
[2024-05-04 23:59:44,873][src.models.gnet][INFO] - Predictions for test.
[2024-05-04 23:59:46,388][src.models.gnet][INFO] - Predictions for test.
[2024-05-04 23:59:48,216][src.models.gnet][INFO] - Predictions for test.
[2024-05-04 23:59:49,794][src.models.gnet][INFO] - Predictions for test.
[2024-05-04 23:59:51,293][src.models.gnet][INFO] - Predictions for test.
[2024-05-04 23:59:52,809][src.models.gnet][INFO] - Predictions for test.
[2024-05-04 23:59:54,261][src.models.gnet][INFO] - Predictions for test.
[2024-05-04 23:59:55,855][src.models.gnet][INFO] - Predictions for test.
[2024-05-04 23:59:57,386][src.models.gnet][INFO] - Predictions for test.
[2024-05-04 23:59:58,995][src.models.gnet][INFO] - Predictions for test.
[2024-05-05 00:00:00,729][src.models.gnet][INFO] - Predictions for test.
[2024-05-05 00:00:02,306][src.models.gnet][INFO] - Predictions for test.
[2024-05-05 00:00:03,853][src.models.gnet][INFO] - Predictions for test.
[2024-05-05 00:00:05,431][src.models.gnet][INFO] - Predictions for test.
[2024-05-05 00:00:06,977][src.models.gnet][INFO] - Predictions for test.
[2024-05-05 00:00:08,524][src.models.gnet][INFO] - Predictions for test.
[2024-05-05 00:00:10,117][src.models.gnet][INFO] - Predictions for test.
[2024-05-05 00:00:11,664][src.models.gnet][INFO] - Predictions for test.
[2024-05-05 00:00:13,085][src.models.gnet][INFO] - Predictions for test.
[2024-05-05 00:00:14,803][src.models.gnet][INFO] - Predictions for test.
[2024-05-05 00:00:16,194][src.models.gnet][INFO] - Predictions for test.
[2024-05-05 00:00:17,740][src.models.gnet][INFO] - Predictions for test.
[2024-05-05 00:00:19,334][src.models.gnet][INFO] - Predictions for test.
[2024-05-05 00:00:20,865][src.models.gnet][INFO] - Predictions for test.
[2024-05-05 00:00:22,489][src.models.gnet][INFO] - Predictions for test.
[2024-05-05 00:00:24,083][src.models.gnet][INFO] - Predictions for test.
[2024-05-05 00:00:25,707][src.models.gnet][INFO] - Predictions for test.
[2024-05-05 00:00:27,269][src.models.gnet][INFO] - Predictions for test.
[2024-05-05 00:00:28,941][src.models.gnet][INFO] - Predictions for test.
[2024-05-05 00:00:30,456][src.models.gnet][INFO] - Predictions for test.
[2024-05-05 00:00:31,971][src.models.gnet][INFO] - Predictions for test.
[2024-05-05 00:00:33,533][src.models.gnet][INFO] - Predictions for test.
[2024-05-05 00:00:35,080][src.models.gnet][INFO] - Predictions for test.
[2024-05-05 00:00:36,595][src.models.gnet][INFO] - Predictions for test.
[2024-05-05 00:00:38,189][src.models.gnet][INFO] - Predictions for test.
[2024-05-05 00:00:39,688][src.models.gnet][INFO] - Predictions for test.
[2024-05-05 00:00:41,110][src.models.gnet][INFO] - Predictions for test.
[2024-05-05 00:00:42,750][src.models.gnet][INFO] - t = 4
[2024-05-05 00:00:42,750][src.models.gnet][INFO] - Predictions for test.
[2024-05-05 00:00:44,297][src.models.gnet][INFO] - Predictions for test.
[2024-05-05 00:00:45,812][src.models.gnet][INFO] - Predictions for test.
[2024-05-05 00:00:47,374][src.models.gnet][INFO] - Predictions for test.
[2024-05-05 00:00:48,780][src.models.gnet][INFO] - Predictions for test.
[2024-05-05 00:00:50,326][src.models.gnet][INFO] - Predictions for test.
[2024-05-05 00:00:51,935][src.models.gnet][INFO] - Predictions for test.
[2024-05-05 00:00:53,435][src.models.gnet][INFO] - Predictions for test.
[2024-05-05 00:00:54,997][src.models.gnet][INFO] - Predictions for test.
[2024-05-05 00:00:56,622][src.models.gnet][INFO] - Predictions for test.
[2024-05-05 00:00:58,137][src.models.gnet][INFO] - Predictions for test.
[2024-05-05 00:00:59,574][src.models.gnet][INFO] - Predictions for test.
[2024-05-05 00:01:01,261][src.models.gnet][INFO] - Predictions for test.
[2024-05-05 00:01:02,792][src.models.gnet][INFO] - Predictions for test.
[2024-05-05 00:01:04,308][src.models.gnet][INFO] - Predictions for test.
[2024-05-05 00:01:05,901][src.models.gnet][INFO] - Predictions for test.
[2024-05-05 00:01:07,401][src.models.gnet][INFO] - Predictions for test.
[2024-05-05 00:01:08,806][src.models.gnet][INFO] - Predictions for test.
[2024-05-05 00:01:10,431][src.models.gnet][INFO] - Predictions for test.
[2024-05-05 00:01:12,071][src.models.gnet][INFO] - Predictions for test.
[2024-05-05 00:01:13,571][src.models.gnet][INFO] - Predictions for test.
[2024-05-05 00:01:15,149][src.models.gnet][INFO] - Predictions for test.
[2024-05-05 00:01:17,461][src.models.gnet][INFO] - Predictions for test.
[2024-05-05 00:01:18,851][src.models.gnet][INFO] - Predictions for test.
[2024-05-05 00:01:20,538][src.models.gnet][INFO] - Predictions for test.
[2024-05-05 00:01:22,053][src.models.gnet][INFO] - Predictions for test.
[2024-05-05 00:01:23,459][src.models.gnet][INFO] - Predictions for test.
[2024-05-05 00:01:25,115][src.models.gnet][INFO] - Predictions for test.
[2024-05-05 00:01:26,693][src.models.gnet][INFO] - Predictions for test.
[2024-05-05 00:01:28,208][src.models.gnet][INFO] - Predictions for test.
[2024-05-05 00:01:29,723][src.models.gnet][INFO] - Predictions for test.
[2024-05-05 00:01:31,207][src.models.gnet][INFO] - Predictions for test.
[2024-05-05 00:01:32,770][src.models.gnet][INFO] - Predictions for test.
[2024-05-05 00:01:34,363][src.models.gnet][INFO] - Predictions for test.
[2024-05-05 00:01:35,831][src.models.gnet][INFO] - Predictions for test.
[2024-05-05 00:01:37,237][src.models.gnet][INFO] - Predictions for test.
[2024-05-05 00:01:38,862][src.models.gnet][INFO] - Predictions for test.
[2024-05-05 00:01:40,424][src.models.gnet][INFO] - Predictions for test.
[2024-05-05 00:01:42,017][src.models.gnet][INFO] - Predictions for test.
[2024-05-05 00:01:43,533][src.models.gnet][INFO] - Predictions for test.
[2024-05-05 00:01:45,126][src.models.gnet][INFO] - Predictions for test.
[2024-05-05 00:01:46,704][src.models.gnet][INFO] - Predictions for test.
[2024-05-05 00:01:48,250][src.models.gnet][INFO] - Predictions for test.
[2024-05-05 00:01:49,844][src.models.gnet][INFO] - Predictions for test.
[2024-05-05 00:01:51,297][src.models.gnet][INFO] - Predictions for test.
[2024-05-05 00:01:52,718][src.models.gnet][INFO] - Predictions for test.
[2024-05-05 00:01:54,358][src.models.gnet][INFO] - Predictions for test.
[2024-05-05 00:01:55,905][src.models.gnet][INFO] - Predictions for test.
[2024-05-05 00:01:57,420][src.models.gnet][INFO] - Predictions for test.
[2024-05-05 00:01:59,045][src.models.gnet][INFO] - Predictions for test.
[2024-05-05 00:02:00,591][src.models.gnet][INFO] - t = 5
[2024-05-05 00:02:00,591][src.models.gnet][INFO] - Predictions for test.
[2024-05-05 00:02:02,138][src.models.gnet][INFO] - Predictions for test.
[2024-05-05 00:02:03,762][src.models.gnet][INFO] - Predictions for test.
[2024-05-05 00:02:05,309][src.models.gnet][INFO] - Predictions for test.
[2024-05-05 00:02:06,824][src.models.gnet][INFO] - Predictions for test.
[2024-05-05 00:02:08,402][src.models.gnet][INFO] - Predictions for test.
[2024-05-05 00:02:09,917][src.models.gnet][INFO] - Predictions for test.
[2024-05-05 00:02:11,339][src.models.gnet][INFO] - Predictions for test.
[2024-05-05 00:02:12,995][src.models.gnet][INFO] - Predictions for test.
[2024-05-05 00:02:14,541][src.models.gnet][INFO] - Predictions for test.
[2024-05-05 00:02:16,072][src.models.gnet][INFO] - Predictions for test.
[2024-05-05 00:02:17,650][src.models.gnet][INFO] - Predictions for test.
[2024-05-05 00:02:19,149][src.models.gnet][INFO] - Predictions for test.
[2024-05-05 00:02:20,540][src.models.gnet][INFO] - Predictions for test.
[2024-05-05 00:02:22,180][src.models.gnet][INFO] - Predictions for test.
[2024-05-05 00:02:23,711][src.models.gnet][INFO] - Predictions for test.
[2024-05-05 00:02:25,226][src.models.gnet][INFO] - Predictions for test.
[2024-05-05 00:02:26,866][src.models.gnet][INFO] - Predictions for test.
[2024-05-05 00:02:28,413][src.models.gnet][INFO] - Predictions for test.
[2024-05-05 00:02:29,928][src.models.gnet][INFO] - Predictions for test.
[2024-05-05 00:02:31,522][src.models.gnet][INFO] - Predictions for test.
[2024-05-05 00:02:33,021][src.models.gnet][INFO] - Predictions for test.
[2024-05-05 00:02:34,427][src.models.gnet][INFO] - Predictions for test.
[2024-05-05 00:02:36,067][src.models.gnet][INFO] - Predictions for test.
[2024-05-05 00:02:37,583][src.models.gnet][INFO] - Predictions for test.
[2024-05-05 00:02:39,129][src.models.gnet][INFO] - Predictions for test.
[2024-05-05 00:02:40,722][src.models.gnet][INFO] - Predictions for test.
[2024-05-05 00:02:42,144][src.models.gnet][INFO] - Predictions for test.
[2024-05-05 00:02:43,691][src.models.gnet][INFO] - Predictions for test.
[2024-05-05 00:02:45,268][src.models.gnet][INFO] - Predictions for test.
[2024-05-05 00:02:46,768][src.models.gnet][INFO] - Predictions for test.
[2024-05-05 00:02:48,314][src.models.gnet][INFO] - Predictions for test.
[2024-05-05 00:02:49,908][src.models.gnet][INFO] - Predictions for test.
[2024-05-05 00:02:51,408][src.models.gnet][INFO] - Predictions for test.
[2024-05-05 00:02:52,954][src.models.gnet][INFO] - Predictions for test.
[2024-05-05 00:02:54,547][src.models.gnet][INFO] - Predictions for test.
[2024-05-05 00:02:56,047][src.models.gnet][INFO] - Predictions for test.
[2024-05-05 00:02:57,594][src.models.gnet][INFO] - Predictions for test.
[2024-05-05 00:02:59,187][src.models.gnet][INFO] - Predictions for test.
[2024-05-05 00:03:00,733][src.models.gnet][INFO] - Predictions for test.
[2024-05-05 00:03:02,233][src.models.gnet][INFO] - Predictions for test.
[2024-05-05 00:03:03,873][src.models.gnet][INFO] - Predictions for test.
[2024-05-05 00:03:05,420][src.models.gnet][INFO] - Predictions for test.
[2024-05-05 00:03:06,935][src.models.gnet][INFO] - Predictions for test.
[2024-05-05 00:03:08,513][src.models.gnet][INFO] - Predictions for test.
[2024-05-05 00:03:10,106][src.models.gnet][INFO] - Predictions for test.
[2024-05-05 00:03:11,653][src.models.gnet][INFO] - Predictions for test.
[2024-05-05 00:03:13,231][src.models.gnet][INFO] - Predictions for test.
[2024-05-05 00:03:14,746][src.models.gnet][INFO] - Predictions for test.
[2024-05-05 00:03:16,245][src.models.gnet][INFO] - Predictions for test.
[2024-05-05 00:03:17,667][src.models.gnet][INFO] - t = 6
[2024-05-05 00:03:17,667][src.models.gnet][INFO] - Predictions for test.
[2024-05-05 00:03:19,292][src.models.gnet][INFO] - Predictions for test.
[2024-05-05 00:03:20,823][src.models.gnet][INFO] - Predictions for test.
[2024-05-05 00:03:22,353][src.models.gnet][INFO] - Predictions for test.
[2024-05-05 00:03:24,103][src.models.gnet][INFO] - Predictions for test.
[2024-05-05 00:03:25,525][src.models.gnet][INFO] - Predictions for test.
[2024-05-05 00:03:27,134][src.models.gnet][INFO] - Predictions for test.
[2024-05-05 00:03:28,727][src.models.gnet][INFO] - Predictions for test.
[2024-05-05 00:03:30,242][src.models.gnet][INFO] - Predictions for test.
[2024-05-05 00:03:31,757][src.models.gnet][INFO] - Predictions for test.
[2024-05-05 00:03:33,320][src.models.gnet][INFO] - Predictions for test.
[2024-05-05 00:03:34,726][src.models.gnet][INFO] - Predictions for test.
[2024-05-05 00:03:36,303][src.models.gnet][INFO] - Predictions for test.
[2024-05-05 00:03:37,928][src.models.gnet][INFO] - Predictions for test.
[2024-05-05 00:03:39,443][src.models.gnet][INFO] - Predictions for test.
[2024-05-05 00:03:40,958][src.models.gnet][INFO] - Predictions for test.
[2024-05-05 00:03:42,427][src.models.gnet][INFO] - Predictions for test.
[2024-05-05 00:03:43,926][src.models.gnet][INFO] - Predictions for test.
[2024-05-05 00:03:45,317][src.models.gnet][INFO] - Predictions for test.
[2024-05-05 00:03:46,941][src.models.gnet][INFO] - Predictions for test.
[2024-05-05 00:03:48,488][src.models.gnet][INFO] - Predictions for test.
[2024-05-05 00:03:50,034][src.models.gnet][INFO] - Predictions for test.
[2024-05-05 00:03:51,597][src.models.gnet][INFO] - Predictions for test.
[2024-05-05 00:03:53,112][src.models.gnet][INFO] - Predictions for test.
[2024-05-05 00:03:54,658][src.models.gnet][INFO] - Predictions for test.
[2024-05-05 00:03:56,236][src.models.gnet][INFO] - Predictions for test.
[2024-05-05 00:03:57,736][src.models.gnet][INFO] - Predictions for test.
[2024-05-05 00:03:59,282][src.models.gnet][INFO] - Predictions for test.
[2024-05-05 00:04:00,907][src.models.gnet][INFO] - Predictions for test.
[2024-05-05 00:04:02,485][src.models.gnet][INFO] - Predictions for test.
[2024-05-05 00:04:03,891][src.models.gnet][INFO] - Predictions for test.
[2024-05-05 00:04:05,531][src.models.gnet][INFO] - Predictions for test.
[2024-05-05 00:04:07,093][src.models.gnet][INFO] - Predictions for test.
[2024-05-05 00:04:08,608][src.models.gnet][INFO] - Predictions for test.
[2024-05-05 00:04:10,186][src.models.gnet][INFO] - Predictions for test.
[2024-05-05 00:04:11,857][src.models.gnet][INFO] - Predictions for test.
[2024-05-05 00:04:13,388][src.models.gnet][INFO] - Predictions for test.
[2024-05-05 00:04:14,982][src.models.gnet][INFO] - Predictions for test.
[2024-05-05 00:04:16,372][src.models.gnet][INFO] - Predictions for test.
[2024-05-05 00:04:17,903][src.models.gnet][INFO] - Predictions for test.
[2024-05-05 00:04:19,512][src.models.gnet][INFO] - Predictions for test.
[2024-05-05 00:04:21,137][src.models.gnet][INFO] - Predictions for test.
[2024-05-05 00:04:22,667][src.models.gnet][INFO] - Predictions for test.
[2024-05-05 00:04:24,292][src.models.gnet][INFO] - Predictions for test.
[2024-05-05 00:04:25,854][src.models.gnet][INFO] - Predictions for test.
[2024-05-05 00:04:27,432][src.models.gnet][INFO] - Predictions for test.
[2024-05-05 00:04:29,010][src.models.gnet][INFO] - Predictions for test.
[2024-05-05 00:04:30,431][src.models.gnet][INFO] - Predictions for test.
[2024-05-05 00:04:32,009][src.models.gnet][INFO] - Predictions for test.
[2024-05-05 00:04:33,602][src.models.gnet][INFO] - Predictions for test.
[2024-05-05 00:04:35,165][__main__][INFO] - Test normalised RMSE (n-step prediction): {'2-step': 12.955043108190925, '3-step': 13.474176558964581, '4-step': 12.925515967064182, '5-step': 12.295899824183131, '6-step': 13.116709799830481}
