[2024-05-04 22:31:50,833][__main__][INFO] - 
model:
  dim_treatments: 4
  dim_vitals: 0
  dim_static_features: 1
  dim_outcomes: 1
  dim_cosovitals: ???
  dim_abstract_confounders: ???
  dim_s: ???
  name: G-Net
  g_net:
    _target_: src.models.gnet.GNet
    seq_hidden_units: 48
    num_layer: 1
    r_size: 2
    fc_hidden_units: 40
    num_comp: 1
    mc_samples: 50
    fit_vitals: true
    comp_sizes: null
    batch_size: 64
    dropout_rate: 0.2
    optimizer:
      optimizer_cls: adam
      learning_rate: 0.01
      weight_decay: 0.0
      lr_scheduler: false
    tune_hparams: false
    tune_range: 50
    hparams_grid: null
    resources_per_trial: null
dataset:
  val_batch_size: 4096
  treatment_mode: multiclass
  _target_: src.data.SyntheticVitalDatasetCollection
  name: tumor_generator
  seed: 10
  num_confounder: 1
  num_u: 1
  split:
    val: 0.15
    test: 0.15
  window_size: 15
  lag: 0
  max_seq_length: 60
  projection_horizon: 5
  cf_seq_mode: sliding_treatment
  time_step: 30
  holdout_ratio: 0.1
exp:
  seed: 10
  gpus:
  - 0
  max_epochs: 100
  logging: true
  mlflow_uri: http://127.0.0.1:5000
  unscale_rmse: true
  percentage_rmse: true
  alpha: 1.0
  update_alpha: false
  alpha_rate: exp
  balancing: grad_reverse
  bce_weight: false
  weights_ema: false
  beta: 0.99

[2024-05-04 22:32:14,671][src.data.cancer_sim.dataset][INFO] - Shape of processed train data: {'sequence_lengths': (3500,), 'prev_treatments': (3500, 28, 1), 'vitals': (3500, 28, 8), 'next_vitals': (3500, 27, 8), 'current_treatments': (3500, 28, 1), 'static_features': (3500, 1), 'active_entries': (3500, 28, 1), 'outputs': (3500, 28, 1), 'unscaled_outputs': (3500, 28, 1), 'prev_outputs': (3500, 28, 1), 'coso_vitals': (3500, 28, 7), 'COSO': (3500, 28, 1)}
[2024-05-04 22:32:14,671][src.data.cancer_sim.dataset][INFO] - Shape of processed val data: {'sequence_lengths': (750,), 'prev_treatments': (750, 28, 1), 'vitals': (750, 28, 8), 'next_vitals': (750, 27, 8), 'current_treatments': (750, 28, 1), 'static_features': (750, 1), 'active_entries': (750, 28, 1), 'outputs': (750, 28, 1), 'unscaled_outputs': (750, 28, 1), 'prev_outputs': (750, 28, 1), 'coso_vitals': (750, 28, 7), 'COSO': (750, 28, 1)}
[2024-05-04 22:32:14,687][src.data.cancer_sim.dataset][INFO] - Shape of processed test data: {'sequence_lengths': (750,), 'prev_treatments': (750, 28, 1), 'vitals': (750, 28, 8), 'next_vitals': (750, 27, 8), 'current_treatments': (750, 28, 1), 'static_features': (750, 1), 'active_entries': (750, 28, 1), 'outputs': (750, 28, 1), 'unscaled_outputs': (750, 28, 1), 'prev_outputs': (750, 28, 1), 'coso_vitals': (750, 28, 7), 'COSO': (750, 28, 1)}
[2024-05-04 22:32:14,687][src.data.cancer_sim.dataset][INFO] - Exploding test dataset before testing (multiple sequences)
[2024-05-04 22:32:14,781][src.data.cancer_sim.dataset][INFO] - Shape of processed test data: {'prev_treatments': (13906, 28, 1), 'current_treatments': (13906, 28, 1), 'static_features': (13906, 1), 'prev_outputs': (13906, 28, 1), 'outputs': (13906, 28, 1), 'vitals': (13906, 28, 8), 'next_vitals': (13906, 27, 8), 'unscaled_outputs': (13906, 28, 1), 'sequence_lengths': (13906,), 'active_entries': (13906, 28, 1)}
[2024-05-04 22:32:14,781][src.data.cancer_sim.dataset][INFO] - Processing test dataset before testing (multiple sequences)
[2024-05-04 22:32:14,885][src.data.cancer_sim.dataset][INFO] - Shape of processed test data: {'original_index': (13906,), 'active_encoder_r': (13906, 23), 'prev_treatments': (13906, 5, 1), 'current_treatments': (13906, 5, 1), 'static_features': (13906, 1), 'prev_outputs': (13906, 5, 1), 'outputs': (13906, 5, 1), 'unscaled_outputs': (13906, 5, 1), 'sequence_lengths': (13906,), 'active_entries': (13906, 5, 1)}
[2024-05-04 22:32:15,135][src.models.gnet][INFO] - Input size of g_net: 11
[2024-05-04 22:32:15,353][src.data.dataset_collection][INFO] - Splited train_f on train_f: 3150 and train_f_holdout: 350
[2024-05-04 22:32:15,353][src.data.dataset_collection][INFO] - Exploding test_f 50 times
[2024-05-04 22:32:15,376][src.data.dataset_collection][INFO] - Exploding test_f 50 times
[2024-05-04 22:32:15,390][src.data.dataset_collection][INFO] - Exploding test_f 50 times
[2024-05-04 22:32:15,421][src.data.dataset_collection][INFO] - Exploding test_f 50 times
[2024-05-04 22:32:15,435][src.data.dataset_collection][INFO] - Exploding test_f 50 times
[2024-05-04 22:32:15,451][src.data.dataset_collection][INFO] - Exploding test_f 50 times
[2024-05-04 22:32:15,482][src.data.dataset_collection][INFO] - Exploding test_f 50 times
[2024-05-04 22:32:15,498][src.data.dataset_collection][INFO] - Exploding test_f 50 times
[2024-05-04 22:32:15,529][src.data.dataset_collection][INFO] - Exploding test_f 50 times
[2024-05-04 22:32:15,544][src.data.dataset_collection][INFO] - Exploding test_f 50 times
[2024-05-04 22:32:15,576][src.data.dataset_collection][INFO] - Exploding test_f 50 times
[2024-05-04 22:32:15,589][src.data.dataset_collection][INFO] - Exploding test_f 50 times
[2024-05-04 22:32:15,620][src.data.dataset_collection][INFO] - Exploding test_f 50 times
[2024-05-04 22:32:15,636][src.data.dataset_collection][INFO] - Exploding test_f 50 times
[2024-05-04 22:32:15,651][src.data.dataset_collection][INFO] - Exploding test_f 50 times
[2024-05-04 22:32:15,683][src.data.dataset_collection][INFO] - Exploding test_f 50 times
[2024-05-04 22:32:15,714][src.data.dataset_collection][INFO] - Exploding test_f 50 times
[2024-05-04 22:32:15,728][src.data.dataset_collection][INFO] - Exploding test_f 50 times
[2024-05-04 22:32:15,759][src.data.dataset_collection][INFO] - Exploding test_f 50 times
[2024-05-04 22:32:15,773][src.data.dataset_collection][INFO] - Exploding test_f 50 times
[2024-05-04 22:32:15,788][src.data.dataset_collection][INFO] - Exploding test_f 50 times
[2024-05-04 22:32:15,819][src.data.dataset_collection][INFO] - Exploding test_f 50 times
[2024-05-04 22:32:15,835][src.data.dataset_collection][INFO] - Exploding test_f 50 times
[2024-05-04 22:32:15,866][src.data.dataset_collection][INFO] - Exploding test_f 50 times
[2024-05-04 22:32:15,882][src.data.dataset_collection][INFO] - Exploding test_f 50 times
[2024-05-04 22:32:15,913][src.data.dataset_collection][INFO] - Exploding test_f 50 times
[2024-05-04 22:32:15,929][src.data.dataset_collection][INFO] - Exploding test_f 50 times
[2024-05-04 22:32:15,944][src.data.dataset_collection][INFO] - Exploding test_f 50 times
[2024-05-04 22:32:15,976][src.data.dataset_collection][INFO] - Exploding test_f 50 times
[2024-05-04 22:32:15,996][src.data.dataset_collection][INFO] - Exploding test_f 50 times
[2024-05-04 22:32:16,011][src.data.dataset_collection][INFO] - Exploding test_f 50 times
[2024-05-04 22:32:16,042][src.data.dataset_collection][INFO] - Exploding test_f 50 times
[2024-05-04 22:32:16,058][src.data.dataset_collection][INFO] - Exploding test_f 50 times
[2024-05-04 22:32:16,074][src.data.dataset_collection][INFO] - Exploding test_f 50 times
[2024-05-04 22:32:16,105][src.data.dataset_collection][INFO] - Exploding test_f 50 times
[2024-05-04 22:32:16,125][src.data.dataset_collection][INFO] - Exploding test_f 50 times
[2024-05-04 22:32:16,141][src.data.dataset_collection][INFO] - Exploding test_f 50 times
[2024-05-04 22:32:16,172][src.data.dataset_collection][INFO] - Exploding test_f 50 times
[2024-05-04 22:32:16,188][src.data.dataset_collection][INFO] - Exploding test_f 50 times
[2024-05-04 22:32:16,204][src.data.dataset_collection][INFO] - Exploding test_f 50 times
[2024-05-04 22:32:16,235][src.data.dataset_collection][INFO] - Exploding test_f 50 times
[2024-05-04 22:32:16,250][src.data.dataset_collection][INFO] - Exploding test_f 50 times
[2024-05-04 22:32:16,282][src.data.dataset_collection][INFO] - Exploding test_f 50 times
[2024-05-04 22:32:16,295][src.data.dataset_collection][INFO] - Exploding test_f 50 times
[2024-05-04 22:32:16,326][src.data.dataset_collection][INFO] - Exploding test_f 50 times
[2024-05-04 22:32:16,342][src.data.dataset_collection][INFO] - Exploding test_f 50 times
[2024-05-04 22:32:16,357][src.data.dataset_collection][INFO] - Exploding test_f 50 times
[2024-05-04 22:32:16,373][src.data.dataset_collection][INFO] - Exploding test_f 50 times
[2024-05-04 22:32:16,404][src.data.dataset_collection][INFO] - Exploding test_f 50 times
[2024-05-04 22:32:16,420][src.data.dataset_collection][INFO] - Exploding test_f 50 times
