[2024-05-05 02:42:40,774][__main__][INFO] - 
model:
  dim_treatments: 4
  dim_vitals: 0
  dim_static_features: 1
  dim_outcomes: 1
  dim_cosovitals: ???
  dim_abstract_confounders: ???
  dim_s: ???
  name: G-Net
  g_net:
    _target_: src.models.gnet.GNet
    seq_hidden_units: 48
    num_layer: 1
    r_size: 2
    fc_hidden_units: 40
    num_comp: 1
    mc_samples: 50
    fit_vitals: true
    comp_sizes: null
    batch_size: 64
    dropout_rate: 0.2
    optimizer:
      optimizer_cls: adam
      learning_rate: 0.01
      weight_decay: 0.0
      lr_scheduler: false
    tune_hparams: false
    tune_range: 50
    hparams_grid: null
    resources_per_trial: null
dataset:
  val_batch_size: 4096
  treatment_mode: multiclass
  _target_: src.data.SyntheticVitalDatasetCollection
  name: tumor_generator
  seed: 10000
  num_confounder: 5
  num_u: 1
  split:
    val: 0.15
    test: 0.15
  window_size: 15
  lag: 0
  max_seq_length: 60
  projection_horizon: 5
  cf_seq_mode: sliding_treatment
  time_step: 30
  holdout_ratio: 0.1
exp:
  seed: 10000
  gpus:
  - 0
  max_epochs: 100
  logging: true
  mlflow_uri: http://127.0.0.1:5000
  unscale_rmse: true
  percentage_rmse: true
  alpha: 1.0
  update_alpha: false
  alpha_rate: exp
  balancing: grad_reverse
  bce_weight: false
  weights_ema: false
  beta: 0.99

[2024-05-05 02:43:04,128][src.data.cancer_sim.dataset][INFO] - Shape of processed train data: {'sequence_lengths': (3500,), 'prev_treatments': (3500, 28, 1), 'vitals': (3500, 28, 16), 'next_vitals': (3500, 27, 16), 'current_treatments': (3500, 28, 1), 'static_features': (3500, 1), 'active_entries': (3500, 28, 1), 'outputs': (3500, 28, 1), 'unscaled_outputs': (3500, 28, 1), 'prev_outputs': (3500, 28, 1), 'coso_vitals': (3500, 28, 15), 'COSO': (3500, 28, 1)}
[2024-05-05 02:43:04,128][src.data.cancer_sim.dataset][INFO] - Shape of processed val data: {'sequence_lengths': (750,), 'prev_treatments': (750, 28, 1), 'vitals': (750, 28, 16), 'next_vitals': (750, 27, 16), 'current_treatments': (750, 28, 1), 'static_features': (750, 1), 'active_entries': (750, 28, 1), 'outputs': (750, 28, 1), 'unscaled_outputs': (750, 28, 1), 'prev_outputs': (750, 28, 1), 'coso_vitals': (750, 28, 15), 'COSO': (750, 28, 1)}
[2024-05-05 02:43:04,128][src.data.cancer_sim.dataset][INFO] - Shape of processed test data: {'sequence_lengths': (750,), 'prev_treatments': (750, 28, 1), 'vitals': (750, 28, 16), 'next_vitals': (750, 27, 16), 'current_treatments': (750, 28, 1), 'static_features': (750, 1), 'active_entries': (750, 28, 1), 'outputs': (750, 28, 1), 'unscaled_outputs': (750, 28, 1), 'prev_outputs': (750, 28, 1), 'coso_vitals': (750, 28, 15), 'COSO': (750, 28, 1)}
[2024-05-05 02:43:04,143][src.data.cancer_sim.dataset][INFO] - Exploding test dataset before testing (multiple sequences)
[2024-05-05 02:43:04,253][src.data.cancer_sim.dataset][INFO] - Shape of processed test data: {'prev_treatments': (13900, 28, 1), 'current_treatments': (13900, 28, 1), 'static_features': (13900, 1), 'prev_outputs': (13900, 28, 1), 'outputs': (13900, 28, 1), 'vitals': (13900, 28, 16), 'next_vitals': (13900, 27, 16), 'unscaled_outputs': (13900, 28, 1), 'sequence_lengths': (13900,), 'active_entries': (13900, 28, 1)}
[2024-05-05 02:43:04,253][src.data.cancer_sim.dataset][INFO] - Processing test dataset before testing (multiple sequences)
[2024-05-05 02:43:04,362][src.data.cancer_sim.dataset][INFO] - Shape of processed test data: {'original_index': (13900,), 'active_encoder_r': (13900, 23), 'prev_treatments': (13900, 5, 1), 'current_treatments': (13900, 5, 1), 'static_features': (13900, 1), 'prev_outputs': (13900, 5, 1), 'outputs': (13900, 5, 1), 'unscaled_outputs': (13900, 5, 1), 'sequence_lengths': (13900,), 'active_entries': (13900, 5, 1)}
[2024-05-05 02:43:04,503][src.models.gnet][INFO] - Input size of g_net: 19
[2024-05-05 02:43:04,534][src.data.dataset_collection][INFO] - Splited train_f on train_f: 3150 and train_f_holdout: 350
[2024-05-05 02:43:04,534][src.data.dataset_collection][INFO] - Exploding test_f 50 times
[2024-05-05 02:43:04,565][src.data.dataset_collection][INFO] - Exploding test_f 50 times
[2024-05-05 02:43:04,596][src.data.dataset_collection][INFO] - Exploding test_f 50 times
[2024-05-05 02:43:04,628][src.data.dataset_collection][INFO] - Exploding test_f 50 times
[2024-05-05 02:43:04,659][src.data.dataset_collection][INFO] - Exploding test_f 50 times
[2024-05-05 02:43:04,706][src.data.dataset_collection][INFO] - Exploding test_f 50 times
[2024-05-05 02:43:04,737][src.data.dataset_collection][INFO] - Exploding test_f 50 times
[2024-05-05 02:43:04,768][src.data.dataset_collection][INFO] - Exploding test_f 50 times
[2024-05-05 02:43:04,799][src.data.dataset_collection][INFO] - Exploding test_f 50 times
[2024-05-05 02:43:04,846][src.data.dataset_collection][INFO] - Exploding test_f 50 times
[2024-05-05 02:43:04,878][src.data.dataset_collection][INFO] - Exploding test_f 50 times
[2024-05-05 02:43:04,909][src.data.dataset_collection][INFO] - Exploding test_f 50 times
[2024-05-05 02:43:04,940][src.data.dataset_collection][INFO] - Exploding test_f 50 times
[2024-05-05 02:43:04,971][src.data.dataset_collection][INFO] - Exploding test_f 50 times
[2024-05-05 02:43:05,018][src.data.dataset_collection][INFO] - Exploding test_f 50 times
[2024-05-05 02:43:05,049][src.data.dataset_collection][INFO] - Exploding test_f 50 times
[2024-05-05 02:43:05,081][src.data.dataset_collection][INFO] - Exploding test_f 50 times
[2024-05-05 02:43:05,128][src.data.dataset_collection][INFO] - Exploding test_f 50 times
[2024-05-05 02:43:05,159][src.data.dataset_collection][INFO] - Exploding test_f 50 times
[2024-05-05 02:43:05,206][src.data.dataset_collection][INFO] - Exploding test_f 50 times
[2024-05-05 02:43:05,237][src.data.dataset_collection][INFO] - Exploding test_f 50 times
[2024-05-05 02:43:05,268][src.data.dataset_collection][INFO] - Exploding test_f 50 times
[2024-05-05 02:43:05,299][src.data.dataset_collection][INFO] - Exploding test_f 50 times
[2024-05-05 02:43:05,346][src.data.dataset_collection][INFO] - Exploding test_f 50 times
[2024-05-05 02:43:05,377][src.data.dataset_collection][INFO] - Exploding test_f 50 times
[2024-05-05 02:43:05,409][src.data.dataset_collection][INFO] - Exploding test_f 50 times
[2024-05-05 02:43:05,440][src.data.dataset_collection][INFO] - Exploding test_f 50 times
[2024-05-05 02:43:05,471][src.data.dataset_collection][INFO] - Exploding test_f 50 times
[2024-05-05 02:43:05,502][src.data.dataset_collection][INFO] - Exploding test_f 50 times
[2024-05-05 02:43:05,534][src.data.dataset_collection][INFO] - Exploding test_f 50 times
[2024-05-05 02:43:05,565][src.data.dataset_collection][INFO] - Exploding test_f 50 times
[2024-05-05 02:43:05,612][src.data.dataset_collection][INFO] - Exploding test_f 50 times
[2024-05-05 02:43:05,643][src.data.dataset_collection][INFO] - Exploding test_f 50 times
[2024-05-05 02:43:05,674][src.data.dataset_collection][INFO] - Exploding test_f 50 times
[2024-05-05 02:43:05,706][src.data.dataset_collection][INFO] - Exploding test_f 50 times
[2024-05-05 02:43:05,752][src.data.dataset_collection][INFO] - Exploding test_f 50 times
[2024-05-05 02:43:05,784][src.data.dataset_collection][INFO] - Exploding test_f 50 times
[2024-05-05 02:43:05,815][src.data.dataset_collection][INFO] - Exploding test_f 50 times
[2024-05-05 02:43:05,846][src.data.dataset_collection][INFO] - Exploding test_f 50 times
[2024-05-05 02:43:05,893][src.data.dataset_collection][INFO] - Exploding test_f 50 times
[2024-05-05 02:43:05,924][src.data.dataset_collection][INFO] - Exploding test_f 50 times
[2024-05-05 02:43:05,955][src.data.dataset_collection][INFO] - Exploding test_f 50 times
[2024-05-05 02:43:05,987][src.data.dataset_collection][INFO] - Exploding test_f 50 times
[2024-05-05 02:43:06,034][src.data.dataset_collection][INFO] - Exploding test_f 50 times
[2024-05-05 02:43:06,065][src.data.dataset_collection][INFO] - Exploding test_f 50 times
[2024-05-05 02:43:06,096][src.data.dataset_collection][INFO] - Exploding test_f 50 times
[2024-05-05 02:43:06,127][src.data.dataset_collection][INFO] - Exploding test_f 50 times
[2024-05-05 02:43:06,174][src.data.dataset_collection][INFO] - Exploding test_f 50 times
[2024-05-05 02:43:06,205][src.data.dataset_collection][INFO] - Exploding test_f 50 times
[2024-05-05 02:43:06,237][src.data.dataset_collection][INFO] - Exploding test_f 50 times
[2024-05-05 02:45:16,800][src.models.gnet][INFO] - Fitting residuals based on train_f_holdout.
[2024-05-05 02:45:16,800][src.models.gnet][INFO] - Predictions for train.
[2024-05-05 02:45:17,675][src.models.time_varying_model][INFO] - RMSE calculation for val.
[2024-05-05 02:45:17,675][src.models.gnet][INFO] - Predictions for val.
[2024-05-05 02:45:18,612][__main__][INFO] - Val normalised RMSE (all): 3.704560133298708; Val normalised RMSE (orig): nan
[2024-05-05 02:45:18,612][src.models.time_varying_model][INFO] - RMSE calculation for test.
[2024-05-05 02:45:18,612][src.models.gnet][INFO] - Predictions for test.
[2024-05-05 02:45:19,534][__main__][INFO] - Test normalised RMSE (all): 3.5467546568833948; Test normalised RMSE (orig): nan.
[2024-05-05 02:45:19,596][src.models.time_varying_model][INFO] - RMSE calculation for test.
[2024-05-05 02:45:19,596][src.models.gnet][INFO] - Autoregressive Prediction for test with MC-sampling of trajectories.
[2024-05-05 02:45:19,596][src.models.gnet][INFO] - t = 1
[2024-05-05 02:45:19,596][src.models.gnet][INFO] - Predictions for test.
[2024-05-05 02:45:21,283][src.models.gnet][INFO] - Predictions for test.
[2024-05-05 02:45:22,720][src.models.gnet][INFO] - Predictions for test.
[2024-05-05 02:45:24,314][src.models.gnet][INFO] - Predictions for test.
[2024-05-05 02:45:25,985][src.models.gnet][INFO] - Predictions for test.
[2024-05-05 02:45:27,625][src.models.gnet][INFO] - Predictions for test.
[2024-05-05 02:45:29,219][src.models.gnet][INFO] - Predictions for test.
[2024-05-05 02:45:30,859][src.models.gnet][INFO] - Predictions for test.
[2024-05-05 02:45:32,437][src.models.gnet][INFO] - Predictions for test.
[2024-05-05 02:45:33,999][src.models.gnet][INFO] - Predictions for test.
[2024-05-05 02:45:35,514][src.models.gnet][INFO] - Predictions for test.
[2024-05-05 02:45:37,108][src.models.gnet][INFO] - Predictions for test.
[2024-05-05 02:45:38,685][src.models.gnet][INFO] - Predictions for test.
[2024-05-05 02:45:40,357][src.models.gnet][INFO] - Predictions for test.
[2024-05-05 02:45:42,622][src.models.gnet][INFO] - Predictions for test.
[2024-05-05 02:45:44,200][src.models.gnet][INFO] - Predictions for test.
[2024-05-05 02:45:45,949][src.models.gnet][INFO] - Predictions for test.
[2024-05-05 02:45:47,543][src.models.gnet][INFO] - Predictions for test.
[2024-05-05 02:45:49,105][src.models.gnet][INFO] - Predictions for test.
[2024-05-05 02:45:50,667][src.models.gnet][INFO] - Predictions for test.
[2024-05-05 02:45:52,198][src.models.gnet][INFO] - Predictions for test.
[2024-05-05 02:45:53,791][src.models.gnet][INFO] - Predictions for test.
[2024-05-05 02:45:55,369][src.models.gnet][INFO] - Predictions for test.
[2024-05-05 02:45:57,181][src.models.gnet][INFO] - Predictions for test.
[2024-05-05 02:45:58,743][src.models.gnet][INFO] - Predictions for test.
[2024-05-05 02:46:00,212][src.models.gnet][INFO] - Predictions for test.
[2024-05-05 02:46:01,883][src.models.gnet][INFO] - Predictions for test.
[2024-05-05 02:46:03,476][src.models.gnet][INFO] - Predictions for test.
[2024-05-05 02:46:05,164][src.models.gnet][INFO] - Predictions for test.
[2024-05-05 02:46:06,585][src.models.gnet][INFO] - Predictions for test.
[2024-05-05 02:46:08,257][src.models.gnet][INFO] - Predictions for test.
[2024-05-05 02:46:09,834][src.models.gnet][INFO] - Predictions for test.
[2024-05-05 02:46:11,428][src.models.gnet][INFO] - Predictions for test.
[2024-05-05 02:46:13,052][src.models.gnet][INFO] - Predictions for test.
[2024-05-05 02:46:15,146][src.models.gnet][INFO] - Predictions for test.
[2024-05-05 02:46:16,739][src.models.gnet][INFO] - Predictions for test.
[2024-05-05 02:46:18,520][src.models.gnet][INFO] - Predictions for test.
[2024-05-05 02:46:20,098][src.models.gnet][INFO] - Predictions for test.
[2024-05-05 02:46:21,675][src.models.gnet][INFO] - Predictions for test.
[2024-05-05 02:46:23,300][src.models.gnet][INFO] - Predictions for test.
[2024-05-05 02:46:24,909][src.models.gnet][INFO] - Predictions for test.
[2024-05-05 02:46:26,502][src.models.gnet][INFO] - Predictions for test.
[2024-05-05 02:46:28,143][src.models.gnet][INFO] - Predictions for test.
[2024-05-05 02:46:29,720][src.models.gnet][INFO] - Predictions for test.
[2024-05-05 02:46:31,407][src.models.gnet][INFO] - Predictions for test.
[2024-05-05 02:46:33,063][src.models.gnet][INFO] - Predictions for test.
[2024-05-05 02:46:34,641][src.models.gnet][INFO] - Predictions for test.
[2024-05-05 02:46:36,328][src.models.gnet][INFO] - Predictions for test.
[2024-05-05 02:46:37,890][src.models.gnet][INFO] - Predictions for test.
[2024-05-05 02:46:39,405][src.models.gnet][INFO] - Predictions for test.
[2024-05-05 02:46:41,030][src.models.gnet][INFO] - t = 2
[2024-05-05 02:46:41,030][src.models.gnet][INFO] - Predictions for test.
[2024-05-05 02:46:42,670][src.models.gnet][INFO] - Predictions for test.
[2024-05-05 02:46:44,451][src.models.gnet][INFO] - Predictions for test.
[2024-05-05 02:46:46,060][src.models.gnet][INFO] - Predictions for test.
[2024-05-05 02:46:47,622][src.models.gnet][INFO] - Predictions for test.
[2024-05-05 02:46:49,263][src.models.gnet][INFO] - Predictions for test.
[2024-05-05 02:46:50,840][src.models.gnet][INFO] - Predictions for test.
[2024-05-05 02:46:52,402][src.models.gnet][INFO] - Predictions for test.
[2024-05-05 02:46:53,918][src.models.gnet][INFO] - Predictions for test.
[2024-05-05 02:46:55,511][src.models.gnet][INFO] - Predictions for test.
[2024-05-05 02:46:57,261][src.models.gnet][INFO] - Predictions for test.
[2024-05-05 02:46:58,838][src.models.gnet][INFO] - Predictions for test.
[2024-05-05 02:47:00,369][src.models.gnet][INFO] - Predictions for test.
[2024-05-05 02:47:01,994][src.models.gnet][INFO] - Predictions for test.
[2024-05-05 02:47:03,681][src.models.gnet][INFO] - Predictions for test.
[2024-05-05 02:47:05,321][src.models.gnet][INFO] - Predictions for test.
[2024-05-05 02:47:06,915][src.models.gnet][INFO] - Predictions for test.
[2024-05-05 02:47:08,508][src.models.gnet][INFO] - Predictions for test.
[2024-05-05 02:47:10,133][src.models.gnet][INFO] - Predictions for test.
[2024-05-05 02:47:11,804][src.models.gnet][INFO] - Predictions for test.
[2024-05-05 02:47:13,413][src.models.gnet][INFO] - Predictions for test.
[2024-05-05 02:47:15,069][src.models.gnet][INFO] - Predictions for test.
[2024-05-05 02:47:16,647][src.models.gnet][INFO] - Predictions for test.
[2024-05-05 02:47:18,271][src.models.gnet][INFO] - Predictions for test.
[2024-05-05 02:47:19,943][src.models.gnet][INFO] - Predictions for test.
[2024-05-05 02:47:21,599][src.models.gnet][INFO] - Predictions for test.
[2024-05-05 02:47:23,192][src.models.gnet][INFO] - Predictions for test.
[2024-05-05 02:47:24,754][src.models.gnet][INFO] - Predictions for test.
[2024-05-05 02:47:26,285][src.models.gnet][INFO] - Predictions for test.
[2024-05-05 02:47:27,894][src.models.gnet][INFO] - Predictions for test.
[2024-05-05 02:47:29,472][src.models.gnet][INFO] - Predictions for test.
[2024-05-05 02:47:31,128][src.models.gnet][INFO] - Predictions for test.
[2024-05-05 02:47:32,690][src.models.gnet][INFO] - Predictions for test.
[2024-05-05 02:47:34,268][src.models.gnet][INFO] - Predictions for test.
[2024-05-05 02:47:35,892][src.models.gnet][INFO] - Predictions for test.
[2024-05-05 02:47:37,548][src.models.gnet][INFO] - Predictions for test.
[2024-05-05 02:47:39,095][src.models.gnet][INFO] - Predictions for test.
[2024-05-05 02:47:40,719][src.models.gnet][INFO] - Predictions for test.
[2024-05-05 02:47:42,531][src.models.gnet][INFO] - Predictions for test.
[2024-05-05 02:47:44,109][src.models.gnet][INFO] - Predictions for test.
[2024-05-05 02:47:45,687][src.models.gnet][INFO] - Predictions for test.
[2024-05-05 02:47:47,749][src.models.gnet][INFO] - Predictions for test.
[2024-05-05 02:47:49,389][src.models.gnet][INFO] - Predictions for test.
[2024-05-05 02:47:50,967][src.models.gnet][INFO] - Predictions for test.
[2024-05-05 02:47:52,623][src.models.gnet][INFO] - Predictions for test.
[2024-05-05 02:47:54,216][src.models.gnet][INFO] - Predictions for test.
[2024-05-05 02:47:55,794][src.models.gnet][INFO] - Predictions for test.
[2024-05-05 02:47:57,559][src.models.gnet][INFO] - Predictions for test.
[2024-05-05 02:47:59,121][src.models.gnet][INFO] - Predictions for test.
[2024-05-05 02:48:00,574][src.models.gnet][INFO] - Predictions for test.
[2024-05-05 02:48:02,261][src.models.gnet][INFO] - t = 3
[2024-05-05 02:48:02,261][src.models.gnet][INFO] - Predictions for test.
[2024-05-05 02:48:03,839][src.models.gnet][INFO] - Predictions for test.
[2024-05-05 02:48:05,417][src.models.gnet][INFO] - Predictions for test.
[2024-05-05 02:48:06,979][src.models.gnet][INFO] - Predictions for test.
[2024-05-05 02:48:08,525][src.models.gnet][INFO] - Predictions for test.
[2024-05-05 02:48:10,134][src.models.gnet][INFO] - Predictions for test.
[2024-05-05 02:48:11,806][src.models.gnet][INFO] - Predictions for test.
[2024-05-05 02:48:13,415][src.models.gnet][INFO] - Predictions for test.
[2024-05-05 02:48:14,852][src.models.gnet][INFO] - Predictions for test.
[2024-05-05 02:48:16,461][src.models.gnet][INFO] - Predictions for test.
[2024-05-05 02:48:18,101][src.models.gnet][INFO] - Predictions for test.
[2024-05-05 02:48:20,054][src.models.gnet][INFO] - Predictions for test.
[2024-05-05 02:48:21,522][src.models.gnet][INFO] - Predictions for test.
[2024-05-05 02:48:23,131][src.models.gnet][INFO] - Predictions for test.
[2024-05-05 02:48:24,787][src.models.gnet][INFO] - Predictions for test.
[2024-05-05 02:48:26,490][src.models.gnet][INFO] - Predictions for test.
[2024-05-05 02:48:27,927][src.models.gnet][INFO] - Predictions for test.
[2024-05-05 02:48:29,567][src.models.gnet][INFO] - Predictions for test.
[2024-05-05 02:48:31,145][src.models.gnet][INFO] - Predictions for test.
[2024-05-05 02:48:32,707][src.models.gnet][INFO] - Predictions for test.
[2024-05-05 02:48:34,238][src.models.gnet][INFO] - Predictions for test.
[2024-05-05 02:48:35,863][src.models.gnet][INFO] - Predictions for test.
[2024-05-05 02:48:37,456][src.models.gnet][INFO] - Predictions for test.
[2024-05-05 02:48:39,112][src.models.gnet][INFO] - Predictions for test.
[2024-05-05 02:48:40,658][src.models.gnet][INFO] - Predictions for test.
[2024-05-05 02:48:42,439][src.models.gnet][INFO] - Predictions for test.
[2024-05-05 02:48:44,095][src.models.gnet][INFO] - Predictions for test.
[2024-05-05 02:48:45,688][src.models.gnet][INFO] - Predictions for test.
[2024-05-05 02:48:47,360][src.models.gnet][INFO] - Predictions for test.
[2024-05-05 02:48:48,985][src.models.gnet][INFO] - Predictions for test.
[2024-05-05 02:48:50,625][src.models.gnet][INFO] - Predictions for test.
[2024-05-05 02:48:52,078][src.models.gnet][INFO] - Predictions for test.
[2024-05-05 02:48:53,671][src.models.gnet][INFO] - Predictions for test.
[2024-05-05 02:48:55,327][src.models.gnet][INFO] - Predictions for test.
[2024-05-05 02:48:57,076][src.models.gnet][INFO] - Predictions for test.
[2024-05-05 02:48:58,639][src.models.gnet][INFO] - Predictions for test.
[2024-05-05 02:49:00,154][src.models.gnet][INFO] - Predictions for test.
[2024-05-05 02:49:01,763][src.models.gnet][INFO] - Predictions for test.
[2024-05-05 02:49:03,341][src.models.gnet][INFO] - Predictions for test.
[2024-05-05 02:49:04,981][src.models.gnet][INFO] - Predictions for test.
[2024-05-05 02:49:06,559][src.models.gnet][INFO] - Predictions for test.
[2024-05-05 02:49:08,136][src.models.gnet][INFO] - Predictions for test.
[2024-05-05 02:49:09,777][src.models.gnet][INFO] - Predictions for test.
[2024-05-05 02:49:11,417][src.models.gnet][INFO] - Predictions for test.
[2024-05-05 02:49:12,995][src.models.gnet][INFO] - Predictions for test.
[2024-05-05 02:49:14,650][src.models.gnet][INFO] - Predictions for test.
[2024-05-05 02:49:16,322][src.models.gnet][INFO] - Predictions for test.
[2024-05-05 02:49:17,868][src.models.gnet][INFO] - Predictions for test.
[2024-05-05 02:49:19,477][src.models.gnet][INFO] - Predictions for test.
[2024-05-05 02:49:21,258][src.models.gnet][INFO] - Predictions for test.
[2024-05-05 02:49:22,836][src.models.gnet][INFO] - t = 4
[2024-05-05 02:49:22,836][src.models.gnet][INFO] - Predictions for test.
[2024-05-05 02:49:24,414][src.models.gnet][INFO] - Predictions for test.
[2024-05-05 02:49:26,070][src.models.gnet][INFO] - Predictions for test.
[2024-05-05 02:49:27,725][src.models.gnet][INFO] - Predictions for test.
[2024-05-05 02:49:29,413][src.models.gnet][INFO] - Predictions for test.
[2024-05-05 02:49:31,115][src.models.gnet][INFO] - Predictions for test.
[2024-05-05 02:49:32,771][src.models.gnet][INFO] - Predictions for test.
[2024-05-05 02:49:34,771][src.models.gnet][INFO] - Predictions for test.
[2024-05-05 02:49:36,317][src.models.gnet][INFO] - Predictions for test.
[2024-05-05 02:49:38,067][src.models.gnet][INFO] - Predictions for test.
[2024-05-05 02:49:39,613][src.models.gnet][INFO] - Predictions for test.
[2024-05-05 02:49:41,082][src.models.gnet][INFO] - Predictions for test.
[2024-05-05 02:49:42,847][src.models.gnet][INFO] - Predictions for test.
[2024-05-05 02:49:44,425][src.models.gnet][INFO] - Predictions for test.
[2024-05-05 02:49:46,034][src.models.gnet][INFO] - Predictions for test.
[2024-05-05 02:49:47,783][src.models.gnet][INFO] - Predictions for test.
[2024-05-05 02:49:49,377][src.models.gnet][INFO] - Predictions for test.
[2024-05-05 02:49:50,970][src.models.gnet][INFO] - Predictions for test.
[2024-05-05 02:49:52,610][src.models.gnet][INFO] - Predictions for test.
[2024-05-05 02:49:54,188][src.models.gnet][INFO] - Predictions for test.
[2024-05-05 02:49:55,766][src.models.gnet][INFO] - Predictions for test.
[2024-05-05 02:49:57,453][src.models.gnet][INFO] - Predictions for test.
[2024-05-05 02:49:59,156][src.models.gnet][INFO] - Predictions for test.
[2024-05-05 02:50:00,733][src.models.gnet][INFO] - Predictions for test.
[2024-05-05 02:50:02,202][src.models.gnet][INFO] - Predictions for test.
[2024-05-05 02:50:03,889][src.models.gnet][INFO] - Predictions for test.
[2024-05-05 02:50:05,482][src.models.gnet][INFO] - Predictions for test.
[2024-05-05 02:50:07,060][src.models.gnet][INFO] - Predictions for test.
[2024-05-05 02:50:08,700][src.models.gnet][INFO] - Predictions for test.
[2024-05-05 02:50:10,262][src.models.gnet][INFO] - Predictions for test.
[2024-05-05 02:50:11,965][src.models.gnet][INFO] - Predictions for test.
[2024-05-05 02:50:13,590][src.models.gnet][INFO] - Predictions for test.
[2024-05-05 02:50:15,043][src.models.gnet][INFO] - Predictions for test.
[2024-05-05 02:50:16,652][src.models.gnet][INFO] - Predictions for test.
[2024-05-05 02:50:18,292][src.models.gnet][INFO] - Predictions for test.
[2024-05-05 02:50:19,901][src.models.gnet][INFO] - Predictions for test.
[2024-05-05 02:50:21,494][src.models.gnet][INFO] - Predictions for test.
[2024-05-05 02:50:23,072][src.models.gnet][INFO] - Predictions for test.
[2024-05-05 02:50:24,603][src.models.gnet][INFO] - Predictions for test.
[2024-05-05 02:50:26,259][src.models.gnet][INFO] - Predictions for test.
[2024-05-05 02:50:27,852][src.models.gnet][INFO] - Predictions for test.
[2024-05-05 02:50:29,477][src.models.gnet][INFO] - Predictions for test.
[2024-05-05 02:50:30,914][src.models.gnet][INFO] - Predictions for test.
[2024-05-05 02:50:32,523][src.models.gnet][INFO] - Predictions for test.
[2024-05-05 02:50:34,194][src.models.gnet][INFO] - Predictions for test.
[2024-05-05 02:50:35,803][src.models.gnet][INFO] - Predictions for test.
[2024-05-05 02:50:37,381][src.models.gnet][INFO] - Predictions for test.
[2024-05-05 02:50:39,506][src.models.gnet][INFO] - Predictions for test.
[2024-05-05 02:50:41,036][src.models.gnet][INFO] - Predictions for test.
[2024-05-05 02:50:42,708][src.models.gnet][INFO] - Predictions for test.
[2024-05-05 02:50:44,395][src.models.gnet][INFO] - t = 5
[2024-05-05 02:50:44,395][src.models.gnet][INFO] - Predictions for test.
[2024-05-05 02:50:46,020][src.models.gnet][INFO] - Predictions for test.
[2024-05-05 02:50:47,629][src.models.gnet][INFO] - Predictions for test.
[2024-05-05 02:50:49,222][src.models.gnet][INFO] - Predictions for test.
[2024-05-05 02:50:50,862][src.models.gnet][INFO] - Predictions for test.
[2024-05-05 02:50:52,518][src.models.gnet][INFO] - Predictions for test.
[2024-05-05 02:50:54,080][src.models.gnet][INFO] - Predictions for test.
[2024-05-05 02:50:55,752][src.models.gnet][INFO] - Predictions for test.
[2024-05-05 02:50:57,470][src.models.gnet][INFO] - Predictions for test.
[2024-05-05 02:50:59,048][src.models.gnet][INFO] - Predictions for test.
[2024-05-05 02:51:00,579][src.models.gnet][INFO] - Predictions for test.
[2024-05-05 02:51:02,203][src.models.gnet][INFO] - Predictions for test.
[2024-05-05 02:51:03,812][src.models.gnet][INFO] - Predictions for test.
[2024-05-05 02:51:05,484][src.models.gnet][INFO] - Predictions for test.
[2024-05-05 02:51:07,062][src.models.gnet][INFO] - Predictions for test.
[2024-05-05 02:51:08,514][src.models.gnet][INFO] - Predictions for test.
[2024-05-05 02:51:10,108][src.models.gnet][INFO] - Predictions for test.
[2024-05-05 02:51:11,701][src.models.gnet][INFO] - Predictions for test.
[2024-05-05 02:51:13,326][src.models.gnet][INFO] - Predictions for test.
[2024-05-05 02:51:14,872][src.models.gnet][INFO] - Predictions for test.
[2024-05-05 02:51:16,403][src.models.gnet][INFO] - Predictions for test.
[2024-05-05 02:51:17,997][src.models.gnet][INFO] - Predictions for test.
[2024-05-05 02:51:19,590][src.models.gnet][INFO] - Predictions for test.
[2024-05-05 02:51:21,230][src.models.gnet][INFO] - Predictions for test.
[2024-05-05 02:51:22,808][src.models.gnet][INFO] - Predictions for test.
[2024-05-05 02:51:24,354][src.models.gnet][INFO] - Predictions for test.
[2024-05-05 02:51:25,885][src.models.gnet][INFO] - Predictions for test.
[2024-05-05 02:51:27,541][src.models.gnet][INFO] - Predictions for test.
[2024-05-05 02:51:28,978][src.models.gnet][INFO] - Predictions for test.
[2024-05-05 02:51:30,587][src.models.gnet][INFO] - Predictions for test.
[2024-05-05 02:51:32,228][src.models.gnet][INFO] - Predictions for test.
[2024-05-05 02:51:33,805][src.models.gnet][INFO] - Predictions for test.
[2024-05-05 02:51:35,274][src.models.gnet][INFO] - Predictions for test.
[2024-05-05 02:51:36,930][src.models.gnet][INFO] - Predictions for test.
[2024-05-05 02:51:38,507][src.models.gnet][INFO] - Predictions for test.
[2024-05-05 02:51:40,085][src.models.gnet][INFO] - Predictions for test.
[2024-05-05 02:51:41,788][src.models.gnet][INFO] - Predictions for test.
[2024-05-05 02:51:43,397][src.models.gnet][INFO] - Predictions for test.
[2024-05-05 02:51:45,037][src.models.gnet][INFO] - Predictions for test.
[2024-05-05 02:51:46,677][src.models.gnet][INFO] - Predictions for test.
[2024-05-05 02:51:48,146][src.models.gnet][INFO] - Predictions for test.
[2024-05-05 02:51:49,739][src.models.gnet][INFO] - Predictions for test.
[2024-05-05 02:51:51,333][src.models.gnet][INFO] - Predictions for test.
[2024-05-05 02:51:52,973][src.models.gnet][INFO] - Predictions for test.
[2024-05-05 02:51:54,613][src.models.gnet][INFO] - Predictions for test.
[2024-05-05 02:51:56,175][src.models.gnet][INFO] - Predictions for test.
[2024-05-05 02:51:57,893][src.models.gnet][INFO] - Predictions for test.
[2024-05-05 02:51:59,471][src.models.gnet][INFO] - Predictions for test.
[2024-05-05 02:52:01,330][src.models.gnet][INFO] - Predictions for test.
[2024-05-05 02:52:02,877][src.models.gnet][INFO] - Predictions for test.
[2024-05-05 02:52:04,454][src.models.gnet][INFO] - t = 6
[2024-05-05 02:52:04,454][src.models.gnet][INFO] - Predictions for test.
[2024-05-05 02:52:06,032][src.models.gnet][INFO] - Predictions for test.
[2024-05-05 02:52:07,657][src.models.gnet][INFO] - Predictions for test.
[2024-05-05 02:52:09,235][src.models.gnet][INFO] - Predictions for test.
[2024-05-05 02:52:10,797][src.models.gnet][INFO] - Predictions for test.
[2024-05-05 02:52:12,374][src.models.gnet][INFO] - Predictions for test.
[2024-05-05 02:52:14,093][src.models.gnet][INFO] - Predictions for test.
[2024-05-05 02:52:15,655][src.models.gnet][INFO] - Predictions for test.
[2024-05-05 02:52:17,248][src.models.gnet][INFO] - Predictions for test.
[2024-05-05 02:52:18,889][src.models.gnet][INFO] - Predictions for test.
[2024-05-05 02:52:20,529][src.models.gnet][INFO] - Predictions for test.
[2024-05-05 02:52:22,075][src.models.gnet][INFO] - Predictions for test.
[2024-05-05 02:52:23,731][src.models.gnet][INFO] - Predictions for test.
[2024-05-05 02:52:25,309][src.models.gnet][INFO] - Predictions for test.
[2024-05-05 02:52:27,059][src.models.gnet][INFO] - Predictions for test.
[2024-05-05 02:52:28,589][src.models.gnet][INFO] - Predictions for test.
[2024-05-05 02:52:30,167][src.models.gnet][INFO] - Predictions for test.
[2024-05-05 02:52:31,745][src.models.gnet][INFO] - Predictions for test.
[2024-05-05 02:52:33,698][src.models.gnet][INFO] - Predictions for test.
[2024-05-05 02:52:35,260][src.models.gnet][INFO] - Predictions for test.
[2024-05-05 02:52:36,697][src.models.gnet][INFO] - Predictions for test.
[2024-05-05 02:52:38,322][src.models.gnet][INFO] - Predictions for test.
[2024-05-05 02:52:39,962][src.models.gnet][INFO] - Predictions for test.
[2024-05-05 02:52:41,540][src.models.gnet][INFO] - Predictions for test.
[2024-05-05 02:52:42,977][src.models.gnet][INFO] - Predictions for test.
[2024-05-05 02:52:44,679][src.models.gnet][INFO] - Predictions for test.
[2024-05-05 02:52:46,242][src.models.gnet][INFO] - Predictions for test.
[2024-05-05 02:52:47,819][src.models.gnet][INFO] - Predictions for test.
[2024-05-05 02:52:49,460][src.models.gnet][INFO] - Predictions for test.
[2024-05-05 02:52:51,037][src.models.gnet][INFO] - Predictions for test.
[2024-05-05 02:52:52,615][src.models.gnet][INFO] - Predictions for test.
[2024-05-05 02:52:54,177][src.models.gnet][INFO] - Predictions for test.
[2024-05-05 02:52:55,708][src.models.gnet][INFO] - Predictions for test.
[2024-05-05 02:52:57,520][src.models.gnet][INFO] - Predictions for test.
[2024-05-05 02:52:59,082][src.models.gnet][INFO] - Predictions for test.
[2024-05-05 02:53:00,769][src.models.gnet][INFO] - Predictions for test.
[2024-05-05 02:53:02,363][src.models.gnet][INFO] - Predictions for test.
[2024-05-05 02:53:04,066][src.models.gnet][INFO] - Predictions for test.
[2024-05-05 02:53:05,721][src.models.gnet][INFO] - Predictions for test.
[2024-05-05 02:53:07,299][src.models.gnet][INFO] - Predictions for test.
[2024-05-05 02:53:08,877][src.models.gnet][INFO] - Predictions for test.
[2024-05-05 02:53:10,392][src.models.gnet][INFO] - Predictions for test.
[2024-05-05 02:53:12,189][src.models.gnet][INFO] - Predictions for test.
[2024-05-05 02:53:13,798][src.models.gnet][INFO] - Predictions for test.
[2024-05-05 02:53:15,438][src.models.gnet][INFO] - Predictions for test.
[2024-05-05 02:53:17,016][src.models.gnet][INFO] - Predictions for test.
[2024-05-05 02:53:18,718][src.models.gnet][INFO] - Predictions for test.
[2024-05-05 02:53:20,359][src.models.gnet][INFO] - Predictions for test.
[2024-05-05 02:53:21,952][src.models.gnet][INFO] - Predictions for test.
[2024-05-05 02:53:23,514][src.models.gnet][INFO] - Predictions for test.
[2024-05-05 02:53:25,014][__main__][INFO] - Test normalised RMSE (n-step prediction): {'2-step': 19.48626284049303, '3-step': 22.92965522665146, '4-step': 22.150197239705516, '5-step': 21.262985678944663, '6-step': 22.076340650182146}
