[2024-05-05 06:25:20,741][__main__][INFO] - 
model:
  dim_treatments: 4
  dim_vitals: 0
  dim_static_features: 1
  dim_outcomes: 1
  dim_cosovitals: ???
  dim_abstract_confounders: ???
  dim_s: ???
  name: CRN
  encoder:
    _target_: src.models.crn.CRNEncoder
    seq_hidden_units: 48
    br_size: 6
    fc_hidden_units: 6
    dropout_rate: 0.1
    num_layer: 1
    batch_size: 64
    optimizer:
      optimizer_cls: adam
      learning_rate: 0.01
      weight_decay: 0.0
      lr_scheduler: false
    tune_hparams: false
    tune_range: 50
    hparams_grid: null
    resources_per_trial: null
  train_decoder: false
  decoder:
    _target_: src.models.crn.CRNDecoder
    seq_hidden_units: 3
    br_size: 18
    fc_hidden_units: 18
    dropout_rate: 0.1
    num_layer: 1
    batch_size: 1024
    optimizer:
      optimizer_cls: adam
      learning_rate: 0.01
      weight_decay: 0.0
      lr_scheduler: false
    tune_hparams: false
    tune_range: 30
    hparams_grid: null
    resources_per_trial: null
dataset:
  val_batch_size: 512
  treatment_mode: multiclass
  _target_: src.data.SyntheticVitalDatasetCollection
  name: tumor_generator
  seed: 10
  num_confounder: 5
  num_u: 1
  split:
    val: 0.15
    test: 0.15
  window_size: 15
  lag: 0
  max_seq_length: 60
  projection_horizon: 5
  cf_seq_mode: sliding_treatment
  time_step: 30
exp:
  seed: 10
  gpus:
  - 0
  max_epochs: 150
  logging: true
  mlflow_uri: http://127.0.0.1:5000
  unscale_rmse: true
  percentage_rmse: true
  alpha: 0.01
  update_alpha: true
  alpha_rate: exp
  balancing: domain_confusion
  bce_weight: false
  weights_ema: true
  beta: 0.99

[2024-05-05 06:25:44,220][src.data.cancer_sim.dataset][INFO] - Shape of processed train data: {'sequence_lengths': (3500,), 'prev_treatments': (3500, 28, 1), 'vitals': (3500, 28, 16), 'next_vitals': (3500, 27, 16), 'current_treatments': (3500, 28, 1), 'static_features': (3500, 1), 'active_entries': (3500, 28, 1), 'outputs': (3500, 28, 1), 'unscaled_outputs': (3500, 28, 1), 'prev_outputs': (3500, 28, 1), 'coso_vitals': (3500, 28, 15), 'COSO': (3500, 28, 1)}
[2024-05-05 06:25:44,236][src.data.cancer_sim.dataset][INFO] - Shape of processed val data: {'sequence_lengths': (750,), 'prev_treatments': (750, 28, 1), 'vitals': (750, 28, 16), 'next_vitals': (750, 27, 16), 'current_treatments': (750, 28, 1), 'static_features': (750, 1), 'active_entries': (750, 28, 1), 'outputs': (750, 28, 1), 'unscaled_outputs': (750, 28, 1), 'prev_outputs': (750, 28, 1), 'coso_vitals': (750, 28, 15), 'COSO': (750, 28, 1)}
[2024-05-05 06:25:44,236][src.data.cancer_sim.dataset][INFO] - Shape of processed test data: {'sequence_lengths': (750,), 'prev_treatments': (750, 28, 1), 'vitals': (750, 28, 16), 'next_vitals': (750, 27, 16), 'current_treatments': (750, 28, 1), 'static_features': (750, 1), 'active_entries': (750, 28, 1), 'outputs': (750, 28, 1), 'unscaled_outputs': (750, 28, 1), 'prev_outputs': (750, 28, 1), 'coso_vitals': (750, 28, 15), 'COSO': (750, 28, 1)}
[2024-05-05 06:25:44,345][src.models.crn][INFO] - Input size of encoder: 19
[2024-05-05 06:32:12,567][src.models.time_varying_model][INFO] - RMSE calculation for val.
[2024-05-05 06:32:12,567][src.models.time_varying_model][INFO] - Predictions for val.
[2024-05-05 06:32:13,192][__main__][INFO] - Val normalised RMSE (all): 3.1423816647129637; Val normalised RMSE (orig): nan
[2024-05-05 06:32:13,192][src.models.time_varying_model][INFO] - RMSE calculation for test.
[2024-05-05 06:32:13,192][src.models.time_varying_model][INFO] - Predictions for test.
[2024-05-05 06:32:13,817][__main__][INFO] - Test normalised RMSE (all): 3.0697520036743144; Test normalised RMSE (orig): nan.
