[2024-05-05 00:14:56,629][__main__][INFO] - 
model:
  dim_treatments: 4
  dim_vitals: 0
  dim_static_features: 1
  dim_outcomes: 1
  dim_cosovitals: ???
  dim_abstract_confounders: ???
  dim_s: ???
  name: G-Net
  g_net:
    _target_: src.models.gnet.GNet
    seq_hidden_units: 48
    num_layer: 1
    r_size: 2
    fc_hidden_units: 40
    num_comp: 1
    mc_samples: 50
    fit_vitals: true
    comp_sizes: null
    batch_size: 64
    dropout_rate: 0.2
    optimizer:
      optimizer_cls: adam
      learning_rate: 0.01
      weight_decay: 0.0
      lr_scheduler: false
    tune_hparams: false
    tune_range: 50
    hparams_grid: null
    resources_per_trial: null
dataset:
  val_batch_size: 4096
  treatment_mode: multiclass
  _target_: src.data.SyntheticVitalDatasetCollection
  name: tumor_generator
  seed: 100000
  num_confounder: 2
  num_u: 1
  split:
    val: 0.15
    test: 0.15
  window_size: 15
  lag: 0
  max_seq_length: 60
  projection_horizon: 5
  cf_seq_mode: sliding_treatment
  time_step: 30
  holdout_ratio: 0.1
exp:
  seed: 100000
  gpus:
  - 0
  max_epochs: 100
  logging: true
  mlflow_uri: http://127.0.0.1:5000
  unscale_rmse: true
  percentage_rmse: true
  alpha: 1.0
  update_alpha: false
  alpha_rate: exp
  balancing: grad_reverse
  bce_weight: false
  weights_ema: false
  beta: 0.99

[2024-05-05 00:15:19,467][src.data.cancer_sim.dataset][INFO] - Shape of processed train data: {'sequence_lengths': (3500,), 'prev_treatments': (3500, 28, 1), 'vitals': (3500, 28, 10), 'next_vitals': (3500, 27, 10), 'current_treatments': (3500, 28, 1), 'static_features': (3500, 1), 'active_entries': (3500, 28, 1), 'outputs': (3500, 28, 1), 'unscaled_outputs': (3500, 28, 1), 'prev_outputs': (3500, 28, 1), 'coso_vitals': (3500, 28, 9), 'COSO': (3500, 28, 1)}
[2024-05-05 00:15:19,483][src.data.cancer_sim.dataset][INFO] - Shape of processed val data: {'sequence_lengths': (750,), 'prev_treatments': (750, 28, 1), 'vitals': (750, 28, 10), 'next_vitals': (750, 27, 10), 'current_treatments': (750, 28, 1), 'static_features': (750, 1), 'active_entries': (750, 28, 1), 'outputs': (750, 28, 1), 'unscaled_outputs': (750, 28, 1), 'prev_outputs': (750, 28, 1), 'coso_vitals': (750, 28, 9), 'COSO': (750, 28, 1)}
[2024-05-05 00:15:19,483][src.data.cancer_sim.dataset][INFO] - Shape of processed test data: {'sequence_lengths': (750,), 'prev_treatments': (750, 28, 1), 'vitals': (750, 28, 10), 'next_vitals': (750, 27, 10), 'current_treatments': (750, 28, 1), 'static_features': (750, 1), 'active_entries': (750, 28, 1), 'outputs': (750, 28, 1), 'unscaled_outputs': (750, 28, 1), 'prev_outputs': (750, 28, 1), 'coso_vitals': (750, 28, 9), 'COSO': (750, 28, 1)}
[2024-05-05 00:15:19,483][src.data.cancer_sim.dataset][INFO] - Exploding test dataset before testing (multiple sequences)
[2024-05-05 00:15:19,592][src.data.cancer_sim.dataset][INFO] - Shape of processed test data: {'prev_treatments': (13801, 28, 1), 'current_treatments': (13801, 28, 1), 'static_features': (13801, 1), 'prev_outputs': (13801, 28, 1), 'outputs': (13801, 28, 1), 'vitals': (13801, 28, 10), 'next_vitals': (13801, 27, 10), 'unscaled_outputs': (13801, 28, 1), 'sequence_lengths': (13801,), 'active_entries': (13801, 28, 1)}
[2024-05-05 00:15:19,592][src.data.cancer_sim.dataset][INFO] - Processing test dataset before testing (multiple sequences)
[2024-05-05 00:15:19,686][src.data.cancer_sim.dataset][INFO] - Shape of processed test data: {'original_index': (13801,), 'active_encoder_r': (13801, 23), 'prev_treatments': (13801, 5, 1), 'current_treatments': (13801, 5, 1), 'static_features': (13801, 1), 'prev_outputs': (13801, 5, 1), 'outputs': (13801, 5, 1), 'unscaled_outputs': (13801, 5, 1), 'sequence_lengths': (13801,), 'active_entries': (13801, 5, 1)}
[2024-05-05 00:15:19,811][src.models.gnet][INFO] - Input size of g_net: 13
[2024-05-05 00:15:19,842][src.data.dataset_collection][INFO] - Splited train_f on train_f: 3150 and train_f_holdout: 350
[2024-05-05 00:15:19,842][src.data.dataset_collection][INFO] - Exploding test_f 50 times
[2024-05-05 00:15:19,873][src.data.dataset_collection][INFO] - Exploding test_f 50 times
[2024-05-05 00:15:19,889][src.data.dataset_collection][INFO] - Exploding test_f 50 times
[2024-05-05 00:15:19,920][src.data.dataset_collection][INFO] - Exploding test_f 50 times
[2024-05-05 00:15:19,936][src.data.dataset_collection][INFO] - Exploding test_f 50 times
[2024-05-05 00:15:19,967][src.data.dataset_collection][INFO] - Exploding test_f 50 times
[2024-05-05 00:15:19,998][src.data.dataset_collection][INFO] - Exploding test_f 50 times
[2024-05-05 00:15:20,014][src.data.dataset_collection][INFO] - Exploding test_f 50 times
[2024-05-05 00:15:20,045][src.data.dataset_collection][INFO] - Exploding test_f 50 times
[2024-05-05 00:15:20,061][src.data.dataset_collection][INFO] - Exploding test_f 50 times
[2024-05-05 00:15:20,092][src.data.dataset_collection][INFO] - Exploding test_f 50 times
[2024-05-05 00:15:20,123][src.data.dataset_collection][INFO] - Exploding test_f 50 times
[2024-05-05 00:15:20,139][src.data.dataset_collection][INFO] - Exploding test_f 50 times
[2024-05-05 00:15:20,170][src.data.dataset_collection][INFO] - Exploding test_f 50 times
[2024-05-05 00:15:20,186][src.data.dataset_collection][INFO] - Exploding test_f 50 times
[2024-05-05 00:15:20,217][src.data.dataset_collection][INFO] - Exploding test_f 50 times
[2024-05-05 00:15:20,233][src.data.dataset_collection][INFO] - Exploding test_f 50 times
[2024-05-05 00:15:20,264][src.data.dataset_collection][INFO] - Exploding test_f 50 times
[2024-05-05 00:15:20,295][src.data.dataset_collection][INFO] - Exploding test_f 50 times
[2024-05-05 00:15:20,311][src.data.dataset_collection][INFO] - Exploding test_f 50 times
[2024-05-05 00:15:20,342][src.data.dataset_collection][INFO] - Exploding test_f 50 times
[2024-05-05 00:15:20,373][src.data.dataset_collection][INFO] - Exploding test_f 50 times
[2024-05-05 00:15:20,389][src.data.dataset_collection][INFO] - Exploding test_f 50 times
[2024-05-05 00:15:20,420][src.data.dataset_collection][INFO] - Exploding test_f 50 times
[2024-05-05 00:15:20,436][src.data.dataset_collection][INFO] - Exploding test_f 50 times
[2024-05-05 00:15:20,467][src.data.dataset_collection][INFO] - Exploding test_f 50 times
[2024-05-05 00:15:20,482][src.data.dataset_collection][INFO] - Exploding test_f 50 times
[2024-05-05 00:15:20,514][src.data.dataset_collection][INFO] - Exploding test_f 50 times
[2024-05-05 00:15:20,545][src.data.dataset_collection][INFO] - Exploding test_f 50 times
[2024-05-05 00:15:20,561][src.data.dataset_collection][INFO] - Exploding test_f 50 times
[2024-05-05 00:15:20,592][src.data.dataset_collection][INFO] - Exploding test_f 50 times
[2024-05-05 00:15:20,607][src.data.dataset_collection][INFO] - Exploding test_f 50 times
[2024-05-05 00:15:20,639][src.data.dataset_collection][INFO] - Exploding test_f 50 times
[2024-05-05 00:15:20,670][src.data.dataset_collection][INFO] - Exploding test_f 50 times
[2024-05-05 00:15:20,686][src.data.dataset_collection][INFO] - Exploding test_f 50 times
[2024-05-05 00:15:20,717][src.data.dataset_collection][INFO] - Exploding test_f 50 times
[2024-05-05 00:15:20,732][src.data.dataset_collection][INFO] - Exploding test_f 50 times
[2024-05-05 00:15:20,764][src.data.dataset_collection][INFO] - Exploding test_f 50 times
[2024-05-05 00:15:20,795][src.data.dataset_collection][INFO] - Exploding test_f 50 times
[2024-05-05 00:15:20,826][src.data.dataset_collection][INFO] - Exploding test_f 50 times
[2024-05-05 00:15:20,842][src.data.dataset_collection][INFO] - Exploding test_f 50 times
[2024-05-05 00:15:20,873][src.data.dataset_collection][INFO] - Exploding test_f 50 times
[2024-05-05 00:15:20,889][src.data.dataset_collection][INFO] - Exploding test_f 50 times
[2024-05-05 00:15:20,920][src.data.dataset_collection][INFO] - Exploding test_f 50 times
[2024-05-05 00:15:20,951][src.data.dataset_collection][INFO] - Exploding test_f 50 times
[2024-05-05 00:15:20,967][src.data.dataset_collection][INFO] - Exploding test_f 50 times
[2024-05-05 00:15:20,998][src.data.dataset_collection][INFO] - Exploding test_f 50 times
[2024-05-05 00:15:21,014][src.data.dataset_collection][INFO] - Exploding test_f 50 times
[2024-05-05 00:15:21,045][src.data.dataset_collection][INFO] - Exploding test_f 50 times
[2024-05-05 00:15:21,060][src.data.dataset_collection][INFO] - Exploding test_f 50 times
[2024-05-05 00:17:31,358][src.models.gnet][INFO] - Fitting residuals based on train_f_holdout.
[2024-05-05 00:17:31,358][src.models.gnet][INFO] - Predictions for train.
[2024-05-05 00:17:32,233][src.models.time_varying_model][INFO] - RMSE calculation for val.
[2024-05-05 00:17:32,233][src.models.gnet][INFO] - Predictions for val.
[2024-05-05 00:17:33,170][__main__][INFO] - Val normalised RMSE (all): 3.303043157005938; Val normalised RMSE (orig): nan
[2024-05-05 00:17:33,170][src.models.time_varying_model][INFO] - RMSE calculation for test.
[2024-05-05 00:17:33,170][src.models.gnet][INFO] - Predictions for test.
[2024-05-05 00:17:34,092][__main__][INFO] - Test normalised RMSE (all): 3.3981472199174285; Test normalised RMSE (orig): nan.
[2024-05-05 00:17:34,154][src.models.time_varying_model][INFO] - RMSE calculation for test.
[2024-05-05 00:17:34,154][src.models.gnet][INFO] - Autoregressive Prediction for test with MC-sampling of trajectories.
[2024-05-05 00:17:34,154][src.models.gnet][INFO] - t = 1
[2024-05-05 00:17:34,154][src.models.gnet][INFO] - Predictions for test.
[2024-05-05 00:17:35,888][src.models.gnet][INFO] - Predictions for test.
[2024-05-05 00:17:37,419][src.models.gnet][INFO] - Predictions for test.
[2024-05-05 00:17:38,981][src.models.gnet][INFO] - Predictions for test.
[2024-05-05 00:17:40,606][src.models.gnet][INFO] - Predictions for test.
[2024-05-05 00:17:42,199][src.models.gnet][INFO] - Predictions for test.
[2024-05-05 00:17:43,763][src.models.gnet][INFO] - Predictions for test.
[2024-05-05 00:17:45,466][src.models.gnet][INFO] - Predictions for test.
[2024-05-05 00:17:47,013][src.models.gnet][INFO] - Predictions for test.
[2024-05-05 00:17:48,559][src.models.gnet][INFO] - Predictions for test.
[2024-05-05 00:17:50,153][src.models.gnet][INFO] - Predictions for test.
[2024-05-05 00:17:51,590][src.models.gnet][INFO] - Predictions for test.
[2024-05-05 00:17:53,152][src.models.gnet][INFO] - Predictions for test.
[2024-05-05 00:17:54,730][src.models.gnet][INFO] - Predictions for test.
[2024-05-05 00:17:56,167][src.models.gnet][INFO] - Predictions for test.
[2024-05-05 00:17:57,745][src.models.gnet][INFO] - Predictions for test.
[2024-05-05 00:17:59,354][src.models.gnet][INFO] - Predictions for test.
[2024-05-05 00:18:00,884][src.models.gnet][INFO] - Predictions for test.
[2024-05-05 00:18:02,431][src.models.gnet][INFO] - Predictions for test.
[2024-05-05 00:18:04,024][src.models.gnet][INFO] - Predictions for test.
[2024-05-05 00:18:05,524][src.models.gnet][INFO] - Predictions for test.
[2024-05-05 00:18:06,977][src.models.gnet][INFO] - Predictions for test.
[2024-05-05 00:18:08,633][src.models.gnet][INFO] - Predictions for test.
[2024-05-05 00:18:10,070][src.models.gnet][INFO] - Predictions for test.
[2024-05-05 00:18:11,679][src.models.gnet][INFO] - Predictions for test.
[2024-05-05 00:18:13,288][src.models.gnet][INFO] - Predictions for test.
[2024-05-05 00:18:14,803][src.models.gnet][INFO] - Predictions for test.
[2024-05-05 00:18:16,318][src.models.gnet][INFO] - Predictions for test.
[2024-05-05 00:18:17,896][src.models.gnet][INFO] - Predictions for test.
[2024-05-05 00:18:19,302][src.models.gnet][INFO] - Predictions for test.
[2024-05-05 00:18:20,833][src.models.gnet][INFO] - Predictions for test.
[2024-05-05 00:18:22,442][src.models.gnet][INFO] - Predictions for test.
[2024-05-05 00:18:23,973][src.models.gnet][INFO] - Predictions for test.
[2024-05-05 00:18:25,472][src.models.gnet][INFO] - Predictions for test.
[2024-05-05 00:18:27,003][src.models.gnet][INFO] - Predictions for test.
[2024-05-05 00:18:28,550][src.models.gnet][INFO] - Predictions for test.
[2024-05-05 00:18:30,065][src.models.gnet][INFO] - Predictions for test.
[2024-05-05 00:18:31,565][src.models.gnet][INFO] - Predictions for test.
[2024-05-05 00:18:33,158][src.models.gnet][INFO] - Predictions for test.
[2024-05-05 00:18:34,580][src.models.gnet][INFO] - Predictions for test.
[2024-05-05 00:18:36,236][src.models.gnet][INFO] - Predictions for test.
[2024-05-05 00:18:37,782][src.models.gnet][INFO] - Predictions for test.
[2024-05-05 00:18:39,297][src.models.gnet][INFO] - Predictions for test.
[2024-05-05 00:18:40,828][src.models.gnet][INFO] - Predictions for test.
[2024-05-05 00:18:42,500][src.models.gnet][INFO] - Predictions for test.
[2024-05-05 00:18:44,046][src.models.gnet][INFO] - Predictions for test.
[2024-05-05 00:18:45,577][src.models.gnet][INFO] - Predictions for test.
[2024-05-05 00:18:47,171][src.models.gnet][INFO] - Predictions for test.
[2024-05-05 00:18:48,670][src.models.gnet][INFO] - Predictions for test.
[2024-05-05 00:18:50,264][src.models.gnet][INFO] - Predictions for test.
[2024-05-05 00:18:51,857][src.models.gnet][INFO] - t = 2
[2024-05-05 00:18:51,857][src.models.gnet][INFO] - Predictions for test.
[2024-05-05 00:18:53,278][src.models.gnet][INFO] - Predictions for test.
[2024-05-05 00:18:54,841][src.models.gnet][INFO] - Predictions for test.
[2024-05-05 00:18:56,450][src.models.gnet][INFO] - Predictions for test.
[2024-05-05 00:18:57,871][src.models.gnet][INFO] - Predictions for test.
[2024-05-05 00:18:59,465][src.models.gnet][INFO] - Predictions for test.
[2024-05-05 00:19:01,058][src.models.gnet][INFO] - Predictions for test.
[2024-05-05 00:19:02,558][src.models.gnet][INFO] - Predictions for test.
[2024-05-05 00:19:04,120][src.models.gnet][INFO] - Predictions for test.
[2024-05-05 00:19:05,697][src.models.gnet][INFO] - Predictions for test.
[2024-05-05 00:19:07,119][src.models.gnet][INFO] - Predictions for test.
[2024-05-05 00:19:08,697][src.models.gnet][INFO] - Predictions for test.
[2024-05-05 00:19:10,337][src.models.gnet][INFO] - Predictions for test.
[2024-05-05 00:19:11,899][src.models.gnet][INFO] - Predictions for test.
[2024-05-05 00:19:13,321][src.models.gnet][INFO] - Predictions for test.
[2024-05-05 00:19:14,961][src.models.gnet][INFO] - Predictions for test.
[2024-05-05 00:19:16,476][src.models.gnet][INFO] - Predictions for test.
[2024-05-05 00:19:17,991][src.models.gnet][INFO] - Predictions for test.
[2024-05-05 00:19:19,569][src.models.gnet][INFO] - Predictions for test.
[2024-05-05 00:19:20,991][src.models.gnet][INFO] - Predictions for test.
[2024-05-05 00:19:22,584][src.models.gnet][INFO] - Predictions for test.
[2024-05-05 00:19:24,162][src.models.gnet][INFO] - Predictions for test.
[2024-05-05 00:19:25,662][src.models.gnet][INFO] - Predictions for test.
[2024-05-05 00:19:27,286][src.models.gnet][INFO] - Predictions for test.
[2024-05-05 00:19:28,848][src.models.gnet][INFO] - Predictions for test.
[2024-05-05 00:19:30,473][src.models.gnet][INFO] - Predictions for test.
[2024-05-05 00:19:31,988][src.models.gnet][INFO] - Predictions for test.
[2024-05-05 00:19:33,441][src.models.gnet][INFO] - Predictions for test.
[2024-05-05 00:19:35,019][src.models.gnet][INFO] - Predictions for test.
[2024-05-05 00:19:36,534][src.models.gnet][INFO] - Predictions for test.
[2024-05-05 00:19:38,127][src.models.gnet][INFO] - Predictions for test.
[2024-05-05 00:19:39,721][src.models.gnet][INFO] - Predictions for test.
[2024-05-05 00:19:41,283][src.models.gnet][INFO] - Predictions for test.
[2024-05-05 00:19:42,798][src.models.gnet][INFO] - Predictions for test.
[2024-05-05 00:19:44,392][src.models.gnet][INFO] - Predictions for test.
[2024-05-05 00:19:45,891][src.models.gnet][INFO] - Predictions for test.
[2024-05-05 00:19:47,313][src.models.gnet][INFO] - Predictions for test.
[2024-05-05 00:19:48,953][src.models.gnet][INFO] - Predictions for test.
[2024-05-05 00:19:50,531][src.models.gnet][INFO] - Predictions for test.
[2024-05-05 00:19:52,046][src.models.gnet][INFO] - Predictions for test.
[2024-05-05 00:19:53,624][src.models.gnet][INFO] - Predictions for test.
[2024-05-05 00:19:55,139][src.models.gnet][INFO] - Predictions for test.
[2024-05-05 00:19:56,623][src.models.gnet][INFO] - Predictions for test.
[2024-05-05 00:19:58,232][src.models.gnet][INFO] - Predictions for test.
[2024-05-05 00:19:59,763][src.models.gnet][INFO] - Predictions for test.
[2024-05-05 00:20:01,325][src.models.gnet][INFO] - Predictions for test.
[2024-05-05 00:20:02,809][src.models.gnet][INFO] - Predictions for test.
[2024-05-05 00:20:04,402][src.models.gnet][INFO] - Predictions for test.
[2024-05-05 00:20:05,918][src.models.gnet][INFO] - Predictions for test.
[2024-05-05 00:20:07,496][src.models.gnet][INFO] - Predictions for test.
[2024-05-05 00:20:09,089][src.models.gnet][INFO] - t = 3
[2024-05-05 00:20:09,089][src.models.gnet][INFO] - Predictions for test.
[2024-05-05 00:20:10,635][src.models.gnet][INFO] - Predictions for test.
[2024-05-05 00:20:12,260][src.models.gnet][INFO] - Predictions for test.
[2024-05-05 00:20:13,744][src.models.gnet][INFO] - Predictions for test.
[2024-05-05 00:20:15,166][src.models.gnet][INFO] - Predictions for test.
[2024-05-05 00:20:16,775][src.models.gnet][INFO] - Predictions for test.
[2024-05-05 00:20:18,352][src.models.gnet][INFO] - Predictions for test.
[2024-05-05 00:20:19,883][src.models.gnet][INFO] - Predictions for test.
[2024-05-05 00:20:21,477][src.models.gnet][INFO] - Predictions for test.
[2024-05-05 00:20:22,992][src.models.gnet][INFO] - Predictions for test.
[2024-05-05 00:20:24,507][src.models.gnet][INFO] - Predictions for test.
[2024-05-05 00:20:25,929][src.models.gnet][INFO] - Predictions for test.
[2024-05-05 00:20:27,569][src.models.gnet][INFO] - Predictions for test.
[2024-05-05 00:20:29,115][src.models.gnet][INFO] - Predictions for test.
[2024-05-05 00:20:30,693][src.models.gnet][INFO] - Predictions for test.
[2024-05-05 00:20:32,146][src.models.gnet][INFO] - Predictions for test.
[2024-05-05 00:20:33,771][src.models.gnet][INFO] - Predictions for test.
[2024-05-05 00:20:35,302][src.models.gnet][INFO] - Predictions for test.
[2024-05-05 00:20:36,895][src.models.gnet][INFO] - Predictions for test.
[2024-05-05 00:20:38,316][src.models.gnet][INFO] - Predictions for test.
[2024-05-05 00:20:39,910][src.models.gnet][INFO] - Predictions for test.
[2024-05-05 00:20:41,503][src.models.gnet][INFO] - Predictions for test.
[2024-05-05 00:20:42,893][src.models.gnet][INFO] - Predictions for test.
[2024-05-05 00:20:44,440][src.models.gnet][INFO] - Predictions for test.
[2024-05-05 00:20:46,049][src.models.gnet][INFO] - Predictions for test.
[2024-05-05 00:20:47,596][src.models.gnet][INFO] - Predictions for test.
[2024-05-05 00:20:49,111][src.models.gnet][INFO] - Predictions for test.
[2024-05-05 00:20:50,689][src.models.gnet][INFO] - Predictions for test.
[2024-05-05 00:20:52,188][src.models.gnet][INFO] - Predictions for test.
[2024-05-05 00:20:53,578][src.models.gnet][INFO] - Predictions for test.
[2024-05-05 00:20:55,250][src.models.gnet][INFO] - Predictions for test.
[2024-05-05 00:20:56,734][src.models.gnet][INFO] - Predictions for test.
[2024-05-05 00:20:58,296][src.models.gnet][INFO] - Predictions for test.
[2024-05-05 00:20:59,890][src.models.gnet][INFO] - Predictions for test.
[2024-05-05 00:21:01,436][src.models.gnet][INFO] - Predictions for test.
[2024-05-05 00:21:02,967][src.models.gnet][INFO] - Predictions for test.
[2024-05-05 00:21:04,576][src.models.gnet][INFO] - Predictions for test.
[2024-05-05 00:21:06,154][src.models.gnet][INFO] - Predictions for test.
[2024-05-05 00:21:07,685][src.models.gnet][INFO] - Predictions for test.
[2024-05-05 00:21:09,262][src.models.gnet][INFO] - Predictions for test.
[2024-05-05 00:21:10,699][src.models.gnet][INFO] - Predictions for test.
[2024-05-05 00:21:12,340][src.models.gnet][INFO] - Predictions for test.
[2024-05-05 00:21:13,933][src.models.gnet][INFO] - Predictions for test.
[2024-05-05 00:21:15,448][src.models.gnet][INFO] - Predictions for test.
[2024-05-05 00:21:16,948][src.models.gnet][INFO] - Predictions for test.
[2024-05-05 00:21:18,432][src.models.gnet][INFO] - Predictions for test.
[2024-05-05 00:21:20,010][src.models.gnet][INFO] - Predictions for test.
[2024-05-05 00:21:21,541][src.models.gnet][INFO] - Predictions for test.
[2024-05-05 00:21:23,056][src.models.gnet][INFO] - Predictions for test.
[2024-05-05 00:21:24,649][src.models.gnet][INFO] - Predictions for test.
[2024-05-05 00:21:26,211][src.models.gnet][INFO] - t = 4
[2024-05-05 00:21:26,211][src.models.gnet][INFO] - Predictions for test.
[2024-05-05 00:21:27,805][src.models.gnet][INFO] - Predictions for test.
[2024-05-05 00:21:29,320][src.models.gnet][INFO] - Predictions for test.
[2024-05-05 00:21:30,882][src.models.gnet][INFO] - Predictions for test.
[2024-05-05 00:21:32,444][src.models.gnet][INFO] - Predictions for test.
[2024-05-05 00:21:34,038][src.models.gnet][INFO] - Predictions for test.
[2024-05-05 00:21:35,553][src.models.gnet][INFO] - Predictions for test.
[2024-05-05 00:21:37,053][src.models.gnet][INFO] - Predictions for test.
[2024-05-05 00:21:38,552][src.models.gnet][INFO] - Predictions for test.
[2024-05-05 00:21:40,114][src.models.gnet][INFO] - Predictions for test.
[2024-05-05 00:21:41,755][src.models.gnet][INFO] - Predictions for test.
[2024-05-05 00:21:43,364][src.models.gnet][INFO] - Predictions for test.
[2024-05-05 00:21:44,895][src.models.gnet][INFO] - Predictions for test.
[2024-05-05 00:21:46,410][src.models.gnet][INFO] - Predictions for test.
[2024-05-05 00:21:47,988][src.models.gnet][INFO] - Predictions for test.
[2024-05-05 00:21:49,503][src.models.gnet][INFO] - Predictions for test.
[2024-05-05 00:21:50,924][src.models.gnet][INFO] - Predictions for test.
[2024-05-05 00:21:52,565][src.models.gnet][INFO] - Predictions for test.
[2024-05-05 00:21:54,127][src.models.gnet][INFO] - Predictions for test.
[2024-05-05 00:21:55,642][src.models.gnet][INFO] - Predictions for test.
[2024-05-05 00:21:57,282][src.models.gnet][INFO] - Predictions for test.
[2024-05-05 00:21:58,798][src.models.gnet][INFO] - Predictions for test.
[2024-05-05 00:22:00,313][src.models.gnet][INFO] - Predictions for test.
[2024-05-05 00:22:01,781][src.models.gnet][INFO] - Predictions for test.
[2024-05-05 00:22:03,359][src.models.gnet][INFO] - Predictions for test.
[2024-05-05 00:22:04,827][src.models.gnet][INFO] - Predictions for test.
[2024-05-05 00:22:06,483][src.models.gnet][INFO] - Predictions for test.
[2024-05-05 00:22:08,030][src.models.gnet][INFO] - Predictions for test.
[2024-05-05 00:22:09,561][src.models.gnet][INFO] - Predictions for test.
[2024-05-05 00:22:11,201][src.models.gnet][INFO] - Predictions for test.
[2024-05-05 00:22:12,779][src.models.gnet][INFO] - Predictions for test.
[2024-05-05 00:22:14,200][src.models.gnet][INFO] - Predictions for test.
[2024-05-05 00:22:15,841][src.models.gnet][INFO] - Predictions for test.
[2024-05-05 00:22:17,356][src.models.gnet][INFO] - Predictions for test.
[2024-05-05 00:22:18,871][src.models.gnet][INFO] - Predictions for test.
[2024-05-05 00:22:20,386][src.models.gnet][INFO] - Predictions for test.
[2024-05-05 00:22:22,011][src.models.gnet][INFO] - Predictions for test.
[2024-05-05 00:22:23,636][src.models.gnet][INFO] - Predictions for test.
[2024-05-05 00:22:25,245][src.models.gnet][INFO] - Predictions for test.
[2024-05-05 00:22:26,807][src.models.gnet][INFO] - Predictions for test.
[2024-05-05 00:22:28,322][src.models.gnet][INFO] - Predictions for test.
[2024-05-05 00:22:29,806][src.models.gnet][INFO] - Predictions for test.
[2024-05-05 00:22:31,306][src.models.gnet][INFO] - Predictions for test.
[2024-05-05 00:22:32,946][src.models.gnet][INFO] - Predictions for test.
[2024-05-05 00:22:34,383][src.models.gnet][INFO] - Predictions for test.
[2024-05-05 00:22:36,008][src.models.gnet][INFO] - Predictions for test.
[2024-05-05 00:22:37,523][src.models.gnet][INFO] - Predictions for test.
[2024-05-05 00:22:38,913][src.models.gnet][INFO] - Predictions for test.
[2024-05-05 00:22:40,585][src.models.gnet][INFO] - Predictions for test.
[2024-05-05 00:22:42,069][src.models.gnet][INFO] - Predictions for test.
[2024-05-05 00:22:43,647][src.models.gnet][INFO] - t = 5
[2024-05-05 00:22:43,647][src.models.gnet][INFO] - Predictions for test.
[2024-05-05 00:22:45,287][src.models.gnet][INFO] - Predictions for test.
[2024-05-05 00:22:46,833][src.models.gnet][INFO] - Predictions for test.
[2024-05-05 00:22:48,380][src.models.gnet][INFO] - Predictions for test.
[2024-05-05 00:22:49,958][src.models.gnet][INFO] - Predictions for test.
[2024-05-05 00:22:51,941][src.models.gnet][INFO] - Predictions for test.
[2024-05-05 00:22:53,488][src.models.gnet][INFO] - Predictions for test.
[2024-05-05 00:22:55,097][src.models.gnet][INFO] - Predictions for test.
[2024-05-05 00:22:56,847][src.models.gnet][INFO] - Predictions for test.
[2024-05-05 00:22:58,346][src.models.gnet][INFO] - Predictions for test.
[2024-05-05 00:22:59,830][src.models.gnet][INFO] - Predictions for test.
[2024-05-05 00:23:01,408][src.models.gnet][INFO] - Predictions for test.
[2024-05-05 00:23:02,986][src.models.gnet][INFO] - Predictions for test.
[2024-05-05 00:23:04,595][src.models.gnet][INFO] - Predictions for test.
[2024-05-05 00:23:06,141][src.models.gnet][INFO] - Predictions for test.
[2024-05-05 00:23:07,703][src.models.gnet][INFO] - Predictions for test.
[2024-05-05 00:23:09,281][src.models.gnet][INFO] - Predictions for test.
[2024-05-05 00:23:10,703][src.models.gnet][INFO] - Predictions for test.
[2024-05-05 00:23:12,343][src.models.gnet][INFO] - Predictions for test.
[2024-05-05 00:23:13,936][src.models.gnet][INFO] - Predictions for test.
[2024-05-05 00:23:15,452][src.models.gnet][INFO] - Predictions for test.
[2024-05-05 00:23:16,967][src.models.gnet][INFO] - Predictions for test.
[2024-05-05 00:23:18,373][src.models.gnet][INFO] - Predictions for test.
[2024-05-05 00:23:20,013][src.models.gnet][INFO] - Predictions for test.
[2024-05-05 00:23:21,560][src.models.gnet][INFO] - Predictions for test.
[2024-05-05 00:23:23,153][src.models.gnet][INFO] - Predictions for test.
[2024-05-05 00:23:24,653][src.models.gnet][INFO] - Predictions for test.
[2024-05-05 00:23:26,215][src.models.gnet][INFO] - Predictions for test.
[2024-05-05 00:23:27,730][src.models.gnet][INFO] - Predictions for test.
[2024-05-05 00:23:29,323][src.models.gnet][INFO] - Predictions for test.
[2024-05-05 00:23:30,839][src.models.gnet][INFO] - Predictions for test.
[2024-05-05 00:23:32,354][src.models.gnet][INFO] - Predictions for test.
[2024-05-05 00:23:33,963][src.models.gnet][INFO] - Predictions for test.
[2024-05-05 00:23:35,494][src.models.gnet][INFO] - Predictions for test.
[2024-05-05 00:23:37,040][src.models.gnet][INFO] - Predictions for test.
[2024-05-05 00:23:38,602][src.models.gnet][INFO] - Predictions for test.
[2024-05-05 00:23:40,040][src.models.gnet][INFO] - Predictions for test.
[2024-05-05 00:23:41,649][src.models.gnet][INFO] - Predictions for test.
[2024-05-05 00:23:43,226][src.models.gnet][INFO] - Predictions for test.
[2024-05-05 00:23:44,742][src.models.gnet][INFO] - Predictions for test.
[2024-05-05 00:23:46,304][src.models.gnet][INFO] - Predictions for test.
[2024-05-05 00:23:47,881][src.models.gnet][INFO] - Predictions for test.
[2024-05-05 00:23:49,381][src.models.gnet][INFO] - Predictions for test.
[2024-05-05 00:23:50,803][src.models.gnet][INFO] - Predictions for test.
[2024-05-05 00:23:52,427][src.models.gnet][INFO] - Predictions for test.
[2024-05-05 00:23:53,974][src.models.gnet][INFO] - Predictions for test.
[2024-05-05 00:23:55,505][src.models.gnet][INFO] - Predictions for test.
[2024-05-05 00:23:57,145][src.models.gnet][INFO] - Predictions for test.
[2024-05-05 00:23:58,567][src.models.gnet][INFO] - Predictions for test.
[2024-05-05 00:24:00,144][src.models.gnet][INFO] - Predictions for test.
[2024-05-05 00:24:01,738][src.models.gnet][INFO] - t = 6
[2024-05-05 00:24:01,738][src.models.gnet][INFO] - Predictions for test.
[2024-05-05 00:24:03,237][src.models.gnet][INFO] - Predictions for test.
[2024-05-05 00:24:04,784][src.models.gnet][INFO] - Predictions for test.
[2024-05-05 00:24:06,362][src.models.gnet][INFO] - Predictions for test.
[2024-05-05 00:24:07,846][src.models.gnet][INFO] - Predictions for test.
[2024-05-05 00:24:09,392][src.models.gnet][INFO] - Predictions for test.
[2024-05-05 00:24:11,001][src.models.gnet][INFO] - Predictions for test.
[2024-05-05 00:24:12,470][src.models.gnet][INFO] - Predictions for test.
[2024-05-05 00:24:13,922][src.models.gnet][INFO] - Predictions for test.
[2024-05-05 00:24:15,469][src.models.gnet][INFO] - Predictions for test.
[2024-05-05 00:24:17,078][src.models.gnet][INFO] - Predictions for test.
[2024-05-05 00:24:18,609][src.models.gnet][INFO] - Predictions for test.
[2024-05-05 00:24:20,061][src.models.gnet][INFO] - Predictions for test.
[2024-05-05 00:24:21,624][src.models.gnet][INFO] - Predictions for test.
[2024-05-05 00:24:23,139][src.models.gnet][INFO] - Predictions for test.
[2024-05-05 00:24:24,654][src.models.gnet][INFO] - Predictions for test.
[2024-05-05 00:24:26,154][src.models.gnet][INFO] - Predictions for test.
[2024-05-05 00:24:27,685][src.models.gnet][INFO] - Predictions for test.
[2024-05-05 00:24:29,200][src.models.gnet][INFO] - Predictions for test.
[2024-05-05 00:24:30,793][src.models.gnet][INFO] - Predictions for test.
[2024-05-05 00:24:32,293][src.models.gnet][INFO] - Predictions for test.
[2024-05-05 00:24:33,699][src.models.gnet][INFO] - Predictions for test.
[2024-05-05 00:24:35,339][src.models.gnet][INFO] - Predictions for test.
[2024-05-05 00:24:36,854][src.models.gnet][INFO] - Predictions for test.
[2024-05-05 00:24:38,354][src.models.gnet][INFO] - Predictions for test.
[2024-05-05 00:24:39,932][src.models.gnet][INFO] - Predictions for test.
[2024-05-05 00:24:41,369][src.models.gnet][INFO] - Predictions for test.
[2024-05-05 00:24:42,947][src.models.gnet][INFO] - Predictions for test.
[2024-05-05 00:24:44,525][src.models.gnet][INFO] - Predictions for test.
[2024-05-05 00:24:46,024][src.models.gnet][INFO] - Predictions for test.
[2024-05-05 00:24:47,571][src.models.gnet][INFO] - Predictions for test.
[2024-05-05 00:24:49,148][src.models.gnet][INFO] - Predictions for test.
[2024-05-05 00:24:50,648][src.models.gnet][INFO] - Predictions for test.
[2024-05-05 00:24:52,195][src.models.gnet][INFO] - Predictions for test.
[2024-05-05 00:24:53,757][src.models.gnet][INFO] - Predictions for test.
[2024-05-05 00:24:55,256][src.models.gnet][INFO] - Predictions for test.
[2024-05-05 00:24:56,881][src.models.gnet][INFO] - Predictions for test.
[2024-05-05 00:24:58,490][src.models.gnet][INFO] - Predictions for test.
[2024-05-05 00:25:00,037][src.models.gnet][INFO] - Predictions for test.
[2024-05-05 00:25:01,583][src.models.gnet][INFO] - Predictions for test.
[2024-05-05 00:25:03,208][src.models.gnet][INFO] - Predictions for test.
[2024-05-05 00:25:04,739][src.models.gnet][INFO] - Predictions for test.
[2024-05-05 00:25:06,254][src.models.gnet][INFO] - Predictions for test.
[2024-05-05 00:25:07,738][src.models.gnet][INFO] - Predictions for test.
[2024-05-05 00:25:09,300][src.models.gnet][INFO] - Predictions for test.
[2024-05-05 00:25:10,831][src.models.gnet][INFO] - Predictions for test.
[2024-05-05 00:25:12,377][src.models.gnet][INFO] - Predictions for test.
[2024-05-05 00:25:14,143][src.models.gnet][INFO] - Predictions for test.
[2024-05-05 00:25:15,642][src.models.gnet][INFO] - Predictions for test.
[2024-05-05 00:25:17,220][src.models.gnet][INFO] - Predictions for test.
[2024-05-05 00:25:18,813][__main__][INFO] - Test normalised RMSE (n-step prediction): {'2-step': 16.97191668867252, '3-step': 16.47160851297453, '4-step': 16.80013907805487, '5-step': 16.66958182820256, '6-step': 17.61128161636085}
