[2024-05-04 23:12:55,212][__main__][INFO] - 
model:
  dim_treatments: 4
  dim_vitals: 0
  dim_static_features: 1
  dim_outcomes: 1
  dim_cosovitals: ???
  dim_abstract_confounders: ???
  dim_s: ???
  name: G-Net
  g_net:
    _target_: src.models.gnet.GNet
    seq_hidden_units: 48
    num_layer: 1
    r_size: 2
    fc_hidden_units: 40
    num_comp: 1
    mc_samples: 50
    fit_vitals: true
    comp_sizes: null
    batch_size: 64
    dropout_rate: 0.2
    optimizer:
      optimizer_cls: adam
      learning_rate: 0.01
      weight_decay: 0.0
      lr_scheduler: false
    tune_hparams: false
    tune_range: 50
    hparams_grid: null
    resources_per_trial: null
dataset:
  val_batch_size: 4096
  treatment_mode: multiclass
  _target_: src.data.SyntheticVitalDatasetCollection
  name: tumor_generator
  seed: 10000
  num_confounder: 1
  num_u: 1
  split:
    val: 0.15
    test: 0.15
  window_size: 15
  lag: 0
  max_seq_length: 60
  projection_horizon: 5
  cf_seq_mode: sliding_treatment
  time_step: 30
  holdout_ratio: 0.1
exp:
  seed: 10000
  gpus:
  - 0
  max_epochs: 100
  logging: true
  mlflow_uri: http://127.0.0.1:5000
  unscale_rmse: true
  percentage_rmse: true
  alpha: 1.0
  update_alpha: false
  alpha_rate: exp
  balancing: grad_reverse
  bce_weight: false
  weights_ema: false
  beta: 0.99

[2024-05-04 23:13:19,004][src.data.cancer_sim.dataset][INFO] - Shape of processed train data: {'sequence_lengths': (3500,), 'prev_treatments': (3500, 28, 1), 'vitals': (3500, 28, 8), 'next_vitals': (3500, 27, 8), 'current_treatments': (3500, 28, 1), 'static_features': (3500, 1), 'active_entries': (3500, 28, 1), 'outputs': (3500, 28, 1), 'unscaled_outputs': (3500, 28, 1), 'prev_outputs': (3500, 28, 1), 'coso_vitals': (3500, 28, 7), 'COSO': (3500, 28, 1)}
[2024-05-04 23:13:19,004][src.data.cancer_sim.dataset][INFO] - Shape of processed val data: {'sequence_lengths': (750,), 'prev_treatments': (750, 28, 1), 'vitals': (750, 28, 8), 'next_vitals': (750, 27, 8), 'current_treatments': (750, 28, 1), 'static_features': (750, 1), 'active_entries': (750, 28, 1), 'outputs': (750, 28, 1), 'unscaled_outputs': (750, 28, 1), 'prev_outputs': (750, 28, 1), 'coso_vitals': (750, 28, 7), 'COSO': (750, 28, 1)}
[2024-05-04 23:13:19,004][src.data.cancer_sim.dataset][INFO] - Shape of processed test data: {'sequence_lengths': (750,), 'prev_treatments': (750, 28, 1), 'vitals': (750, 28, 8), 'next_vitals': (750, 27, 8), 'current_treatments': (750, 28, 1), 'static_features': (750, 1), 'active_entries': (750, 28, 1), 'outputs': (750, 28, 1), 'unscaled_outputs': (750, 28, 1), 'prev_outputs': (750, 28, 1), 'coso_vitals': (750, 28, 7), 'COSO': (750, 28, 1)}
[2024-05-04 23:13:19,004][src.data.cancer_sim.dataset][INFO] - Exploding test dataset before testing (multiple sequences)
[2024-05-04 23:13:19,097][src.data.cancer_sim.dataset][INFO] - Shape of processed test data: {'prev_treatments': (13899, 28, 1), 'current_treatments': (13899, 28, 1), 'static_features': (13899, 1), 'prev_outputs': (13899, 28, 1), 'outputs': (13899, 28, 1), 'vitals': (13899, 28, 8), 'next_vitals': (13899, 27, 8), 'unscaled_outputs': (13899, 28, 1), 'sequence_lengths': (13899,), 'active_entries': (13899, 28, 1)}
[2024-05-04 23:13:19,097][src.data.cancer_sim.dataset][INFO] - Processing test dataset before testing (multiple sequences)
[2024-05-04 23:13:19,191][src.data.cancer_sim.dataset][INFO] - Shape of processed test data: {'original_index': (13899,), 'active_encoder_r': (13899, 23), 'prev_treatments': (13899, 5, 1), 'current_treatments': (13899, 5, 1), 'static_features': (13899, 1), 'prev_outputs': (13899, 5, 1), 'outputs': (13899, 5, 1), 'unscaled_outputs': (13899, 5, 1), 'sequence_lengths': (13899,), 'active_entries': (13899, 5, 1)}
[2024-05-04 23:13:19,316][src.models.gnet][INFO] - Input size of g_net: 11
[2024-05-04 23:13:19,347][src.data.dataset_collection][INFO] - Splited train_f on train_f: 3150 and train_f_holdout: 350
[2024-05-04 23:13:19,347][src.data.dataset_collection][INFO] - Exploding test_f 50 times
[2024-05-04 23:13:19,363][src.data.dataset_collection][INFO] - Exploding test_f 50 times
[2024-05-04 23:13:19,379][src.data.dataset_collection][INFO] - Exploding test_f 50 times
[2024-05-04 23:13:19,410][src.data.dataset_collection][INFO] - Exploding test_f 50 times
[2024-05-04 23:13:19,426][src.data.dataset_collection][INFO] - Exploding test_f 50 times
[2024-05-04 23:13:19,441][src.data.dataset_collection][INFO] - Exploding test_f 50 times
[2024-05-04 23:13:19,457][src.data.dataset_collection][INFO] - Exploding test_f 50 times
[2024-05-04 23:13:19,488][src.data.dataset_collection][INFO] - Exploding test_f 50 times
[2024-05-04 23:13:19,504][src.data.dataset_collection][INFO] - Exploding test_f 50 times
[2024-05-04 23:13:19,519][src.data.dataset_collection][INFO] - Exploding test_f 50 times
[2024-05-04 23:13:19,550][src.data.dataset_collection][INFO] - Exploding test_f 50 times
[2024-05-04 23:13:19,566][src.data.dataset_collection][INFO] - Exploding test_f 50 times
[2024-05-04 23:13:19,582][src.data.dataset_collection][INFO] - Exploding test_f 50 times
[2024-05-04 23:13:19,613][src.data.dataset_collection][INFO] - Exploding test_f 50 times
[2024-05-04 23:13:19,629][src.data.dataset_collection][INFO] - Exploding test_f 50 times
[2024-05-04 23:13:19,644][src.data.dataset_collection][INFO] - Exploding test_f 50 times
[2024-05-04 23:13:19,660][src.data.dataset_collection][INFO] - Exploding test_f 50 times
[2024-05-04 23:13:19,675][src.data.dataset_collection][INFO] - Exploding test_f 50 times
[2024-05-04 23:13:19,691][src.data.dataset_collection][INFO] - Exploding test_f 50 times
[2024-05-04 23:13:19,722][src.data.dataset_collection][INFO] - Exploding test_f 50 times
[2024-05-04 23:13:19,738][src.data.dataset_collection][INFO] - Exploding test_f 50 times
[2024-05-04 23:13:19,754][src.data.dataset_collection][INFO] - Exploding test_f 50 times
[2024-05-04 23:13:19,769][src.data.dataset_collection][INFO] - Exploding test_f 50 times
[2024-05-04 23:13:19,785][src.data.dataset_collection][INFO] - Exploding test_f 50 times
[2024-05-04 23:13:19,816][src.data.dataset_collection][INFO] - Exploding test_f 50 times
[2024-05-04 23:13:19,832][src.data.dataset_collection][INFO] - Exploding test_f 50 times
[2024-05-04 23:13:19,847][src.data.dataset_collection][INFO] - Exploding test_f 50 times
[2024-05-04 23:13:19,878][src.data.dataset_collection][INFO] - Exploding test_f 50 times
[2024-05-04 23:13:19,894][src.data.dataset_collection][INFO] - Exploding test_f 50 times
[2024-05-04 23:13:19,910][src.data.dataset_collection][INFO] - Exploding test_f 50 times
[2024-05-04 23:13:19,925][src.data.dataset_collection][INFO] - Exploding test_f 50 times
[2024-05-04 23:13:19,957][src.data.dataset_collection][INFO] - Exploding test_f 50 times
[2024-05-04 23:13:19,972][src.data.dataset_collection][INFO] - Exploding test_f 50 times
[2024-05-04 23:13:20,003][src.data.dataset_collection][INFO] - Exploding test_f 50 times
[2024-05-04 23:13:20,019][src.data.dataset_collection][INFO] - Exploding test_f 50 times
[2024-05-04 23:13:20,035][src.data.dataset_collection][INFO] - Exploding test_f 50 times
[2024-05-04 23:13:20,050][src.data.dataset_collection][INFO] - Exploding test_f 50 times
[2024-05-04 23:13:20,082][src.data.dataset_collection][INFO] - Exploding test_f 50 times
[2024-05-04 23:13:20,097][src.data.dataset_collection][INFO] - Exploding test_f 50 times
[2024-05-04 23:13:20,113][src.data.dataset_collection][INFO] - Exploding test_f 50 times
[2024-05-04 23:13:20,144][src.data.dataset_collection][INFO] - Exploding test_f 50 times
[2024-05-04 23:13:20,160][src.data.dataset_collection][INFO] - Exploding test_f 50 times
[2024-05-04 23:13:20,175][src.data.dataset_collection][INFO] - Exploding test_f 50 times
[2024-05-04 23:13:20,207][src.data.dataset_collection][INFO] - Exploding test_f 50 times
[2024-05-04 23:13:20,222][src.data.dataset_collection][INFO] - Exploding test_f 50 times
[2024-05-04 23:13:20,238][src.data.dataset_collection][INFO] - Exploding test_f 50 times
[2024-05-04 23:13:20,269][src.data.dataset_collection][INFO] - Exploding test_f 50 times
[2024-05-04 23:13:20,285][src.data.dataset_collection][INFO] - Exploding test_f 50 times
[2024-05-04 23:13:20,300][src.data.dataset_collection][INFO] - Exploding test_f 50 times
[2024-05-04 23:13:20,316][src.data.dataset_collection][INFO] - Exploding test_f 50 times
[2024-05-04 23:15:29,426][src.models.gnet][INFO] - Fitting residuals based on train_f_holdout.
[2024-05-04 23:15:29,426][src.models.gnet][INFO] - Predictions for train.
[2024-05-04 23:15:30,301][src.models.time_varying_model][INFO] - RMSE calculation for val.
[2024-05-04 23:15:30,301][src.models.gnet][INFO] - Predictions for val.
[2024-05-04 23:15:31,254][__main__][INFO] - Val normalised RMSE (all): 3.207551019811851; Val normalised RMSE (orig): nan
[2024-05-04 23:15:31,254][src.models.time_varying_model][INFO] - RMSE calculation for test.
[2024-05-04 23:15:31,254][src.models.gnet][INFO] - Predictions for test.
[2024-05-04 23:15:32,176][__main__][INFO] - Test normalised RMSE (all): 3.248187583781332; Test normalised RMSE (orig): nan.
[2024-05-04 23:15:32,238][src.models.time_varying_model][INFO] - RMSE calculation for test.
[2024-05-04 23:15:32,238][src.models.gnet][INFO] - Autoregressive Prediction for test with MC-sampling of trajectories.
[2024-05-04 23:15:32,238][src.models.gnet][INFO] - t = 1
[2024-05-04 23:15:32,238][src.models.gnet][INFO] - Predictions for test.
[2024-05-04 23:15:33,863][src.models.gnet][INFO] - Predictions for test.
[2024-05-04 23:15:35,253][src.models.gnet][INFO] - Predictions for test.
[2024-05-04 23:15:36,862][src.models.gnet][INFO] - Predictions for test.
[2024-05-04 23:15:38,377][src.models.gnet][INFO] - Predictions for test.
[2024-05-04 23:15:39,893][src.models.gnet][INFO] - Predictions for test.
[2024-05-04 23:15:41,299][src.models.gnet][INFO] - Predictions for test.
[2024-05-04 23:15:42,876][src.models.gnet][INFO] - Predictions for test.
[2024-05-04 23:15:44,251][src.models.gnet][INFO] - Predictions for test.
[2024-05-04 23:15:45,798][src.models.gnet][INFO] - Predictions for test.
[2024-05-04 23:15:47,407][src.models.gnet][INFO] - Predictions for test.
[2024-05-04 23:15:48,937][src.models.gnet][INFO] - Predictions for test.
[2024-05-04 23:15:50,437][src.models.gnet][INFO] - Predictions for test.
[2024-05-04 23:15:52,030][src.models.gnet][INFO] - Predictions for test.
[2024-05-04 23:15:53,546][src.models.gnet][INFO] - Predictions for test.
[2024-05-04 23:15:54,936][src.models.gnet][INFO] - Predictions for test.
[2024-05-04 23:15:56,592][src.models.gnet][INFO] - Predictions for test.
[2024-05-04 23:15:58,092][src.models.gnet][INFO] - Predictions for test.
[2024-05-04 23:15:59,591][src.models.gnet][INFO] - Predictions for test.
[2024-05-04 23:16:01,091][src.models.gnet][INFO] - Predictions for test.
[2024-05-04 23:16:02,637][src.models.gnet][INFO] - Predictions for test.
[2024-05-04 23:16:04,137][src.models.gnet][INFO] - Predictions for test.
[2024-05-04 23:16:05,715][src.models.gnet][INFO] - Predictions for test.
[2024-05-04 23:16:07,199][src.models.gnet][INFO] - Predictions for test.
[2024-05-04 23:16:08,573][src.models.gnet][INFO] - Predictions for test.
[2024-05-04 23:16:10,182][src.models.gnet][INFO] - Predictions for test.
[2024-05-04 23:16:11,729][src.models.gnet][INFO] - Predictions for test.
[2024-05-04 23:16:13,244][src.models.gnet][INFO] - Predictions for test.
[2024-05-04 23:16:14,681][src.models.gnet][INFO] - Predictions for test.
[2024-05-04 23:16:16,275][src.models.gnet][INFO] - Predictions for test.
[2024-05-04 23:16:17,774][src.models.gnet][INFO] - Predictions for test.
[2024-05-04 23:16:19,399][src.models.gnet][INFO] - Predictions for test.
[2024-05-04 23:16:20,914][src.models.gnet][INFO] - Predictions for test.
[2024-05-04 23:16:22,414][src.models.gnet][INFO] - Predictions for test.
[2024-05-04 23:16:23,976][src.models.gnet][INFO] - Predictions for test.
[2024-05-04 23:16:25,476][src.models.gnet][INFO] - Predictions for test.
[2024-05-04 23:16:26,882][src.models.gnet][INFO] - Predictions for test.
[2024-05-04 23:16:28,491][src.models.gnet][INFO] - Predictions for test.
[2024-05-04 23:16:30,022][src.models.gnet][INFO] - Predictions for test.
[2024-05-04 23:16:31,552][src.models.gnet][INFO] - Predictions for test.
[2024-05-04 23:16:33,021][src.models.gnet][INFO] - Predictions for test.
[2024-05-04 23:16:34,567][src.models.gnet][INFO] - Predictions for test.
[2024-05-04 23:16:36,083][src.models.gnet][INFO] - Predictions for test.
[2024-05-04 23:16:37,645][src.models.gnet][INFO] - Predictions for test.
[2024-05-04 23:16:39,144][src.models.gnet][INFO] - Predictions for test.
[2024-05-04 23:16:40,519][src.models.gnet][INFO] - Predictions for test.
[2024-05-04 23:16:42,159][src.models.gnet][INFO] - Predictions for test.
[2024-05-04 23:16:43,690][src.models.gnet][INFO] - Predictions for test.
[2024-05-04 23:16:45,190][src.models.gnet][INFO] - Predictions for test.
[2024-05-04 23:16:46,627][src.models.gnet][INFO] - Predictions for test.
[2024-05-04 23:16:48,189][src.models.gnet][INFO] - t = 2
[2024-05-04 23:16:48,189][src.models.gnet][INFO] - Predictions for test.
[2024-05-04 23:16:49,736][src.models.gnet][INFO] - Predictions for test.
[2024-05-04 23:16:51,345][src.models.gnet][INFO] - Predictions for test.
[2024-05-04 23:16:52,891][src.models.gnet][INFO] - Predictions for test.
[2024-05-04 23:16:54,391][src.models.gnet][INFO] - Predictions for test.
[2024-05-04 23:16:55,969][src.models.gnet][INFO] - Predictions for test.
[2024-05-04 23:16:57,484][src.models.gnet][INFO] - Predictions for test.
[2024-05-04 23:16:58,968][src.models.gnet][INFO] - Predictions for test.
[2024-05-04 23:17:00,577][src.models.gnet][INFO] - Predictions for test.
[2024-05-04 23:17:02,139][src.models.gnet][INFO] - Predictions for test.
[2024-05-04 23:17:03,639][src.models.gnet][INFO] - Predictions for test.
[2024-05-04 23:17:05,216][src.models.gnet][INFO] - Predictions for test.
[2024-05-04 23:17:06,763][src.models.gnet][INFO] - Predictions for test.
[2024-05-04 23:17:08,294][src.models.gnet][INFO] - Predictions for test.
[2024-05-04 23:17:09,856][src.models.gnet][INFO] - Predictions for test.
[2024-05-04 23:17:11,356][src.models.gnet][INFO] - Predictions for test.
[2024-05-04 23:17:12,840][src.models.gnet][INFO] - Predictions for test.
[2024-05-04 23:17:14,308][src.models.gnet][INFO] - Predictions for test.
[2024-05-04 23:17:15,855][src.models.gnet][INFO] - Predictions for test.
[2024-05-04 23:17:17,401][src.models.gnet][INFO] - Predictions for test.
[2024-05-04 23:17:18,963][src.models.gnet][INFO] - Predictions for test.
[2024-05-04 23:17:20,463][src.models.gnet][INFO] - Predictions for test.
[2024-05-04 23:17:22,009][src.models.gnet][INFO] - Predictions for test.
[2024-05-04 23:17:23,587][src.models.gnet][INFO] - Predictions for test.
[2024-05-04 23:17:25,087][src.models.gnet][INFO] - Predictions for test.
[2024-05-04 23:17:26,665][src.models.gnet][INFO] - Predictions for test.
[2024-05-04 23:17:28,274][src.models.gnet][INFO] - Predictions for test.
[2024-05-04 23:17:29,789][src.models.gnet][INFO] - Predictions for test.
[2024-05-04 23:17:31,304][src.models.gnet][INFO] - Predictions for test.
[2024-05-04 23:17:32,991][src.models.gnet][INFO] - Predictions for test.
[2024-05-04 23:17:34,538][src.models.gnet][INFO] - Predictions for test.
[2024-05-04 23:17:36,069][src.models.gnet][INFO] - Predictions for test.
[2024-05-04 23:17:37,631][src.models.gnet][INFO] - Predictions for test.
[2024-05-04 23:17:39,130][src.models.gnet][INFO] - Predictions for test.
[2024-05-04 23:17:40,630][src.models.gnet][INFO] - Predictions for test.
[2024-05-04 23:17:42,099][src.models.gnet][INFO] - Predictions for test.
[2024-05-04 23:17:43,661][src.models.gnet][INFO] - Predictions for test.
[2024-05-04 23:17:45,192][src.models.gnet][INFO] - Predictions for test.
[2024-05-04 23:17:46,801][src.models.gnet][INFO] - Predictions for test.
[2024-05-04 23:17:48,301][src.models.gnet][INFO] - Predictions for test.
[2024-05-04 23:17:49,676][src.models.gnet][INFO] - Predictions for test.
[2024-05-04 23:17:51,300][src.models.gnet][INFO] - Predictions for test.
[2024-05-04 23:17:52,847][src.models.gnet][INFO] - Predictions for test.
[2024-05-04 23:17:54,346][src.models.gnet][INFO] - Predictions for test.
[2024-05-04 23:17:55,784][src.models.gnet][INFO] - Predictions for test.
[2024-05-04 23:17:57,393][src.models.gnet][INFO] - Predictions for test.
[2024-05-04 23:17:58,799][src.models.gnet][INFO] - Predictions for test.
[2024-05-04 23:18:00,439][src.models.gnet][INFO] - Predictions for test.
[2024-05-04 23:18:01,985][src.models.gnet][INFO] - Predictions for test.
[2024-05-04 23:18:03,485][src.models.gnet][INFO] - Predictions for test.
[2024-05-04 23:18:05,063][src.models.gnet][INFO] - t = 3
[2024-05-04 23:18:05,063][src.models.gnet][INFO] - Predictions for test.
[2024-05-04 23:18:06,453][src.models.gnet][INFO] - Predictions for test.
[2024-05-04 23:18:07,999][src.models.gnet][INFO] - Predictions for test.
[2024-05-04 23:18:09,577][src.models.gnet][INFO] - Predictions for test.
[2024-05-04 23:18:11,093][src.models.gnet][INFO] - Predictions for test.
[2024-05-04 23:18:12,670][src.models.gnet][INFO] - Predictions for test.
[2024-05-04 23:18:14,139][src.models.gnet][INFO] - Predictions for test.
[2024-05-04 23:18:15,685][src.models.gnet][INFO] - Predictions for test.
[2024-05-04 23:18:17,185][src.models.gnet][INFO] - Predictions for test.
[2024-05-04 23:18:18,747][src.models.gnet][INFO] - Predictions for test.
[2024-05-04 23:18:20,247][src.models.gnet][INFO] - Predictions for test.
[2024-05-04 23:18:21,637][src.models.gnet][INFO] - Predictions for test.
[2024-05-04 23:18:23,230][src.models.gnet][INFO] - Predictions for test.
[2024-05-04 23:18:24,761][src.models.gnet][INFO] - Predictions for test.
[2024-05-04 23:18:26,292][src.models.gnet][INFO] - Predictions for test.
[2024-05-04 23:18:27,870][src.models.gnet][INFO] - Predictions for test.
[2024-05-04 23:18:29,370][src.models.gnet][INFO] - Predictions for test.
[2024-05-04 23:18:30,775][src.models.gnet][INFO] - Predictions for test.
[2024-05-04 23:18:32,400][src.models.gnet][INFO] - Predictions for test.
[2024-05-04 23:18:33,978][src.models.gnet][INFO] - Predictions for test.
[2024-05-04 23:18:35,477][src.models.gnet][INFO] - Predictions for test.
[2024-05-04 23:18:37,040][src.models.gnet][INFO] - Predictions for test.
[2024-05-04 23:18:38,539][src.models.gnet][INFO] - Predictions for test.
[2024-05-04 23:18:39,945][src.models.gnet][INFO] - Predictions for test.
[2024-05-04 23:18:41,617][src.models.gnet][INFO] - Predictions for test.
[2024-05-04 23:18:43,038][src.models.gnet][INFO] - Predictions for test.
[2024-05-04 23:18:44,600][src.models.gnet][INFO] - Predictions for test.
[2024-05-04 23:18:46,178][src.models.gnet][INFO] - Predictions for test.
[2024-05-04 23:18:47,678][src.models.gnet][INFO] - Predictions for test.
[2024-05-04 23:18:49,240][src.models.gnet][INFO] - Predictions for test.
[2024-05-04 23:18:50,693][src.models.gnet][INFO] - Predictions for test.
[2024-05-04 23:18:52,255][src.models.gnet][INFO] - Predictions for test.
[2024-05-04 23:18:53,754][src.models.gnet][INFO] - Predictions for test.
[2024-05-04 23:18:55,317][src.models.gnet][INFO] - Predictions for test.
[2024-05-04 23:18:56,847][src.models.gnet][INFO] - Predictions for test.
[2024-05-04 23:18:58,253][src.models.gnet][INFO] - Predictions for test.
[2024-05-04 23:18:59,862][src.models.gnet][INFO] - Predictions for test.
[2024-05-04 23:19:01,409][src.models.gnet][INFO] - Predictions for test.
[2024-05-04 23:19:02,909][src.models.gnet][INFO] - Predictions for test.
[2024-05-04 23:19:04,471][src.models.gnet][INFO] - Predictions for test.
[2024-05-04 23:19:05,892][src.models.gnet][INFO] - Predictions for test.
[2024-05-04 23:19:07,454][src.models.gnet][INFO] - Predictions for test.
[2024-05-04 23:19:09,095][src.models.gnet][INFO] - Predictions for test.
[2024-05-04 23:19:10,594][src.models.gnet][INFO] - Predictions for test.
[2024-05-04 23:19:12,110][src.models.gnet][INFO] - Predictions for test.
[2024-05-04 23:19:13,547][src.models.gnet][INFO] - Predictions for test.
[2024-05-04 23:19:15,171][src.models.gnet][INFO] - Predictions for test.
[2024-05-04 23:19:16,577][src.models.gnet][INFO] - Predictions for test.
[2024-05-04 23:19:18,217][src.models.gnet][INFO] - Predictions for test.
[2024-05-04 23:19:19,717][src.models.gnet][INFO] - Predictions for test.
[2024-05-04 23:19:21,232][src.models.gnet][INFO] - t = 4
[2024-05-04 23:19:21,232][src.models.gnet][INFO] - Predictions for test.
[2024-05-04 23:19:22,795][src.models.gnet][INFO] - Predictions for test.
[2024-05-04 23:19:24,294][src.models.gnet][INFO] - Predictions for test.
[2024-05-04 23:19:25,841][src.models.gnet][INFO] - Predictions for test.
[2024-05-04 23:19:27,434][src.models.gnet][INFO] - Predictions for test.
[2024-05-04 23:19:28,934][src.models.gnet][INFO] - Predictions for test.
[2024-05-04 23:19:30,465][src.models.gnet][INFO] - Predictions for test.
[2024-05-04 23:19:32,042][src.models.gnet][INFO] - Predictions for test.
[2024-05-04 23:19:33,558][src.models.gnet][INFO] - Predictions for test.
[2024-05-04 23:19:35,104][src.models.gnet][INFO] - Predictions for test.
[2024-05-04 23:19:36,698][src.models.gnet][INFO] - Predictions for test.
[2024-05-04 23:19:38,197][src.models.gnet][INFO] - Predictions for test.
[2024-05-04 23:19:39,697][src.models.gnet][INFO] - Predictions for test.
[2024-05-04 23:19:41,181][src.models.gnet][INFO] - Predictions for test.
[2024-05-04 23:19:42,712][src.models.gnet][INFO] - Predictions for test.
[2024-05-04 23:19:44,211][src.models.gnet][INFO] - Predictions for test.
[2024-05-04 23:19:45,774][src.models.gnet][INFO] - Predictions for test.
[2024-05-04 23:19:47,273][src.models.gnet][INFO] - Predictions for test.
[2024-05-04 23:19:48,648][src.models.gnet][INFO] - Predictions for test.
[2024-05-04 23:19:50,257][src.models.gnet][INFO] - Predictions for test.
[2024-05-04 23:19:51,788][src.models.gnet][INFO] - Predictions for test.
[2024-05-04 23:19:53,319][src.models.gnet][INFO] - Predictions for test.
[2024-05-04 23:19:54,881][src.models.gnet][INFO] - Predictions for test.
[2024-05-04 23:19:56,380][src.models.gnet][INFO] - Predictions for test.
[2024-05-04 23:19:57,786][src.models.gnet][INFO] - Predictions for test.
[2024-05-04 23:19:59,411][src.models.gnet][INFO] - Predictions for test.
[2024-05-04 23:20:00,973][src.models.gnet][INFO] - Predictions for test.
[2024-05-04 23:20:02,473][src.models.gnet][INFO] - Predictions for test.
[2024-05-04 23:20:04,066][src.models.gnet][INFO] - Predictions for test.
[2024-05-04 23:20:05,488][src.models.gnet][INFO] - Predictions for test.
[2024-05-04 23:20:07,034][src.models.gnet][INFO] - Predictions for test.
[2024-05-04 23:20:08,596][src.models.gnet][INFO] - Predictions for test.
[2024-05-04 23:20:10,096][src.models.gnet][INFO] - Predictions for test.
[2024-05-04 23:20:11,627][src.models.gnet][INFO] - Predictions for test.
[2024-05-04 23:20:13,111][src.models.gnet][INFO] - Predictions for test.
[2024-05-04 23:20:14,720][src.models.gnet][INFO] - Predictions for test.
[2024-05-04 23:20:16,220][src.models.gnet][INFO] - Predictions for test.
[2024-05-04 23:20:17,688][src.models.gnet][INFO] - Predictions for test.
[2024-05-04 23:20:19,266][src.models.gnet][INFO] - Predictions for test.
[2024-05-04 23:20:20,765][src.models.gnet][INFO] - Predictions for test.
[2024-05-04 23:20:22,343][src.models.gnet][INFO] - Predictions for test.
[2024-05-04 23:20:23,921][src.models.gnet][INFO] - Predictions for test.
[2024-05-04 23:20:25,327][src.models.gnet][INFO] - Predictions for test.
[2024-05-04 23:20:26,983][src.models.gnet][INFO] - Predictions for test.
[2024-05-04 23:20:28,514][src.models.gnet][INFO] - Predictions for test.
[2024-05-04 23:20:30,013][src.models.gnet][INFO] - Predictions for test.
[2024-05-04 23:20:31,575][src.models.gnet][INFO] - Predictions for test.
[2024-05-04 23:20:32,966][src.models.gnet][INFO] - Predictions for test.
[2024-05-04 23:20:34,543][src.models.gnet][INFO] - Predictions for test.
[2024-05-04 23:20:36,121][src.models.gnet][INFO] - Predictions for test.
[2024-05-04 23:20:37,621][src.models.gnet][INFO] - t = 5
[2024-05-04 23:20:37,621][src.models.gnet][INFO] - Predictions for test.
[2024-05-04 23:20:39,183][src.models.gnet][INFO] - Predictions for test.
[2024-05-04 23:20:40,651][src.models.gnet][INFO] - Predictions for test.
[2024-05-04 23:20:42,213][src.models.gnet][INFO] - Predictions for test.
[2024-05-04 23:20:43,729][src.models.gnet][INFO] - Predictions for test.
[2024-05-04 23:20:45,291][src.models.gnet][INFO] - Predictions for test.
[2024-05-04 23:20:46,806][src.models.gnet][INFO] - Predictions for test.
[2024-05-04 23:20:48,181][src.models.gnet][INFO] - Predictions for test.
[2024-05-04 23:20:49,790][src.models.gnet][INFO] - Predictions for test.
[2024-05-04 23:20:51,321][src.models.gnet][INFO] - Predictions for test.
[2024-05-04 23:20:52,820][src.models.gnet][INFO] - Predictions for test.
[2024-05-04 23:20:54,273][src.models.gnet][INFO] - Predictions for test.
[2024-05-04 23:20:55,804][src.models.gnet][INFO] - Predictions for test.
[2024-05-04 23:20:57,319][src.models.gnet][INFO] - Predictions for test.
[2024-05-04 23:20:58,897][src.models.gnet][INFO] - Predictions for test.
[2024-05-04 23:21:00,287][src.models.gnet][INFO] - Predictions for test.
[2024-05-04 23:21:01,850][src.models.gnet][INFO] - Predictions for test.
[2024-05-04 23:21:03,443][src.models.gnet][INFO] - Predictions for test.
[2024-05-04 23:21:04,974][src.models.gnet][INFO] - Predictions for test.
[2024-05-04 23:21:06,489][src.models.gnet][INFO] - Predictions for test.
[2024-05-04 23:21:07,926][src.models.gnet][INFO] - Predictions for test.
[2024-05-04 23:21:09,504][src.models.gnet][INFO] - Predictions for test.
[2024-05-04 23:21:11,035][src.models.gnet][INFO] - Predictions for test.
[2024-05-04 23:21:12,769][src.models.gnet][INFO] - Predictions for test.
[2024-05-04 23:21:14,269][src.models.gnet][INFO] - Predictions for test.
[2024-05-04 23:21:15,690][src.models.gnet][INFO] - Predictions for test.
[2024-05-04 23:21:17,315][src.models.gnet][INFO] - Predictions for test.
[2024-05-04 23:21:18,861][src.models.gnet][INFO] - Predictions for test.
[2024-05-04 23:21:20,392][src.models.gnet][INFO] - Predictions for test.
[2024-05-04 23:21:21,954][src.models.gnet][INFO] - Predictions for test.
[2024-05-04 23:21:23,454][src.models.gnet][INFO] - Predictions for test.
[2024-05-04 23:21:25,032][src.models.gnet][INFO] - Predictions for test.
[2024-05-04 23:21:26,531][src.models.gnet][INFO] - Predictions for test.
[2024-05-04 23:21:28,078][src.models.gnet][INFO] - Predictions for test.
[2024-05-04 23:21:29,609][src.models.gnet][INFO] - Predictions for test.
[2024-05-04 23:21:31,186][src.models.gnet][INFO] - Predictions for test.
[2024-05-04 23:21:32,686][src.models.gnet][INFO] - Predictions for test.
[2024-05-04 23:21:34,186][src.models.gnet][INFO] - Predictions for test.
[2024-05-04 23:21:35,779][src.models.gnet][INFO] - Predictions for test.
[2024-05-04 23:21:37,185][src.models.gnet][INFO] - Predictions for test.
[2024-05-04 23:21:38,732][src.models.gnet][INFO] - Predictions for test.
[2024-05-04 23:21:40,309][src.models.gnet][INFO] - Predictions for test.
[2024-05-04 23:21:41,840][src.models.gnet][INFO] - Predictions for test.
[2024-05-04 23:21:43,340][src.models.gnet][INFO] - Predictions for test.
[2024-05-04 23:21:44,808][src.models.gnet][INFO] - Predictions for test.
[2024-05-04 23:21:46,339][src.models.gnet][INFO] - Predictions for test.
[2024-05-04 23:21:47,839][src.models.gnet][INFO] - Predictions for test.
[2024-05-04 23:21:49,417][src.models.gnet][INFO] - Predictions for test.
[2024-05-04 23:21:50,916][src.models.gnet][INFO] - Predictions for test.
[2024-05-04 23:21:52,400][src.models.gnet][INFO] - Predictions for test.
[2024-05-04 23:21:54,040][src.models.gnet][INFO] - t = 6
[2024-05-04 23:21:54,040][src.models.gnet][INFO] - Predictions for test.
[2024-05-04 23:21:55,540][src.models.gnet][INFO] - Predictions for test.
[2024-05-04 23:21:57,055][src.models.gnet][INFO] - Predictions for test.
[2024-05-04 23:21:58,711][src.models.gnet][INFO] - Predictions for test.
[2024-05-04 23:22:00,289][src.models.gnet][INFO] - Predictions for test.
[2024-05-04 23:22:01,820][src.models.gnet][INFO] - Predictions for test.
[2024-05-04 23:22:03,382][src.models.gnet][INFO] - Predictions for test.
[2024-05-04 23:22:04,882][src.models.gnet][INFO] - Predictions for test.
[2024-05-04 23:22:06,366][src.models.gnet][INFO] - Predictions for test.
[2024-05-04 23:22:07,818][src.models.gnet][INFO] - Predictions for test.
[2024-05-04 23:22:09,396][src.models.gnet][INFO] - Predictions for test.
[2024-05-04 23:22:10,958][src.models.gnet][INFO] - Predictions for test.
[2024-05-04 23:22:12,630][src.models.gnet][INFO] - Predictions for test.
[2024-05-04 23:22:14,130][src.models.gnet][INFO] - Predictions for test.
[2024-05-04 23:22:15,629][src.models.gnet][INFO] - Predictions for test.
[2024-05-04 23:22:17,082][src.models.gnet][INFO] - Predictions for test.
[2024-05-04 23:22:18,691][src.models.gnet][INFO] - Predictions for test.
[2024-05-04 23:22:20,237][src.models.gnet][INFO] - Predictions for test.
[2024-05-04 23:22:21,831][src.models.gnet][INFO] - Predictions for test.
[2024-05-04 23:22:23,346][src.models.gnet][INFO] - Predictions for test.
[2024-05-04 23:22:24,846][src.models.gnet][INFO] - Predictions for test.
[2024-05-04 23:22:26,408][src.models.gnet][INFO] - Predictions for test.
[2024-05-04 23:22:27,908][src.models.gnet][INFO] - Predictions for test.
[2024-05-04 23:22:29,313][src.models.gnet][INFO] - Predictions for test.
[2024-05-04 23:22:30,985][src.models.gnet][INFO] - Predictions for test.
[2024-05-04 23:22:32,516][src.models.gnet][INFO] - Predictions for test.
[2024-05-04 23:22:34,031][src.models.gnet][INFO] - Predictions for test.
[2024-05-04 23:22:35,624][src.models.gnet][INFO] - Predictions for test.
[2024-05-04 23:22:37,015][src.models.gnet][INFO] - Predictions for test.
[2024-05-04 23:22:38,530][src.models.gnet][INFO] - Predictions for test.
[2024-05-04 23:22:40,092][src.models.gnet][INFO] - Predictions for test.
[2024-05-04 23:22:41,701][src.models.gnet][INFO] - Predictions for test.
[2024-05-04 23:22:43,201][src.models.gnet][INFO] - Predictions for test.
[2024-05-04 23:22:44,747][src.models.gnet][INFO] - Predictions for test.
[2024-05-04 23:22:46,153][src.models.gnet][INFO] - Predictions for test.
[2024-05-04 23:22:47,715][src.models.gnet][INFO] - Predictions for test.
[2024-05-04 23:22:49,324][src.models.gnet][INFO] - Predictions for test.
[2024-05-04 23:22:50,855][src.models.gnet][INFO] - Predictions for test.
[2024-05-04 23:22:52,355][src.models.gnet][INFO] - Predictions for test.
[2024-05-04 23:22:53,964][src.models.gnet][INFO] - Predictions for test.
[2024-05-04 23:22:55,573][src.models.gnet][INFO] - Predictions for test.
[2024-05-04 23:22:57,229][src.models.gnet][INFO] - Predictions for test.
[2024-05-04 23:22:58,807][src.models.gnet][INFO] - Predictions for test.
[2024-05-04 23:23:00,306][src.models.gnet][INFO] - Predictions for test.
[2024-05-04 23:23:01,806][src.models.gnet][INFO] - Predictions for test.
[2024-05-04 23:23:03,399][src.models.gnet][INFO] - Predictions for test.
[2024-05-04 23:23:04,930][src.models.gnet][INFO] - Predictions for test.
[2024-05-04 23:23:06,445][src.models.gnet][INFO] - Predictions for test.
[2024-05-04 23:23:08,008][src.models.gnet][INFO] - Predictions for test.
[2024-05-04 23:23:09,492][src.models.gnet][INFO] - Predictions for test.
[2024-05-04 23:23:10,913][__main__][INFO] - Test normalised RMSE (n-step prediction): {'2-step': 13.346238454036197, '3-step': 13.44115527064376, '4-step': 13.140227329614342, '5-step': 12.392953464827446, '6-step': 13.303394849413289}
