[2024-05-05 02:21:20,743][__main__][INFO] - 
model:
  dim_treatments: 4
  dim_vitals: 0
  dim_static_features: 1
  dim_outcomes: 1
  dim_cosovitals: ???
  dim_abstract_confounders: ???
  dim_s: ???
  name: G-Net
  g_net:
    _target_: src.models.gnet.GNet
    seq_hidden_units: 48
    num_layer: 1
    r_size: 2
    fc_hidden_units: 40
    num_comp: 1
    mc_samples: 50
    fit_vitals: true
    comp_sizes: null
    batch_size: 64
    dropout_rate: 0.2
    optimizer:
      optimizer_cls: adam
      learning_rate: 0.01
      weight_decay: 0.0
      lr_scheduler: false
    tune_hparams: false
    tune_range: 50
    hparams_grid: null
    resources_per_trial: null
dataset:
  val_batch_size: 4096
  treatment_mode: multiclass
  _target_: src.data.SyntheticVitalDatasetCollection
  name: tumor_generator
  seed: 100
  num_confounder: 5
  num_u: 1
  split:
    val: 0.15
    test: 0.15
  window_size: 15
  lag: 0
  max_seq_length: 60
  projection_horizon: 5
  cf_seq_mode: sliding_treatment
  time_step: 30
  holdout_ratio: 0.1
exp:
  seed: 100
  gpus:
  - 0
  max_epochs: 100
  logging: true
  mlflow_uri: http://127.0.0.1:5000
  unscale_rmse: true
  percentage_rmse: true
  alpha: 1.0
  update_alpha: false
  alpha_rate: exp
  balancing: grad_reverse
  bce_weight: false
  weights_ema: false
  beta: 0.99

[2024-05-05 02:21:44,097][src.data.cancer_sim.dataset][INFO] - Shape of processed train data: {'sequence_lengths': (3500,), 'prev_treatments': (3500, 28, 1), 'vitals': (3500, 28, 16), 'next_vitals': (3500, 27, 16), 'current_treatments': (3500, 28, 1), 'static_features': (3500, 1), 'active_entries': (3500, 28, 1), 'outputs': (3500, 28, 1), 'unscaled_outputs': (3500, 28, 1), 'prev_outputs': (3500, 28, 1), 'coso_vitals': (3500, 28, 15), 'COSO': (3500, 28, 1)}
[2024-05-05 02:21:44,097][src.data.cancer_sim.dataset][INFO] - Shape of processed val data: {'sequence_lengths': (750,), 'prev_treatments': (750, 28, 1), 'vitals': (750, 28, 16), 'next_vitals': (750, 27, 16), 'current_treatments': (750, 28, 1), 'static_features': (750, 1), 'active_entries': (750, 28, 1), 'outputs': (750, 28, 1), 'unscaled_outputs': (750, 28, 1), 'prev_outputs': (750, 28, 1), 'coso_vitals': (750, 28, 15), 'COSO': (750, 28, 1)}
[2024-05-05 02:21:44,097][src.data.cancer_sim.dataset][INFO] - Shape of processed test data: {'sequence_lengths': (750,), 'prev_treatments': (750, 28, 1), 'vitals': (750, 28, 16), 'next_vitals': (750, 27, 16), 'current_treatments': (750, 28, 1), 'static_features': (750, 1), 'active_entries': (750, 28, 1), 'outputs': (750, 28, 1), 'unscaled_outputs': (750, 28, 1), 'prev_outputs': (750, 28, 1), 'coso_vitals': (750, 28, 15), 'COSO': (750, 28, 1)}
[2024-05-05 02:21:44,097][src.data.cancer_sim.dataset][INFO] - Exploding test dataset before testing (multiple sequences)
[2024-05-05 02:21:44,207][src.data.cancer_sim.dataset][INFO] - Shape of processed test data: {'prev_treatments': (13896, 28, 1), 'current_treatments': (13896, 28, 1), 'static_features': (13896, 1), 'prev_outputs': (13896, 28, 1), 'outputs': (13896, 28, 1), 'vitals': (13896, 28, 16), 'next_vitals': (13896, 27, 16), 'unscaled_outputs': (13896, 28, 1), 'sequence_lengths': (13896,), 'active_entries': (13896, 28, 1)}
[2024-05-05 02:21:44,207][src.data.cancer_sim.dataset][INFO] - Processing test dataset before testing (multiple sequences)
[2024-05-05 02:21:44,316][src.data.cancer_sim.dataset][INFO] - Shape of processed test data: {'original_index': (13896,), 'active_encoder_r': (13896, 23), 'prev_treatments': (13896, 5, 1), 'current_treatments': (13896, 5, 1), 'static_features': (13896, 1), 'prev_outputs': (13896, 5, 1), 'outputs': (13896, 5, 1), 'unscaled_outputs': (13896, 5, 1), 'sequence_lengths': (13896,), 'active_entries': (13896, 5, 1)}
[2024-05-05 02:21:44,457][src.models.gnet][INFO] - Input size of g_net: 19
[2024-05-05 02:21:44,488][src.data.dataset_collection][INFO] - Splited train_f on train_f: 3150 and train_f_holdout: 350
[2024-05-05 02:21:44,488][src.data.dataset_collection][INFO] - Exploding test_f 50 times
[2024-05-05 02:21:44,519][src.data.dataset_collection][INFO] - Exploding test_f 50 times
[2024-05-05 02:21:44,566][src.data.dataset_collection][INFO] - Exploding test_f 50 times
[2024-05-05 02:21:44,597][src.data.dataset_collection][INFO] - Exploding test_f 50 times
[2024-05-05 02:21:44,628][src.data.dataset_collection][INFO] - Exploding test_f 50 times
[2024-05-05 02:21:44,660][src.data.dataset_collection][INFO] - Exploding test_f 50 times
[2024-05-05 02:21:44,706][src.data.dataset_collection][INFO] - Exploding test_f 50 times
[2024-05-05 02:21:44,738][src.data.dataset_collection][INFO] - Exploding test_f 50 times
[2024-05-05 02:21:44,769][src.data.dataset_collection][INFO] - Exploding test_f 50 times
[2024-05-05 02:21:44,800][src.data.dataset_collection][INFO] - Exploding test_f 50 times
[2024-05-05 02:21:44,847][src.data.dataset_collection][INFO] - Exploding test_f 50 times
[2024-05-05 02:21:44,878][src.data.dataset_collection][INFO] - Exploding test_f 50 times
[2024-05-05 02:21:44,910][src.data.dataset_collection][INFO] - Exploding test_f 50 times
[2024-05-05 02:21:44,941][src.data.dataset_collection][INFO] - Exploding test_f 50 times
[2024-05-05 02:21:44,988][src.data.dataset_collection][INFO] - Exploding test_f 50 times
[2024-05-05 02:21:45,019][src.data.dataset_collection][INFO] - Exploding test_f 50 times
[2024-05-05 02:21:45,050][src.data.dataset_collection][INFO] - Exploding test_f 50 times
[2024-05-05 02:21:45,097][src.data.dataset_collection][INFO] - Exploding test_f 50 times
[2024-05-05 02:21:45,128][src.data.dataset_collection][INFO] - Exploding test_f 50 times
[2024-05-05 02:21:45,159][src.data.dataset_collection][INFO] - Exploding test_f 50 times
[2024-05-05 02:21:45,191][src.data.dataset_collection][INFO] - Exploding test_f 50 times
[2024-05-05 02:21:45,222][src.data.dataset_collection][INFO] - Exploding test_f 50 times
[2024-05-05 02:21:45,269][src.data.dataset_collection][INFO] - Exploding test_f 50 times
[2024-05-05 02:21:45,300][src.data.dataset_collection][INFO] - Exploding test_f 50 times
[2024-05-05 02:21:45,331][src.data.dataset_collection][INFO] - Exploding test_f 50 times
[2024-05-05 02:21:45,378][src.data.dataset_collection][INFO] - Exploding test_f 50 times
[2024-05-05 02:21:45,409][src.data.dataset_collection][INFO] - Exploding test_f 50 times
[2024-05-05 02:21:45,441][src.data.dataset_collection][INFO] - Exploding test_f 50 times
[2024-05-05 02:21:45,472][src.data.dataset_collection][INFO] - Exploding test_f 50 times
[2024-05-05 02:21:45,519][src.data.dataset_collection][INFO] - Exploding test_f 50 times
[2024-05-05 02:21:45,550][src.data.dataset_collection][INFO] - Exploding test_f 50 times
[2024-05-05 02:21:45,581][src.data.dataset_collection][INFO] - Exploding test_f 50 times
[2024-05-05 02:21:45,612][src.data.dataset_collection][INFO] - Exploding test_f 50 times
[2024-05-05 02:21:45,659][src.data.dataset_collection][INFO] - Exploding test_f 50 times
[2024-05-05 02:21:45,691][src.data.dataset_collection][INFO] - Exploding test_f 50 times
[2024-05-05 02:21:45,722][src.data.dataset_collection][INFO] - Exploding test_f 50 times
[2024-05-05 02:21:45,769][src.data.dataset_collection][INFO] - Exploding test_f 50 times
[2024-05-05 02:21:45,800][src.data.dataset_collection][INFO] - Exploding test_f 50 times
[2024-05-05 02:21:45,831][src.data.dataset_collection][INFO] - Exploding test_f 50 times
[2024-05-05 02:21:45,878][src.data.dataset_collection][INFO] - Exploding test_f 50 times
[2024-05-05 02:21:45,909][src.data.dataset_collection][INFO] - Exploding test_f 50 times
[2024-05-05 02:21:45,941][src.data.dataset_collection][INFO] - Exploding test_f 50 times
[2024-05-05 02:21:45,972][src.data.dataset_collection][INFO] - Exploding test_f 50 times
[2024-05-05 02:21:46,019][src.data.dataset_collection][INFO] - Exploding test_f 50 times
[2024-05-05 02:21:46,050][src.data.dataset_collection][INFO] - Exploding test_f 50 times
[2024-05-05 02:21:46,081][src.data.dataset_collection][INFO] - Exploding test_f 50 times
[2024-05-05 02:21:46,128][src.data.dataset_collection][INFO] - Exploding test_f 50 times
[2024-05-05 02:21:46,159][src.data.dataset_collection][INFO] - Exploding test_f 50 times
[2024-05-05 02:21:46,191][src.data.dataset_collection][INFO] - Exploding test_f 50 times
[2024-05-05 02:21:46,222][src.data.dataset_collection][INFO] - Exploding test_f 50 times
[2024-05-05 02:23:56,332][src.models.gnet][INFO] - Fitting residuals based on train_f_holdout.
[2024-05-05 02:23:56,332][src.models.gnet][INFO] - Predictions for train.
[2024-05-05 02:23:57,207][src.models.time_varying_model][INFO] - RMSE calculation for val.
[2024-05-05 02:23:57,207][src.models.gnet][INFO] - Predictions for val.
[2024-05-05 02:23:58,144][__main__][INFO] - Val normalised RMSE (all): 5.14451413538514; Val normalised RMSE (orig): nan
[2024-05-05 02:23:58,144][src.models.time_varying_model][INFO] - RMSE calculation for test.
[2024-05-05 02:23:58,144][src.models.gnet][INFO] - Predictions for test.
[2024-05-05 02:23:59,081][__main__][INFO] - Test normalised RMSE (all): 5.100112063297909; Test normalised RMSE (orig): nan.
[2024-05-05 02:23:59,144][src.models.time_varying_model][INFO] - RMSE calculation for test.
[2024-05-05 02:23:59,144][src.models.gnet][INFO] - Autoregressive Prediction for test with MC-sampling of trajectories.
[2024-05-05 02:23:59,144][src.models.gnet][INFO] - t = 1
[2024-05-05 02:23:59,144][src.models.gnet][INFO] - Predictions for test.
[2024-05-05 02:24:00,831][src.models.gnet][INFO] - Predictions for test.
[2024-05-05 02:24:02,315][src.models.gnet][INFO] - Predictions for test.
[2024-05-05 02:24:03,768][src.models.gnet][INFO] - Predictions for test.
[2024-05-05 02:24:05,455][src.models.gnet][INFO] - Predictions for test.
[2024-05-05 02:24:07,048][src.models.gnet][INFO] - Predictions for test.
[2024-05-05 02:24:08,626][src.models.gnet][INFO] - Predictions for test.
[2024-05-05 02:24:10,297][src.models.gnet][INFO] - Predictions for test.
[2024-05-05 02:24:12,031][src.models.gnet][INFO] - Predictions for test.
[2024-05-05 02:24:13,593][src.models.gnet][INFO] - Predictions for test.
[2024-05-05 02:24:15,124][src.models.gnet][INFO] - Predictions for test.
[2024-05-05 02:24:16,733][src.models.gnet][INFO] - Predictions for test.
[2024-05-05 02:24:18,342][src.models.gnet][INFO] - Predictions for test.
[2024-05-05 02:24:19,936][src.models.gnet][INFO] - Predictions for test.
[2024-05-05 02:24:21,592][src.models.gnet][INFO] - Predictions for test.
[2024-05-05 02:24:23,201][src.models.gnet][INFO] - Predictions for test.
[2024-05-05 02:24:24,653][src.models.gnet][INFO] - Predictions for test.
[2024-05-05 02:24:26,356][src.models.gnet][INFO] - Predictions for test.
[2024-05-05 02:24:27,950][src.models.gnet][INFO] - Predictions for test.
[2024-05-05 02:24:29,527][src.models.gnet][INFO] - Predictions for test.
[2024-05-05 02:24:31,183][src.models.gnet][INFO] - Predictions for test.
[2024-05-05 02:24:32,745][src.models.gnet][INFO] - Predictions for test.
[2024-05-05 02:24:34,323][src.models.gnet][INFO] - Predictions for test.
[2024-05-05 02:24:35,885][src.models.gnet][INFO] - Predictions for test.
[2024-05-05 02:24:37,400][src.models.gnet][INFO] - Predictions for test.
[2024-05-05 02:24:39,025][src.models.gnet][INFO] - Predictions for test.
[2024-05-05 02:24:40,603][src.models.gnet][INFO] - Predictions for test.
[2024-05-05 02:24:42,415][src.models.gnet][INFO] - Predictions for test.
[2024-05-05 02:24:43,993][src.models.gnet][INFO] - Predictions for test.
[2024-05-05 02:24:45,570][src.models.gnet][INFO] - Predictions for test.
[2024-05-05 02:24:47,211][src.models.gnet][INFO] - Predictions for test.
[2024-05-05 02:24:48,788][src.models.gnet][INFO] - Predictions for test.
[2024-05-05 02:24:50,335][src.models.gnet][INFO] - Predictions for test.
[2024-05-05 02:24:51,866][src.models.gnet][INFO] - Predictions for test.
[2024-05-05 02:24:53,444][src.models.gnet][INFO] - Predictions for test.
[2024-05-05 02:24:55,021][src.models.gnet][INFO] - Predictions for test.
[2024-05-05 02:24:56,740][src.models.gnet][INFO] - Predictions for test.
[2024-05-05 02:24:58,286][src.models.gnet][INFO] - Predictions for test.
[2024-05-05 02:24:59,895][src.models.gnet][INFO] - Predictions for test.
[2024-05-05 02:25:01,614][src.models.gnet][INFO] - Predictions for test.
[2024-05-05 02:25:03,160][src.models.gnet][INFO] - Predictions for test.
[2024-05-05 02:25:04,628][src.models.gnet][INFO] - Predictions for test.
[2024-05-05 02:25:06,237][src.models.gnet][INFO] - Predictions for test.
[2024-05-05 02:25:07,862][src.models.gnet][INFO] - Predictions for test.
[2024-05-05 02:25:09,440][src.models.gnet][INFO] - Predictions for test.
[2024-05-05 02:25:10,877][src.models.gnet][INFO] - Predictions for test.
[2024-05-05 02:25:12,689][src.models.gnet][INFO] - Predictions for test.
[2024-05-05 02:25:14,251][src.models.gnet][INFO] - Predictions for test.
[2024-05-05 02:25:15,720][src.models.gnet][INFO] - Predictions for test.
[2024-05-05 02:25:17,407][src.models.gnet][INFO] - Predictions for test.
[2024-05-05 02:25:19,016][src.models.gnet][INFO] - t = 2
[2024-05-05 02:25:19,016][src.models.gnet][INFO] - Predictions for test.
[2024-05-05 02:25:20,718][src.models.gnet][INFO] - Predictions for test.
[2024-05-05 02:25:22,406][src.models.gnet][INFO] - Predictions for test.
[2024-05-05 02:25:24,015][src.models.gnet][INFO] - Predictions for test.
[2024-05-05 02:25:25,608][src.models.gnet][INFO] - Predictions for test.
[2024-05-05 02:25:27,389][src.models.gnet][INFO] - Predictions for test.
[2024-05-05 02:25:28,966][src.models.gnet][INFO] - Predictions for test.
[2024-05-05 02:25:30,529][src.models.gnet][INFO] - Predictions for test.
[2024-05-05 02:25:31,997][src.models.gnet][INFO] - Predictions for test.
[2024-05-05 02:25:33,669][src.models.gnet][INFO] - Predictions for test.
[2024-05-05 02:25:35,231][src.models.gnet][INFO] - Predictions for test.
[2024-05-05 02:25:36,808][src.models.gnet][INFO] - Predictions for test.
[2024-05-05 02:25:38,433][src.models.gnet][INFO] - Predictions for test.
[2024-05-05 02:25:40,026][src.models.gnet][INFO] - Predictions for test.
[2024-05-05 02:25:41,667][src.models.gnet][INFO] - Predictions for test.
[2024-05-05 02:25:43,307][src.models.gnet][INFO] - Predictions for test.
[2024-05-05 02:25:44,994][src.models.gnet][INFO] - Predictions for test.
[2024-05-05 02:25:46,447][src.models.gnet][INFO] - Predictions for test.
[2024-05-05 02:25:48,118][src.models.gnet][INFO] - Predictions for test.
[2024-05-05 02:25:49,696][src.models.gnet][INFO] - Predictions for test.
[2024-05-05 02:25:51,274][src.models.gnet][INFO] - Predictions for test.
[2024-05-05 02:25:52,852][src.models.gnet][INFO] - Predictions for test.
[2024-05-05 02:25:54,382][src.models.gnet][INFO] - Predictions for test.
[2024-05-05 02:25:55,991][src.models.gnet][INFO] - Predictions for test.
[2024-05-05 02:25:57,663][src.models.gnet][INFO] - Predictions for test.
[2024-05-05 02:25:59,303][src.models.gnet][INFO] - Predictions for test.
[2024-05-05 02:26:00,756][src.models.gnet][INFO] - Predictions for test.
[2024-05-05 02:26:02,349][src.models.gnet][INFO] - Predictions for test.
[2024-05-05 02:26:04,005][src.models.gnet][INFO] - Predictions for test.
[2024-05-05 02:26:05,567][src.models.gnet][INFO] - Predictions for test.
[2024-05-05 02:26:07,161][src.models.gnet][INFO] - Predictions for test.
[2024-05-05 02:26:08,785][src.models.gnet][INFO] - Predictions for test.
[2024-05-05 02:26:10,394][src.models.gnet][INFO] - Predictions for test.
[2024-05-05 02:26:12,144][src.models.gnet][INFO] - Predictions for test.
[2024-05-05 02:26:13,706][src.models.gnet][INFO] - Predictions for test.
[2024-05-05 02:26:15,331][src.models.gnet][INFO] - Predictions for test.
[2024-05-05 02:26:16,908][src.models.gnet][INFO] - Predictions for test.
[2024-05-05 02:26:18,658][src.models.gnet][INFO] - Predictions for test.
[2024-05-05 02:26:20,236][src.models.gnet][INFO] - Predictions for test.
[2024-05-05 02:26:21,829][src.models.gnet][INFO] - Predictions for test.
[2024-05-05 02:26:23,391][src.models.gnet][INFO] - Predictions for test.
[2024-05-05 02:26:24,922][src.models.gnet][INFO] - Predictions for test.
[2024-05-05 02:26:26,562][src.models.gnet][INFO] - Predictions for test.
[2024-05-05 02:26:28,203][src.models.gnet][INFO] - Predictions for test.
[2024-05-05 02:26:30,140][src.models.gnet][INFO] - Predictions for test.
[2024-05-05 02:26:31,733][src.models.gnet][INFO] - Predictions for test.
[2024-05-05 02:26:33,311][src.models.gnet][INFO] - Predictions for test.
[2024-05-05 02:26:34,951][src.models.gnet][INFO] - Predictions for test.
[2024-05-05 02:26:36,513][src.models.gnet][INFO] - Predictions for test.
[2024-05-05 02:26:38,091][src.models.gnet][INFO] - Predictions for test.
[2024-05-05 02:26:39,606][src.models.gnet][INFO] - t = 3
[2024-05-05 02:26:39,606][src.models.gnet][INFO] - Predictions for test.
[2024-05-05 02:26:41,215][src.models.gnet][INFO] - Predictions for test.
[2024-05-05 02:26:42,824][src.models.gnet][INFO] - Predictions for test.
[2024-05-05 02:26:44,558][src.models.gnet][INFO] - Predictions for test.
[2024-05-05 02:26:46,152][src.models.gnet][INFO] - Predictions for test.
[2024-05-05 02:26:47,714][src.models.gnet][INFO] - Predictions for test.
[2024-05-05 02:26:49,166][src.models.gnet][INFO] - Predictions for test.
[2024-05-05 02:26:50,838][src.models.gnet][INFO] - Predictions for test.
[2024-05-05 02:26:52,431][src.models.gnet][INFO] - Predictions for test.
[2024-05-05 02:26:53,993][src.models.gnet][INFO] - Predictions for test.
[2024-05-05 02:26:55,634][src.models.gnet][INFO] - Predictions for test.
[2024-05-05 02:26:57,352][src.models.gnet][INFO] - Predictions for test.
[2024-05-05 02:26:58,789][src.models.gnet][INFO] - Predictions for test.
[2024-05-05 02:27:00,461][src.models.gnet][INFO] - Predictions for test.
[2024-05-05 02:27:02,038][src.models.gnet][INFO] - Predictions for test.
[2024-05-05 02:27:03,601][src.models.gnet][INFO] - Predictions for test.
[2024-05-05 02:27:05,116][src.models.gnet][INFO] - Predictions for test.
[2024-05-05 02:27:07,318][src.models.gnet][INFO] - Predictions for test.
[2024-05-05 02:27:08,896][src.models.gnet][INFO] - Predictions for test.
[2024-05-05 02:27:10,474][src.models.gnet][INFO] - Predictions for test.
[2024-05-05 02:27:12,270][src.models.gnet][INFO] - Predictions for test.
[2024-05-05 02:27:13,848][src.models.gnet][INFO] - Predictions for test.
[2024-05-05 02:27:15,285][src.models.gnet][INFO] - Predictions for test.
[2024-05-05 02:27:16,957][src.models.gnet][INFO] - Predictions for test.
[2024-05-05 02:27:18,535][src.models.gnet][INFO] - Predictions for test.
[2024-05-05 02:27:20,175][src.models.gnet][INFO] - Predictions for test.
[2024-05-05 02:27:21,862][src.models.gnet][INFO] - Predictions for test.
[2024-05-05 02:27:23,424][src.models.gnet][INFO] - Predictions for test.
[2024-05-05 02:27:25,017][src.models.gnet][INFO] - Predictions for test.
[2024-05-05 02:27:26,767][src.models.gnet][INFO] - Predictions for test.
[2024-05-05 02:27:28,204][src.models.gnet][INFO] - Predictions for test.
[2024-05-05 02:27:29,798][src.models.gnet][INFO] - Predictions for test.
[2024-05-05 02:27:31,438][src.models.gnet][INFO] - Predictions for test.
[2024-05-05 02:27:33,031][src.models.gnet][INFO] - Predictions for test.
[2024-05-05 02:27:34,593][src.models.gnet][INFO] - Predictions for test.
[2024-05-05 02:27:36,234][src.models.gnet][INFO] - Predictions for test.
[2024-05-05 02:27:37,796][src.models.gnet][INFO] - Predictions for test.
[2024-05-05 02:27:39,280][src.models.gnet][INFO] - Predictions for test.
[2024-05-05 02:27:40,873][src.models.gnet][INFO] - Predictions for test.
[2024-05-05 02:27:42,623][src.models.gnet][INFO] - Predictions for test.
[2024-05-05 02:27:44,185][src.models.gnet][INFO] - Predictions for test.
[2024-05-05 02:27:45,638][src.models.gnet][INFO] - Predictions for test.
[2024-05-05 02:27:47,293][src.models.gnet][INFO] - Predictions for test.
[2024-05-05 02:27:48,871][src.models.gnet][INFO] - Predictions for test.
[2024-05-05 02:27:50,465][src.models.gnet][INFO] - Predictions for test.
[2024-05-05 02:27:52,089][src.models.gnet][INFO] - Predictions for test.
[2024-05-05 02:27:53,698][src.models.gnet][INFO] - Predictions for test.
[2024-05-05 02:27:55,276][src.models.gnet][INFO] - Predictions for test.
[2024-05-05 02:27:57,057][src.models.gnet][INFO] - Predictions for test.
[2024-05-05 02:27:58,510][src.models.gnet][INFO] - Predictions for test.
[2024-05-05 02:28:00,103][src.models.gnet][INFO] - t = 4
[2024-05-05 02:28:00,103][src.models.gnet][INFO] - Predictions for test.
[2024-05-05 02:28:01,728][src.models.gnet][INFO] - Predictions for test.
[2024-05-05 02:28:03,337][src.models.gnet][INFO] - Predictions for test.
[2024-05-05 02:28:04,914][src.models.gnet][INFO] - Predictions for test.
[2024-05-05 02:28:06,726][src.models.gnet][INFO] - Predictions for test.
[2024-05-05 02:28:08,429][src.models.gnet][INFO] - Predictions for test.
[2024-05-05 02:28:10,023][src.models.gnet][INFO] - Predictions for test.
[2024-05-05 02:28:11,663][src.models.gnet][INFO] - Predictions for test.
[2024-05-05 02:28:13,319][src.models.gnet][INFO] - Predictions for test.
[2024-05-05 02:28:14,756][src.models.gnet][INFO] - Predictions for test.
[2024-05-05 02:28:16,365][src.models.gnet][INFO] - Predictions for test.
[2024-05-05 02:28:17,989][src.models.gnet][INFO] - Predictions for test.
[2024-05-05 02:28:19,427][src.models.gnet][INFO] - Predictions for test.
[2024-05-05 02:28:21,020][src.models.gnet][INFO] - Predictions for test.
[2024-05-05 02:28:22,660][src.models.gnet][INFO] - Predictions for test.
[2024-05-05 02:28:24,222][src.models.gnet][INFO] - Predictions for test.
[2024-05-05 02:28:25,784][src.models.gnet][INFO] - Predictions for test.
[2024-05-05 02:28:27,347][src.models.gnet][INFO] - Predictions for test.
[2024-05-05 02:28:29,002][src.models.gnet][INFO] - Predictions for test.
[2024-05-05 02:28:30,455][src.models.gnet][INFO] - Predictions for test.
[2024-05-05 02:28:32,049][src.models.gnet][INFO] - Predictions for test.
[2024-05-05 02:28:33,689][src.models.gnet][INFO] - Predictions for test.
[2024-05-05 02:28:35,282][src.models.gnet][INFO] - Predictions for test.
[2024-05-05 02:28:36,860][src.models.gnet][INFO] - Predictions for test.
[2024-05-05 02:28:38,391][src.models.gnet][INFO] - Predictions for test.
[2024-05-05 02:28:40,000][src.models.gnet][INFO] - Predictions for test.
[2024-05-05 02:28:41,656][src.models.gnet][INFO] - Predictions for test.
[2024-05-05 02:28:43,280][src.models.gnet][INFO] - Predictions for test.
[2024-05-05 02:28:44,749][src.models.gnet][INFO] - Predictions for test.
[2024-05-05 02:28:46,327][src.models.gnet][INFO] - Predictions for test.
[2024-05-05 02:28:47,951][src.models.gnet][INFO] - Predictions for test.
[2024-05-05 02:28:49,545][src.models.gnet][INFO] - Predictions for test.
[2024-05-05 02:28:51,122][src.models.gnet][INFO] - Predictions for test.
[2024-05-05 02:28:52,638][src.models.gnet][INFO] - Predictions for test.
[2024-05-05 02:28:54,231][src.models.gnet][INFO] - Predictions for test.
[2024-05-05 02:28:55,856][src.models.gnet][INFO] - Predictions for test.
[2024-05-05 02:28:57,527][src.models.gnet][INFO] - Predictions for test.
[2024-05-05 02:28:59,074][src.models.gnet][INFO] - Predictions for test.
[2024-05-05 02:29:00,729][src.models.gnet][INFO] - Predictions for test.
[2024-05-05 02:29:02,385][src.models.gnet][INFO] - Predictions for test.
[2024-05-05 02:29:04,026][src.models.gnet][INFO] - Predictions for test.
[2024-05-05 02:29:05,619][src.models.gnet][INFO] - Predictions for test.
[2024-05-05 02:29:07,212][src.models.gnet][INFO] - Predictions for test.
[2024-05-05 02:29:08,728][src.models.gnet][INFO] - Predictions for test.
[2024-05-05 02:29:10,383][src.models.gnet][INFO] - Predictions for test.
[2024-05-05 02:29:12,149][src.models.gnet][INFO] - Predictions for test.
[2024-05-05 02:29:13,961][src.models.gnet][INFO] - Predictions for test.
[2024-05-05 02:29:15,538][src.models.gnet][INFO] - Predictions for test.
[2024-05-05 02:29:17,101][src.models.gnet][INFO] - Predictions for test.
[2024-05-05 02:29:18,741][src.models.gnet][INFO] - Predictions for test.
[2024-05-05 02:29:20,381][src.models.gnet][INFO] - t = 5
[2024-05-05 02:29:20,381][src.models.gnet][INFO] - Predictions for test.
[2024-05-05 02:29:21,943][src.models.gnet][INFO] - Predictions for test.
[2024-05-05 02:29:23,537][src.models.gnet][INFO] - Predictions for test.
[2024-05-05 02:29:25,208][src.models.gnet][INFO] - Predictions for test.
[2024-05-05 02:29:26,864][src.models.gnet][INFO] - Predictions for test.
[2024-05-05 02:29:28,301][src.models.gnet][INFO] - Predictions for test.
[2024-05-05 02:29:29,988][src.models.gnet][INFO] - Predictions for test.
[2024-05-05 02:29:31,566][src.models.gnet][INFO] - Predictions for test.
[2024-05-05 02:29:33,159][src.models.gnet][INFO] - Predictions for test.
[2024-05-05 02:29:34,675][src.models.gnet][INFO] - Predictions for test.
[2024-05-05 02:29:36,299][src.models.gnet][INFO] - Predictions for test.
[2024-05-05 02:29:37,908][src.models.gnet][INFO] - Predictions for test.
[2024-05-05 02:29:39,673][src.models.gnet][INFO] - Predictions for test.
[2024-05-05 02:29:41,267][src.models.gnet][INFO] - Predictions for test.
[2024-05-05 02:29:42,845][src.models.gnet][INFO] - Predictions for test.
[2024-05-05 02:29:44,422][src.models.gnet][INFO] - Predictions for test.
[2024-05-05 02:29:46,063][src.models.gnet][INFO] - Predictions for test.
[2024-05-05 02:29:47,656][src.models.gnet][INFO] - Predictions for test.
[2024-05-05 02:29:49,234][src.models.gnet][INFO] - Predictions for test.
[2024-05-05 02:29:50,765][src.models.gnet][INFO] - Predictions for test.
[2024-05-05 02:29:52,389][src.models.gnet][INFO] - Predictions for test.
[2024-05-05 02:29:53,983][src.models.gnet][INFO] - Predictions for test.
[2024-05-05 02:29:55,638][src.models.gnet][INFO] - Predictions for test.
[2024-05-05 02:29:57,279][src.models.gnet][INFO] - Predictions for test.
[2024-05-05 02:29:58,825][src.models.gnet][INFO] - Predictions for test.
[2024-05-05 02:30:00,341][src.models.gnet][INFO] - Predictions for test.
[2024-05-05 02:30:01,965][src.models.gnet][INFO] - Predictions for test.
[2024-05-05 02:30:03,543][src.models.gnet][INFO] - Predictions for test.
[2024-05-05 02:30:05,183][src.models.gnet][INFO] - Predictions for test.
[2024-05-05 02:30:06,745][src.models.gnet][INFO] - Predictions for test.
[2024-05-05 02:30:08,323][src.models.gnet][INFO] - Predictions for test.
[2024-05-05 02:30:09,838][src.models.gnet][INFO] - Predictions for test.
[2024-05-05 02:30:11,463][src.models.gnet][INFO] - Predictions for test.
[2024-05-05 02:30:13,056][src.models.gnet][INFO] - Predictions for test.
[2024-05-05 02:30:14,931][src.models.gnet][INFO] - Predictions for test.
[2024-05-05 02:30:16,462][src.models.gnet][INFO] - Predictions for test.
[2024-05-05 02:30:18,055][src.models.gnet][INFO] - Predictions for test.
[2024-05-05 02:30:19,633][src.models.gnet][INFO] - Predictions for test.
[2024-05-05 02:30:21,273][src.models.gnet][INFO] - Predictions for test.
[2024-05-05 02:30:22,851][src.models.gnet][INFO] - Predictions for test.
[2024-05-05 02:30:24,413][src.models.gnet][INFO] - Predictions for test.
[2024-05-05 02:30:25,944][src.models.gnet][INFO] - Predictions for test.
[2024-05-05 02:30:27,631][src.models.gnet][INFO] - Predictions for test.
[2024-05-05 02:30:29,178][src.models.gnet][INFO] - Predictions for test.
[2024-05-05 02:30:30,724][src.models.gnet][INFO] - Predictions for test.
[2024-05-05 02:30:32,349][src.models.gnet][INFO] - Predictions for test.
[2024-05-05 02:30:33,926][src.models.gnet][INFO] - Predictions for test.
[2024-05-05 02:30:35,582][src.models.gnet][INFO] - Predictions for test.
[2024-05-05 02:30:37,144][src.models.gnet][INFO] - Predictions for test.
[2024-05-05 02:30:38,722][src.models.gnet][INFO] - Predictions for test.
[2024-05-05 02:30:40,284][src.models.gnet][INFO] - t = 6
[2024-05-05 02:30:40,284][src.models.gnet][INFO] - Predictions for test.
[2024-05-05 02:30:42,065][src.models.gnet][INFO] - Predictions for test.
[2024-05-05 02:30:43,502][src.models.gnet][INFO] - Predictions for test.
[2024-05-05 02:30:45,096][src.models.gnet][INFO] - Predictions for test.
[2024-05-05 02:30:46,705][src.models.gnet][INFO] - Predictions for test.
[2024-05-05 02:30:48,157][src.models.gnet][INFO] - Predictions for test.
[2024-05-05 02:30:49,751][src.models.gnet][INFO] - Predictions for test.
[2024-05-05 02:30:51,391][src.models.gnet][INFO] - Predictions for test.
[2024-05-05 02:30:52,953][src.models.gnet][INFO] - Predictions for test.
[2024-05-05 02:30:54,531][src.models.gnet][INFO] - Predictions for test.
[2024-05-05 02:30:56,077][src.models.gnet][INFO] - Predictions for test.
[2024-05-05 02:30:57,733][src.models.gnet][INFO] - Predictions for test.
[2024-05-05 02:30:59,280][src.models.gnet][INFO] - Predictions for test.
[2024-05-05 02:31:00,889][src.models.gnet][INFO] - Predictions for test.
[2024-05-05 02:31:02,560][src.models.gnet][INFO] - Predictions for test.
[2024-05-05 02:31:04,013][src.models.gnet][INFO] - Predictions for test.
[2024-05-05 02:31:05,606][src.models.gnet][INFO] - Predictions for test.
[2024-05-05 02:31:07,231][src.models.gnet][INFO] - Predictions for test.
[2024-05-05 02:31:08,840][src.models.gnet][INFO] - Predictions for test.
[2024-05-05 02:31:10,402][src.models.gnet][INFO] - Predictions for test.
[2024-05-05 02:31:12,089][src.models.gnet][INFO] - Predictions for test.
[2024-05-05 02:31:13,683][src.models.gnet][INFO] - Predictions for test.
[2024-05-05 02:31:15,260][src.models.gnet][INFO] - Predictions for test.
[2024-05-05 02:31:16,885][src.models.gnet][INFO] - Predictions for test.
[2024-05-05 02:31:18,478][src.models.gnet][INFO] - Predictions for test.
[2024-05-05 02:31:20,041][src.models.gnet][INFO] - Predictions for test.
[2024-05-05 02:31:21,540][src.models.gnet][INFO] - Predictions for test.
[2024-05-05 02:31:23,149][src.models.gnet][INFO] - Predictions for test.
[2024-05-05 02:31:24,727][src.models.gnet][INFO] - Predictions for test.
[2024-05-05 02:31:26,367][src.models.gnet][INFO] - Predictions for test.
[2024-05-05 02:31:27,945][src.models.gnet][INFO] - Predictions for test.
[2024-05-05 02:31:29,507][src.models.gnet][INFO] - Predictions for test.
[2024-05-05 02:31:31,007][src.models.gnet][INFO] - Predictions for test.
[2024-05-05 02:31:32,710][src.models.gnet][INFO] - Predictions for test.
[2024-05-05 02:31:34,256][src.models.gnet][INFO] - Predictions for test.
[2024-05-05 02:31:35,803][src.models.gnet][INFO] - Predictions for test.
[2024-05-05 02:31:37,474][src.models.gnet][INFO] - Predictions for test.
[2024-05-05 02:31:39,067][src.models.gnet][INFO] - Predictions for test.
[2024-05-05 02:31:40,661][src.models.gnet][INFO] - Predictions for test.
[2024-05-05 02:31:42,442][src.models.gnet][INFO] - Predictions for test.
[2024-05-05 02:31:44,004][src.models.gnet][INFO] - Predictions for test.
[2024-05-05 02:31:45,566][src.models.gnet][INFO] - Predictions for test.
[2024-05-05 02:31:47,081][src.models.gnet][INFO] - Predictions for test.
[2024-05-05 02:31:48,675][src.models.gnet][INFO] - Predictions for test.
[2024-05-05 02:31:50,252][src.models.gnet][INFO] - Predictions for test.
[2024-05-05 02:31:52,252][src.models.gnet][INFO] - Predictions for test.
[2024-05-05 02:31:53,689][src.models.gnet][INFO] - Predictions for test.
[2024-05-05 02:31:55,267][src.models.gnet][INFO] - Predictions for test.
[2024-05-05 02:31:56,969][src.models.gnet][INFO] - Predictions for test.
[2024-05-05 02:31:58,610][src.models.gnet][INFO] - Predictions for test.
[2024-05-05 02:32:00,125][__main__][INFO] - Test normalised RMSE (n-step prediction): {'2-step': 20.150216971030638, '3-step': 22.629936255164655, '4-step': 24.781514295333935, '5-step': 25.72509449658085, '6-step': 27.092784873843236}
