[2024-05-04 23:33:30,160][__main__][INFO] - 
model:
  dim_treatments: 4
  dim_vitals: 0
  dim_static_features: 1
  dim_outcomes: 1
  dim_cosovitals: ???
  dim_abstract_confounders: ???
  dim_s: ???
  name: G-Net
  g_net:
    _target_: src.models.gnet.GNet
    seq_hidden_units: 48
    num_layer: 1
    r_size: 2
    fc_hidden_units: 40
    num_comp: 1
    mc_samples: 50
    fit_vitals: true
    comp_sizes: null
    batch_size: 64
    dropout_rate: 0.2
    optimizer:
      optimizer_cls: adam
      learning_rate: 0.01
      weight_decay: 0.0
      lr_scheduler: false
    tune_hparams: false
    tune_range: 50
    hparams_grid: null
    resources_per_trial: null
dataset:
  val_batch_size: 4096
  treatment_mode: multiclass
  _target_: src.data.SyntheticVitalDatasetCollection
  name: tumor_generator
  seed: 10
  num_confounder: 2
  num_u: 1
  split:
    val: 0.15
    test: 0.15
  window_size: 15
  lag: 0
  max_seq_length: 60
  projection_horizon: 5
  cf_seq_mode: sliding_treatment
  time_step: 30
  holdout_ratio: 0.1
exp:
  seed: 10
  gpus:
  - 0
  max_epochs: 100
  logging: true
  mlflow_uri: http://127.0.0.1:5000
  unscale_rmse: true
  percentage_rmse: true
  alpha: 1.0
  update_alpha: false
  alpha_rate: exp
  balancing: grad_reverse
  bce_weight: false
  weights_ema: false
  beta: 0.99

[2024-05-04 23:33:52,935][src.data.cancer_sim.dataset][INFO] - Shape of processed train data: {'sequence_lengths': (3500,), 'prev_treatments': (3500, 28, 1), 'vitals': (3500, 28, 10), 'next_vitals': (3500, 27, 10), 'current_treatments': (3500, 28, 1), 'static_features': (3500, 1), 'active_entries': (3500, 28, 1), 'outputs': (3500, 28, 1), 'unscaled_outputs': (3500, 28, 1), 'prev_outputs': (3500, 28, 1), 'coso_vitals': (3500, 28, 9), 'COSO': (3500, 28, 1)}
[2024-05-04 23:33:52,951][src.data.cancer_sim.dataset][INFO] - Shape of processed val data: {'sequence_lengths': (750,), 'prev_treatments': (750, 28, 1), 'vitals': (750, 28, 10), 'next_vitals': (750, 27, 10), 'current_treatments': (750, 28, 1), 'static_features': (750, 1), 'active_entries': (750, 28, 1), 'outputs': (750, 28, 1), 'unscaled_outputs': (750, 28, 1), 'prev_outputs': (750, 28, 1), 'coso_vitals': (750, 28, 9), 'COSO': (750, 28, 1)}
[2024-05-04 23:33:52,951][src.data.cancer_sim.dataset][INFO] - Shape of processed test data: {'sequence_lengths': (750,), 'prev_treatments': (750, 28, 1), 'vitals': (750, 28, 10), 'next_vitals': (750, 27, 10), 'current_treatments': (750, 28, 1), 'static_features': (750, 1), 'active_entries': (750, 28, 1), 'outputs': (750, 28, 1), 'unscaled_outputs': (750, 28, 1), 'prev_outputs': (750, 28, 1), 'coso_vitals': (750, 28, 9), 'COSO': (750, 28, 1)}
[2024-05-04 23:33:52,951][src.data.cancer_sim.dataset][INFO] - Exploding test dataset before testing (multiple sequences)
[2024-05-04 23:33:53,044][src.data.cancer_sim.dataset][INFO] - Shape of processed test data: {'prev_treatments': (13879, 28, 1), 'current_treatments': (13879, 28, 1), 'static_features': (13879, 1), 'prev_outputs': (13879, 28, 1), 'outputs': (13879, 28, 1), 'vitals': (13879, 28, 10), 'next_vitals': (13879, 27, 10), 'unscaled_outputs': (13879, 28, 1), 'sequence_lengths': (13879,), 'active_entries': (13879, 28, 1)}
[2024-05-04 23:33:53,044][src.data.cancer_sim.dataset][INFO] - Processing test dataset before testing (multiple sequences)
[2024-05-04 23:33:53,169][src.data.cancer_sim.dataset][INFO] - Shape of processed test data: {'original_index': (13879,), 'active_encoder_r': (13879, 23), 'prev_treatments': (13879, 5, 1), 'current_treatments': (13879, 5, 1), 'static_features': (13879, 1), 'prev_outputs': (13879, 5, 1), 'outputs': (13879, 5, 1), 'unscaled_outputs': (13879, 5, 1), 'sequence_lengths': (13879,), 'active_entries': (13879, 5, 1)}
[2024-05-04 23:33:53,294][src.models.gnet][INFO] - Input size of g_net: 13
[2024-05-04 23:33:53,310][src.data.dataset_collection][INFO] - Splited train_f on train_f: 3150 and train_f_holdout: 350
[2024-05-04 23:33:53,326][src.data.dataset_collection][INFO] - Exploding test_f 50 times
[2024-05-04 23:33:53,341][src.data.dataset_collection][INFO] - Exploding test_f 50 times
[2024-05-04 23:33:53,357][src.data.dataset_collection][INFO] - Exploding test_f 50 times
[2024-05-04 23:33:53,372][src.data.dataset_collection][INFO] - Exploding test_f 50 times
[2024-05-04 23:33:53,404][src.data.dataset_collection][INFO] - Exploding test_f 50 times
[2024-05-04 23:33:53,419][src.data.dataset_collection][INFO] - Exploding test_f 50 times
[2024-05-04 23:33:53,451][src.data.dataset_collection][INFO] - Exploding test_f 50 times
[2024-05-04 23:33:53,466][src.data.dataset_collection][INFO] - Exploding test_f 50 times
[2024-05-04 23:33:53,497][src.data.dataset_collection][INFO] - Exploding test_f 50 times
[2024-05-04 23:33:53,529][src.data.dataset_collection][INFO] - Exploding test_f 50 times
[2024-05-04 23:33:53,544][src.data.dataset_collection][INFO] - Exploding test_f 50 times
[2024-05-04 23:33:53,576][src.data.dataset_collection][INFO] - Exploding test_f 50 times
[2024-05-04 23:33:53,591][src.data.dataset_collection][INFO] - Exploding test_f 50 times
[2024-05-04 23:33:53,622][src.data.dataset_collection][INFO] - Exploding test_f 50 times
[2024-05-04 23:33:53,638][src.data.dataset_collection][INFO] - Exploding test_f 50 times
[2024-05-04 23:33:53,669][src.data.dataset_collection][INFO] - Exploding test_f 50 times
[2024-05-04 23:33:53,685][src.data.dataset_collection][INFO] - Exploding test_f 50 times
[2024-05-04 23:33:53,716][src.data.dataset_collection][INFO] - Exploding test_f 50 times
[2024-05-04 23:33:53,732][src.data.dataset_collection][INFO] - Exploding test_f 50 times
[2024-05-04 23:33:53,763][src.data.dataset_collection][INFO] - Exploding test_f 50 times
[2024-05-04 23:33:53,794][src.data.dataset_collection][INFO] - Exploding test_f 50 times
[2024-05-04 23:33:53,810][src.data.dataset_collection][INFO] - Exploding test_f 50 times
[2024-05-04 23:33:53,841][src.data.dataset_collection][INFO] - Exploding test_f 50 times
[2024-05-04 23:33:53,857][src.data.dataset_collection][INFO] - Exploding test_f 50 times
[2024-05-04 23:33:53,872][src.data.dataset_collection][INFO] - Exploding test_f 50 times
[2024-05-04 23:33:53,904][src.data.dataset_collection][INFO] - Exploding test_f 50 times
[2024-05-04 23:33:53,919][src.data.dataset_collection][INFO] - Exploding test_f 50 times
[2024-05-04 23:33:53,935][src.data.dataset_collection][INFO] - Exploding test_f 50 times
[2024-05-04 23:33:53,966][src.data.dataset_collection][INFO] - Exploding test_f 50 times
[2024-05-04 23:33:53,982][src.data.dataset_collection][INFO] - Exploding test_f 50 times
[2024-05-04 23:33:54,013][src.data.dataset_collection][INFO] - Exploding test_f 50 times
[2024-05-04 23:33:54,029][src.data.dataset_collection][INFO] - Exploding test_f 50 times
[2024-05-04 23:33:54,060][src.data.dataset_collection][INFO] - Exploding test_f 50 times
[2024-05-04 23:33:54,075][src.data.dataset_collection][INFO] - Exploding test_f 50 times
[2024-05-04 23:33:54,107][src.data.dataset_collection][INFO] - Exploding test_f 50 times
[2024-05-04 23:33:54,122][src.data.dataset_collection][INFO] - Exploding test_f 50 times
[2024-05-04 23:33:54,154][src.data.dataset_collection][INFO] - Exploding test_f 50 times
[2024-05-04 23:33:54,169][src.data.dataset_collection][INFO] - Exploding test_f 50 times
[2024-05-04 23:33:54,200][src.data.dataset_collection][INFO] - Exploding test_f 50 times
[2024-05-04 23:33:54,216][src.data.dataset_collection][INFO] - Exploding test_f 50 times
[2024-05-04 23:33:54,247][src.data.dataset_collection][INFO] - Exploding test_f 50 times
[2024-05-04 23:33:54,279][src.data.dataset_collection][INFO] - Exploding test_f 50 times
[2024-05-04 23:33:54,294][src.data.dataset_collection][INFO] - Exploding test_f 50 times
[2024-05-04 23:33:54,325][src.data.dataset_collection][INFO] - Exploding test_f 50 times
[2024-05-04 23:33:54,341][src.data.dataset_collection][INFO] - Exploding test_f 50 times
[2024-05-04 23:33:54,372][src.data.dataset_collection][INFO] - Exploding test_f 50 times
[2024-05-04 23:33:54,388][src.data.dataset_collection][INFO] - Exploding test_f 50 times
[2024-05-04 23:33:54,419][src.data.dataset_collection][INFO] - Exploding test_f 50 times
[2024-05-04 23:33:54,435][src.data.dataset_collection][INFO] - Exploding test_f 50 times
[2024-05-04 23:33:54,466][src.data.dataset_collection][INFO] - Exploding test_f 50 times
[2024-05-04 23:36:04,233][src.models.gnet][INFO] - Fitting residuals based on train_f_holdout.
[2024-05-04 23:36:04,233][src.models.gnet][INFO] - Predictions for train.
[2024-05-04 23:36:05,107][src.models.time_varying_model][INFO] - RMSE calculation for val.
[2024-05-04 23:36:05,107][src.models.gnet][INFO] - Predictions for val.
[2024-05-04 23:36:06,045][__main__][INFO] - Val normalised RMSE (all): 2.924579876886574; Val normalised RMSE (orig): nan
[2024-05-04 23:36:06,045][src.models.time_varying_model][INFO] - RMSE calculation for test.
[2024-05-04 23:36:06,045][src.models.gnet][INFO] - Predictions for test.
[2024-05-04 23:36:06,966][__main__][INFO] - Test normalised RMSE (all): 3.0212346032009503; Test normalised RMSE (orig): nan.
[2024-05-04 23:36:07,029][src.models.time_varying_model][INFO] - RMSE calculation for test.
[2024-05-04 23:36:07,029][src.models.gnet][INFO] - Autoregressive Prediction for test with MC-sampling of trajectories.
[2024-05-04 23:36:07,029][src.models.gnet][INFO] - t = 1
[2024-05-04 23:36:07,029][src.models.gnet][INFO] - Predictions for test.
[2024-05-04 23:36:08,560][src.models.gnet][INFO] - Predictions for test.
[2024-05-04 23:36:10,028][src.models.gnet][INFO] - Predictions for test.
[2024-05-04 23:36:11,590][src.models.gnet][INFO] - Predictions for test.
[2024-05-04 23:36:13,105][src.models.gnet][INFO] - Predictions for test.
[2024-05-04 23:36:14,699][src.models.gnet][INFO] - Predictions for test.
[2024-05-04 23:36:16,230][src.models.gnet][INFO] - Predictions for test.
[2024-05-04 23:36:17,651][src.models.gnet][INFO] - Predictions for test.
[2024-05-04 23:36:19,245][src.models.gnet][INFO] - Predictions for test.
[2024-05-04 23:36:20,635][src.models.gnet][INFO] - Predictions for test.
[2024-05-04 23:36:22,197][src.models.gnet][INFO] - Predictions for test.
[2024-05-04 23:36:23,837][src.models.gnet][INFO] - Predictions for test.
[2024-05-04 23:36:25,337][src.models.gnet][INFO] - Predictions for test.
[2024-05-04 23:36:26,915][src.models.gnet][INFO] - Predictions for test.
[2024-05-04 23:36:28,492][src.models.gnet][INFO] - Predictions for test.
[2024-05-04 23:36:29,883][src.models.gnet][INFO] - Predictions for test.
[2024-05-04 23:36:31,429][src.models.gnet][INFO] - Predictions for test.
[2024-05-04 23:36:33,023][src.models.gnet][INFO] - Predictions for test.
[2024-05-04 23:36:34,647][src.models.gnet][INFO] - Predictions for test.
[2024-05-04 23:36:36,194][src.models.gnet][INFO] - Predictions for test.
[2024-05-04 23:36:37,818][src.models.gnet][INFO] - Predictions for test.
[2024-05-04 23:36:39,365][src.models.gnet][INFO] - Predictions for test.
[2024-05-04 23:36:40,911][src.models.gnet][INFO] - Predictions for test.
[2024-05-04 23:36:42,505][src.models.gnet][INFO] - Predictions for test.
[2024-05-04 23:36:43,958][src.models.gnet][INFO] - Predictions for test.
[2024-05-04 23:36:45,535][src.models.gnet][INFO] - Predictions for test.
[2024-05-04 23:36:47,129][src.models.gnet][INFO] - Predictions for test.
[2024-05-04 23:36:48,644][src.models.gnet][INFO] - Predictions for test.
[2024-05-04 23:36:50,159][src.models.gnet][INFO] - Predictions for test.
[2024-05-04 23:36:51,628][src.models.gnet][INFO] - Predictions for test.
[2024-05-04 23:36:53,127][src.models.gnet][INFO] - Predictions for test.
[2024-05-04 23:36:54,518][src.models.gnet][INFO] - Predictions for test.
[2024-05-04 23:36:56,142][src.models.gnet][INFO] - Predictions for test.
[2024-05-04 23:36:57,689][src.models.gnet][INFO] - Predictions for test.
[2024-05-04 23:36:59,251][src.models.gnet][INFO] - Predictions for test.
[2024-05-04 23:37:00,844][src.models.gnet][INFO] - Predictions for test.
[2024-05-04 23:37:02,360][src.models.gnet][INFO] - Predictions for test.
[2024-05-04 23:37:03,875][src.models.gnet][INFO] - Predictions for test.
[2024-05-04 23:37:05,359][src.models.gnet][INFO] - Predictions for test.
[2024-05-04 23:37:06,921][src.models.gnet][INFO] - Predictions for test.
[2024-05-04 23:37:08,468][src.models.gnet][INFO] - Predictions for test.
[2024-05-04 23:37:10,045][src.models.gnet][INFO] - Predictions for test.
[2024-05-04 23:37:11,514][src.models.gnet][INFO] - Predictions for test.
[2024-05-04 23:37:13,091][src.models.gnet][INFO] - Predictions for test.
[2024-05-04 23:37:14,685][src.models.gnet][INFO] - Predictions for test.
[2024-05-04 23:37:16,200][src.models.gnet][INFO] - Predictions for test.
[2024-05-04 23:37:17,731][src.models.gnet][INFO] - Predictions for test.
[2024-05-04 23:37:19,277][src.models.gnet][INFO] - Predictions for test.
[2024-05-04 23:37:20,699][src.models.gnet][INFO] - Predictions for test.
[2024-05-04 23:37:22,277][src.models.gnet][INFO] - Predictions for test.
[2024-05-04 23:37:23,901][src.models.gnet][INFO] - t = 2
[2024-05-04 23:37:23,901][src.models.gnet][INFO] - Predictions for test.
[2024-05-04 23:37:25,448][src.models.gnet][INFO] - Predictions for test.
[2024-05-04 23:37:27,041][src.models.gnet][INFO] - Predictions for test.
[2024-05-04 23:37:28,619][src.models.gnet][INFO] - Predictions for test.
[2024-05-04 23:37:30,009][src.models.gnet][INFO] - Predictions for test.
[2024-05-04 23:37:31,571][src.models.gnet][INFO] - Predictions for test.
[2024-05-04 23:37:33,149][src.models.gnet][INFO] - Predictions for test.
[2024-05-04 23:37:34,696][src.models.gnet][INFO] - Predictions for test.
[2024-05-04 23:37:36,258][src.models.gnet][INFO] - Predictions for test.
[2024-05-04 23:37:37,836][src.models.gnet][INFO] - Predictions for test.
[2024-05-04 23:37:39,351][src.models.gnet][INFO] - Predictions for test.
[2024-05-04 23:37:40,882][src.models.gnet][INFO] - Predictions for test.
[2024-05-04 23:37:42,460][src.models.gnet][INFO] - Predictions for test.
[2024-05-04 23:37:43,883][src.models.gnet][INFO] - Predictions for test.
[2024-05-04 23:37:45,492][src.models.gnet][INFO] - Predictions for test.
[2024-05-04 23:37:47,085][src.models.gnet][INFO] - Predictions for test.
[2024-05-04 23:37:48,569][src.models.gnet][INFO] - Predictions for test.
[2024-05-04 23:37:50,038][src.models.gnet][INFO] - Predictions for test.
[2024-05-04 23:37:51,678][src.models.gnet][INFO] - Predictions for test.
[2024-05-04 23:37:53,271][src.models.gnet][INFO] - Predictions for test.
[2024-05-04 23:37:54,818][src.models.gnet][INFO] - Predictions for test.
[2024-05-04 23:37:56,427][src.models.gnet][INFO] - Predictions for test.
[2024-05-04 23:37:58,036][src.models.gnet][INFO] - Predictions for test.
[2024-05-04 23:37:59,551][src.models.gnet][INFO] - Predictions for test.
[2024-05-04 23:38:01,144][src.models.gnet][INFO] - Predictions for test.
[2024-05-04 23:38:02,566][src.models.gnet][INFO] - Predictions for test.
[2024-05-04 23:38:04,144][src.models.gnet][INFO] - Predictions for test.
[2024-05-04 23:38:05,737][src.models.gnet][INFO] - Predictions for test.
[2024-05-04 23:38:07,237][src.models.gnet][INFO] - Predictions for test.
[2024-05-04 23:38:08,799][src.models.gnet][INFO] - Predictions for test.
[2024-05-04 23:38:10,377][src.models.gnet][INFO] - Predictions for test.
[2024-05-04 23:38:11,939][src.models.gnet][INFO] - Predictions for test.
[2024-05-04 23:38:13,454][src.models.gnet][INFO] - Predictions for test.
[2024-05-04 23:38:15,079][src.models.gnet][INFO] - Predictions for test.
[2024-05-04 23:38:16,625][src.models.gnet][INFO] - Predictions for test.
[2024-05-04 23:38:18,156][src.models.gnet][INFO] - Predictions for test.
[2024-05-04 23:38:19,734][src.models.gnet][INFO] - Predictions for test.
[2024-05-04 23:38:21,312][src.models.gnet][INFO] - Predictions for test.
[2024-05-04 23:38:22,827][src.models.gnet][INFO] - Predictions for test.
[2024-05-04 23:38:24,311][src.models.gnet][INFO] - Predictions for test.
[2024-05-04 23:38:25,920][src.models.gnet][INFO] - Predictions for test.
[2024-05-04 23:38:27,466][src.models.gnet][INFO] - Predictions for test.
[2024-05-04 23:38:29,044][src.models.gnet][INFO] - Predictions for test.
[2024-05-04 23:38:30,575][src.models.gnet][INFO] - Predictions for test.
[2024-05-04 23:38:32,075][src.models.gnet][INFO] - Predictions for test.
[2024-05-04 23:38:33,543][src.models.gnet][INFO] - Predictions for test.
[2024-05-04 23:38:35,074][src.models.gnet][INFO] - Predictions for test.
[2024-05-04 23:38:36,464][src.models.gnet][INFO] - Predictions for test.
[2024-05-04 23:38:38,089][src.models.gnet][INFO] - Predictions for test.
[2024-05-04 23:38:39,620][src.models.gnet][INFO] - Predictions for test.
[2024-05-04 23:38:41,213][src.models.gnet][INFO] - t = 3
[2024-05-04 23:38:41,213][src.models.gnet][INFO] - Predictions for test.
[2024-05-04 23:38:42,807][src.models.gnet][INFO] - Predictions for test.
[2024-05-04 23:38:44,306][src.models.gnet][INFO] - Predictions for test.
[2024-05-04 23:38:45,743][src.models.gnet][INFO] - Predictions for test.
[2024-05-04 23:38:47,368][src.models.gnet][INFO] - Predictions for test.
[2024-05-04 23:38:48,930][src.models.gnet][INFO] - Predictions for test.
[2024-05-04 23:38:50,461][src.models.gnet][INFO] - Predictions for test.
[2024-05-04 23:38:52,101][src.models.gnet][INFO] - Predictions for test.
[2024-05-04 23:38:53,710][src.models.gnet][INFO] - Predictions for test.
[2024-05-04 23:38:55,241][src.models.gnet][INFO] - Predictions for test.
[2024-05-04 23:38:56,881][src.models.gnet][INFO] - Predictions for test.
[2024-05-04 23:38:58,397][src.models.gnet][INFO] - Predictions for test.
[2024-05-04 23:38:59,787][src.models.gnet][INFO] - Predictions for test.
[2024-05-04 23:39:01,427][src.models.gnet][INFO] - Predictions for test.
[2024-05-04 23:39:02,958][src.models.gnet][INFO] - Predictions for test.
[2024-05-04 23:39:04,489][src.models.gnet][INFO] - Predictions for test.
[2024-05-04 23:39:06,067][src.models.gnet][INFO] - Predictions for test.
[2024-05-04 23:39:07,723][src.models.gnet][INFO] - Predictions for test.
[2024-05-04 23:39:09,254][src.models.gnet][INFO] - Predictions for test.
[2024-05-04 23:39:10,753][src.models.gnet][INFO] - Predictions for test.
[2024-05-04 23:39:12,393][src.models.gnet][INFO] - Predictions for test.
[2024-05-04 23:39:13,924][src.models.gnet][INFO] - Predictions for test.
[2024-05-04 23:39:15,502][src.models.gnet][INFO] - Predictions for test.
[2024-05-04 23:39:16,908][src.models.gnet][INFO] - Predictions for test.
[2024-05-04 23:39:18,470][src.models.gnet][INFO] - Predictions for test.
[2024-05-04 23:39:20,095][src.models.gnet][INFO] - Predictions for test.
[2024-05-04 23:39:21,657][src.models.gnet][INFO] - Predictions for test.
[2024-05-04 23:39:23,188][src.models.gnet][INFO] - Predictions for test.
[2024-05-04 23:39:24,781][src.models.gnet][INFO] - Predictions for test.
[2024-05-04 23:39:26,296][src.models.gnet][INFO] - Predictions for test.
[2024-05-04 23:39:27,796][src.models.gnet][INFO] - Predictions for test.
[2024-05-04 23:39:29,374][src.models.gnet][INFO] - Predictions for test.
[2024-05-04 23:39:30,874][src.models.gnet][INFO] - Predictions for test.
[2024-05-04 23:39:32,420][src.models.gnet][INFO] - Predictions for test.
[2024-05-04 23:39:34,013][src.models.gnet][INFO] - Predictions for test.
[2024-05-04 23:39:35,529][src.models.gnet][INFO] - Predictions for test.
[2024-05-04 23:39:37,028][src.models.gnet][INFO] - Predictions for test.
[2024-05-04 23:39:38,497][src.models.gnet][INFO] - Predictions for test.
[2024-05-04 23:39:40,059][src.models.gnet][INFO] - Predictions for test.
[2024-05-04 23:39:41,652][src.models.gnet][INFO] - Predictions for test.
[2024-05-04 23:39:43,230][src.models.gnet][INFO] - Predictions for test.
[2024-05-04 23:39:44,745][src.models.gnet][INFO] - Predictions for test.
[2024-05-04 23:39:46,292][src.models.gnet][INFO] - Predictions for test.
[2024-05-04 23:39:47,916][src.models.gnet][INFO] - Predictions for test.
[2024-05-04 23:39:49,479][src.models.gnet][INFO] - Predictions for test.
[2024-05-04 23:39:50,994][src.models.gnet][INFO] - Predictions for test.
[2024-05-04 23:39:52,556][src.models.gnet][INFO] - Predictions for test.
[2024-05-04 23:39:54,071][src.models.gnet][INFO] - Predictions for test.
[2024-05-04 23:39:55,462][src.models.gnet][INFO] - Predictions for test.
[2024-05-04 23:39:57,164][src.models.gnet][INFO] - Predictions for test.
[2024-05-04 23:39:58,726][src.models.gnet][INFO] - t = 4
[2024-05-04 23:39:58,726][src.models.gnet][INFO] - Predictions for test.
[2024-05-04 23:40:00,257][src.models.gnet][INFO] - Predictions for test.
[2024-05-04 23:40:01,944][src.models.gnet][INFO] - Predictions for test.
[2024-05-04 23:40:03,507][src.models.gnet][INFO] - Predictions for test.
[2024-05-04 23:40:05,037][src.models.gnet][INFO] - Predictions for test.
[2024-05-04 23:40:06,709][src.models.gnet][INFO] - Predictions for test.
[2024-05-04 23:40:08,240][src.models.gnet][INFO] - Predictions for test.
[2024-05-04 23:40:09,755][src.models.gnet][INFO] - Predictions for test.
[2024-05-04 23:40:11,223][src.models.gnet][INFO] - Predictions for test.
[2024-05-04 23:40:12,723][src.models.gnet][INFO] - Predictions for test.
[2024-05-04 23:40:14,129][src.models.gnet][INFO] - Predictions for test.
[2024-05-04 23:40:15,769][src.models.gnet][INFO] - Predictions for test.
[2024-05-04 23:40:17,300][src.models.gnet][INFO] - Predictions for test.
[2024-05-04 23:40:18,909][src.models.gnet][INFO] - Predictions for test.
[2024-05-04 23:40:20,487][src.models.gnet][INFO] - Predictions for test.
[2024-05-04 23:40:22,002][src.models.gnet][INFO] - Predictions for test.
[2024-05-04 23:40:23,393][src.models.gnet][INFO] - Predictions for test.
[2024-05-04 23:40:25,033][src.models.gnet][INFO] - Predictions for test.
[2024-05-04 23:40:26,657][src.models.gnet][INFO] - Predictions for test.
[2024-05-04 23:40:28,204][src.models.gnet][INFO] - Predictions for test.
[2024-05-04 23:40:29,797][src.models.gnet][INFO] - Predictions for test.
[2024-05-04 23:40:31,406][src.models.gnet][INFO] - Predictions for test.
[2024-05-04 23:40:32,953][src.models.gnet][INFO] - Predictions for test.
[2024-05-04 23:40:34,546][src.models.gnet][INFO] - Predictions for test.
[2024-05-04 23:40:35,936][src.models.gnet][INFO] - Predictions for test.
[2024-05-04 23:40:37,467][src.models.gnet][INFO] - Predictions for test.
[2024-05-04 23:40:39,061][src.models.gnet][INFO] - Predictions for test.
[2024-05-04 23:40:40,717][src.models.gnet][INFO] - Predictions for test.
[2024-05-04 23:40:42,263][src.models.gnet][INFO] - Predictions for test.
[2024-05-04 23:40:43,841][src.models.gnet][INFO] - Predictions for test.
[2024-05-04 23:40:45,450][src.models.gnet][INFO] - Predictions for test.
[2024-05-04 23:40:47,012][src.models.gnet][INFO] - Predictions for test.
[2024-05-04 23:40:48,605][src.models.gnet][INFO] - Predictions for test.
[2024-05-04 23:40:49,996][src.models.gnet][INFO] - Predictions for test.
[2024-05-04 23:40:51,558][src.models.gnet][INFO] - Predictions for test.
[2024-05-04 23:40:53,136][src.models.gnet][INFO] - Predictions for test.
[2024-05-04 23:40:54,745][src.models.gnet][INFO] - Predictions for test.
[2024-05-04 23:40:56,307][src.models.gnet][INFO] - Predictions for test.
[2024-05-04 23:40:57,931][src.models.gnet][INFO] - Predictions for test.
[2024-05-04 23:40:59,478][src.models.gnet][INFO] - Predictions for test.
[2024-05-04 23:41:01,024][src.models.gnet][INFO] - Predictions for test.
[2024-05-04 23:41:02,602][src.models.gnet][INFO] - Predictions for test.
[2024-05-04 23:41:04,180][src.models.gnet][INFO] - Predictions for test.
[2024-05-04 23:41:05,726][src.models.gnet][INFO] - Predictions for test.
[2024-05-04 23:41:07,335][src.models.gnet][INFO] - Predictions for test.
[2024-05-04 23:41:08,882][src.models.gnet][INFO] - Predictions for test.
[2024-05-04 23:41:10,397][src.models.gnet][INFO] - Predictions for test.
[2024-05-04 23:41:12,022][src.models.gnet][INFO] - Predictions for test.
[2024-05-04 23:41:13,631][src.models.gnet][INFO] - Predictions for test.
[2024-05-04 23:41:15,162][src.models.gnet][INFO] - Predictions for test.
[2024-05-04 23:41:16,755][src.models.gnet][INFO] - t = 5
[2024-05-04 23:41:16,755][src.models.gnet][INFO] - Predictions for test.
[2024-05-04 23:41:18,270][src.models.gnet][INFO] - Predictions for test.
[2024-05-04 23:41:19,786][src.models.gnet][INFO] - Predictions for test.
[2024-05-04 23:41:21,348][src.models.gnet][INFO] - Predictions for test.
[2024-05-04 23:41:22,738][src.models.gnet][INFO] - Predictions for test.
[2024-05-04 23:41:24,300][src.models.gnet][INFO] - Predictions for test.
[2024-05-04 23:41:25,925][src.models.gnet][INFO] - Predictions for test.
[2024-05-04 23:41:27,456][src.models.gnet][INFO] - Predictions for test.
[2024-05-04 23:41:29,065][src.models.gnet][INFO] - Predictions for test.
[2024-05-04 23:41:30,658][src.models.gnet][INFO] - Predictions for test.
[2024-05-04 23:41:32,173][src.models.gnet][INFO] - Predictions for test.
[2024-05-04 23:41:33,564][src.models.gnet][INFO] - Predictions for test.
[2024-05-04 23:41:35,219][src.models.gnet][INFO] - Predictions for test.
[2024-05-04 23:41:36,782][src.models.gnet][INFO] - Predictions for test.
[2024-05-04 23:41:38,328][src.models.gnet][INFO] - Predictions for test.
[2024-05-04 23:41:39,937][src.models.gnet][INFO] - Predictions for test.
[2024-05-04 23:41:41,562][src.models.gnet][INFO] - Predictions for test.
[2024-05-04 23:41:43,108][src.models.gnet][INFO] - Predictions for test.
[2024-05-04 23:41:44,702][src.models.gnet][INFO] - Predictions for test.
[2024-05-04 23:41:46,233][src.models.gnet][INFO] - Predictions for test.
[2024-05-04 23:41:47,779][src.models.gnet][INFO] - Predictions for test.
[2024-05-04 23:41:49,372][src.models.gnet][INFO] - Predictions for test.
[2024-05-04 23:41:50,966][src.models.gnet][INFO] - Predictions for test.
[2024-05-04 23:41:52,465][src.models.gnet][INFO] - Predictions for test.
[2024-05-04 23:41:53,949][src.models.gnet][INFO] - Predictions for test.
[2024-05-04 23:41:56,121][src.models.gnet][INFO] - Predictions for test.
[2024-05-04 23:41:57,620][src.models.gnet][INFO] - Predictions for test.
[2024-05-04 23:41:59,198][src.models.gnet][INFO] - Predictions for test.
[2024-05-04 23:42:00,901][src.models.gnet][INFO] - Predictions for test.
[2024-05-04 23:42:02,291][src.models.gnet][INFO] - Predictions for test.
[2024-05-04 23:42:03,916][src.models.gnet][INFO] - Predictions for test.
[2024-05-04 23:42:05,447][src.models.gnet][INFO] - Predictions for test.
[2024-05-04 23:42:06,962][src.models.gnet][INFO] - Predictions for test.
[2024-05-04 23:42:08,446][src.models.gnet][INFO] - Predictions for test.
[2024-05-04 23:42:10,024][src.models.gnet][INFO] - Predictions for test.
[2024-05-04 23:42:11,586][src.models.gnet][INFO] - Predictions for test.
[2024-05-04 23:42:13,148][src.models.gnet][INFO] - Predictions for test.
[2024-05-04 23:42:14,710][src.models.gnet][INFO] - Predictions for test.
[2024-05-04 23:42:16,257][src.models.gnet][INFO] - Predictions for test.
[2024-05-04 23:42:17,850][src.models.gnet][INFO] - Predictions for test.
[2024-05-04 23:42:19,365][src.models.gnet][INFO] - Predictions for test.
[2024-05-04 23:42:20,881][src.models.gnet][INFO] - Predictions for test.
[2024-05-04 23:42:22,458][src.models.gnet][INFO] - Predictions for test.
[2024-05-04 23:42:23,849][src.models.gnet][INFO] - Predictions for test.
[2024-05-04 23:42:25,411][src.models.gnet][INFO] - Predictions for test.
[2024-05-04 23:42:27,082][src.models.gnet][INFO] - Predictions for test.
[2024-05-04 23:42:28,598][src.models.gnet][INFO] - Predictions for test.
[2024-05-04 23:42:30,129][src.models.gnet][INFO] - Predictions for test.
[2024-05-04 23:42:31,706][src.models.gnet][INFO] - Predictions for test.
[2024-05-04 23:42:33,284][src.models.gnet][INFO] - Predictions for test.
[2024-05-04 23:42:34,799][src.models.gnet][INFO] - t = 6
[2024-05-04 23:42:34,799][src.models.gnet][INFO] - Predictions for test.
[2024-05-04 23:42:36,455][src.models.gnet][INFO] - Predictions for test.
[2024-05-04 23:42:37,986][src.models.gnet][INFO] - Predictions for test.
[2024-05-04 23:42:39,486][src.models.gnet][INFO] - Predictions for test.
[2024-05-04 23:42:40,938][src.models.gnet][INFO] - Predictions for test.
[2024-05-04 23:42:42,501][src.models.gnet][INFO] - Predictions for test.
[2024-05-04 23:42:44,063][src.models.gnet][INFO] - Predictions for test.
[2024-05-04 23:42:45,672][src.models.gnet][INFO] - Predictions for test.
[2024-05-04 23:42:47,218][src.models.gnet][INFO] - Predictions for test.
[2024-05-04 23:42:48,780][src.models.gnet][INFO] - Predictions for test.
[2024-05-04 23:42:50,374][src.models.gnet][INFO] - Predictions for test.
[2024-05-04 23:42:51,873][src.models.gnet][INFO] - Predictions for test.
[2024-05-04 23:42:53,373][src.models.gnet][INFO] - Predictions for test.
[2024-05-04 23:42:54,826][src.models.gnet][INFO] - Predictions for test.
[2024-05-04 23:42:56,404][src.models.gnet][INFO] - Predictions for test.
[2024-05-04 23:42:57,919][src.models.gnet][INFO] - Predictions for test.
[2024-05-04 23:42:59,575][src.models.gnet][INFO] - Predictions for test.
[2024-05-04 23:43:01,106][src.models.gnet][INFO] - Predictions for test.
[2024-05-04 23:43:02,621][src.models.gnet][INFO] - Predictions for test.
[2024-05-04 23:43:04,074][src.models.gnet][INFO] - Predictions for test.
[2024-05-04 23:43:05,651][src.models.gnet][INFO] - Predictions for test.
[2024-05-04 23:43:07,151][src.models.gnet][INFO] - Predictions for test.
[2024-05-04 23:43:08,776][src.models.gnet][INFO] - Predictions for test.
[2024-05-04 23:43:10,307][src.models.gnet][INFO] - Predictions for test.
[2024-05-04 23:43:11,853][src.models.gnet][INFO] - Predictions for test.
[2024-05-04 23:43:13,337][src.models.gnet][INFO] - Predictions for test.
[2024-05-04 23:43:14,931][src.models.gnet][INFO] - Predictions for test.
[2024-05-04 23:43:16,461][src.models.gnet][INFO] - Predictions for test.
[2024-05-04 23:43:18,039][src.models.gnet][INFO] - Predictions for test.
[2024-05-04 23:43:19,633][src.models.gnet][INFO] - Predictions for test.
[2024-05-04 23:43:21,132][src.models.gnet][INFO] - Predictions for test.
[2024-05-04 23:43:22,710][src.models.gnet][INFO] - Predictions for test.
[2024-05-04 23:43:24,132][src.models.gnet][INFO] - Predictions for test.
[2024-05-04 23:43:25,709][src.models.gnet][INFO] - Predictions for test.
[2024-05-04 23:43:27,412][src.models.gnet][INFO] - Predictions for test.
[2024-05-04 23:43:28,959][src.models.gnet][INFO] - Predictions for test.
[2024-05-04 23:43:30,489][src.models.gnet][INFO] - Predictions for test.
[2024-05-04 23:43:32,208][src.models.gnet][INFO] - Predictions for test.
[2024-05-04 23:43:33,598][src.models.gnet][INFO] - Predictions for test.
[2024-05-04 23:43:35,160][src.models.gnet][INFO] - Predictions for test.
[2024-05-04 23:43:36,785][src.models.gnet][INFO] - Predictions for test.
[2024-05-04 23:43:38,316][src.models.gnet][INFO] - Predictions for test.
[2024-05-04 23:43:39,862][src.models.gnet][INFO] - Predictions for test.
[2024-05-04 23:43:41,440][src.models.gnet][INFO] - Predictions for test.
[2024-05-04 23:43:42,862][src.models.gnet][INFO] - Predictions for test.
[2024-05-04 23:43:44,502][src.models.gnet][INFO] - Predictions for test.
[2024-05-04 23:43:45,955][src.models.gnet][INFO] - Predictions for test.
[2024-05-04 23:43:47,501][src.models.gnet][INFO] - Predictions for test.
[2024-05-04 23:43:49,048][src.models.gnet][INFO] - Predictions for test.
[2024-05-04 23:43:50,610][src.models.gnet][INFO] - Predictions for test.
[2024-05-04 23:43:52,250][__main__][INFO] - Test normalised RMSE (n-step prediction): {'2-step': 14.821778854484252, '3-step': 15.730781308413878, '4-step': 16.28209297842315, '5-step': 19.490404315505767, '6-step': 21.164325771247082}
