[2024-05-05 04:37:32,579][__main__][INFO] - 
model:
  dim_treatments: 4
  dim_vitals: 0
  dim_static_features: 1
  dim_outcomes: 1
  dim_cosovitals: ???
  dim_abstract_confounders: ???
  dim_s: ???
  name: CRN
  encoder:
    _target_: src.models.crn.CRNEncoder
    seq_hidden_units: 48
    br_size: 6
    fc_hidden_units: 24
    dropout_rate: 0.1
    num_layer: 1
    batch_size: 64
    optimizer:
      optimizer_cls: adam
      learning_rate: 0.01
      weight_decay: 0.0
      lr_scheduler: false
    tune_hparams: false
    tune_range: 50
    hparams_grid: null
    resources_per_trial: null
  train_decoder: true
  decoder:
    _target_: src.models.crn.CRNDecoder
    seq_hidden_units: 128
    br_size: 18
    fc_hidden_units: 18
    dropout_rate: 0.1
    num_layer: 1
    batch_size: 1024
    optimizer:
      optimizer_cls: adam
      learning_rate: 0.01
      weight_decay: 0.0
      lr_scheduler: false
    tune_hparams: false
    tune_range: 30
    hparams_grid: null
    resources_per_trial: null
dataset:
  val_batch_size: 512
  treatment_mode: multiclass
  _target_: src.data.SyntheticVitalDatasetCollection
  name: tumor_generator
  seed: 10000
  num_confounder: 2
  num_u: 1
  split:
    val: 0.15
    test: 0.15
  window_size: 15
  lag: 0
  max_seq_length: 60
  projection_horizon: 5
  cf_seq_mode: sliding_treatment
  time_step: 30
exp:
  seed: 10000
  gpus:
  - 0
  max_epochs: 150
  logging: true
  mlflow_uri: http://127.0.0.1:5000
  unscale_rmse: true
  percentage_rmse: true
  alpha: 0.01
  update_alpha: true
  alpha_rate: exp
  balancing: domain_confusion
  bce_weight: false
  weights_ema: true
  beta: 0.99

[2024-05-05 04:37:55,388][src.data.cancer_sim.dataset][INFO] - Shape of processed train data: {'sequence_lengths': (3500,), 'prev_treatments': (3500, 28, 1), 'vitals': (3500, 28, 10), 'next_vitals': (3500, 27, 10), 'current_treatments': (3500, 28, 1), 'static_features': (3500, 1), 'active_entries': (3500, 28, 1), 'outputs': (3500, 28, 1), 'unscaled_outputs': (3500, 28, 1), 'prev_outputs': (3500, 28, 1), 'coso_vitals': (3500, 28, 9), 'COSO': (3500, 28, 1)}
[2024-05-05 04:37:55,403][src.data.cancer_sim.dataset][INFO] - Shape of processed val data: {'sequence_lengths': (750,), 'prev_treatments': (750, 28, 1), 'vitals': (750, 28, 10), 'next_vitals': (750, 27, 10), 'current_treatments': (750, 28, 1), 'static_features': (750, 1), 'active_entries': (750, 28, 1), 'outputs': (750, 28, 1), 'unscaled_outputs': (750, 28, 1), 'prev_outputs': (750, 28, 1), 'coso_vitals': (750, 28, 9), 'COSO': (750, 28, 1)}
[2024-05-05 04:37:55,403][src.data.cancer_sim.dataset][INFO] - Shape of processed test data: {'sequence_lengths': (750,), 'prev_treatments': (750, 28, 1), 'vitals': (750, 28, 10), 'next_vitals': (750, 27, 10), 'current_treatments': (750, 28, 1), 'static_features': (750, 1), 'active_entries': (750, 28, 1), 'outputs': (750, 28, 1), 'unscaled_outputs': (750, 28, 1), 'prev_outputs': (750, 28, 1), 'coso_vitals': (750, 28, 9), 'COSO': (750, 28, 1)}
[2024-05-05 04:37:55,513][src.models.crn][INFO] - Input size of encoder: 13
[2024-05-05 04:44:23,923][src.models.time_varying_model][INFO] - RMSE calculation for val.
[2024-05-05 04:44:23,923][src.models.time_varying_model][INFO] - Predictions for val.
[2024-05-05 04:44:24,547][__main__][INFO] - Val normalised RMSE (all): 1.965240022347896; Val normalised RMSE (orig): nan
[2024-05-05 04:44:24,547][src.models.time_varying_model][INFO] - RMSE calculation for test.
[2024-05-05 04:44:24,547][src.models.time_varying_model][INFO] - Predictions for test.
[2024-05-05 04:44:25,172][__main__][INFO] - Test normalised RMSE (all): 1.8786261980456747; Test normalised RMSE (orig): nan.
[2024-05-05 04:44:25,360][src.models.crn][INFO] - Input size of decoder: 3
[2024-05-05 04:44:25,360][src.data.cancer_sim.dataset][INFO] - Exploding test dataset before testing (multiple sequences)
[2024-05-05 04:44:25,469][src.data.cancer_sim.dataset][INFO] - Shape of processed test data: {'prev_treatments': (13890, 28, 1), 'current_treatments': (13890, 28, 1), 'static_features': (13890, 1), 'prev_outputs': (13890, 28, 1), 'outputs': (13890, 28, 1), 'vitals': (13890, 28, 10), 'next_vitals': (13890, 27, 10), 'unscaled_outputs': (13890, 28, 1), 'sequence_lengths': (13890,), 'active_entries': (13890, 28, 1)}
[2024-05-05 04:44:25,469][src.models.time_varying_model][INFO] - Balanced representations inference for train.
[2024-05-05 04:44:26,406][src.models.time_varying_model][INFO] - Balanced representations inference for val.
[2024-05-05 04:44:27,031][src.models.time_varying_model][INFO] - Balanced representations inference for test.
[2024-05-05 04:44:28,390][src.models.time_varying_model][INFO] - Predictions for test.
[2024-05-05 04:44:29,656][src.data.cancer_sim.dataset][INFO] - Processing train dataset before training (multiple sequences)
[2024-05-05 04:44:29,999][src.data.cancer_sim.dataset][INFO] - Shape of processed train data: {'init_state': (61148, 6), 'original_index': (61148,), 'active_encoder_r': (61148, 28), 'prev_treatments': (61148, 5, 1), 'current_treatments': (61148, 5, 1), 'static_features': (61148, 1), 'prev_outputs': (61148, 5, 1), 'outputs': (61148, 5, 1), 'unscaled_outputs': (61148, 5, 1), 'sequence_lengths': (61148,), 'active_entries': (61148, 5, 1)}
[2024-05-05 04:44:29,999][src.data.cancer_sim.dataset][INFO] - Processing val dataset before training (multiple sequences)
[2024-05-05 04:44:30,077][src.data.cancer_sim.dataset][INFO] - Shape of processed val data: {'init_state': (13088, 6), 'original_index': (13088,), 'active_encoder_r': (13088, 28), 'prev_treatments': (13088, 5, 1), 'current_treatments': (13088, 5, 1), 'static_features': (13088, 1), 'prev_outputs': (13088, 5, 1), 'outputs': (13088, 5, 1), 'unscaled_outputs': (13088, 5, 1), 'sequence_lengths': (13088,), 'active_entries': (13088, 5, 1)}
[2024-05-05 04:44:30,077][src.data.cancer_sim.dataset][INFO] - Processing test dataset before testing (multiple sequences)
[2024-05-05 04:44:30,187][src.data.cancer_sim.dataset][INFO] - Shape of processed test data: {'original_index': (13890,), 'active_encoder_r': (13890, 23), 'prev_treatments': (13890, 5, 1), 'current_treatments': (13890, 5, 1), 'static_features': (13890, 1), 'prev_outputs': (13890, 5, 1), 'outputs': (13890, 5, 1), 'unscaled_outputs': (13890, 5, 1), 'sequence_lengths': (13890,), 'active_entries': (13890, 5, 1), 'init_state': (13890, 6)}
[2024-05-05 04:44:30,187][src.data.cancer_sim.dataset][INFO] - Processing test dataset before testing (autoregressive)
[2024-05-05 04:44:30,234][src.data.cancer_sim.dataset][INFO] - Shape of processed test data: {'prev_treatments': (13890, 5, 1), 'current_treatments': (13890, 5, 1), 'prev_outputs': (13890, 5, 1), 'init_state': (13890, 6), 'active_encoder_r': (13890, 23), 'active_entries': (13890, 5, 1), 'static_features': (13890, 1)}
[2024-05-05 04:56:45,938][src.models.time_varying_model][INFO] - RMSE calculation for val.
[2024-05-05 04:56:45,938][src.models.time_varying_model][INFO] - Predictions for val.
[2024-05-05 04:56:46,984][__main__][INFO] - Val normalised RMSE (all): 5.218863005732194; Val normalised RMSE (orig): 5.218863005732196
[2024-05-05 04:56:46,984][src.models.time_varying_model][INFO] - RMSE calculation for test.
[2024-05-05 04:56:46,984][src.models.time_varying_model][INFO] - Autoregressive Prediction for test.
[2024-05-05 04:56:46,984][src.models.time_varying_model][INFO] - t = 2
[2024-05-05 04:56:46,984][src.models.time_varying_model][INFO] - Predictions for test.
[2024-05-05 04:56:47,968][src.models.time_varying_model][INFO] - t = 3
[2024-05-05 04:56:47,968][src.models.time_varying_model][INFO] - Predictions for test.
[2024-05-05 04:56:48,968][src.models.time_varying_model][INFO] - t = 4
[2024-05-05 04:56:48,968][src.models.time_varying_model][INFO] - Predictions for test.
[2024-05-05 04:56:49,968][src.models.time_varying_model][INFO] - t = 5
[2024-05-05 04:56:49,968][src.models.time_varying_model][INFO] - Predictions for test.
[2024-05-05 04:56:50,952][src.models.time_varying_model][INFO] - t = 6
[2024-05-05 04:56:50,952][src.models.time_varying_model][INFO] - Predictions for test.
[2024-05-05 04:56:51,999][__main__][INFO] - Test normalised RMSE (n-step prediction): {'2-step': 8.49403364619354, '3-step': 14.00533419968416, '4-step': 11.950867888459078, '5-step': 11.657432794529432, '6-step': 11.0748088864245}
