[2024-05-05 00:46:14,881][__main__][INFO] - 
model:
  dim_treatments: 4
  dim_vitals: 0
  dim_static_features: 1
  dim_outcomes: 1
  dim_cosovitals: ???
  dim_abstract_confounders: ???
  dim_s: ???
  name: G-Net
  g_net:
    _target_: src.models.gnet.GNet
    seq_hidden_units: 48
    num_layer: 1
    r_size: 2
    fc_hidden_units: 40
    num_comp: 1
    mc_samples: 50
    fit_vitals: true
    comp_sizes: null
    batch_size: 64
    dropout_rate: 0.2
    optimizer:
      optimizer_cls: adam
      learning_rate: 0.01
      weight_decay: 0.0
      lr_scheduler: false
    tune_hparams: false
    tune_range: 50
    hparams_grid: null
    resources_per_trial: null
dataset:
  val_batch_size: 4096
  treatment_mode: multiclass
  _target_: src.data.SyntheticVitalDatasetCollection
  name: tumor_generator
  seed: 1000
  num_confounder: 3
  num_u: 1
  split:
    val: 0.15
    test: 0.15
  window_size: 15
  lag: 0
  max_seq_length: 60
  projection_horizon: 5
  cf_seq_mode: sliding_treatment
  time_step: 30
  holdout_ratio: 0.1
exp:
  seed: 1000
  gpus:
  - 0
  max_epochs: 100
  logging: true
  mlflow_uri: http://127.0.0.1:5000
  unscale_rmse: true
  percentage_rmse: true
  alpha: 1.0
  update_alpha: false
  alpha_rate: exp
  balancing: grad_reverse
  bce_weight: false
  weights_ema: false
  beta: 0.99

[2024-05-05 00:46:37,813][src.data.cancer_sim.dataset][INFO] - Shape of processed train data: {'sequence_lengths': (3500,), 'prev_treatments': (3500, 28, 1), 'vitals': (3500, 28, 12), 'next_vitals': (3500, 27, 12), 'current_treatments': (3500, 28, 1), 'static_features': (3500, 1), 'active_entries': (3500, 28, 1), 'outputs': (3500, 28, 1), 'unscaled_outputs': (3500, 28, 1), 'prev_outputs': (3500, 28, 1), 'coso_vitals': (3500, 28, 11), 'COSO': (3500, 28, 1)}
[2024-05-05 00:46:37,813][src.data.cancer_sim.dataset][INFO] - Shape of processed val data: {'sequence_lengths': (750,), 'prev_treatments': (750, 28, 1), 'vitals': (750, 28, 12), 'next_vitals': (750, 27, 12), 'current_treatments': (750, 28, 1), 'static_features': (750, 1), 'active_entries': (750, 28, 1), 'outputs': (750, 28, 1), 'unscaled_outputs': (750, 28, 1), 'prev_outputs': (750, 28, 1), 'coso_vitals': (750, 28, 11), 'COSO': (750, 28, 1)}
[2024-05-05 00:46:37,813][src.data.cancer_sim.dataset][INFO] - Shape of processed test data: {'sequence_lengths': (750,), 'prev_treatments': (750, 28, 1), 'vitals': (750, 28, 12), 'next_vitals': (750, 27, 12), 'current_treatments': (750, 28, 1), 'static_features': (750, 1), 'active_entries': (750, 28, 1), 'outputs': (750, 28, 1), 'unscaled_outputs': (750, 28, 1), 'prev_outputs': (750, 28, 1), 'coso_vitals': (750, 28, 11), 'COSO': (750, 28, 1)}
[2024-05-05 00:46:37,813][src.data.cancer_sim.dataset][INFO] - Exploding test dataset before testing (multiple sequences)
[2024-05-05 00:46:37,923][src.data.cancer_sim.dataset][INFO] - Shape of processed test data: {'prev_treatments': (13981, 28, 1), 'current_treatments': (13981, 28, 1), 'static_features': (13981, 1), 'prev_outputs': (13981, 28, 1), 'outputs': (13981, 28, 1), 'vitals': (13981, 28, 12), 'next_vitals': (13981, 27, 12), 'unscaled_outputs': (13981, 28, 1), 'sequence_lengths': (13981,), 'active_entries': (13981, 28, 1)}
[2024-05-05 00:46:37,923][src.data.cancer_sim.dataset][INFO] - Processing test dataset before testing (multiple sequences)
[2024-05-05 00:46:38,032][src.data.cancer_sim.dataset][INFO] - Shape of processed test data: {'original_index': (13981,), 'active_encoder_r': (13981, 23), 'prev_treatments': (13981, 5, 1), 'current_treatments': (13981, 5, 1), 'static_features': (13981, 1), 'prev_outputs': (13981, 5, 1), 'outputs': (13981, 5, 1), 'unscaled_outputs': (13981, 5, 1), 'sequence_lengths': (13981,), 'active_entries': (13981, 5, 1)}
[2024-05-05 00:46:38,173][src.models.gnet][INFO] - Input size of g_net: 15
[2024-05-05 00:46:38,204][src.data.dataset_collection][INFO] - Splited train_f on train_f: 3150 and train_f_holdout: 350
[2024-05-05 00:46:38,204][src.data.dataset_collection][INFO] - Exploding test_f 50 times
[2024-05-05 00:46:38,235][src.data.dataset_collection][INFO] - Exploding test_f 50 times
[2024-05-05 00:46:38,251][src.data.dataset_collection][INFO] - Exploding test_f 50 times
[2024-05-05 00:46:38,282][src.data.dataset_collection][INFO] - Exploding test_f 50 times
[2024-05-05 00:46:38,313][src.data.dataset_collection][INFO] - Exploding test_f 50 times
[2024-05-05 00:46:38,344][src.data.dataset_collection][INFO] - Exploding test_f 50 times
[2024-05-05 00:46:38,376][src.data.dataset_collection][INFO] - Exploding test_f 50 times
[2024-05-05 00:46:38,407][src.data.dataset_collection][INFO] - Exploding test_f 50 times
[2024-05-05 00:46:38,422][src.data.dataset_collection][INFO] - Exploding test_f 50 times
[2024-05-05 00:46:38,454][src.data.dataset_collection][INFO] - Exploding test_f 50 times
[2024-05-05 00:46:38,485][src.data.dataset_collection][INFO] - Exploding test_f 50 times
[2024-05-05 00:46:38,516][src.data.dataset_collection][INFO] - Exploding test_f 50 times
[2024-05-05 00:46:38,547][src.data.dataset_collection][INFO] - Exploding test_f 50 times
[2024-05-05 00:46:38,579][src.data.dataset_collection][INFO] - Exploding test_f 50 times
[2024-05-05 00:46:38,594][src.data.dataset_collection][INFO] - Exploding test_f 50 times
[2024-05-05 00:46:38,626][src.data.dataset_collection][INFO] - Exploding test_f 50 times
[2024-05-05 00:46:38,657][src.data.dataset_collection][INFO] - Exploding test_f 50 times
[2024-05-05 00:46:38,688][src.data.dataset_collection][INFO] - Exploding test_f 50 times
[2024-05-05 00:46:38,719][src.data.dataset_collection][INFO] - Exploding test_f 50 times
[2024-05-05 00:46:38,751][src.data.dataset_collection][INFO] - Exploding test_f 50 times
[2024-05-05 00:46:38,766][src.data.dataset_collection][INFO] - Exploding test_f 50 times
[2024-05-05 00:46:38,797][src.data.dataset_collection][INFO] - Exploding test_f 50 times
[2024-05-05 00:46:38,829][src.data.dataset_collection][INFO] - Exploding test_f 50 times
[2024-05-05 00:46:38,860][src.data.dataset_collection][INFO] - Exploding test_f 50 times
[2024-05-05 00:46:38,891][src.data.dataset_collection][INFO] - Exploding test_f 50 times
[2024-05-05 00:46:38,922][src.data.dataset_collection][INFO] - Exploding test_f 50 times
[2024-05-05 00:46:38,954][src.data.dataset_collection][INFO] - Exploding test_f 50 times
[2024-05-05 00:46:38,969][src.data.dataset_collection][INFO] - Exploding test_f 50 times
[2024-05-05 00:46:39,016][src.data.dataset_collection][INFO] - Exploding test_f 50 times
[2024-05-05 00:46:39,047][src.data.dataset_collection][INFO] - Exploding test_f 50 times
[2024-05-05 00:46:39,079][src.data.dataset_collection][INFO] - Exploding test_f 50 times
[2024-05-05 00:46:39,110][src.data.dataset_collection][INFO] - Exploding test_f 50 times
[2024-05-05 00:46:39,141][src.data.dataset_collection][INFO] - Exploding test_f 50 times
[2024-05-05 00:46:39,157][src.data.dataset_collection][INFO] - Exploding test_f 50 times
[2024-05-05 00:46:39,188][src.data.dataset_collection][INFO] - Exploding test_f 50 times
[2024-05-05 00:46:39,219][src.data.dataset_collection][INFO] - Exploding test_f 50 times
[2024-05-05 00:46:39,266][src.data.dataset_collection][INFO] - Exploding test_f 50 times
[2024-05-05 00:46:39,297][src.data.dataset_collection][INFO] - Exploding test_f 50 times
[2024-05-05 00:46:39,328][src.data.dataset_collection][INFO] - Exploding test_f 50 times
[2024-05-05 00:46:39,344][src.data.dataset_collection][INFO] - Exploding test_f 50 times
[2024-05-05 00:46:39,375][src.data.dataset_collection][INFO] - Exploding test_f 50 times
[2024-05-05 00:46:39,407][src.data.dataset_collection][INFO] - Exploding test_f 50 times
[2024-05-05 00:46:39,438][src.data.dataset_collection][INFO] - Exploding test_f 50 times
[2024-05-05 00:46:39,469][src.data.dataset_collection][INFO] - Exploding test_f 50 times
[2024-05-05 00:46:39,500][src.data.dataset_collection][INFO] - Exploding test_f 50 times
[2024-05-05 00:46:39,516][src.data.dataset_collection][INFO] - Exploding test_f 50 times
[2024-05-05 00:46:39,547][src.data.dataset_collection][INFO] - Exploding test_f 50 times
[2024-05-05 00:46:39,578][src.data.dataset_collection][INFO] - Exploding test_f 50 times
[2024-05-05 00:46:39,610][src.data.dataset_collection][INFO] - Exploding test_f 50 times
[2024-05-05 00:46:39,641][src.data.dataset_collection][INFO] - Exploding test_f 50 times
[2024-05-05 00:48:49,158][src.models.gnet][INFO] - Fitting residuals based on train_f_holdout.
[2024-05-05 00:48:49,158][src.models.gnet][INFO] - Predictions for train.
[2024-05-05 00:48:50,048][src.models.time_varying_model][INFO] - RMSE calculation for val.
[2024-05-05 00:48:50,048][src.models.gnet][INFO] - Predictions for val.
[2024-05-05 00:48:50,970][__main__][INFO] - Val normalised RMSE (all): 3.706332330613048; Val normalised RMSE (orig): nan
[2024-05-05 00:48:50,970][src.models.time_varying_model][INFO] - RMSE calculation for test.
[2024-05-05 00:48:50,970][src.models.gnet][INFO] - Predictions for test.
[2024-05-05 00:48:51,891][__main__][INFO] - Test normalised RMSE (all): 3.7647800479897295; Test normalised RMSE (orig): nan.
[2024-05-05 00:48:51,954][src.models.time_varying_model][INFO] - RMSE calculation for test.
[2024-05-05 00:48:51,954][src.models.gnet][INFO] - Autoregressive Prediction for test with MC-sampling of trajectories.
[2024-05-05 00:48:51,954][src.models.gnet][INFO] - t = 1
[2024-05-05 00:48:51,954][src.models.gnet][INFO] - Predictions for test.
[2024-05-05 00:48:53,500][src.models.gnet][INFO] - Predictions for test.
[2024-05-05 00:48:54,969][src.models.gnet][INFO] - Predictions for test.
[2024-05-05 00:48:56,578][src.models.gnet][INFO] - Predictions for test.
[2024-05-05 00:48:58,124][src.models.gnet][INFO] - Predictions for test.
[2024-05-05 00:48:59,718][src.models.gnet][INFO] - Predictions for test.
[2024-05-05 00:49:01,342][src.models.gnet][INFO] - Predictions for test.
[2024-05-05 00:49:02,904][src.models.gnet][INFO] - Predictions for test.
[2024-05-05 00:49:04,607][src.models.gnet][INFO] - Predictions for test.
[2024-05-05 00:49:06,044][src.models.gnet][INFO] - Predictions for test.
[2024-05-05 00:49:07,638][src.models.gnet][INFO] - Predictions for test.
[2024-05-05 00:49:09,184][src.models.gnet][INFO] - Predictions for test.
[2024-05-05 00:49:10,809][src.models.gnet][INFO] - Predictions for test.
[2024-05-05 00:49:12,386][src.models.gnet][INFO] - Predictions for test.
[2024-05-05 00:49:13,995][src.models.gnet][INFO] - Predictions for test.
[2024-05-05 00:49:15,636][src.models.gnet][INFO] - Predictions for test.
[2024-05-05 00:49:17,182][src.models.gnet][INFO] - Predictions for test.
[2024-05-05 00:49:18,822][src.models.gnet][INFO] - Predictions for test.
[2024-05-05 00:49:20,369][src.models.gnet][INFO] - Predictions for test.
[2024-05-05 00:49:21,915][src.models.gnet][INFO] - Predictions for test.
[2024-05-05 00:49:23,462][src.models.gnet][INFO] - Predictions for test.
[2024-05-05 00:49:25,055][src.models.gnet][INFO] - Predictions for test.
[2024-05-05 00:49:26,649][src.models.gnet][INFO] - Predictions for test.
[2024-05-05 00:49:28,226][src.models.gnet][INFO] - Predictions for test.
[2024-05-05 00:49:29,867][src.models.gnet][INFO] - Predictions for test.
[2024-05-05 00:49:31,507][src.models.gnet][INFO] - Predictions for test.
[2024-05-05 00:49:33,069][src.models.gnet][INFO] - Predictions for test.
[2024-05-05 00:49:34,694][src.models.gnet][INFO] - Predictions for test.
[2024-05-05 00:49:36,256][src.models.gnet][INFO] - Predictions for test.
[2024-05-05 00:49:37,787][src.models.gnet][INFO] - Predictions for test.
[2024-05-05 00:49:39,271][src.models.gnet][INFO] - Predictions for test.
[2024-05-05 00:49:40,849][src.models.gnet][INFO] - Predictions for test.
[2024-05-05 00:49:42,411][src.models.gnet][INFO] - Predictions for test.
[2024-05-05 00:49:43,910][src.models.gnet][INFO] - Predictions for test.
[2024-05-05 00:49:45,519][src.models.gnet][INFO] - Predictions for test.
[2024-05-05 00:49:47,081][src.models.gnet][INFO] - Predictions for test.
[2024-05-05 00:49:48,675][src.models.gnet][INFO] - Predictions for test.
[2024-05-05 00:49:50,206][src.models.gnet][INFO] - Predictions for test.
[2024-05-05 00:49:51,783][src.models.gnet][INFO] - Predictions for test.
[2024-05-05 00:49:53,408][src.models.gnet][INFO] - Predictions for test.
[2024-05-05 00:49:54,970][src.models.gnet][INFO] - Predictions for test.
[2024-05-05 00:49:56,564][src.models.gnet][INFO] - Predictions for test.
[2024-05-05 00:49:58,204][src.models.gnet][INFO] - Predictions for test.
[2024-05-05 00:49:59,750][src.models.gnet][INFO] - Predictions for test.
[2024-05-05 00:50:01,344][src.models.gnet][INFO] - Predictions for test.
[2024-05-05 00:50:02,859][src.models.gnet][INFO] - Predictions for test.
[2024-05-05 00:50:04,452][src.models.gnet][INFO] - Predictions for test.
[2024-05-05 00:50:05,983][src.models.gnet][INFO] - Predictions for test.
[2024-05-05 00:50:07,545][src.models.gnet][INFO] - Predictions for test.
[2024-05-05 00:50:09,139][src.models.gnet][INFO] - Predictions for test.
[2024-05-05 00:50:10,576][src.models.gnet][INFO] - t = 2
[2024-05-05 00:50:10,576][src.models.gnet][INFO] - Predictions for test.
[2024-05-05 00:50:12,247][src.models.gnet][INFO] - Predictions for test.
[2024-05-05 00:50:13,888][src.models.gnet][INFO] - Predictions for test.
[2024-05-05 00:50:15,450][src.models.gnet][INFO] - Predictions for test.
[2024-05-05 00:50:16,996][src.models.gnet][INFO] - Predictions for test.
[2024-05-05 00:50:18,605][src.models.gnet][INFO] - Predictions for test.
[2024-05-05 00:50:20,042][src.models.gnet][INFO] - Predictions for test.
[2024-05-05 00:50:21,605][src.models.gnet][INFO] - Predictions for test.
[2024-05-05 00:50:23,214][src.models.gnet][INFO] - Predictions for test.
[2024-05-05 00:50:24,651][src.models.gnet][INFO] - Predictions for test.
[2024-05-05 00:50:26,244][src.models.gnet][INFO] - Predictions for test.
[2024-05-05 00:50:27,838][src.models.gnet][INFO] - Predictions for test.
[2024-05-05 00:50:29,353][src.models.gnet][INFO] - Predictions for test.
[2024-05-05 00:50:30,931][src.models.gnet][INFO] - Predictions for test.
[2024-05-05 00:50:32,555][src.models.gnet][INFO] - Predictions for test.
[2024-05-05 00:50:34,117][src.models.gnet][INFO] - Predictions for test.
[2024-05-05 00:50:35,664][src.models.gnet][INFO] - Predictions for test.
[2024-05-05 00:50:37,195][src.models.gnet][INFO] - Predictions for test.
[2024-05-05 00:50:38,866][src.models.gnet][INFO] - Predictions for test.
[2024-05-05 00:50:40,413][src.models.gnet][INFO] - Predictions for test.
[2024-05-05 00:50:42,053][src.models.gnet][INFO] - Predictions for test.
[2024-05-05 00:50:43,678][src.models.gnet][INFO] - Predictions for test.
[2024-05-05 00:50:45,224][src.models.gnet][INFO] - Predictions for test.
[2024-05-05 00:50:46,880][src.models.gnet][INFO] - Predictions for test.
[2024-05-05 00:50:48,536][src.models.gnet][INFO] - Predictions for test.
[2024-05-05 00:50:50,082][src.models.gnet][INFO] - Predictions for test.
[2024-05-05 00:50:51,738][src.models.gnet][INFO] - Predictions for test.
[2024-05-05 00:50:53,269][src.models.gnet][INFO] - Predictions for test.
[2024-05-05 00:50:54,816][src.models.gnet][INFO] - Predictions for test.
[2024-05-05 00:50:56,362][src.models.gnet][INFO] - Predictions for test.
[2024-05-05 00:50:57,877][src.models.gnet][INFO] - Predictions for test.
[2024-05-05 00:50:59,440][src.models.gnet][INFO] - Predictions for test.
[2024-05-05 00:51:01,033][src.models.gnet][INFO] - Predictions for test.
[2024-05-05 00:51:02,626][src.models.gnet][INFO] - Predictions for test.
[2024-05-05 00:51:04,048][src.models.gnet][INFO] - Predictions for test.
[2024-05-05 00:51:05,626][src.models.gnet][INFO] - Predictions for test.
[2024-05-05 00:51:07,297][src.models.gnet][INFO] - Predictions for test.
[2024-05-05 00:51:08,828][src.models.gnet][INFO] - Predictions for test.
[2024-05-05 00:51:10,312][src.models.gnet][INFO] - Predictions for test.
[2024-05-05 00:51:12,046][src.models.gnet][INFO] - Predictions for test.
[2024-05-05 00:51:13,608][src.models.gnet][INFO] - Predictions for test.
[2024-05-05 00:51:15,280][src.models.gnet][INFO] - Predictions for test.
[2024-05-05 00:51:16,764][src.models.gnet][INFO] - Predictions for test.
[2024-05-05 00:51:18,326][src.models.gnet][INFO] - Predictions for test.
[2024-05-05 00:51:19,872][src.models.gnet][INFO] - Predictions for test.
[2024-05-05 00:51:21,466][src.models.gnet][INFO] - Predictions for test.
[2024-05-05 00:51:22,903][src.models.gnet][INFO] - Predictions for test.
[2024-05-05 00:51:24,512][src.models.gnet][INFO] - Predictions for test.
[2024-05-05 00:51:26,152][src.models.gnet][INFO] - Predictions for test.
[2024-05-05 00:51:27,667][src.models.gnet][INFO] - Predictions for test.
[2024-05-05 00:51:29,308][src.models.gnet][INFO] - t = 3
[2024-05-05 00:51:29,308][src.models.gnet][INFO] - Predictions for test.
[2024-05-05 00:51:30,885][src.models.gnet][INFO] - Predictions for test.
[2024-05-05 00:51:32,494][src.models.gnet][INFO] - Predictions for test.
[2024-05-05 00:51:34,056][src.models.gnet][INFO] - Predictions for test.
[2024-05-05 00:51:35,681][src.models.gnet][INFO] - Predictions for test.
[2024-05-05 00:51:37,243][src.models.gnet][INFO] - Predictions for test.
[2024-05-05 00:51:38,774][src.models.gnet][INFO] - Predictions for test.
[2024-05-05 00:51:40,274][src.models.gnet][INFO] - Predictions for test.
[2024-05-05 00:51:41,961][src.models.gnet][INFO] - Predictions for test.
[2024-05-05 00:51:43,539][src.models.gnet][INFO] - Predictions for test.
[2024-05-05 00:51:45,210][src.models.gnet][INFO] - Predictions for test.
[2024-05-05 00:51:46,757][src.models.gnet][INFO] - Predictions for test.
[2024-05-05 00:51:48,428][src.models.gnet][INFO] - Predictions for test.
[2024-05-05 00:51:49,959][src.models.gnet][INFO] - Predictions for test.
[2024-05-05 00:51:51,474][src.models.gnet][INFO] - Predictions for test.
[2024-05-05 00:51:52,896][src.models.gnet][INFO] - Predictions for test.
[2024-05-05 00:51:54,536][src.models.gnet][INFO] - Predictions for test.
[2024-05-05 00:51:56,114][src.models.gnet][INFO] - Predictions for test.
[2024-05-05 00:51:57,660][src.models.gnet][INFO] - Predictions for test.
[2024-05-05 00:51:59,269][src.models.gnet][INFO] - Predictions for test.
[2024-05-05 00:52:00,706][src.models.gnet][INFO] - Predictions for test.
[2024-05-05 00:52:02,315][src.models.gnet][INFO] - Predictions for test.
[2024-05-05 00:52:03,924][src.models.gnet][INFO] - Predictions for test.
[2024-05-05 00:52:05,362][src.models.gnet][INFO] - Predictions for test.
[2024-05-05 00:52:07,017][src.models.gnet][INFO] - Predictions for test.
[2024-05-05 00:52:08,580][src.models.gnet][INFO] - Predictions for test.
[2024-05-05 00:52:10,407][src.models.gnet][INFO] - Predictions for test.
[2024-05-05 00:52:12,157][src.models.gnet][INFO] - Predictions for test.
[2024-05-05 00:52:13,641][src.models.gnet][INFO] - Predictions for test.
[2024-05-05 00:52:15,203][src.models.gnet][INFO] - Predictions for test.
[2024-05-05 00:52:16,734][src.models.gnet][INFO] - Predictions for test.
[2024-05-05 00:52:18,343][src.models.gnet][INFO] - Predictions for test.
[2024-05-05 00:52:19,749][src.models.gnet][INFO] - Predictions for test.
[2024-05-05 00:52:21,327][src.models.gnet][INFO] - Predictions for test.
[2024-05-05 00:52:22,982][src.models.gnet][INFO] - Predictions for test.
[2024-05-05 00:52:24,529][src.models.gnet][INFO] - Predictions for test.
[2024-05-05 00:52:26,154][src.models.gnet][INFO] - Predictions for test.
[2024-05-05 00:52:27,778][src.models.gnet][INFO] - Predictions for test.
[2024-05-05 00:52:29,340][src.models.gnet][INFO] - Predictions for test.
[2024-05-05 00:52:30,934][src.models.gnet][INFO] - Predictions for test.
[2024-05-05 00:52:32,558][src.models.gnet][INFO] - Predictions for test.
[2024-05-05 00:52:34,121][src.models.gnet][INFO] - Predictions for test.
[2024-05-05 00:52:35,651][src.models.gnet][INFO] - Predictions for test.
[2024-05-05 00:52:37,151][src.models.gnet][INFO] - Predictions for test.
[2024-05-05 00:52:38,713][src.models.gnet][INFO] - Predictions for test.
[2024-05-05 00:52:40,244][src.models.gnet][INFO] - Predictions for test.
[2024-05-05 00:52:42,041][src.models.gnet][INFO] - Predictions for test.
[2024-05-05 00:52:43,587][src.models.gnet][INFO] - Predictions for test.
[2024-05-05 00:52:45,196][src.models.gnet][INFO] - Predictions for test.
[2024-05-05 00:52:46,618][src.models.gnet][INFO] - Predictions for test.
[2024-05-05 00:52:48,180][src.models.gnet][INFO] - t = 4
[2024-05-05 00:52:48,180][src.models.gnet][INFO] - Predictions for test.
[2024-05-05 00:52:49,711][src.models.gnet][INFO] - Predictions for test.
[2024-05-05 00:52:51,335][src.models.gnet][INFO] - Predictions for test.
[2024-05-05 00:52:52,772][src.models.gnet][INFO] - Predictions for test.
[2024-05-05 00:52:54,381][src.models.gnet][INFO] - Predictions for test.
[2024-05-05 00:52:56,006][src.models.gnet][INFO] - Predictions for test.
[2024-05-05 00:52:57,553][src.models.gnet][INFO] - Predictions for test.
[2024-05-05 00:52:58,974][src.models.gnet][INFO] - Predictions for test.
[2024-05-05 00:53:00,646][src.models.gnet][INFO] - Predictions for test.
[2024-05-05 00:53:02,208][src.models.gnet][INFO] - Predictions for test.
[2024-05-05 00:53:03,817][src.models.gnet][INFO] - Predictions for test.
[2024-05-05 00:53:05,238][src.models.gnet][INFO] - Predictions for test.
[2024-05-05 00:53:06,847][src.models.gnet][INFO] - Predictions for test.
[2024-05-05 00:53:08,378][src.models.gnet][INFO] - Predictions for test.
[2024-05-05 00:53:10,003][src.models.gnet][INFO] - Predictions for test.
[2024-05-05 00:53:11,643][src.models.gnet][INFO] - Predictions for test.
[2024-05-05 00:53:13,174][src.models.gnet][INFO] - Predictions for test.
[2024-05-05 00:53:14,783][src.models.gnet][INFO] - Predictions for test.
[2024-05-05 00:53:16,345][src.models.gnet][INFO] - Predictions for test.
[2024-05-05 00:53:17,907][src.models.gnet][INFO] - Predictions for test.
[2024-05-05 00:53:19,516][src.models.gnet][INFO] - Predictions for test.
[2024-05-05 00:53:20,938][src.models.gnet][INFO] - Predictions for test.
[2024-05-05 00:53:22,578][src.models.gnet][INFO] - Predictions for test.
[2024-05-05 00:53:24,140][src.models.gnet][INFO] - Predictions for test.
[2024-05-05 00:53:25,687][src.models.gnet][INFO] - Predictions for test.
[2024-05-05 00:53:27,296][src.models.gnet][INFO] - Predictions for test.
[2024-05-05 00:53:28,795][src.models.gnet][INFO] - Predictions for test.
[2024-05-05 00:53:30,373][src.models.gnet][INFO] - Predictions for test.
[2024-05-05 00:53:31,935][src.models.gnet][INFO] - Predictions for test.
[2024-05-05 00:53:33,450][src.models.gnet][INFO] - Predictions for test.
[2024-05-05 00:53:35,028][src.models.gnet][INFO] - Predictions for test.
[2024-05-05 00:53:36,575][src.models.gnet][INFO] - Predictions for test.
[2024-05-05 00:53:38,184][src.models.gnet][INFO] - Predictions for test.
[2024-05-05 00:53:39,605][src.models.gnet][INFO] - Predictions for test.
[2024-05-05 00:53:41,292][src.models.gnet][INFO] - Predictions for test.
[2024-05-05 00:53:42,854][src.models.gnet][INFO] - Predictions for test.
[2024-05-05 00:53:44,401][src.models.gnet][INFO] - Predictions for test.
[2024-05-05 00:53:45,947][src.models.gnet][INFO] - Predictions for test.
[2024-05-05 00:53:47,603][src.models.gnet][INFO] - Predictions for test.
[2024-05-05 00:53:49,150][src.models.gnet][INFO] - Predictions for test.
[2024-05-05 00:53:50,759][src.models.gnet][INFO] - Predictions for test.
[2024-05-05 00:53:52,399][src.models.gnet][INFO] - Predictions for test.
[2024-05-05 00:53:53,946][src.models.gnet][INFO] - Predictions for test.
[2024-05-05 00:53:55,461][src.models.gnet][INFO] - Predictions for test.
[2024-05-05 00:53:57,101][src.models.gnet][INFO] - Predictions for test.
[2024-05-05 00:53:58,632][src.models.gnet][INFO] - Predictions for test.
[2024-05-05 00:54:00,225][src.models.gnet][INFO] - Predictions for test.
[2024-05-05 00:54:01,819][src.models.gnet][INFO] - Predictions for test.
[2024-05-05 00:54:03,397][src.models.gnet][INFO] - Predictions for test.
[2024-05-05 00:54:04,959][src.models.gnet][INFO] - Predictions for test.
[2024-05-05 00:54:06,568][src.models.gnet][INFO] - t = 5
[2024-05-05 00:54:06,568][src.models.gnet][INFO] - Predictions for test.
[2024-05-05 00:54:08,114][src.models.gnet][INFO] - Predictions for test.
[2024-05-05 00:54:09,645][src.models.gnet][INFO] - Predictions for test.
[2024-05-05 00:54:11,317][src.models.gnet][INFO] - Predictions for test.
[2024-05-05 00:54:12,879][src.models.gnet][INFO] - Predictions for test.
[2024-05-05 00:54:14,441][src.models.gnet][INFO] - Predictions for test.
[2024-05-05 00:54:16,081][src.models.gnet][INFO] - Predictions for test.
[2024-05-05 00:54:17,706][src.models.gnet][INFO] - Predictions for test.
[2024-05-05 00:54:19,330][src.models.gnet][INFO] - Predictions for test.
[2024-05-05 00:54:20,971][src.models.gnet][INFO] - Predictions for test.
[2024-05-05 00:54:22,533][src.models.gnet][INFO] - Predictions for test.
[2024-05-05 00:54:24,079][src.models.gnet][INFO] - Predictions for test.
[2024-05-05 00:54:25,719][src.models.gnet][INFO] - Predictions for test.
[2024-05-05 00:54:27,375][src.models.gnet][INFO] - Predictions for test.
[2024-05-05 00:54:28,937][src.models.gnet][INFO] - Predictions for test.
[2024-05-05 00:54:30,671][src.models.gnet][INFO] - Predictions for test.
[2024-05-05 00:54:32,234][src.models.gnet][INFO] - Predictions for test.
[2024-05-05 00:54:33,655][src.models.gnet][INFO] - Predictions for test.
[2024-05-05 00:54:35,358][src.models.gnet][INFO] - Predictions for test.
[2024-05-05 00:54:36,936][src.models.gnet][INFO] - Predictions for test.
[2024-05-05 00:54:38,591][src.models.gnet][INFO] - Predictions for test.
[2024-05-05 00:54:40,216][src.models.gnet][INFO] - Predictions for test.
[2024-05-05 00:54:41,841][src.models.gnet][INFO] - Predictions for test.
[2024-05-05 00:54:43,465][src.models.gnet][INFO] - Predictions for test.
[2024-05-05 00:54:45,106][src.models.gnet][INFO] - Predictions for test.
[2024-05-05 00:54:46,652][src.models.gnet][INFO] - Predictions for test.
[2024-05-05 00:54:48,183][src.models.gnet][INFO] - Predictions for test.
[2024-05-05 00:54:49,792][src.models.gnet][INFO] - Predictions for test.
[2024-05-05 00:54:51,323][src.models.gnet][INFO] - Predictions for test.
[2024-05-05 00:54:52,760][src.models.gnet][INFO] - Predictions for test.
[2024-05-05 00:54:54,431][src.models.gnet][INFO] - Predictions for test.
[2024-05-05 00:54:55,978][src.models.gnet][INFO] - Predictions for test.
[2024-05-05 00:54:57,603][src.models.gnet][INFO] - Predictions for test.
[2024-05-05 00:54:59,024][src.models.gnet][INFO] - Predictions for test.
[2024-05-05 00:55:00,633][src.models.gnet][INFO] - Predictions for test.
[2024-05-05 00:55:02,180][src.models.gnet][INFO] - Predictions for test.
[2024-05-05 00:55:03,804][src.models.gnet][INFO] - Predictions for test.
[2024-05-05 00:55:05,335][src.models.gnet][INFO] - Predictions for test.
[2024-05-05 00:55:06,897][src.models.gnet][INFO] - Predictions for test.
[2024-05-05 00:55:08,538][src.models.gnet][INFO] - Predictions for test.
[2024-05-05 00:55:10,100][src.models.gnet][INFO] - Predictions for test.
[2024-05-05 00:55:11,693][src.models.gnet][INFO] - Predictions for test.
[2024-05-05 00:55:13,193][src.models.gnet][INFO] - Predictions for test.
[2024-05-05 00:55:14,770][src.models.gnet][INFO] - Predictions for test.
[2024-05-05 00:55:16,411][src.models.gnet][INFO] - Predictions for test.
[2024-05-05 00:55:17,973][src.models.gnet][INFO] - Predictions for test.
[2024-05-05 00:55:19,535][src.models.gnet][INFO] - Predictions for test.
[2024-05-05 00:55:21,081][src.models.gnet][INFO] - Predictions for test.
[2024-05-05 00:55:22,722][src.models.gnet][INFO] - Predictions for test.
[2024-05-05 00:55:24,253][src.models.gnet][INFO] - Predictions for test.
[2024-05-05 00:55:25,830][src.models.gnet][INFO] - t = 6
[2024-05-05 00:55:25,830][src.models.gnet][INFO] - Predictions for test.
[2024-05-05 00:55:27,517][src.models.gnet][INFO] - Predictions for test.
[2024-05-05 00:55:29,064][src.models.gnet][INFO] - Predictions for test.
[2024-05-05 00:55:30,657][src.models.gnet][INFO] - Predictions for test.
[2024-05-05 00:55:32,298][src.models.gnet][INFO] - Predictions for test.
[2024-05-05 00:55:33,907][src.models.gnet][INFO] - Predictions for test.
[2024-05-05 00:55:35,516][src.models.gnet][INFO] - Predictions for test.
[2024-05-05 00:55:37,156][src.models.gnet][INFO] - Predictions for test.
[2024-05-05 00:55:38,718][src.models.gnet][INFO] - Predictions for test.
[2024-05-05 00:55:40,874][src.models.gnet][INFO] - Predictions for test.
[2024-05-05 00:55:42,530][src.models.gnet][INFO] - Predictions for test.
[2024-05-05 00:55:44,045][src.models.gnet][INFO] - Predictions for test.
[2024-05-05 00:55:45,669][src.models.gnet][INFO] - Predictions for test.
[2024-05-05 00:55:47,247][src.models.gnet][INFO] - Predictions for test.
[2024-05-05 00:55:48,669][src.models.gnet][INFO] - Predictions for test.
[2024-05-05 00:55:50,262][src.models.gnet][INFO] - Predictions for test.
[2024-05-05 00:55:51,887][src.models.gnet][INFO] - Predictions for test.
[2024-05-05 00:55:53,418][src.models.gnet][INFO] - Predictions for test.
[2024-05-05 00:55:55,011][src.models.gnet][INFO] - Predictions for test.
[2024-05-05 00:55:56,636][src.models.gnet][INFO] - Predictions for test.
[2024-05-05 00:55:58,213][src.models.gnet][INFO] - Predictions for test.
[2024-05-05 00:55:59,760][src.models.gnet][INFO] - Predictions for test.
[2024-05-05 00:56:01,400][src.models.gnet][INFO] - Predictions for test.
[2024-05-05 00:56:02,915][src.models.gnet][INFO] - Predictions for test.
[2024-05-05 00:56:04,321][src.models.gnet][INFO] - Predictions for test.
[2024-05-05 00:56:05,977][src.models.gnet][INFO] - Predictions for test.
[2024-05-05 00:56:07,524][src.models.gnet][INFO] - Predictions for test.
[2024-05-05 00:56:09,039][src.models.gnet][INFO] - Predictions for test.
[2024-05-05 00:56:10,773][src.models.gnet][INFO] - Predictions for test.
[2024-05-05 00:56:12,257][src.models.gnet][INFO] - Predictions for test.
[2024-05-05 00:56:13,913][src.models.gnet][INFO] - Predictions for test.
[2024-05-05 00:56:15,475][src.models.gnet][INFO] - Predictions for test.
[2024-05-05 00:56:17,022][src.models.gnet][INFO] - Predictions for test.
[2024-05-05 00:56:18,568][src.models.gnet][INFO] - Predictions for test.
[2024-05-05 00:56:20,224][src.models.gnet][INFO] - Predictions for test.
[2024-05-05 00:56:21,755][src.models.gnet][INFO] - Predictions for test.
[2024-05-05 00:56:23,286][src.models.gnet][INFO] - Predictions for test.
[2024-05-05 00:56:24,895][src.models.gnet][INFO] - Predictions for test.
[2024-05-05 00:56:26,441][src.models.gnet][INFO] - Predictions for test.
[2024-05-05 00:56:27,878][src.models.gnet][INFO] - Predictions for test.
[2024-05-05 00:56:29,534][src.models.gnet][INFO] - Predictions for test.
[2024-05-05 00:56:31,128][src.models.gnet][INFO] - Predictions for test.
[2024-05-05 00:56:32,752][src.models.gnet][INFO] - Predictions for test.
[2024-05-05 00:56:34,283][src.models.gnet][INFO] - Predictions for test.
[2024-05-05 00:56:35,673][src.models.gnet][INFO] - Predictions for test.
[2024-05-05 00:56:37,251][src.models.gnet][INFO] - Predictions for test.
[2024-05-05 00:56:38,891][src.models.gnet][INFO] - Predictions for test.
[2024-05-05 00:56:40,438][src.models.gnet][INFO] - Predictions for test.
[2024-05-05 00:56:42,063][src.models.gnet][INFO] - Predictions for test.
[2024-05-05 00:56:43,672][src.models.gnet][INFO] - Predictions for test.
[2024-05-05 00:56:45,296][__main__][INFO] - Test normalised RMSE (n-step prediction): {'2-step': 13.128826159997134, '3-step': 11.607799476385305, '4-step': 11.203404596124065, '5-step': 10.53422526681729, '6-step': 10.769210280049128}
