[2024-05-05 00:56:45,577][__main__][INFO] - 
model:
  dim_treatments: 4
  dim_vitals: 0
  dim_static_features: 1
  dim_outcomes: 1
  dim_cosovitals: ???
  dim_abstract_confounders: ???
  dim_s: ???
  name: G-Net
  g_net:
    _target_: src.models.gnet.GNet
    seq_hidden_units: 48
    num_layer: 1
    r_size: 2
    fc_hidden_units: 40
    num_comp: 1
    mc_samples: 50
    fit_vitals: true
    comp_sizes: null
    batch_size: 64
    dropout_rate: 0.2
    optimizer:
      optimizer_cls: adam
      learning_rate: 0.01
      weight_decay: 0.0
      lr_scheduler: false
    tune_hparams: false
    tune_range: 50
    hparams_grid: null
    resources_per_trial: null
dataset:
  val_batch_size: 4096
  treatment_mode: multiclass
  _target_: src.data.SyntheticVitalDatasetCollection
  name: tumor_generator
  seed: 10000
  num_confounder: 3
  num_u: 1
  split:
    val: 0.15
    test: 0.15
  window_size: 15
  lag: 0
  max_seq_length: 60
  projection_horizon: 5
  cf_seq_mode: sliding_treatment
  time_step: 30
  holdout_ratio: 0.1
exp:
  seed: 10000
  gpus:
  - 0
  max_epochs: 100
  logging: true
  mlflow_uri: http://127.0.0.1:5000
  unscale_rmse: true
  percentage_rmse: true
  alpha: 1.0
  update_alpha: false
  alpha_rate: exp
  balancing: grad_reverse
  bce_weight: false
  weights_ema: false
  beta: 0.99

[2024-05-05 00:57:08,509][src.data.cancer_sim.dataset][INFO] - Shape of processed train data: {'sequence_lengths': (3500,), 'prev_treatments': (3500, 28, 1), 'vitals': (3500, 28, 12), 'next_vitals': (3500, 27, 12), 'current_treatments': (3500, 28, 1), 'static_features': (3500, 1), 'active_entries': (3500, 28, 1), 'outputs': (3500, 28, 1), 'unscaled_outputs': (3500, 28, 1), 'prev_outputs': (3500, 28, 1), 'coso_vitals': (3500, 28, 11), 'COSO': (3500, 28, 1)}
[2024-05-05 00:57:08,509][src.data.cancer_sim.dataset][INFO] - Shape of processed val data: {'sequence_lengths': (750,), 'prev_treatments': (750, 28, 1), 'vitals': (750, 28, 12), 'next_vitals': (750, 27, 12), 'current_treatments': (750, 28, 1), 'static_features': (750, 1), 'active_entries': (750, 28, 1), 'outputs': (750, 28, 1), 'unscaled_outputs': (750, 28, 1), 'prev_outputs': (750, 28, 1), 'coso_vitals': (750, 28, 11), 'COSO': (750, 28, 1)}
[2024-05-05 00:57:08,509][src.data.cancer_sim.dataset][INFO] - Shape of processed test data: {'sequence_lengths': (750,), 'prev_treatments': (750, 28, 1), 'vitals': (750, 28, 12), 'next_vitals': (750, 27, 12), 'current_treatments': (750, 28, 1), 'static_features': (750, 1), 'active_entries': (750, 28, 1), 'outputs': (750, 28, 1), 'unscaled_outputs': (750, 28, 1), 'prev_outputs': (750, 28, 1), 'coso_vitals': (750, 28, 11), 'COSO': (750, 28, 1)}
[2024-05-05 00:57:08,525][src.data.cancer_sim.dataset][INFO] - Exploding test dataset before testing (multiple sequences)
[2024-05-05 00:57:08,619][src.data.cancer_sim.dataset][INFO] - Shape of processed test data: {'prev_treatments': (13884, 28, 1), 'current_treatments': (13884, 28, 1), 'static_features': (13884, 1), 'prev_outputs': (13884, 28, 1), 'outputs': (13884, 28, 1), 'vitals': (13884, 28, 12), 'next_vitals': (13884, 27, 12), 'unscaled_outputs': (13884, 28, 1), 'sequence_lengths': (13884,), 'active_entries': (13884, 28, 1)}
[2024-05-05 00:57:08,619][src.data.cancer_sim.dataset][INFO] - Processing test dataset before testing (multiple sequences)
[2024-05-05 00:57:08,713][src.data.cancer_sim.dataset][INFO] - Shape of processed test data: {'original_index': (13884,), 'active_encoder_r': (13884, 23), 'prev_treatments': (13884, 5, 1), 'current_treatments': (13884, 5, 1), 'static_features': (13884, 1), 'prev_outputs': (13884, 5, 1), 'outputs': (13884, 5, 1), 'unscaled_outputs': (13884, 5, 1), 'sequence_lengths': (13884,), 'active_entries': (13884, 5, 1)}
[2024-05-05 00:57:08,853][src.models.gnet][INFO] - Input size of g_net: 15
[2024-05-05 00:57:08,884][src.data.dataset_collection][INFO] - Splited train_f on train_f: 3150 and train_f_holdout: 350
[2024-05-05 00:57:08,884][src.data.dataset_collection][INFO] - Exploding test_f 50 times
[2024-05-05 00:57:08,916][src.data.dataset_collection][INFO] - Exploding test_f 50 times
[2024-05-05 00:57:08,931][src.data.dataset_collection][INFO] - Exploding test_f 50 times
[2024-05-05 00:57:08,963][src.data.dataset_collection][INFO] - Exploding test_f 50 times
[2024-05-05 00:57:08,994][src.data.dataset_collection][INFO] - Exploding test_f 50 times
[2024-05-05 00:57:09,025][src.data.dataset_collection][INFO] - Exploding test_f 50 times
[2024-05-05 00:57:09,056][src.data.dataset_collection][INFO] - Exploding test_f 50 times
[2024-05-05 00:57:09,087][src.data.dataset_collection][INFO] - Exploding test_f 50 times
[2024-05-05 00:57:09,103][src.data.dataset_collection][INFO] - Exploding test_f 50 times
[2024-05-05 00:57:09,134][src.data.dataset_collection][INFO] - Exploding test_f 50 times
[2024-05-05 00:57:09,166][src.data.dataset_collection][INFO] - Exploding test_f 50 times
[2024-05-05 00:57:09,197][src.data.dataset_collection][INFO] - Exploding test_f 50 times
[2024-05-05 00:57:09,228][src.data.dataset_collection][INFO] - Exploding test_f 50 times
[2024-05-05 00:57:09,259][src.data.dataset_collection][INFO] - Exploding test_f 50 times
[2024-05-05 00:57:09,275][src.data.dataset_collection][INFO] - Exploding test_f 50 times
[2024-05-05 00:57:09,306][src.data.dataset_collection][INFO] - Exploding test_f 50 times
[2024-05-05 00:57:09,337][src.data.dataset_collection][INFO] - Exploding test_f 50 times
[2024-05-05 00:57:09,369][src.data.dataset_collection][INFO] - Exploding test_f 50 times
[2024-05-05 00:57:09,400][src.data.dataset_collection][INFO] - Exploding test_f 50 times
[2024-05-05 00:57:09,416][src.data.dataset_collection][INFO] - Exploding test_f 50 times
[2024-05-05 00:57:09,447][src.data.dataset_collection][INFO] - Exploding test_f 50 times
[2024-05-05 00:57:09,478][src.data.dataset_collection][INFO] - Exploding test_f 50 times
[2024-05-05 00:57:09,509][src.data.dataset_collection][INFO] - Exploding test_f 50 times
[2024-05-05 00:57:09,541][src.data.dataset_collection][INFO] - Exploding test_f 50 times
[2024-05-05 00:57:09,556][src.data.dataset_collection][INFO] - Exploding test_f 50 times
[2024-05-05 00:57:09,587][src.data.dataset_collection][INFO] - Exploding test_f 50 times
[2024-05-05 00:57:09,619][src.data.dataset_collection][INFO] - Exploding test_f 50 times
[2024-05-05 00:57:09,650][src.data.dataset_collection][INFO] - Exploding test_f 50 times
[2024-05-05 00:57:09,681][src.data.dataset_collection][INFO] - Exploding test_f 50 times
[2024-05-05 00:57:09,712][src.data.dataset_collection][INFO] - Exploding test_f 50 times
[2024-05-05 00:57:09,728][src.data.dataset_collection][INFO] - Exploding test_f 50 times
[2024-05-05 00:57:09,759][src.data.dataset_collection][INFO] - Exploding test_f 50 times
[2024-05-05 00:57:09,790][src.data.dataset_collection][INFO] - Exploding test_f 50 times
[2024-05-05 00:57:09,822][src.data.dataset_collection][INFO] - Exploding test_f 50 times
[2024-05-05 00:57:09,853][src.data.dataset_collection][INFO] - Exploding test_f 50 times
[2024-05-05 00:57:09,884][src.data.dataset_collection][INFO] - Exploding test_f 50 times
[2024-05-05 00:57:09,900][src.data.dataset_collection][INFO] - Exploding test_f 50 times
[2024-05-05 00:57:09,931][src.data.dataset_collection][INFO] - Exploding test_f 50 times
[2024-05-05 00:57:09,962][src.data.dataset_collection][INFO] - Exploding test_f 50 times
[2024-05-05 00:57:09,994][src.data.dataset_collection][INFO] - Exploding test_f 50 times
[2024-05-05 00:57:10,025][src.data.dataset_collection][INFO] - Exploding test_f 50 times
[2024-05-05 00:57:10,056][src.data.dataset_collection][INFO] - Exploding test_f 50 times
[2024-05-05 00:57:10,072][src.data.dataset_collection][INFO] - Exploding test_f 50 times
[2024-05-05 00:57:10,103][src.data.dataset_collection][INFO] - Exploding test_f 50 times
[2024-05-05 00:57:10,134][src.data.dataset_collection][INFO] - Exploding test_f 50 times
[2024-05-05 00:57:10,165][src.data.dataset_collection][INFO] - Exploding test_f 50 times
[2024-05-05 00:57:10,197][src.data.dataset_collection][INFO] - Exploding test_f 50 times
[2024-05-05 00:57:10,228][src.data.dataset_collection][INFO] - Exploding test_f 50 times
[2024-05-05 00:57:10,243][src.data.dataset_collection][INFO] - Exploding test_f 50 times
[2024-05-05 00:57:10,275][src.data.dataset_collection][INFO] - Exploding test_f 50 times
[2024-05-05 00:59:20,168][src.models.gnet][INFO] - Fitting residuals based on train_f_holdout.
[2024-05-05 00:59:20,168][src.models.gnet][INFO] - Predictions for train.
[2024-05-05 00:59:21,043][src.models.time_varying_model][INFO] - RMSE calculation for val.
[2024-05-05 00:59:21,043][src.models.gnet][INFO] - Predictions for val.
[2024-05-05 00:59:21,980][__main__][INFO] - Val normalised RMSE (all): 3.463817889515222; Val normalised RMSE (orig): nan
[2024-05-05 00:59:21,980][src.models.time_varying_model][INFO] - RMSE calculation for test.
[2024-05-05 00:59:21,980][src.models.gnet][INFO] - Predictions for test.
[2024-05-05 00:59:22,902][__main__][INFO] - Test normalised RMSE (all): 3.600797621461507; Test normalised RMSE (orig): nan.
[2024-05-05 00:59:22,964][src.models.time_varying_model][INFO] - RMSE calculation for test.
[2024-05-05 00:59:22,964][src.models.gnet][INFO] - Autoregressive Prediction for test with MC-sampling of trajectories.
[2024-05-05 00:59:22,964][src.models.gnet][INFO] - t = 1
[2024-05-05 00:59:22,964][src.models.gnet][INFO] - Predictions for test.
[2024-05-05 00:59:24,511][src.models.gnet][INFO] - Predictions for test.
[2024-05-05 00:59:25,995][src.models.gnet][INFO] - Predictions for test.
[2024-05-05 00:59:27,588][src.models.gnet][INFO] - Predictions for test.
[2024-05-05 00:59:29,135][src.models.gnet][INFO] - Predictions for test.
[2024-05-05 00:59:30,744][src.models.gnet][INFO] - Predictions for test.
[2024-05-05 00:59:32,165][src.models.gnet][INFO] - Predictions for test.
[2024-05-05 00:59:33,743][src.models.gnet][INFO] - Predictions for test.
[2024-05-05 00:59:35,383][src.models.gnet][INFO] - Predictions for test.
[2024-05-05 00:59:36,805][src.models.gnet][INFO] - Predictions for test.
[2024-05-05 00:59:38,383][src.models.gnet][INFO] - Predictions for test.
[2024-05-05 00:59:39,992][src.models.gnet][INFO] - Predictions for test.
[2024-05-05 00:59:41,476][src.models.gnet][INFO] - Predictions for test.
[2024-05-05 00:59:43,038][src.models.gnet][INFO] - Predictions for test.
[2024-05-05 00:59:44,647][src.models.gnet][INFO] - Predictions for test.
[2024-05-05 00:59:46,193][src.models.gnet][INFO] - Predictions for test.
[2024-05-05 00:59:47,630][src.models.gnet][INFO] - Predictions for test.
[2024-05-05 00:59:49,302][src.models.gnet][INFO] - Predictions for test.
[2024-05-05 00:59:50,880][src.models.gnet][INFO] - Predictions for test.
[2024-05-05 00:59:52,442][src.models.gnet][INFO] - Predictions for test.
[2024-05-05 00:59:53,973][src.models.gnet][INFO] - Predictions for test.
[2024-05-05 00:59:55,613][src.models.gnet][INFO] - Predictions for test.
[2024-05-05 00:59:57,269][src.models.gnet][INFO] - Predictions for test.
[2024-05-05 00:59:58,784][src.models.gnet][INFO] - Predictions for test.
[2024-05-05 01:00:00,409][src.models.gnet][INFO] - Predictions for test.
[2024-05-05 01:00:02,018][src.models.gnet][INFO] - Predictions for test.
[2024-05-05 01:00:03,939][src.models.gnet][INFO] - Predictions for test.
[2024-05-05 01:00:05,564][src.models.gnet][INFO] - Predictions for test.
[2024-05-05 01:00:07,235][src.models.gnet][INFO] - Predictions for test.
[2024-05-05 01:00:08,797][src.models.gnet][INFO] - Predictions for test.
[2024-05-05 01:00:10,375][src.models.gnet][INFO] - Predictions for test.
[2024-05-05 01:00:11,937][src.models.gnet][INFO] - Predictions for test.
[2024-05-05 01:00:13,453][src.models.gnet][INFO] - Predictions for test.
[2024-05-05 01:00:15,046][src.models.gnet][INFO] - Predictions for test.
[2024-05-05 01:00:16,608][src.models.gnet][INFO] - Predictions for test.
[2024-05-05 01:00:18,139][src.models.gnet][INFO] - Predictions for test.
[2024-05-05 01:00:19,732][src.models.gnet][INFO] - Predictions for test.
[2024-05-05 01:00:21,326][src.models.gnet][INFO] - Predictions for test.
[2024-05-05 01:00:23,028][src.models.gnet][INFO] - Predictions for test.
[2024-05-05 01:00:24,528][src.models.gnet][INFO] - Predictions for test.
[2024-05-05 01:00:26,090][src.models.gnet][INFO] - Predictions for test.
[2024-05-05 01:00:27,668][src.models.gnet][INFO] - Predictions for test.
[2024-05-05 01:00:29,199][src.models.gnet][INFO] - Predictions for test.
[2024-05-05 01:00:30,808][src.models.gnet][INFO] - Predictions for test.
[2024-05-05 01:00:32,229][src.models.gnet][INFO] - Predictions for test.
[2024-05-05 01:00:33,823][src.models.gnet][INFO] - Predictions for test.
[2024-05-05 01:00:35,479][src.models.gnet][INFO] - Predictions for test.
[2024-05-05 01:00:37,025][src.models.gnet][INFO] - Predictions for test.
[2024-05-05 01:00:38,556][src.models.gnet][INFO] - Predictions for test.
[2024-05-05 01:00:40,196][src.models.gnet][INFO] - Predictions for test.
[2024-05-05 01:00:41,852][src.models.gnet][INFO] - t = 2
[2024-05-05 01:00:41,852][src.models.gnet][INFO] - Predictions for test.
[2024-05-05 01:00:43,399][src.models.gnet][INFO] - Predictions for test.
[2024-05-05 01:00:45,008][src.models.gnet][INFO] - Predictions for test.
[2024-05-05 01:00:46,632][src.models.gnet][INFO] - Predictions for test.
[2024-05-05 01:00:48,397][src.models.gnet][INFO] - Predictions for test.
[2024-05-05 01:00:49,975][src.models.gnet][INFO] - Predictions for test.
[2024-05-05 01:00:51,397][src.models.gnet][INFO] - Predictions for test.
[2024-05-05 01:00:52,959][src.models.gnet][INFO] - Predictions for test.
[2024-05-05 01:00:54,552][src.models.gnet][INFO] - Predictions for test.
[2024-05-05 01:00:55,989][src.models.gnet][INFO] - Predictions for test.
[2024-05-05 01:00:57,598][src.models.gnet][INFO] - Predictions for test.
[2024-05-05 01:00:59,145][src.models.gnet][INFO] - Predictions for test.
[2024-05-05 01:01:00,754][src.models.gnet][INFO] - Predictions for test.
[2024-05-05 01:01:02,175][src.models.gnet][INFO] - Predictions for test.
[2024-05-05 01:01:03,847][src.models.gnet][INFO] - Predictions for test.
[2024-05-05 01:01:05,425][src.models.gnet][INFO] - Predictions for test.
[2024-05-05 01:01:06,940][src.models.gnet][INFO] - Predictions for test.
[2024-05-05 01:01:08,518][src.models.gnet][INFO] - Predictions for test.
[2024-05-05 01:01:10,158][src.models.gnet][INFO] - Predictions for test.
[2024-05-05 01:01:11,798][src.models.gnet][INFO] - Predictions for test.
[2024-05-05 01:01:13,204][src.models.gnet][INFO] - Predictions for test.
[2024-05-05 01:01:14,844][src.models.gnet][INFO] - Predictions for test.
[2024-05-05 01:01:16,391][src.models.gnet][INFO] - Predictions for test.
[2024-05-05 01:01:17,922][src.models.gnet][INFO] - Predictions for test.
[2024-05-05 01:01:19,578][src.models.gnet][INFO] - Predictions for test.
[2024-05-05 01:01:21,140][src.models.gnet][INFO] - Predictions for test.
[2024-05-05 01:01:22,764][src.models.gnet][INFO] - Predictions for test.
[2024-05-05 01:01:24,295][src.models.gnet][INFO] - Predictions for test.
[2024-05-05 01:01:25,701][src.models.gnet][INFO] - Predictions for test.
[2024-05-05 01:01:27,341][src.models.gnet][INFO] - Predictions for test.
[2024-05-05 01:01:28,966][src.models.gnet][INFO] - Predictions for test.
[2024-05-05 01:01:30,481][src.models.gnet][INFO] - Predictions for test.
[2024-05-05 01:01:31,903][src.models.gnet][INFO] - Predictions for test.
[2024-05-05 01:01:33,543][src.models.gnet][INFO] - Predictions for test.
[2024-05-05 01:01:35,090][src.models.gnet][INFO] - Predictions for test.
[2024-05-05 01:01:36,683][src.models.gnet][INFO] - Predictions for test.
[2024-05-05 01:01:38,323][src.models.gnet][INFO] - Predictions for test.
[2024-05-05 01:01:39,885][src.models.gnet][INFO] - Predictions for test.
[2024-05-05 01:01:41,526][src.models.gnet][INFO] - Predictions for test.
[2024-05-05 01:01:43,244][src.models.gnet][INFO] - Predictions for test.
[2024-05-05 01:01:44,759][src.models.gnet][INFO] - Predictions for test.
[2024-05-05 01:01:46,196][src.models.gnet][INFO] - Predictions for test.
[2024-05-05 01:01:47,899][src.models.gnet][INFO] - Predictions for test.
[2024-05-05 01:01:49,524][src.models.gnet][INFO] - Predictions for test.
[2024-05-05 01:01:51,242][src.models.gnet][INFO] - Predictions for test.
[2024-05-05 01:01:52,851][src.models.gnet][INFO] - Predictions for test.
[2024-05-05 01:01:54,288][src.models.gnet][INFO] - Predictions for test.
[2024-05-05 01:01:55,866][src.models.gnet][INFO] - Predictions for test.
[2024-05-05 01:01:57,522][src.models.gnet][INFO] - Predictions for test.
[2024-05-05 01:01:59,053][src.models.gnet][INFO] - Predictions for test.
[2024-05-05 01:02:00,552][src.models.gnet][INFO] - t = 3
[2024-05-05 01:02:00,552][src.models.gnet][INFO] - Predictions for test.
[2024-05-05 01:02:02,146][src.models.gnet][INFO] - Predictions for test.
[2024-05-05 01:02:03,708][src.models.gnet][INFO] - Predictions for test.
[2024-05-05 01:02:05,239][src.models.gnet][INFO] - Predictions for test.
[2024-05-05 01:02:06,895][src.models.gnet][INFO] - Predictions for test.
[2024-05-05 01:02:08,426][src.models.gnet][INFO] - Predictions for test.
[2024-05-05 01:02:09,957][src.models.gnet][INFO] - Predictions for test.
[2024-05-05 01:02:11,597][src.models.gnet][INFO] - Predictions for test.
[2024-05-05 01:02:13,128][src.models.gnet][INFO] - Predictions for test.
[2024-05-05 01:02:14,534][src.models.gnet][INFO] - Predictions for test.
[2024-05-05 01:02:16,143][src.models.gnet][INFO] - Predictions for test.
[2024-05-05 01:02:17,548][src.models.gnet][INFO] - Predictions for test.
[2024-05-05 01:02:19,267][src.models.gnet][INFO] - Predictions for test.
[2024-05-05 01:02:20,798][src.models.gnet][INFO] - Predictions for test.
[2024-05-05 01:02:22,235][src.models.gnet][INFO] - Predictions for test.
[2024-05-05 01:02:23,813][src.models.gnet][INFO] - Predictions for test.
[2024-05-05 01:02:25,422][src.models.gnet][INFO] - Predictions for test.
[2024-05-05 01:02:26,953][src.models.gnet][INFO] - Predictions for test.
[2024-05-05 01:02:28,546][src.models.gnet][INFO] - Predictions for test.
[2024-05-05 01:02:30,202][src.models.gnet][INFO] - Predictions for test.
[2024-05-05 01:02:31,748][src.models.gnet][INFO] - Predictions for test.
[2024-05-05 01:02:33,389][src.models.gnet][INFO] - Predictions for test.
[2024-05-05 01:02:35,029][src.models.gnet][INFO] - Predictions for test.
[2024-05-05 01:02:36,591][src.models.gnet][INFO] - Predictions for test.
[2024-05-05 01:02:38,231][src.models.gnet][INFO] - Predictions for test.
[2024-05-05 01:02:39,778][src.models.gnet][INFO] - Predictions for test.
[2024-05-05 01:02:41,324][src.models.gnet][INFO] - Predictions for test.
[2024-05-05 01:02:42,871][src.models.gnet][INFO] - Predictions for test.
[2024-05-05 01:02:44,464][src.models.gnet][INFO] - Predictions for test.
[2024-05-05 01:02:45,886][src.models.gnet][INFO] - Predictions for test.
[2024-05-05 01:02:47,479][src.models.gnet][INFO] - Predictions for test.
[2024-05-05 01:02:49,119][src.models.gnet][INFO] - Predictions for test.
[2024-05-05 01:02:50,635][src.models.gnet][INFO] - Predictions for test.
[2024-05-05 01:02:52,212][src.models.gnet][INFO] - Predictions for test.
[2024-05-05 01:02:53,853][src.models.gnet][INFO] - Predictions for test.
[2024-05-05 01:02:55,415][src.models.gnet][INFO] - Predictions for test.
[2024-05-05 01:02:57,164][src.models.gnet][INFO] - Predictions for test.
[2024-05-05 01:02:58,695][src.models.gnet][INFO] - Predictions for test.
[2024-05-05 01:03:00,304][src.models.gnet][INFO] - Predictions for test.
[2024-05-05 01:03:01,851][src.models.gnet][INFO] - Predictions for test.
[2024-05-05 01:03:03,585][src.models.gnet][INFO] - Predictions for test.
[2024-05-05 01:03:04,991][src.models.gnet][INFO] - Predictions for test.
[2024-05-05 01:03:06,568][src.models.gnet][INFO] - Predictions for test.
[2024-05-05 01:03:08,209][src.models.gnet][INFO] - Predictions for test.
[2024-05-05 01:03:09,739][src.models.gnet][INFO] - Predictions for test.
[2024-05-05 01:03:11,286][src.models.gnet][INFO] - Predictions for test.
[2024-05-05 01:03:12,973][src.models.gnet][INFO] - Predictions for test.
[2024-05-05 01:03:14,535][src.models.gnet][INFO] - Predictions for test.
[2024-05-05 01:03:16,129][src.models.gnet][INFO] - Predictions for test.
[2024-05-05 01:03:17,550][src.models.gnet][INFO] - Predictions for test.
[2024-05-05 01:03:19,112][src.models.gnet][INFO] - t = 4
[2024-05-05 01:03:19,112][src.models.gnet][INFO] - Predictions for test.
[2024-05-05 01:03:20,643][src.models.gnet][INFO] - Predictions for test.
[2024-05-05 01:03:22,236][src.models.gnet][INFO] - Predictions for test.
[2024-05-05 01:03:23,783][src.models.gnet][INFO] - Predictions for test.
[2024-05-05 01:03:25,376][src.models.gnet][INFO] - Predictions for test.
[2024-05-05 01:03:27,095][src.models.gnet][INFO] - Predictions for test.
[2024-05-05 01:03:28,548][src.models.gnet][INFO] - Predictions for test.
[2024-05-05 01:03:30,141][src.models.gnet][INFO] - Predictions for test.
[2024-05-05 01:03:31,750][src.models.gnet][INFO] - Predictions for test.
[2024-05-05 01:03:33,187][src.models.gnet][INFO] - Predictions for test.
[2024-05-05 01:03:34,827][src.models.gnet][INFO] - Predictions for test.
[2024-05-05 01:03:36,389][src.models.gnet][INFO] - Predictions for test.
[2024-05-05 01:03:37,936][src.models.gnet][INFO] - Predictions for test.
[2024-05-05 01:03:39,373][src.models.gnet][INFO] - Predictions for test.
[2024-05-05 01:03:41,107][src.models.gnet][INFO] - Predictions for test.
[2024-05-05 01:03:42,794][src.models.gnet][INFO] - Predictions for test.
[2024-05-05 01:03:44,356][src.models.gnet][INFO] - Predictions for test.
[2024-05-05 01:03:46,012][src.models.gnet][INFO] - Predictions for test.
[2024-05-05 01:03:47,496][src.models.gnet][INFO] - Predictions for test.
[2024-05-05 01:03:49,090][src.models.gnet][INFO] - Predictions for test.
[2024-05-05 01:03:50,808][src.models.gnet][INFO] - Predictions for test.
[2024-05-05 01:03:52,370][src.models.gnet][INFO] - Predictions for test.
[2024-05-05 01:03:53,979][src.models.gnet][INFO] - Predictions for test.
[2024-05-05 01:03:55,682][src.models.gnet][INFO] - Predictions for test.
[2024-05-05 01:03:57,213][src.models.gnet][INFO] - Predictions for test.
[2024-05-05 01:03:58,869][src.models.gnet][INFO] - Predictions for test.
[2024-05-05 01:04:00,493][src.models.gnet][INFO] - Predictions for test.
[2024-05-05 01:04:01,930][src.models.gnet][INFO] - Predictions for test.
[2024-05-05 01:04:03,508][src.models.gnet][INFO] - Predictions for test.
[2024-05-05 01:04:05,117][src.models.gnet][INFO] - Predictions for test.
[2024-05-05 01:04:06,570][src.models.gnet][INFO] - Predictions for test.
[2024-05-05 01:04:08,132][src.models.gnet][INFO] - Predictions for test.
[2024-05-05 01:04:09,741][src.models.gnet][INFO] - Predictions for test.
[2024-05-05 01:04:11,178][src.models.gnet][INFO] - Predictions for test.
[2024-05-05 01:04:12,834][src.models.gnet][INFO] - Predictions for test.
[2024-05-05 01:04:14,412][src.models.gnet][INFO] - Predictions for test.
[2024-05-05 01:04:15,958][src.models.gnet][INFO] - Predictions for test.
[2024-05-05 01:04:17,489][src.models.gnet][INFO] - Predictions for test.
[2024-05-05 01:04:19,098][src.models.gnet][INFO] - Predictions for test.
[2024-05-05 01:04:20,692][src.models.gnet][INFO] - Predictions for test.
[2024-05-05 01:04:22,332][src.models.gnet][INFO] - Predictions for test.
[2024-05-05 01:04:23,988][src.models.gnet][INFO] - Predictions for test.
[2024-05-05 01:04:25,534][src.models.gnet][INFO] - Predictions for test.
[2024-05-05 01:04:27,174][src.models.gnet][INFO] - Predictions for test.
[2024-05-05 01:04:28,674][src.models.gnet][INFO] - Predictions for test.
[2024-05-05 01:04:30,252][src.models.gnet][INFO] - Predictions for test.
[2024-05-05 01:04:31,845][src.models.gnet][INFO] - Predictions for test.
[2024-05-05 01:04:33,282][src.models.gnet][INFO] - Predictions for test.
[2024-05-05 01:04:34,845][src.models.gnet][INFO] - Predictions for test.
[2024-05-05 01:04:36,375][src.models.gnet][INFO] - Predictions for test.
[2024-05-05 01:04:38,000][src.models.gnet][INFO] - t = 5
[2024-05-05 01:04:38,000][src.models.gnet][INFO] - Predictions for test.
[2024-05-05 01:04:39,562][src.models.gnet][INFO] - Predictions for test.
[2024-05-05 01:04:41,124][src.models.gnet][INFO] - Predictions for test.
[2024-05-05 01:04:42,749][src.models.gnet][INFO] - Predictions for test.
[2024-05-05 01:04:44,280][src.models.gnet][INFO] - Predictions for test.
[2024-05-05 01:04:45,701][src.models.gnet][INFO] - Predictions for test.
[2024-05-05 01:04:47,373][src.models.gnet][INFO] - Predictions for test.
[2024-05-05 01:04:48,935][src.models.gnet][INFO] - Predictions for test.
[2024-05-05 01:04:50,528][src.models.gnet][INFO] - Predictions for test.
[2024-05-05 01:04:52,840][src.models.gnet][INFO] - Predictions for test.
[2024-05-05 01:04:54,449][src.models.gnet][INFO] - Predictions for test.
[2024-05-05 01:04:55,996][src.models.gnet][INFO] - Predictions for test.
[2024-05-05 01:04:57,761][src.models.gnet][INFO] - Predictions for test.
[2024-05-05 01:04:59,167][src.models.gnet][INFO] - Predictions for test.
[2024-05-05 01:05:00,823][src.models.gnet][INFO] - Predictions for test.
[2024-05-05 01:05:02,416][src.models.gnet][INFO] - Predictions for test.
[2024-05-05 01:05:03,978][src.models.gnet][INFO] - Predictions for test.
[2024-05-05 01:05:05,509][src.models.gnet][INFO] - Predictions for test.
[2024-05-05 01:05:07,181][src.models.gnet][INFO] - Predictions for test.
[2024-05-05 01:05:08,727][src.models.gnet][INFO] - Predictions for test.
[2024-05-05 01:05:10,336][src.models.gnet][INFO] - Predictions for test.
[2024-05-05 01:05:11,976][src.models.gnet][INFO] - Predictions for test.
[2024-05-05 01:05:13,382][src.models.gnet][INFO] - Predictions for test.
[2024-05-05 01:05:14,960][src.models.gnet][INFO] - Predictions for test.
[2024-05-05 01:05:16,694][src.models.gnet][INFO] - Predictions for test.
[2024-05-05 01:05:18,225][src.models.gnet][INFO] - Predictions for test.
[2024-05-05 01:05:19,756][src.models.gnet][INFO] - Predictions for test.
[2024-05-05 01:05:21,427][src.models.gnet][INFO] - Predictions for test.
[2024-05-05 01:05:23,099][src.models.gnet][INFO] - Predictions for test.
[2024-05-05 01:05:24,552][src.models.gnet][INFO] - Predictions for test.
[2024-05-05 01:05:26,223][src.models.gnet][INFO] - Predictions for test.
[2024-05-05 01:05:27,801][src.models.gnet][INFO] - Predictions for test.
[2024-05-05 01:05:29,519][src.models.gnet][INFO] - Predictions for test.
[2024-05-05 01:05:31,035][src.models.gnet][INFO] - Predictions for test.
[2024-05-05 01:05:32,597][src.models.gnet][INFO] - Predictions for test.
[2024-05-05 01:05:34,159][src.models.gnet][INFO] - Predictions for test.
[2024-05-05 01:05:35,752][src.models.gnet][INFO] - Predictions for test.
[2024-05-05 01:05:37,205][src.models.gnet][INFO] - Predictions for test.
[2024-05-05 01:05:38,830][src.models.gnet][INFO] - Predictions for test.
[2024-05-05 01:05:40,470][src.models.gnet][INFO] - Predictions for test.
[2024-05-05 01:05:42,110][src.models.gnet][INFO] - Predictions for test.
[2024-05-05 01:05:43,657][src.models.gnet][INFO] - Predictions for test.
[2024-05-05 01:05:45,453][src.models.gnet][INFO] - Predictions for test.
[2024-05-05 01:05:46,968][src.models.gnet][INFO] - Predictions for test.
[2024-05-05 01:05:48,593][src.models.gnet][INFO] - Predictions for test.
[2024-05-05 01:05:50,139][src.models.gnet][INFO] - Predictions for test.
[2024-05-05 01:05:51,748][src.models.gnet][INFO] - Predictions for test.
[2024-05-05 01:05:53,295][src.models.gnet][INFO] - Predictions for test.
[2024-05-05 01:05:54,920][src.models.gnet][INFO] - Predictions for test.
[2024-05-05 01:05:56,466][src.models.gnet][INFO] - Predictions for test.
[2024-05-05 01:05:57,888][src.models.gnet][INFO] - t = 6
[2024-05-05 01:05:57,888][src.models.gnet][INFO] - Predictions for test.
[2024-05-05 01:05:59,575][src.models.gnet][INFO] - Predictions for test.
[2024-05-05 01:06:01,121][src.models.gnet][INFO] - Predictions for test.
[2024-05-05 01:06:02,636][src.models.gnet][INFO] - Predictions for test.
[2024-05-05 01:06:04,230][src.models.gnet][INFO] - Predictions for test.
[2024-05-05 01:06:05,745][src.models.gnet][INFO] - Predictions for test.
[2024-05-05 01:06:07,339][src.models.gnet][INFO] - Predictions for test.
[2024-05-05 01:06:08,760][src.models.gnet][INFO] - Predictions for test.
[2024-05-05 01:06:10,322][src.models.gnet][INFO] - Predictions for test.
[2024-05-05 01:06:11,947][src.models.gnet][INFO] - Predictions for test.
[2024-05-05 01:06:13,446][src.models.gnet][INFO] - Predictions for test.
[2024-05-05 01:06:15,009][src.models.gnet][INFO] - Predictions for test.
[2024-05-05 01:06:16,555][src.models.gnet][INFO] - Predictions for test.
[2024-05-05 01:06:18,148][src.models.gnet][INFO] - Predictions for test.
[2024-05-05 01:06:19,570][src.models.gnet][INFO] - Predictions for test.
[2024-05-05 01:06:21,148][src.models.gnet][INFO] - Predictions for test.
[2024-05-05 01:06:22,788][src.models.gnet][INFO] - Predictions for test.
[2024-05-05 01:06:24,303][src.models.gnet][INFO] - Predictions for test.
[2024-05-05 01:06:25,912][src.models.gnet][INFO] - Predictions for test.
[2024-05-05 01:06:27,553][src.models.gnet][INFO] - Predictions for test.
[2024-05-05 01:06:29,099][src.models.gnet][INFO] - Predictions for test.
[2024-05-05 01:06:30,630][src.models.gnet][INFO] - Predictions for test.
[2024-05-05 01:06:32,114][src.models.gnet][INFO] - Predictions for test.
[2024-05-05 01:06:33,660][src.models.gnet][INFO] - Predictions for test.
[2024-05-05 01:06:35,191][src.models.gnet][INFO] - Predictions for test.
[2024-05-05 01:06:36,785][src.models.gnet][INFO] - Predictions for test.
[2024-05-05 01:06:38,316][src.models.gnet][INFO] - Predictions for test.
[2024-05-05 01:06:39,878][src.models.gnet][INFO] - Predictions for test.
[2024-05-05 01:06:41,362][src.models.gnet][INFO] - Predictions for test.
[2024-05-05 01:06:42,908][src.models.gnet][INFO] - Predictions for test.
[2024-05-05 01:06:44,502][src.models.gnet][INFO] - Predictions for test.
[2024-05-05 01:06:45,923][src.models.gnet][INFO] - Predictions for test.
[2024-05-05 01:06:47,548][src.models.gnet][INFO] - Predictions for test.
[2024-05-05 01:06:49,079][src.models.gnet][INFO] - Predictions for test.
[2024-05-05 01:06:50,750][src.models.gnet][INFO] - Predictions for test.
[2024-05-05 01:06:52,172][src.models.gnet][INFO] - Predictions for test.
[2024-05-05 01:06:53,765][src.models.gnet][INFO] - Predictions for test.
[2024-05-05 01:06:55,374][src.models.gnet][INFO] - Predictions for test.
[2024-05-05 01:06:56,889][src.models.gnet][INFO] - Predictions for test.
[2024-05-05 01:06:58,467][src.models.gnet][INFO] - Predictions for test.
[2024-05-05 01:07:00,123][src.models.gnet][INFO] - Predictions for test.
[2024-05-05 01:07:01,795][src.models.gnet][INFO] - Predictions for test.
[2024-05-05 01:07:03,404][src.models.gnet][INFO] - Predictions for test.
[2024-05-05 01:07:04,934][src.models.gnet][INFO] - Predictions for test.
[2024-05-05 01:07:06,497][src.models.gnet][INFO] - Predictions for test.
[2024-05-05 01:07:08,059][src.models.gnet][INFO] - Predictions for test.
[2024-05-05 01:07:09,652][src.models.gnet][INFO] - Predictions for test.
[2024-05-05 01:07:11,089][src.models.gnet][INFO] - Predictions for test.
[2024-05-05 01:07:12,667][src.models.gnet][INFO] - Predictions for test.
[2024-05-05 01:07:14,276][src.models.gnet][INFO] - Predictions for test.
[2024-05-05 01:07:15,744][__main__][INFO] - Test normalised RMSE (n-step prediction): {'2-step': 17.513481473430005, '3-step': 17.3876908451637, '4-step': 17.466450673441447, '5-step': 16.499403235442198, '6-step': 15.551809893085908}
