[2024-05-05 04:56:52,264][__main__][INFO] - 
model:
  dim_treatments: 4
  dim_vitals: 0
  dim_static_features: 1
  dim_outcomes: 1
  dim_cosovitals: ???
  dim_abstract_confounders: ???
  dim_s: ???
  name: CRN
  encoder:
    _target_: src.models.crn.CRNEncoder
    seq_hidden_units: 48
    br_size: 6
    fc_hidden_units: 24
    dropout_rate: 0.1
    num_layer: 1
    batch_size: 64
    optimizer:
      optimizer_cls: adam
      learning_rate: 0.01
      weight_decay: 0.0
      lr_scheduler: false
    tune_hparams: false
    tune_range: 50
    hparams_grid: null
    resources_per_trial: null
  train_decoder: true
  decoder:
    _target_: src.models.crn.CRNDecoder
    seq_hidden_units: 128
    br_size: 18
    fc_hidden_units: 18
    dropout_rate: 0.1
    num_layer: 1
    batch_size: 1024
    optimizer:
      optimizer_cls: adam
      learning_rate: 0.01
      weight_decay: 0.0
      lr_scheduler: false
    tune_hparams: false
    tune_range: 30
    hparams_grid: null
    resources_per_trial: null
dataset:
  val_batch_size: 512
  treatment_mode: multiclass
  _target_: src.data.SyntheticVitalDatasetCollection
  name: tumor_generator
  seed: 100000
  num_confounder: 2
  num_u: 1
  split:
    val: 0.15
    test: 0.15
  window_size: 15
  lag: 0
  max_seq_length: 60
  projection_horizon: 5
  cf_seq_mode: sliding_treatment
  time_step: 30
exp:
  seed: 100000
  gpus:
  - 0
  max_epochs: 150
  logging: true
  mlflow_uri: http://127.0.0.1:5000
  unscale_rmse: true
  percentage_rmse: true
  alpha: 0.01
  update_alpha: true
  alpha_rate: exp
  balancing: domain_confusion
  bce_weight: false
  weights_ema: true
  beta: 0.99

[2024-05-05 04:57:15,243][src.data.cancer_sim.dataset][INFO] - Shape of processed train data: {'sequence_lengths': (3500,), 'prev_treatments': (3500, 28, 1), 'vitals': (3500, 28, 10), 'next_vitals': (3500, 27, 10), 'current_treatments': (3500, 28, 1), 'static_features': (3500, 1), 'active_entries': (3500, 28, 1), 'outputs': (3500, 28, 1), 'unscaled_outputs': (3500, 28, 1), 'prev_outputs': (3500, 28, 1), 'coso_vitals': (3500, 28, 9), 'COSO': (3500, 28, 1)}
[2024-05-05 04:57:15,243][src.data.cancer_sim.dataset][INFO] - Shape of processed val data: {'sequence_lengths': (750,), 'prev_treatments': (750, 28, 1), 'vitals': (750, 28, 10), 'next_vitals': (750, 27, 10), 'current_treatments': (750, 28, 1), 'static_features': (750, 1), 'active_entries': (750, 28, 1), 'outputs': (750, 28, 1), 'unscaled_outputs': (750, 28, 1), 'prev_outputs': (750, 28, 1), 'coso_vitals': (750, 28, 9), 'COSO': (750, 28, 1)}
[2024-05-05 04:57:15,243][src.data.cancer_sim.dataset][INFO] - Shape of processed test data: {'sequence_lengths': (750,), 'prev_treatments': (750, 28, 1), 'vitals': (750, 28, 10), 'next_vitals': (750, 27, 10), 'current_treatments': (750, 28, 1), 'static_features': (750, 1), 'active_entries': (750, 28, 1), 'outputs': (750, 28, 1), 'unscaled_outputs': (750, 28, 1), 'prev_outputs': (750, 28, 1), 'coso_vitals': (750, 28, 9), 'COSO': (750, 28, 1)}
[2024-05-05 04:57:15,353][src.models.crn][INFO] - Input size of encoder: 13
[2024-05-05 05:03:44,483][src.models.time_varying_model][INFO] - RMSE calculation for val.
[2024-05-05 05:03:44,483][src.models.time_varying_model][INFO] - Predictions for val.
[2024-05-05 05:03:45,108][__main__][INFO] - Val normalised RMSE (all): 2.217196202957044; Val normalised RMSE (orig): nan
[2024-05-05 05:03:45,108][src.models.time_varying_model][INFO] - RMSE calculation for test.
[2024-05-05 05:03:45,108][src.models.time_varying_model][INFO] - Predictions for test.
[2024-05-05 05:03:45,733][__main__][INFO] - Test normalised RMSE (all): 2.289095669162513; Test normalised RMSE (orig): nan.
[2024-05-05 05:03:45,811][src.models.crn][INFO] - Input size of decoder: 3
[2024-05-05 05:03:45,811][src.data.cancer_sim.dataset][INFO] - Exploding test dataset before testing (multiple sequences)
[2024-05-05 05:03:45,904][src.data.cancer_sim.dataset][INFO] - Shape of processed test data: {'prev_treatments': (13801, 28, 1), 'current_treatments': (13801, 28, 1), 'static_features': (13801, 1), 'prev_outputs': (13801, 28, 1), 'outputs': (13801, 28, 1), 'vitals': (13801, 28, 10), 'next_vitals': (13801, 27, 10), 'unscaled_outputs': (13801, 28, 1), 'sequence_lengths': (13801,), 'active_entries': (13801, 28, 1)}
[2024-05-05 05:03:45,904][src.models.time_varying_model][INFO] - Balanced representations inference for train.
[2024-05-05 05:03:46,748][src.models.time_varying_model][INFO] - Balanced representations inference for val.
[2024-05-05 05:03:47,373][src.models.time_varying_model][INFO] - Balanced representations inference for test.
[2024-05-05 05:03:48,669][src.models.time_varying_model][INFO] - Predictions for test.
[2024-05-05 05:03:49,919][src.data.cancer_sim.dataset][INFO] - Processing train dataset before training (multiple sequences)
[2024-05-05 05:03:50,278][src.data.cancer_sim.dataset][INFO] - Shape of processed train data: {'init_state': (61473, 6), 'original_index': (61473,), 'active_encoder_r': (61473, 28), 'prev_treatments': (61473, 5, 1), 'current_treatments': (61473, 5, 1), 'static_features': (61473, 1), 'prev_outputs': (61473, 5, 1), 'outputs': (61473, 5, 1), 'unscaled_outputs': (61473, 5, 1), 'sequence_lengths': (61473,), 'active_entries': (61473, 5, 1)}
[2024-05-05 05:03:50,278][src.data.cancer_sim.dataset][INFO] - Processing val dataset before training (multiple sequences)
[2024-05-05 05:03:50,357][src.data.cancer_sim.dataset][INFO] - Shape of processed val data: {'init_state': (13090, 6), 'original_index': (13090,), 'active_encoder_r': (13090, 28), 'prev_treatments': (13090, 5, 1), 'current_treatments': (13090, 5, 1), 'static_features': (13090, 1), 'prev_outputs': (13090, 5, 1), 'outputs': (13090, 5, 1), 'unscaled_outputs': (13090, 5, 1), 'sequence_lengths': (13090,), 'active_entries': (13090, 5, 1)}
[2024-05-05 05:03:50,357][src.data.cancer_sim.dataset][INFO] - Processing test dataset before testing (multiple sequences)
[2024-05-05 05:03:50,482][src.data.cancer_sim.dataset][INFO] - Shape of processed test data: {'original_index': (13801,), 'active_encoder_r': (13801, 23), 'prev_treatments': (13801, 5, 1), 'current_treatments': (13801, 5, 1), 'static_features': (13801, 1), 'prev_outputs': (13801, 5, 1), 'outputs': (13801, 5, 1), 'unscaled_outputs': (13801, 5, 1), 'sequence_lengths': (13801,), 'active_entries': (13801, 5, 1), 'init_state': (13801, 6)}
[2024-05-05 05:03:50,482][src.data.cancer_sim.dataset][INFO] - Processing test dataset before testing (autoregressive)
[2024-05-05 05:03:50,528][src.data.cancer_sim.dataset][INFO] - Shape of processed test data: {'prev_treatments': (13801, 5, 1), 'current_treatments': (13801, 5, 1), 'prev_outputs': (13801, 5, 1), 'init_state': (13801, 6), 'active_encoder_r': (13801, 23), 'active_entries': (13801, 5, 1), 'static_features': (13801, 1)}
[2024-05-05 05:16:19,261][src.models.time_varying_model][INFO] - RMSE calculation for val.
[2024-05-05 05:16:19,261][src.models.time_varying_model][INFO] - Predictions for val.
[2024-05-05 05:16:20,260][__main__][INFO] - Val normalised RMSE (all): 8.641161631538536; Val normalised RMSE (orig): 8.641161631538544
[2024-05-05 05:16:20,260][src.models.time_varying_model][INFO] - RMSE calculation for test.
[2024-05-05 05:16:20,260][src.models.time_varying_model][INFO] - Autoregressive Prediction for test.
[2024-05-05 05:16:20,260][src.models.time_varying_model][INFO] - t = 2
[2024-05-05 05:16:20,260][src.models.time_varying_model][INFO] - Predictions for test.
[2024-05-05 05:16:21,244][src.models.time_varying_model][INFO] - t = 3
[2024-05-05 05:16:21,244][src.models.time_varying_model][INFO] - Predictions for test.
[2024-05-05 05:16:22,307][src.models.time_varying_model][INFO] - t = 4
[2024-05-05 05:16:22,307][src.models.time_varying_model][INFO] - Predictions for test.
[2024-05-05 05:16:23,291][src.models.time_varying_model][INFO] - t = 5
[2024-05-05 05:16:23,291][src.models.time_varying_model][INFO] - Predictions for test.
[2024-05-05 05:16:24,291][src.models.time_varying_model][INFO] - t = 6
[2024-05-05 05:16:24,291][src.models.time_varying_model][INFO] - Predictions for test.
[2024-05-05 05:16:25,322][__main__][INFO] - Test normalised RMSE (n-step prediction): {'2-step': 16.91773193976785, '3-step': 23.176584337729224, '4-step': 26.404991781786048, '5-step': 27.10435318099857, '6-step': 28.516588582692453}
