[2024-05-05 01:07:16,026][__main__][INFO] - 
model:
  dim_treatments: 4
  dim_vitals: 0
  dim_static_features: 1
  dim_outcomes: 1
  dim_cosovitals: ???
  dim_abstract_confounders: ???
  dim_s: ???
  name: G-Net
  g_net:
    _target_: src.models.gnet.GNet
    seq_hidden_units: 48
    num_layer: 1
    r_size: 2
    fc_hidden_units: 40
    num_comp: 1
    mc_samples: 50
    fit_vitals: true
    comp_sizes: null
    batch_size: 64
    dropout_rate: 0.2
    optimizer:
      optimizer_cls: adam
      learning_rate: 0.01
      weight_decay: 0.0
      lr_scheduler: false
    tune_hparams: false
    tune_range: 50
    hparams_grid: null
    resources_per_trial: null
dataset:
  val_batch_size: 4096
  treatment_mode: multiclass
  _target_: src.data.SyntheticVitalDatasetCollection
  name: tumor_generator
  seed: 100000
  num_confounder: 3
  num_u: 1
  split:
    val: 0.15
    test: 0.15
  window_size: 15
  lag: 0
  max_seq_length: 60
  projection_horizon: 5
  cf_seq_mode: sliding_treatment
  time_step: 30
  holdout_ratio: 0.1
exp:
  seed: 100000
  gpus:
  - 0
  max_epochs: 100
  logging: true
  mlflow_uri: http://127.0.0.1:5000
  unscale_rmse: true
  percentage_rmse: true
  alpha: 1.0
  update_alpha: false
  alpha_rate: exp
  balancing: grad_reverse
  bce_weight: false
  weights_ema: false
  beta: 0.99

[2024-05-05 01:07:38,989][src.data.cancer_sim.dataset][INFO] - Shape of processed train data: {'sequence_lengths': (3500,), 'prev_treatments': (3500, 28, 1), 'vitals': (3500, 28, 12), 'next_vitals': (3500, 27, 12), 'current_treatments': (3500, 28, 1), 'static_features': (3500, 1), 'active_entries': (3500, 28, 1), 'outputs': (3500, 28, 1), 'unscaled_outputs': (3500, 28, 1), 'prev_outputs': (3500, 28, 1), 'coso_vitals': (3500, 28, 11), 'COSO': (3500, 28, 1)}
[2024-05-05 01:07:38,989][src.data.cancer_sim.dataset][INFO] - Shape of processed val data: {'sequence_lengths': (750,), 'prev_treatments': (750, 28, 1), 'vitals': (750, 28, 12), 'next_vitals': (750, 27, 12), 'current_treatments': (750, 28, 1), 'static_features': (750, 1), 'active_entries': (750, 28, 1), 'outputs': (750, 28, 1), 'unscaled_outputs': (750, 28, 1), 'prev_outputs': (750, 28, 1), 'coso_vitals': (750, 28, 11), 'COSO': (750, 28, 1)}
[2024-05-05 01:07:38,989][src.data.cancer_sim.dataset][INFO] - Shape of processed test data: {'sequence_lengths': (750,), 'prev_treatments': (750, 28, 1), 'vitals': (750, 28, 12), 'next_vitals': (750, 27, 12), 'current_treatments': (750, 28, 1), 'static_features': (750, 1), 'active_entries': (750, 28, 1), 'outputs': (750, 28, 1), 'unscaled_outputs': (750, 28, 1), 'prev_outputs': (750, 28, 1), 'coso_vitals': (750, 28, 11), 'COSO': (750, 28, 1)}
[2024-05-05 01:07:38,989][src.data.cancer_sim.dataset][INFO] - Exploding test dataset before testing (multiple sequences)
[2024-05-05 01:07:39,098][src.data.cancer_sim.dataset][INFO] - Shape of processed test data: {'prev_treatments': (13867, 28, 1), 'current_treatments': (13867, 28, 1), 'static_features': (13867, 1), 'prev_outputs': (13867, 28, 1), 'outputs': (13867, 28, 1), 'vitals': (13867, 28, 12), 'next_vitals': (13867, 27, 12), 'unscaled_outputs': (13867, 28, 1), 'sequence_lengths': (13867,), 'active_entries': (13867, 28, 1)}
[2024-05-05 01:07:39,098][src.data.cancer_sim.dataset][INFO] - Processing test dataset before testing (multiple sequences)
[2024-05-05 01:07:39,208][src.data.cancer_sim.dataset][INFO] - Shape of processed test data: {'original_index': (13867,), 'active_encoder_r': (13867, 23), 'prev_treatments': (13867, 5, 1), 'current_treatments': (13867, 5, 1), 'static_features': (13867, 1), 'prev_outputs': (13867, 5, 1), 'outputs': (13867, 5, 1), 'unscaled_outputs': (13867, 5, 1), 'sequence_lengths': (13867,), 'active_entries': (13867, 5, 1)}
[2024-05-05 01:07:39,348][src.models.gnet][INFO] - Input size of g_net: 15
[2024-05-05 01:07:39,379][src.data.dataset_collection][INFO] - Splited train_f on train_f: 3150 and train_f_holdout: 350
[2024-05-05 01:07:39,379][src.data.dataset_collection][INFO] - Exploding test_f 50 times
[2024-05-05 01:07:39,411][src.data.dataset_collection][INFO] - Exploding test_f 50 times
[2024-05-05 01:07:39,426][src.data.dataset_collection][INFO] - Exploding test_f 50 times
[2024-05-05 01:07:39,458][src.data.dataset_collection][INFO] - Exploding test_f 50 times
[2024-05-05 01:07:39,489][src.data.dataset_collection][INFO] - Exploding test_f 50 times
[2024-05-05 01:07:39,520][src.data.dataset_collection][INFO] - Exploding test_f 50 times
[2024-05-05 01:07:39,536][src.data.dataset_collection][INFO] - Exploding test_f 50 times
[2024-05-05 01:07:39,567][src.data.dataset_collection][INFO] - Exploding test_f 50 times
[2024-05-05 01:07:39,598][src.data.dataset_collection][INFO] - Exploding test_f 50 times
[2024-05-05 01:07:39,629][src.data.dataset_collection][INFO] - Exploding test_f 50 times
[2024-05-05 01:07:39,661][src.data.dataset_collection][INFO] - Exploding test_f 50 times
[2024-05-05 01:07:39,676][src.data.dataset_collection][INFO] - Exploding test_f 50 times
[2024-05-05 01:07:39,708][src.data.dataset_collection][INFO] - Exploding test_f 50 times
[2024-05-05 01:07:39,739][src.data.dataset_collection][INFO] - Exploding test_f 50 times
[2024-05-05 01:07:39,770][src.data.dataset_collection][INFO] - Exploding test_f 50 times
[2024-05-05 01:07:39,801][src.data.dataset_collection][INFO] - Exploding test_f 50 times
[2024-05-05 01:07:39,833][src.data.dataset_collection][INFO] - Exploding test_f 50 times
[2024-05-05 01:07:39,864][src.data.dataset_collection][INFO] - Exploding test_f 50 times
[2024-05-05 01:07:39,911][src.data.dataset_collection][INFO] - Exploding test_f 50 times
[2024-05-05 01:07:39,926][src.data.dataset_collection][INFO] - Exploding test_f 50 times
[2024-05-05 01:07:39,958][src.data.dataset_collection][INFO] - Exploding test_f 50 times
[2024-05-05 01:07:39,989][src.data.dataset_collection][INFO] - Exploding test_f 50 times
[2024-05-05 01:07:40,020][src.data.dataset_collection][INFO] - Exploding test_f 50 times
[2024-05-05 01:07:40,051][src.data.dataset_collection][INFO] - Exploding test_f 50 times
[2024-05-05 01:07:40,067][src.data.dataset_collection][INFO] - Exploding test_f 50 times
[2024-05-05 01:07:40,098][src.data.dataset_collection][INFO] - Exploding test_f 50 times
[2024-05-05 01:07:40,129][src.data.dataset_collection][INFO] - Exploding test_f 50 times
[2024-05-05 01:07:40,161][src.data.dataset_collection][INFO] - Exploding test_f 50 times
[2024-05-05 01:07:40,192][src.data.dataset_collection][INFO] - Exploding test_f 50 times
[2024-05-05 01:07:40,207][src.data.dataset_collection][INFO] - Exploding test_f 50 times
[2024-05-05 01:07:40,239][src.data.dataset_collection][INFO] - Exploding test_f 50 times
[2024-05-05 01:07:40,270][src.data.dataset_collection][INFO] - Exploding test_f 50 times
[2024-05-05 01:07:40,301][src.data.dataset_collection][INFO] - Exploding test_f 50 times
[2024-05-05 01:07:40,317][src.data.dataset_collection][INFO] - Exploding test_f 50 times
[2024-05-05 01:07:40,348][src.data.dataset_collection][INFO] - Exploding test_f 50 times
[2024-05-05 01:07:40,379][src.data.dataset_collection][INFO] - Exploding test_f 50 times
[2024-05-05 01:07:40,411][src.data.dataset_collection][INFO] - Exploding test_f 50 times
[2024-05-05 01:07:40,442][src.data.dataset_collection][INFO] - Exploding test_f 50 times
[2024-05-05 01:07:40,457][src.data.dataset_collection][INFO] - Exploding test_f 50 times
[2024-05-05 01:07:40,489][src.data.dataset_collection][INFO] - Exploding test_f 50 times
[2024-05-05 01:07:40,520][src.data.dataset_collection][INFO] - Exploding test_f 50 times
[2024-05-05 01:07:40,551][src.data.dataset_collection][INFO] - Exploding test_f 50 times
[2024-05-05 01:07:40,582][src.data.dataset_collection][INFO] - Exploding test_f 50 times
[2024-05-05 01:07:40,598][src.data.dataset_collection][INFO] - Exploding test_f 50 times
[2024-05-05 01:07:40,629][src.data.dataset_collection][INFO] - Exploding test_f 50 times
[2024-05-05 01:07:40,660][src.data.dataset_collection][INFO] - Exploding test_f 50 times
[2024-05-05 01:07:40,692][src.data.dataset_collection][INFO] - Exploding test_f 50 times
[2024-05-05 01:07:40,723][src.data.dataset_collection][INFO] - Exploding test_f 50 times
[2024-05-05 01:07:40,739][src.data.dataset_collection][INFO] - Exploding test_f 50 times
[2024-05-05 01:07:40,770][src.data.dataset_collection][INFO] - Exploding test_f 50 times
[2024-05-05 01:09:50,677][src.models.gnet][INFO] - Fitting residuals based on train_f_holdout.
[2024-05-05 01:09:50,677][src.models.gnet][INFO] - Predictions for train.
[2024-05-05 01:09:51,552][src.models.time_varying_model][INFO] - RMSE calculation for val.
[2024-05-05 01:09:51,552][src.models.gnet][INFO] - Predictions for val.
[2024-05-05 01:09:52,489][__main__][INFO] - Val normalised RMSE (all): 3.4599806928699204; Val normalised RMSE (orig): nan
[2024-05-05 01:09:52,489][src.models.time_varying_model][INFO] - RMSE calculation for test.
[2024-05-05 01:09:52,489][src.models.gnet][INFO] - Predictions for test.
[2024-05-05 01:09:53,411][__main__][INFO] - Test normalised RMSE (all): 3.535365493334546; Test normalised RMSE (orig): nan.
[2024-05-05 01:09:53,473][src.models.time_varying_model][INFO] - RMSE calculation for test.
[2024-05-05 01:09:53,473][src.models.gnet][INFO] - Autoregressive Prediction for test with MC-sampling of trajectories.
[2024-05-05 01:09:53,473][src.models.gnet][INFO] - t = 1
[2024-05-05 01:09:53,473][src.models.gnet][INFO] - Predictions for test.
[2024-05-05 01:09:55,020][src.models.gnet][INFO] - Predictions for test.
[2024-05-05 01:09:56,597][src.models.gnet][INFO] - Predictions for test.
[2024-05-05 01:09:58,128][src.models.gnet][INFO] - Predictions for test.
[2024-05-05 01:09:59,722][src.models.gnet][INFO] - Predictions for test.
[2024-05-05 01:10:01,378][src.models.gnet][INFO] - Predictions for test.
[2024-05-05 01:10:02,924][src.models.gnet][INFO] - Predictions for test.
[2024-05-05 01:10:04,471][src.models.gnet][INFO] - Predictions for test.
[2024-05-05 01:10:06,064][src.models.gnet][INFO] - Predictions for test.
[2024-05-05 01:10:07,501][src.models.gnet][INFO] - Predictions for test.
[2024-05-05 01:10:09,079][src.models.gnet][INFO] - Predictions for test.
[2024-05-05 01:10:10,688][src.models.gnet][INFO] - Predictions for test.
[2024-05-05 01:10:12,203][src.models.gnet][INFO] - Predictions for test.
[2024-05-05 01:10:13,765][src.models.gnet][INFO] - Predictions for test.
[2024-05-05 01:10:15,406][src.models.gnet][INFO] - Predictions for test.
[2024-05-05 01:10:16,952][src.models.gnet][INFO] - Predictions for test.
[2024-05-05 01:10:18,499][src.models.gnet][INFO] - Predictions for test.
[2024-05-05 01:10:20,092][src.models.gnet][INFO] - Predictions for test.
[2024-05-05 01:10:21,529][src.models.gnet][INFO] - Predictions for test.
[2024-05-05 01:10:23,122][src.models.gnet][INFO] - Predictions for test.
[2024-05-05 01:10:24,669][src.models.gnet][INFO] - Predictions for test.
[2024-05-05 01:10:26,309][src.models.gnet][INFO] - Predictions for test.
[2024-05-05 01:10:27,965][src.models.gnet][INFO] - Predictions for test.
[2024-05-05 01:10:29,371][src.models.gnet][INFO] - Predictions for test.
[2024-05-05 01:10:31,027][src.models.gnet][INFO] - Predictions for test.
[2024-05-05 01:10:32,573][src.models.gnet][INFO] - Predictions for test.
[2024-05-05 01:10:34,026][src.models.gnet][INFO] - Predictions for test.
[2024-05-05 01:10:35,682][src.models.gnet][INFO] - Predictions for test.
[2024-05-05 01:10:37,244][src.models.gnet][INFO] - Predictions for test.
[2024-05-05 01:10:38,775][src.models.gnet][INFO] - Predictions for test.
[2024-05-05 01:10:40,415][src.models.gnet][INFO] - Predictions for test.
[2024-05-05 01:10:42,087][src.models.gnet][INFO] - Predictions for test.
[2024-05-05 01:10:43,633][src.models.gnet][INFO] - Predictions for test.
[2024-05-05 01:10:45,133][src.models.gnet][INFO] - Predictions for test.
[2024-05-05 01:10:46,726][src.models.gnet][INFO] - Predictions for test.
[2024-05-05 01:10:48,288][src.models.gnet][INFO] - Predictions for test.
[2024-05-05 01:10:49,897][src.models.gnet][INFO] - Predictions for test.
[2024-05-05 01:10:51,475][src.models.gnet][INFO] - Predictions for test.
[2024-05-05 01:10:53,022][src.models.gnet][INFO] - Predictions for test.
[2024-05-05 01:10:54,693][src.models.gnet][INFO] - Predictions for test.
[2024-05-05 01:10:56,224][src.models.gnet][INFO] - Predictions for test.
[2024-05-05 01:10:57,786][src.models.gnet][INFO] - Predictions for test.
[2024-05-05 01:10:59,380][src.models.gnet][INFO] - Predictions for test.
[2024-05-05 01:11:01,004][src.models.gnet][INFO] - Predictions for test.
[2024-05-05 01:11:02,519][src.models.gnet][INFO] - Predictions for test.
[2024-05-05 01:11:03,941][src.models.gnet][INFO] - Predictions for test.
[2024-05-05 01:11:05,581][src.models.gnet][INFO] - Predictions for test.
[2024-05-05 01:11:07,112][src.models.gnet][INFO] - Predictions for test.
[2024-05-05 01:11:08,627][src.models.gnet][INFO] - Predictions for test.
[2024-05-05 01:11:10,283][src.models.gnet][INFO] - Predictions for test.
[2024-05-05 01:11:11,955][src.models.gnet][INFO] - t = 2
[2024-05-05 01:11:11,955][src.models.gnet][INFO] - Predictions for test.
[2024-05-05 01:11:13,517][src.models.gnet][INFO] - Predictions for test.
[2024-05-05 01:11:15,142][src.models.gnet][INFO] - Predictions for test.
[2024-05-05 01:11:16,704][src.models.gnet][INFO] - Predictions for test.
[2024-05-05 01:11:18,281][src.models.gnet][INFO] - Predictions for test.
[2024-05-05 01:11:19,922][src.models.gnet][INFO] - Predictions for test.
[2024-05-05 01:11:21,453][src.models.gnet][INFO] - Predictions for test.
[2024-05-05 01:11:22,858][src.models.gnet][INFO] - Predictions for test.
[2024-05-05 01:11:24,499][src.models.gnet][INFO] - Predictions for test.
[2024-05-05 01:11:26,061][src.models.gnet][INFO] - Predictions for test.
[2024-05-05 01:11:27,592][src.models.gnet][INFO] - Predictions for test.
[2024-05-05 01:11:29,107][src.models.gnet][INFO] - Predictions for test.
[2024-05-05 01:11:30,607][src.models.gnet][INFO] - Predictions for test.
[2024-05-05 01:11:32,184][src.models.gnet][INFO] - Predictions for test.
[2024-05-05 01:11:33,840][src.models.gnet][INFO] - Predictions for test.
[2024-05-05 01:11:35,402][src.models.gnet][INFO] - Predictions for test.
[2024-05-05 01:11:36,965][src.models.gnet][INFO] - Predictions for test.
[2024-05-05 01:11:38,511][src.models.gnet][INFO] - Predictions for test.
[2024-05-05 01:11:40,120][src.models.gnet][INFO] - Predictions for test.
[2024-05-05 01:11:41,635][src.models.gnet][INFO] - Predictions for test.
[2024-05-05 01:11:43,213][src.models.gnet][INFO] - Predictions for test.
[2024-05-05 01:11:44,869][src.models.gnet][INFO] - Predictions for test.
[2024-05-05 01:11:46,494][src.models.gnet][INFO] - Predictions for test.
[2024-05-05 01:11:48,071][src.models.gnet][INFO] - Predictions for test.
[2024-05-05 01:11:49,805][src.models.gnet][INFO] - Predictions for test.
[2024-05-05 01:11:51,336][src.models.gnet][INFO] - Predictions for test.
[2024-05-05 01:11:52,930][src.models.gnet][INFO] - Predictions for test.
[2024-05-05 01:11:54,507][src.models.gnet][INFO] - Predictions for test.
[2024-05-05 01:11:56,085][src.models.gnet][INFO] - Predictions for test.
[2024-05-05 01:11:57,647][src.models.gnet][INFO] - Predictions for test.
[2024-05-05 01:11:59,256][src.models.gnet][INFO] - Predictions for test.
[2024-05-05 01:12:00,693][src.models.gnet][INFO] - Predictions for test.
[2024-05-05 01:12:02,271][src.models.gnet][INFO] - Predictions for test.
[2024-05-05 01:12:03,865][src.models.gnet][INFO] - Predictions for test.
[2024-05-05 01:12:05,302][src.models.gnet][INFO] - Predictions for test.
[2024-05-05 01:12:07,270][src.models.gnet][INFO] - Predictions for test.
[2024-05-05 01:12:08,738][src.models.gnet][INFO] - Predictions for test.
[2024-05-05 01:12:10,316][src.models.gnet][INFO] - Predictions for test.
[2024-05-05 01:12:12,003][src.models.gnet][INFO] - Predictions for test.
[2024-05-05 01:12:13,581][src.models.gnet][INFO] - Predictions for test.
[2024-05-05 01:12:15,159][src.models.gnet][INFO] - Predictions for test.
[2024-05-05 01:12:16,721][src.models.gnet][INFO] - Predictions for test.
[2024-05-05 01:12:18,346][src.models.gnet][INFO] - Predictions for test.
[2024-05-05 01:12:19,783][src.models.gnet][INFO] - Predictions for test.
[2024-05-05 01:12:21,345][src.models.gnet][INFO] - Predictions for test.
[2024-05-05 01:12:22,969][src.models.gnet][INFO] - Predictions for test.
[2024-05-05 01:12:24,391][src.models.gnet][INFO] - Predictions for test.
[2024-05-05 01:12:25,969][src.models.gnet][INFO] - Predictions for test.
[2024-05-05 01:12:27,609][src.models.gnet][INFO] - Predictions for test.
[2024-05-05 01:12:29,187][src.models.gnet][INFO] - Predictions for test.
[2024-05-05 01:12:30,780][src.models.gnet][INFO] - t = 3
[2024-05-05 01:12:30,780][src.models.gnet][INFO] - Predictions for test.
[2024-05-05 01:12:32,217][src.models.gnet][INFO] - Predictions for test.
[2024-05-05 01:12:33,795][src.models.gnet][INFO] - Predictions for test.
[2024-05-05 01:12:35,326][src.models.gnet][INFO] - Predictions for test.
[2024-05-05 01:12:36,935][src.models.gnet][INFO] - Predictions for test.
[2024-05-05 01:12:38,497][src.models.gnet][INFO] - Predictions for test.
[2024-05-05 01:12:40,059][src.models.gnet][INFO] - Predictions for test.
[2024-05-05 01:12:41,715][src.models.gnet][INFO] - Predictions for test.
[2024-05-05 01:12:43,324][src.models.gnet][INFO] - Predictions for test.
[2024-05-05 01:12:44,902][src.models.gnet][INFO] - Predictions for test.
[2024-05-05 01:12:46,526][src.models.gnet][INFO] - Predictions for test.
[2024-05-05 01:12:48,089][src.models.gnet][INFO] - Predictions for test.
[2024-05-05 01:12:49,573][src.models.gnet][INFO] - Predictions for test.
[2024-05-05 01:12:51,135][src.models.gnet][INFO] - Predictions for test.
[2024-05-05 01:12:52,681][src.models.gnet][INFO] - Predictions for test.
[2024-05-05 01:12:54,212][src.models.gnet][INFO] - Predictions for test.
[2024-05-05 01:12:55,884][src.models.gnet][INFO] - Predictions for test.
[2024-05-05 01:12:57,493][src.models.gnet][INFO] - Predictions for test.
[2024-05-05 01:12:59,039][src.models.gnet][INFO] - Predictions for test.
[2024-05-05 01:13:00,648][src.models.gnet][INFO] - Predictions for test.
[2024-05-05 01:13:02,195][src.models.gnet][INFO] - Predictions for test.
[2024-05-05 01:13:03,710][src.models.gnet][INFO] - Predictions for test.
[2024-05-05 01:13:05,210][src.models.gnet][INFO] - Predictions for test.
[2024-05-05 01:13:06,772][src.models.gnet][INFO] - Predictions for test.
[2024-05-05 01:13:08,381][src.models.gnet][INFO] - Predictions for test.
[2024-05-05 01:13:09,818][src.models.gnet][INFO] - Predictions for test.
[2024-05-05 01:13:11,396][src.models.gnet][INFO] - Predictions for test.
[2024-05-05 01:13:12,926][src.models.gnet][INFO] - Predictions for test.
[2024-05-05 01:13:14,551][src.models.gnet][INFO] - Predictions for test.
[2024-05-05 01:13:16,113][src.models.gnet][INFO] - Predictions for test.
[2024-05-05 01:13:17,675][src.models.gnet][INFO] - Predictions for test.
[2024-05-05 01:13:19,316][src.models.gnet][INFO] - Predictions for test.
[2024-05-05 01:13:20,862][src.models.gnet][INFO] - Predictions for test.
[2024-05-05 01:13:22,393][src.models.gnet][INFO] - Predictions for test.
[2024-05-05 01:13:24,002][src.models.gnet][INFO] - Predictions for test.
[2024-05-05 01:13:25,517][src.models.gnet][INFO] - Predictions for test.
[2024-05-05 01:13:27,361][src.models.gnet][INFO] - Predictions for test.
[2024-05-05 01:13:28,892][src.models.gnet][INFO] - Predictions for test.
[2024-05-05 01:13:30,313][src.models.gnet][INFO] - Predictions for test.
[2024-05-05 01:13:31,875][src.models.gnet][INFO] - Predictions for test.
[2024-05-05 01:13:33,484][src.models.gnet][INFO] - Predictions for test.
[2024-05-05 01:13:34,921][src.models.gnet][INFO] - Predictions for test.
[2024-05-05 01:13:36,515][src.models.gnet][INFO] - Predictions for test.
[2024-05-05 01:13:38,124][src.models.gnet][INFO] - Predictions for test.
[2024-05-05 01:13:39,561][src.models.gnet][INFO] - Predictions for test.
[2024-05-05 01:13:41,154][src.models.gnet][INFO] - Predictions for test.
[2024-05-05 01:13:42,763][src.models.gnet][INFO] - Predictions for test.
[2024-05-05 01:13:44,216][src.models.gnet][INFO] - Predictions for test.
[2024-05-05 01:13:45,872][src.models.gnet][INFO] - Predictions for test.
[2024-05-05 01:13:47,450][src.models.gnet][INFO] - Predictions for test.
[2024-05-05 01:13:49,012][src.models.gnet][INFO] - t = 4
[2024-05-05 01:13:49,012][src.models.gnet][INFO] - Predictions for test.
[2024-05-05 01:13:50,543][src.models.gnet][INFO] - Predictions for test.
[2024-05-05 01:13:52,183][src.models.gnet][INFO] - Predictions for test.
[2024-05-05 01:13:53,604][src.models.gnet][INFO] - Predictions for test.
[2024-05-05 01:13:55,198][src.models.gnet][INFO] - Predictions for test.
[2024-05-05 01:13:56,901][src.models.gnet][INFO] - Predictions for test.
[2024-05-05 01:13:58,447][src.models.gnet][INFO] - Predictions for test.
[2024-05-05 01:13:59,978][src.models.gnet][INFO] - Predictions for test.
[2024-05-05 01:14:01,618][src.models.gnet][INFO] - Predictions for test.
[2024-05-05 01:14:03,149][src.models.gnet][INFO] - Predictions for test.
[2024-05-05 01:14:04,789][src.models.gnet][INFO] - Predictions for test.
[2024-05-05 01:14:06,352][src.models.gnet][INFO] - Predictions for test.
[2024-05-05 01:14:07,929][src.models.gnet][INFO] - Predictions for test.
[2024-05-05 01:14:09,491][src.models.gnet][INFO] - Predictions for test.
[2024-05-05 01:14:11,100][src.models.gnet][INFO] - Predictions for test.
[2024-05-05 01:14:12,522][src.models.gnet][INFO] - Predictions for test.
[2024-05-05 01:14:14,131][src.models.gnet][INFO] - Predictions for test.
[2024-05-05 01:14:15,740][src.models.gnet][INFO] - Predictions for test.
[2024-05-05 01:14:17,271][src.models.gnet][INFO] - Predictions for test.
[2024-05-05 01:14:18,849][src.models.gnet][INFO] - Predictions for test.
[2024-05-05 01:14:20,536][src.models.gnet][INFO] - Predictions for test.
[2024-05-05 01:14:21,973][src.models.gnet][INFO] - Predictions for test.
[2024-05-05 01:14:23,613][src.models.gnet][INFO] - Predictions for test.
[2024-05-05 01:14:25,175][src.models.gnet][INFO] - Predictions for test.
[2024-05-05 01:14:26,800][src.models.gnet][INFO] - Predictions for test.
[2024-05-05 01:14:28,331][src.models.gnet][INFO] - Predictions for test.
[2024-05-05 01:14:29,924][src.models.gnet][INFO] - Predictions for test.
[2024-05-05 01:14:31,455][src.models.gnet][INFO] - Predictions for test.
[2024-05-05 01:14:33,033][src.models.gnet][INFO] - Predictions for test.
[2024-05-05 01:14:34,657][src.models.gnet][INFO] - Predictions for test.
[2024-05-05 01:14:36,204][src.models.gnet][INFO] - Predictions for test.
[2024-05-05 01:14:37,641][src.models.gnet][INFO] - Predictions for test.
[2024-05-05 01:14:39,313][src.models.gnet][INFO] - Predictions for test.
[2024-05-05 01:14:40,890][src.models.gnet][INFO] - Predictions for test.
[2024-05-05 01:14:42,593][src.models.gnet][INFO] - Predictions for test.
[2024-05-05 01:14:44,155][src.models.gnet][INFO] - Predictions for test.
[2024-05-05 01:14:45,780][src.models.gnet][INFO] - Predictions for test.
[2024-05-05 01:14:47,326][src.models.gnet][INFO] - Predictions for test.
[2024-05-05 01:14:49,060][src.models.gnet][INFO] - Predictions for test.
[2024-05-05 01:14:50,466][src.models.gnet][INFO] - Predictions for test.
[2024-05-05 01:14:52,060][src.models.gnet][INFO] - Predictions for test.
[2024-05-05 01:14:53,684][src.models.gnet][INFO] - Predictions for test.
[2024-05-05 01:14:55,199][src.models.gnet][INFO] - Predictions for test.
[2024-05-05 01:14:56,840][src.models.gnet][INFO] - Predictions for test.
[2024-05-05 01:14:58,496][src.models.gnet][INFO] - Predictions for test.
[2024-05-05 01:15:00,042][src.models.gnet][INFO] - Predictions for test.
[2024-05-05 01:15:01,870][src.models.gnet][INFO] - Predictions for test.
[2024-05-05 01:15:03,510][src.models.gnet][INFO] - Predictions for test.
[2024-05-05 01:15:05,057][src.models.gnet][INFO] - Predictions for test.
[2024-05-05 01:15:06,681][src.models.gnet][INFO] - Predictions for test.
[2024-05-05 01:15:08,306][src.models.gnet][INFO] - t = 5
[2024-05-05 01:15:08,306][src.models.gnet][INFO] - Predictions for test.
[2024-05-05 01:15:09,930][src.models.gnet][INFO] - Predictions for test.
[2024-05-05 01:15:11,524][src.models.gnet][INFO] - Predictions for test.
[2024-05-05 01:15:13,164][src.models.gnet][INFO] - Predictions for test.
[2024-05-05 01:15:14,711][src.models.gnet][INFO] - Predictions for test.
[2024-05-05 01:15:16,241][src.models.gnet][INFO] - Predictions for test.
[2024-05-05 01:15:17,741][src.models.gnet][INFO] - Predictions for test.
[2024-05-05 01:15:19,334][src.models.gnet][INFO] - Predictions for test.
[2024-05-05 01:15:20,959][src.models.gnet][INFO] - Predictions for test.
[2024-05-05 01:15:22,521][src.models.gnet][INFO] - Predictions for test.
[2024-05-05 01:15:24,083][src.models.gnet][INFO] - Predictions for test.
[2024-05-05 01:15:25,614][src.models.gnet][INFO] - Predictions for test.
[2024-05-05 01:15:27,395][src.models.gnet][INFO] - Predictions for test.
[2024-05-05 01:15:28,942][src.models.gnet][INFO] - Predictions for test.
[2024-05-05 01:15:30,488][src.models.gnet][INFO] - Predictions for test.
[2024-05-05 01:15:31,972][src.models.gnet][INFO] - Predictions for test.
[2024-05-05 01:15:33,519][src.models.gnet][INFO] - Predictions for test.
[2024-05-05 01:15:35,050][src.models.gnet][INFO] - Predictions for test.
[2024-05-05 01:15:36,643][src.models.gnet][INFO] - Predictions for test.
[2024-05-05 01:15:38,158][src.models.gnet][INFO] - Predictions for test.
[2024-05-05 01:15:39,736][src.models.gnet][INFO] - Predictions for test.
[2024-05-05 01:15:41,329][src.models.gnet][INFO] - Predictions for test.
[2024-05-05 01:15:42,766][src.models.gnet][INFO] - Predictions for test.
[2024-05-05 01:15:44,375][src.models.gnet][INFO] - Predictions for test.
[2024-05-05 01:15:45,984][src.models.gnet][INFO] - Predictions for test.
[2024-05-05 01:15:47,422][src.models.gnet][INFO] - Predictions for test.
[2024-05-05 01:15:48,984][src.models.gnet][INFO] - Predictions for test.
[2024-05-05 01:15:50,577][src.models.gnet][INFO] - Predictions for test.
[2024-05-05 01:15:52,030][src.models.gnet][INFO] - Predictions for test.
[2024-05-05 01:15:53,623][src.models.gnet][INFO] - Predictions for test.
[2024-05-05 01:15:55,139][src.models.gnet][INFO] - Predictions for test.
[2024-05-05 01:15:56,826][src.models.gnet][INFO] - Predictions for test.
[2024-05-05 01:15:58,278][src.models.gnet][INFO] - Predictions for test.
[2024-05-05 01:15:59,934][src.models.gnet][INFO] - Predictions for test.
[2024-05-05 01:16:01,496][src.models.gnet][INFO] - Predictions for test.
[2024-05-05 01:16:03,043][src.models.gnet][INFO] - Predictions for test.
[2024-05-05 01:16:04,558][src.models.gnet][INFO] - Predictions for test.
[2024-05-05 01:16:06,167][src.models.gnet][INFO] - Predictions for test.
[2024-05-05 01:16:07,729][src.models.gnet][INFO] - Predictions for test.
[2024-05-05 01:16:09,276][src.models.gnet][INFO] - Predictions for test.
[2024-05-05 01:16:10,885][src.models.gnet][INFO] - Predictions for test.
[2024-05-05 01:16:12,369][src.models.gnet][INFO] - Predictions for test.
[2024-05-05 01:16:13,947][src.models.gnet][INFO] - Predictions for test.
[2024-05-05 01:16:15,556][src.models.gnet][INFO] - Predictions for test.
[2024-05-05 01:16:17,087][src.models.gnet][INFO] - Predictions for test.
[2024-05-05 01:16:18,586][src.models.gnet][INFO] - Predictions for test.
[2024-05-05 01:16:20,133][src.models.gnet][INFO] - Predictions for test.
[2024-05-05 01:16:21,554][src.models.gnet][INFO] - Predictions for test.
[2024-05-05 01:16:23,148][src.models.gnet][INFO] - Predictions for test.
[2024-05-05 01:16:24,663][src.models.gnet][INFO] - Predictions for test.
[2024-05-05 01:16:26,241][src.models.gnet][INFO] - t = 6
[2024-05-05 01:16:26,241][src.models.gnet][INFO] - Predictions for test.
[2024-05-05 01:16:27,787][src.models.gnet][INFO] - Predictions for test.
[2024-05-05 01:16:29,412][src.models.gnet][INFO] - Predictions for test.
[2024-05-05 01:16:30,927][src.models.gnet][INFO] - Predictions for test.
[2024-05-05 01:16:32,474][src.models.gnet][INFO] - Predictions for test.
[2024-05-05 01:16:34,114][src.models.gnet][INFO] - Predictions for test.
[2024-05-05 01:16:35,738][src.models.gnet][INFO] - Predictions for test.
[2024-05-05 01:16:37,363][src.models.gnet][INFO] - Predictions for test.
[2024-05-05 01:16:39,066][src.models.gnet][INFO] - Predictions for test.
[2024-05-05 01:16:40,487][src.models.gnet][INFO] - Predictions for test.
[2024-05-05 01:16:42,159][src.models.gnet][INFO] - Predictions for test.
[2024-05-05 01:16:43,893][src.models.gnet][INFO] - Predictions for test.
[2024-05-05 01:16:45,502][src.models.gnet][INFO] - Predictions for test.
[2024-05-05 01:16:47,033][src.models.gnet][INFO] - Predictions for test.
[2024-05-05 01:16:48,657][src.models.gnet][INFO] - Predictions for test.
[2024-05-05 01:16:50,094][src.models.gnet][INFO] - Predictions for test.
[2024-05-05 01:16:51,688][src.models.gnet][INFO] - Predictions for test.
[2024-05-05 01:16:53,297][src.models.gnet][INFO] - Predictions for test.
[2024-05-05 01:16:54,828][src.models.gnet][INFO] - Predictions for test.
[2024-05-05 01:16:56,468][src.models.gnet][INFO] - Predictions for test.
[2024-05-05 01:16:58,014][src.models.gnet][INFO] - Predictions for test.
[2024-05-05 01:16:59,561][src.models.gnet][INFO] - Predictions for test.
[2024-05-05 01:17:01,108][src.models.gnet][INFO] - Predictions for test.
[2024-05-05 01:17:02,701][src.models.gnet][INFO] - Predictions for test.
[2024-05-05 01:17:04,216][src.models.gnet][INFO] - Predictions for test.
[2024-05-05 01:17:05,731][src.models.gnet][INFO] - Predictions for test.
[2024-05-05 01:17:07,231][src.models.gnet][INFO] - Predictions for test.
[2024-05-05 01:17:08,793][src.models.gnet][INFO] - Predictions for test.
[2024-05-05 01:17:10,308][src.models.gnet][INFO] - Predictions for test.
[2024-05-05 01:17:12,011][src.models.gnet][INFO] - Predictions for test.
[2024-05-05 01:17:13,417][src.models.gnet][INFO] - Predictions for test.
[2024-05-05 01:17:15,073][src.models.gnet][INFO] - Predictions for test.
[2024-05-05 01:17:16,635][src.models.gnet][INFO] - Predictions for test.
[2024-05-05 01:17:18,150][src.models.gnet][INFO] - Predictions for test.
[2024-05-05 01:17:19,681][src.models.gnet][INFO] - Predictions for test.
[2024-05-05 01:17:21,368][src.models.gnet][INFO] - Predictions for test.
[2024-05-05 01:17:22,915][src.models.gnet][INFO] - Predictions for test.
[2024-05-05 01:17:24,446][src.models.gnet][INFO] - Predictions for test.
[2024-05-05 01:17:25,945][src.models.gnet][INFO] - Predictions for test.
[2024-05-05 01:17:27,539][src.models.gnet][INFO] - Predictions for test.
[2024-05-05 01:17:29,085][src.models.gnet][INFO] - Predictions for test.
[2024-05-05 01:17:30,554][src.models.gnet][INFO] - Predictions for test.
[2024-05-05 01:17:32,132][src.models.gnet][INFO] - Predictions for test.
[2024-05-05 01:17:33,741][src.models.gnet][INFO] - Predictions for test.
[2024-05-05 01:17:35,271][src.models.gnet][INFO] - Predictions for test.
[2024-05-05 01:17:36,787][src.models.gnet][INFO] - Predictions for test.
[2024-05-05 01:17:38,333][src.models.gnet][INFO] - Predictions for test.
[2024-05-05 01:17:39,802][src.models.gnet][INFO] - Predictions for test.
[2024-05-05 01:17:41,364][src.models.gnet][INFO] - Predictions for test.
[2024-05-05 01:17:42,896][src.models.gnet][INFO] - Predictions for test.
[2024-05-05 01:17:44,599][__main__][INFO] - Test normalised RMSE (n-step prediction): {'2-step': 17.458482957903318, '3-step': 17.534856500268372, '4-step': 17.10542558598145, '5-step': 16.859640971158736, '6-step': 17.897843885500812}
