[2024-05-05 03:39:26,061][__main__][INFO] - 
model:
  dim_treatments: 4
  dim_vitals: 0
  dim_static_features: 1
  dim_outcomes: 1
  dim_cosovitals: ???
  dim_abstract_confounders: ???
  dim_s: ???
  name: CRN
  encoder:
    _target_: src.models.crn.CRNEncoder
    seq_hidden_units: 48
    br_size: 6
    fc_hidden_units: 24
    dropout_rate: 0.1
    num_layer: 1
    batch_size: 64
    optimizer:
      optimizer_cls: adam
      learning_rate: 0.01
      weight_decay: 0.0
      lr_scheduler: false
    tune_hparams: false
    tune_range: 50
    hparams_grid: null
    resources_per_trial: null
  train_decoder: true
  decoder:
    _target_: src.models.crn.CRNDecoder
    seq_hidden_units: 128
    br_size: 18
    fc_hidden_units: 18
    dropout_rate: 0.1
    num_layer: 1
    batch_size: 1024
    optimizer:
      optimizer_cls: adam
      learning_rate: 0.01
      weight_decay: 0.0
      lr_scheduler: false
    tune_hparams: false
    tune_range: 30
    hparams_grid: null
    resources_per_trial: null
dataset:
  val_batch_size: 512
  treatment_mode: multiclass
  _target_: src.data.SyntheticVitalDatasetCollection
  name: tumor_generator
  seed: 10
  num_confounder: 2
  num_u: 1
  split:
    val: 0.15
    test: 0.15
  window_size: 15
  lag: 0
  max_seq_length: 60
  projection_horizon: 5
  cf_seq_mode: sliding_treatment
  time_step: 30
exp:
  seed: 10
  gpus:
  - 0
  max_epochs: 150
  logging: true
  mlflow_uri: http://127.0.0.1:5000
  unscale_rmse: true
  percentage_rmse: true
  alpha: 0.01
  update_alpha: true
  alpha_rate: exp
  balancing: domain_confusion
  bce_weight: false
  weights_ema: true
  beta: 0.99

[2024-05-05 03:39:48,837][src.data.cancer_sim.dataset][INFO] - Shape of processed train data: {'sequence_lengths': (3500,), 'prev_treatments': (3500, 28, 1), 'vitals': (3500, 28, 10), 'next_vitals': (3500, 27, 10), 'current_treatments': (3500, 28, 1), 'static_features': (3500, 1), 'active_entries': (3500, 28, 1), 'outputs': (3500, 28, 1), 'unscaled_outputs': (3500, 28, 1), 'prev_outputs': (3500, 28, 1), 'coso_vitals': (3500, 28, 9), 'COSO': (3500, 28, 1)}
[2024-05-05 03:39:48,837][src.data.cancer_sim.dataset][INFO] - Shape of processed val data: {'sequence_lengths': (750,), 'prev_treatments': (750, 28, 1), 'vitals': (750, 28, 10), 'next_vitals': (750, 27, 10), 'current_treatments': (750, 28, 1), 'static_features': (750, 1), 'active_entries': (750, 28, 1), 'outputs': (750, 28, 1), 'unscaled_outputs': (750, 28, 1), 'prev_outputs': (750, 28, 1), 'coso_vitals': (750, 28, 9), 'COSO': (750, 28, 1)}
[2024-05-05 03:39:48,837][src.data.cancer_sim.dataset][INFO] - Shape of processed test data: {'sequence_lengths': (750,), 'prev_treatments': (750, 28, 1), 'vitals': (750, 28, 10), 'next_vitals': (750, 27, 10), 'current_treatments': (750, 28, 1), 'static_features': (750, 1), 'active_entries': (750, 28, 1), 'outputs': (750, 28, 1), 'unscaled_outputs': (750, 28, 1), 'prev_outputs': (750, 28, 1), 'coso_vitals': (750, 28, 9), 'COSO': (750, 28, 1)}
[2024-05-05 03:39:48,947][src.models.crn][INFO] - Input size of encoder: 13
[2024-05-05 03:46:19,308][src.models.time_varying_model][INFO] - RMSE calculation for val.
[2024-05-05 03:46:19,308][src.models.time_varying_model][INFO] - Predictions for val.
[2024-05-05 03:46:19,933][__main__][INFO] - Val normalised RMSE (all): 2.3128812130193617; Val normalised RMSE (orig): nan
[2024-05-05 03:46:19,933][src.models.time_varying_model][INFO] - RMSE calculation for test.
[2024-05-05 03:46:19,933][src.models.time_varying_model][INFO] - Predictions for test.
[2024-05-05 03:46:20,558][__main__][INFO] - Test normalised RMSE (all): 2.3153800159994153; Test normalised RMSE (orig): nan.
[2024-05-05 03:46:20,621][src.models.crn][INFO] - Input size of decoder: 3
[2024-05-05 03:46:20,636][src.data.cancer_sim.dataset][INFO] - Exploding test dataset before testing (multiple sequences)
[2024-05-05 03:46:20,730][src.data.cancer_sim.dataset][INFO] - Shape of processed test data: {'prev_treatments': (13879, 28, 1), 'current_treatments': (13879, 28, 1), 'static_features': (13879, 1), 'prev_outputs': (13879, 28, 1), 'outputs': (13879, 28, 1), 'vitals': (13879, 28, 10), 'next_vitals': (13879, 27, 10), 'unscaled_outputs': (13879, 28, 1), 'sequence_lengths': (13879,), 'active_entries': (13879, 28, 1)}
[2024-05-05 03:46:20,730][src.models.time_varying_model][INFO] - Balanced representations inference for train.
[2024-05-05 03:46:21,573][src.models.time_varying_model][INFO] - Balanced representations inference for val.
[2024-05-05 03:46:22,198][src.models.time_varying_model][INFO] - Balanced representations inference for test.
[2024-05-05 03:46:23,526][src.models.time_varying_model][INFO] - Predictions for test.
[2024-05-05 03:46:24,776][src.data.cancer_sim.dataset][INFO] - Processing train dataset before training (multiple sequences)
[2024-05-05 03:46:25,135][src.data.cancer_sim.dataset][INFO] - Shape of processed train data: {'init_state': (61229, 6), 'original_index': (61229,), 'active_encoder_r': (61229, 28), 'prev_treatments': (61229, 5, 1), 'current_treatments': (61229, 5, 1), 'static_features': (61229, 1), 'prev_outputs': (61229, 5, 1), 'outputs': (61229, 5, 1), 'unscaled_outputs': (61229, 5, 1), 'sequence_lengths': (61229,), 'active_entries': (61229, 5, 1)}
[2024-05-05 03:46:25,135][src.data.cancer_sim.dataset][INFO] - Processing val dataset before training (multiple sequences)
[2024-05-05 03:46:25,213][src.data.cancer_sim.dataset][INFO] - Shape of processed val data: {'init_state': (13140, 6), 'original_index': (13140,), 'active_encoder_r': (13140, 28), 'prev_treatments': (13140, 5, 1), 'current_treatments': (13140, 5, 1), 'static_features': (13140, 1), 'prev_outputs': (13140, 5, 1), 'outputs': (13140, 5, 1), 'unscaled_outputs': (13140, 5, 1), 'sequence_lengths': (13140,), 'active_entries': (13140, 5, 1)}
[2024-05-05 03:46:25,213][src.data.cancer_sim.dataset][INFO] - Processing test dataset before testing (multiple sequences)
[2024-05-05 03:46:25,323][src.data.cancer_sim.dataset][INFO] - Shape of processed test data: {'original_index': (13879,), 'active_encoder_r': (13879, 23), 'prev_treatments': (13879, 5, 1), 'current_treatments': (13879, 5, 1), 'static_features': (13879, 1), 'prev_outputs': (13879, 5, 1), 'outputs': (13879, 5, 1), 'unscaled_outputs': (13879, 5, 1), 'sequence_lengths': (13879,), 'active_entries': (13879, 5, 1), 'init_state': (13879, 6)}
[2024-05-05 03:46:25,323][src.data.cancer_sim.dataset][INFO] - Processing test dataset before testing (autoregressive)
[2024-05-05 03:46:25,369][src.data.cancer_sim.dataset][INFO] - Shape of processed test data: {'prev_treatments': (13879, 5, 1), 'current_treatments': (13879, 5, 1), 'prev_outputs': (13879, 5, 1), 'init_state': (13879, 6), 'active_encoder_r': (13879, 23), 'active_entries': (13879, 5, 1), 'static_features': (13879, 1)}
[2024-05-05 03:58:41,197][src.models.time_varying_model][INFO] - RMSE calculation for val.
[2024-05-05 03:58:41,197][src.models.time_varying_model][INFO] - Predictions for val.
[2024-05-05 03:58:42,307][__main__][INFO] - Val normalised RMSE (all): 5.536539784875178; Val normalised RMSE (orig): 5.536539784875182
[2024-05-05 03:58:42,307][src.models.time_varying_model][INFO] - RMSE calculation for test.
[2024-05-05 03:58:42,307][src.models.time_varying_model][INFO] - Autoregressive Prediction for test.
[2024-05-05 03:58:42,307][src.models.time_varying_model][INFO] - t = 2
[2024-05-05 03:58:42,307][src.models.time_varying_model][INFO] - Predictions for test.
[2024-05-05 03:58:43,291][src.models.time_varying_model][INFO] - t = 3
[2024-05-05 03:58:43,291][src.models.time_varying_model][INFO] - Predictions for test.
[2024-05-05 03:58:44,290][src.models.time_varying_model][INFO] - t = 4
[2024-05-05 03:58:44,290][src.models.time_varying_model][INFO] - Predictions for test.
[2024-05-05 03:58:45,275][src.models.time_varying_model][INFO] - t = 5
[2024-05-05 03:58:45,275][src.models.time_varying_model][INFO] - Predictions for test.
[2024-05-05 03:58:46,274][src.models.time_varying_model][INFO] - t = 6
[2024-05-05 03:58:46,274][src.models.time_varying_model][INFO] - Predictions for test.
[2024-05-05 03:58:47,305][__main__][INFO] - Test normalised RMSE (n-step prediction): {'2-step': 10.470536938629985, '3-step': 11.163154103492868, '4-step': 10.036152682186955, '5-step': 9.996707677116333, '6-step': 11.140380795039684}
