[2024-05-04 22:34:41,000][__main__][INFO] - 
model:
  dim_treatments: 4
  dim_vitals: 0
  dim_static_features: 1
  dim_outcomes: 1
  dim_cosovitals: ???
  dim_abstract_confounders: ???
  dim_s: ???
  name: G-Net
  g_net:
    _target_: src.models.gnet.GNet
    seq_hidden_units: 48
    num_layer: 1
    r_size: 2
    fc_hidden_units: 40
    num_comp: 1
    mc_samples: 50
    fit_vitals: true
    comp_sizes: null
    batch_size: 64
    dropout_rate: 0.2
    optimizer:
      optimizer_cls: adam
      learning_rate: 0.01
      weight_decay: 0.0
      lr_scheduler: false
    tune_hparams: false
    tune_range: 50
    hparams_grid: null
    resources_per_trial: null
dataset:
  val_batch_size: 4096
  treatment_mode: multiclass
  _target_: src.data.SyntheticVitalDatasetCollection
  name: tumor_generator
  seed: 10
  num_confounder: 1
  num_u: 1
  split:
    val: 0.15
    test: 0.15
  window_size: 15
  lag: 0
  max_seq_length: 60
  projection_horizon: 5
  cf_seq_mode: sliding_treatment
  time_step: 30
  holdout_ratio: 0.1
exp:
  seed: 10
  gpus:
  - 0
  max_epochs: 100
  logging: true
  mlflow_uri: http://127.0.0.1:5000
  unscale_rmse: true
  percentage_rmse: true
  alpha: 1.0
  update_alpha: false
  alpha_rate: exp
  balancing: grad_reverse
  bce_weight: false
  weights_ema: false
  beta: 0.99

[2024-05-04 22:35:05,111][src.data.cancer_sim.dataset][INFO] - Shape of processed train data: {'sequence_lengths': (3500,), 'prev_treatments': (3500, 28, 1), 'vitals': (3500, 28, 8), 'next_vitals': (3500, 27, 8), 'current_treatments': (3500, 28, 1), 'static_features': (3500, 1), 'active_entries': (3500, 28, 1), 'outputs': (3500, 28, 1), 'unscaled_outputs': (3500, 28, 1), 'prev_outputs': (3500, 28, 1), 'coso_vitals': (3500, 28, 7), 'COSO': (3500, 28, 1)}
[2024-05-04 22:35:05,115][src.data.cancer_sim.dataset][INFO] - Shape of processed val data: {'sequence_lengths': (750,), 'prev_treatments': (750, 28, 1), 'vitals': (750, 28, 8), 'next_vitals': (750, 27, 8), 'current_treatments': (750, 28, 1), 'static_features': (750, 1), 'active_entries': (750, 28, 1), 'outputs': (750, 28, 1), 'unscaled_outputs': (750, 28, 1), 'prev_outputs': (750, 28, 1), 'coso_vitals': (750, 28, 7), 'COSO': (750, 28, 1)}
[2024-05-04 22:35:05,118][src.data.cancer_sim.dataset][INFO] - Shape of processed test data: {'sequence_lengths': (750,), 'prev_treatments': (750, 28, 1), 'vitals': (750, 28, 8), 'next_vitals': (750, 27, 8), 'current_treatments': (750, 28, 1), 'static_features': (750, 1), 'active_entries': (750, 28, 1), 'outputs': (750, 28, 1), 'unscaled_outputs': (750, 28, 1), 'prev_outputs': (750, 28, 1), 'coso_vitals': (750, 28, 7), 'COSO': (750, 28, 1)}
[2024-05-04 22:35:05,121][src.data.cancer_sim.dataset][INFO] - Exploding test dataset before testing (multiple sequences)
[2024-05-04 22:35:05,219][src.data.cancer_sim.dataset][INFO] - Shape of processed test data: {'prev_treatments': (13906, 28, 1), 'current_treatments': (13906, 28, 1), 'static_features': (13906, 1), 'prev_outputs': (13906, 28, 1), 'outputs': (13906, 28, 1), 'vitals': (13906, 28, 8), 'next_vitals': (13906, 27, 8), 'unscaled_outputs': (13906, 28, 1), 'sequence_lengths': (13906,), 'active_entries': (13906, 28, 1)}
[2024-05-04 22:35:05,219][src.data.cancer_sim.dataset][INFO] - Processing test dataset before testing (multiple sequences)
[2024-05-04 22:35:05,317][src.data.cancer_sim.dataset][INFO] - Shape of processed test data: {'original_index': (13906,), 'active_encoder_r': (13906, 23), 'prev_treatments': (13906, 5, 1), 'current_treatments': (13906, 5, 1), 'static_features': (13906, 1), 'prev_outputs': (13906, 5, 1), 'outputs': (13906, 5, 1), 'unscaled_outputs': (13906, 5, 1), 'sequence_lengths': (13906,), 'active_entries': (13906, 5, 1)}
[2024-05-04 22:35:05,531][src.models.gnet][INFO] - Input size of g_net: 11
[2024-05-04 22:35:05,713][src.data.dataset_collection][INFO] - Splited train_f on train_f: 3150 and train_f_holdout: 350
[2024-05-04 22:35:05,713][src.data.dataset_collection][INFO] - Exploding test_f 50 times
[2024-05-04 22:35:05,729][src.data.dataset_collection][INFO] - Exploding test_f 50 times
[2024-05-04 22:35:05,744][src.data.dataset_collection][INFO] - Exploding test_f 50 times
[2024-05-04 22:35:05,769][src.data.dataset_collection][INFO] - Exploding test_f 50 times
[2024-05-04 22:35:05,787][src.data.dataset_collection][INFO] - Exploding test_f 50 times
[2024-05-04 22:35:05,804][src.data.dataset_collection][INFO] - Exploding test_f 50 times
[2024-05-04 22:35:05,822][src.data.dataset_collection][INFO] - Exploding test_f 50 times
[2024-05-04 22:35:05,836][src.data.dataset_collection][INFO] - Exploding test_f 50 times
[2024-05-04 22:35:05,858][src.data.dataset_collection][INFO] - Exploding test_f 50 times
[2024-05-04 22:35:05,876][src.data.dataset_collection][INFO] - Exploding test_f 50 times
[2024-05-04 22:35:05,894][src.data.dataset_collection][INFO] - Exploding test_f 50 times
[2024-05-04 22:35:05,902][src.data.dataset_collection][INFO] - Exploding test_f 50 times
[2024-05-04 22:35:05,934][src.data.dataset_collection][INFO] - Exploding test_f 50 times
[2024-05-04 22:35:05,955][src.data.dataset_collection][INFO] - Exploding test_f 50 times
[2024-05-04 22:35:05,973][src.data.dataset_collection][INFO] - Exploding test_f 50 times
[2024-05-04 22:35:05,991][src.data.dataset_collection][INFO] - Exploding test_f 50 times
[2024-05-04 22:35:06,002][src.data.dataset_collection][INFO] - Exploding test_f 50 times
[2024-05-04 22:35:06,016][src.data.dataset_collection][INFO] - Exploding test_f 50 times
[2024-05-04 22:35:06,034][src.data.dataset_collection][INFO] - Exploding test_f 50 times
[2024-05-04 22:35:06,062][src.data.dataset_collection][INFO] - Exploding test_f 50 times
[2024-05-04 22:35:06,082][src.data.dataset_collection][INFO] - Exploding test_f 50 times
[2024-05-04 22:35:06,101][src.data.dataset_collection][INFO] - Exploding test_f 50 times
[2024-05-04 22:35:06,118][src.data.dataset_collection][INFO] - Exploding test_f 50 times
[2024-05-04 22:35:06,149][src.data.dataset_collection][INFO] - Exploding test_f 50 times
[2024-05-04 22:35:06,166][src.data.dataset_collection][INFO] - Exploding test_f 50 times
[2024-05-04 22:35:06,183][src.data.dataset_collection][INFO] - Exploding test_f 50 times
[2024-05-04 22:35:06,202][src.data.dataset_collection][INFO] - Exploding test_f 50 times
[2024-05-04 22:35:06,232][src.data.dataset_collection][INFO] - Exploding test_f 50 times
[2024-05-04 22:35:06,252][src.data.dataset_collection][INFO] - Exploding test_f 50 times
[2024-05-04 22:35:06,266][src.data.dataset_collection][INFO] - Exploding test_f 50 times
[2024-05-04 22:35:06,286][src.data.dataset_collection][INFO] - Exploding test_f 50 times
[2024-05-04 22:35:06,302][src.data.dataset_collection][INFO] - Exploding test_f 50 times
[2024-05-04 22:35:06,333][src.data.dataset_collection][INFO] - Exploding test_f 50 times
[2024-05-04 22:35:06,352][src.data.dataset_collection][INFO] - Exploding test_f 50 times
[2024-05-04 22:35:06,366][src.data.dataset_collection][INFO] - Exploding test_f 50 times
[2024-05-04 22:35:06,386][src.data.dataset_collection][INFO] - Exploding test_f 50 times
[2024-05-04 22:35:06,402][src.data.dataset_collection][INFO] - Exploding test_f 50 times
[2024-05-04 22:35:06,416][src.data.dataset_collection][INFO] - Exploding test_f 50 times
[2024-05-04 22:35:06,436][src.data.dataset_collection][INFO] - Exploding test_f 50 times
[2024-05-04 22:35:06,451][src.data.dataset_collection][INFO] - Exploding test_f 50 times
[2024-05-04 22:35:06,482][src.data.dataset_collection][INFO] - Exploding test_f 50 times
[2024-05-04 22:35:06,502][src.data.dataset_collection][INFO] - Exploding test_f 50 times
[2024-05-04 22:35:06,516][src.data.dataset_collection][INFO] - Exploding test_f 50 times
[2024-05-04 22:35:06,535][src.data.dataset_collection][INFO] - Exploding test_f 50 times
[2024-05-04 22:35:06,552][src.data.dataset_collection][INFO] - Exploding test_f 50 times
[2024-05-04 22:35:06,566][src.data.dataset_collection][INFO] - Exploding test_f 50 times
[2024-05-04 22:35:06,585][src.data.dataset_collection][INFO] - Exploding test_f 50 times
[2024-05-04 22:35:06,602][src.data.dataset_collection][INFO] - Exploding test_f 50 times
[2024-05-04 22:35:06,616][src.data.dataset_collection][INFO] - Exploding test_f 50 times
[2024-05-04 22:35:06,634][src.data.dataset_collection][INFO] - Exploding test_f 50 times
[2024-05-04 22:37:49,677][src.models.gnet][INFO] - Fitting residuals based on train_f_holdout.
[2024-05-04 22:37:49,677][src.models.gnet][INFO] - Predictions for train.
[2024-05-04 22:37:50,586][src.models.time_varying_model][INFO] - RMSE calculation for val.
[2024-05-04 22:37:50,586][src.models.gnet][INFO] - Predictions for val.
[2024-05-04 22:37:51,528][__main__][INFO] - Val normalised RMSE (all): 2.545552192482392; Val normalised RMSE (orig): nan
[2024-05-04 22:37:51,528][src.models.time_varying_model][INFO] - RMSE calculation for test.
[2024-05-04 22:37:51,528][src.models.gnet][INFO] - Predictions for test.
[2024-05-04 22:37:52,477][__main__][INFO] - Test normalised RMSE (all): 2.4667896324566256; Test normalised RMSE (orig): nan.
[2024-05-04 22:37:52,530][src.models.time_varying_model][INFO] - RMSE calculation for test.
[2024-05-04 22:37:52,530][src.models.gnet][INFO] - Autoregressive Prediction for test with MC-sampling of trajectories.
[2024-05-04 22:37:52,530][src.models.gnet][INFO] - t = 1
[2024-05-04 22:37:52,530][src.models.gnet][INFO] - Predictions for test.
[2024-05-04 22:37:54,099][src.models.gnet][INFO] - Predictions for test.
[2024-05-04 22:37:55,582][src.models.gnet][INFO] - Predictions for test.
[2024-05-04 22:37:57,130][src.models.gnet][INFO] - Predictions for test.
[2024-05-04 22:37:58,644][src.models.gnet][INFO] - Predictions for test.
[2024-05-04 22:38:00,190][src.models.gnet][INFO] - Predictions for test.
[2024-05-04 22:38:01,781][src.models.gnet][INFO] - Predictions for test.
[2024-05-04 22:38:03,342][src.models.gnet][INFO] - Predictions for test.
[2024-05-04 22:38:04,971][src.models.gnet][INFO] - Predictions for test.
[2024-05-04 22:38:06,382][src.models.gnet][INFO] - Predictions for test.
[2024-05-04 22:38:07,981][src.models.gnet][INFO] - Predictions for test.
[2024-05-04 22:38:09,581][src.models.gnet][INFO] - Predictions for test.
[2024-05-04 22:38:11,088][src.models.gnet][INFO] - Predictions for test.
[2024-05-04 22:38:12,642][src.models.gnet][INFO] - Predictions for test.
[2024-05-04 22:38:14,228][src.models.gnet][INFO] - Predictions for test.
[2024-05-04 22:38:15,728][src.models.gnet][INFO] - Predictions for test.
[2024-05-04 22:38:17,282][src.models.gnet][INFO] - Predictions for test.
[2024-05-04 22:38:19,032][src.models.gnet][INFO] - Predictions for test.
