[2024-05-05 01:17:44,880][__main__][INFO] - 
model:
  dim_treatments: 4
  dim_vitals: 0
  dim_static_features: 1
  dim_outcomes: 1
  dim_cosovitals: ???
  dim_abstract_confounders: ???
  dim_s: ???
  name: G-Net
  g_net:
    _target_: src.models.gnet.GNet
    seq_hidden_units: 48
    num_layer: 1
    r_size: 2
    fc_hidden_units: 40
    num_comp: 1
    mc_samples: 50
    fit_vitals: true
    comp_sizes: null
    batch_size: 64
    dropout_rate: 0.2
    optimizer:
      optimizer_cls: adam
      learning_rate: 0.01
      weight_decay: 0.0
      lr_scheduler: false
    tune_hparams: false
    tune_range: 50
    hparams_grid: null
    resources_per_trial: null
dataset:
  val_batch_size: 4096
  treatment_mode: multiclass
  _target_: src.data.SyntheticVitalDatasetCollection
  name: tumor_generator
  seed: 10
  num_confounder: 4
  num_u: 1
  split:
    val: 0.15
    test: 0.15
  window_size: 15
  lag: 0
  max_seq_length: 60
  projection_horizon: 5
  cf_seq_mode: sliding_treatment
  time_step: 30
  holdout_ratio: 0.1
exp:
  seed: 10
  gpus:
  - 0
  max_epochs: 100
  logging: true
  mlflow_uri: http://127.0.0.1:5000
  unscale_rmse: true
  percentage_rmse: true
  alpha: 1.0
  update_alpha: false
  alpha_rate: exp
  balancing: grad_reverse
  bce_weight: false
  weights_ema: false
  beta: 0.99

[2024-05-05 01:18:07,906][src.data.cancer_sim.dataset][INFO] - Shape of processed train data: {'sequence_lengths': (3500,), 'prev_treatments': (3500, 28, 1), 'vitals': (3500, 28, 14), 'next_vitals': (3500, 27, 14), 'current_treatments': (3500, 28, 1), 'static_features': (3500, 1), 'active_entries': (3500, 28, 1), 'outputs': (3500, 28, 1), 'unscaled_outputs': (3500, 28, 1), 'prev_outputs': (3500, 28, 1), 'coso_vitals': (3500, 28, 13), 'COSO': (3500, 28, 1)}
[2024-05-05 01:18:07,906][src.data.cancer_sim.dataset][INFO] - Shape of processed val data: {'sequence_lengths': (750,), 'prev_treatments': (750, 28, 1), 'vitals': (750, 28, 14), 'next_vitals': (750, 27, 14), 'current_treatments': (750, 28, 1), 'static_features': (750, 1), 'active_entries': (750, 28, 1), 'outputs': (750, 28, 1), 'unscaled_outputs': (750, 28, 1), 'prev_outputs': (750, 28, 1), 'coso_vitals': (750, 28, 13), 'COSO': (750, 28, 1)}
[2024-05-05 01:18:07,906][src.data.cancer_sim.dataset][INFO] - Shape of processed test data: {'sequence_lengths': (750,), 'prev_treatments': (750, 28, 1), 'vitals': (750, 28, 14), 'next_vitals': (750, 27, 14), 'current_treatments': (750, 28, 1), 'static_features': (750, 1), 'active_entries': (750, 28, 1), 'outputs': (750, 28, 1), 'unscaled_outputs': (750, 28, 1), 'prev_outputs': (750, 28, 1), 'coso_vitals': (750, 28, 13), 'COSO': (750, 28, 1)}
[2024-05-05 01:18:07,922][src.data.cancer_sim.dataset][INFO] - Exploding test dataset before testing (multiple sequences)
[2024-05-05 01:18:08,031][src.data.cancer_sim.dataset][INFO] - Shape of processed test data: {'prev_treatments': (13777, 28, 1), 'current_treatments': (13777, 28, 1), 'static_features': (13777, 1), 'prev_outputs': (13777, 28, 1), 'outputs': (13777, 28, 1), 'vitals': (13777, 28, 14), 'next_vitals': (13777, 27, 14), 'unscaled_outputs': (13777, 28, 1), 'sequence_lengths': (13777,), 'active_entries': (13777, 28, 1)}
[2024-05-05 01:18:08,031][src.data.cancer_sim.dataset][INFO] - Processing test dataset before testing (multiple sequences)
[2024-05-05 01:18:08,140][src.data.cancer_sim.dataset][INFO] - Shape of processed test data: {'original_index': (13777,), 'active_encoder_r': (13777, 23), 'prev_treatments': (13777, 5, 1), 'current_treatments': (13777, 5, 1), 'static_features': (13777, 1), 'prev_outputs': (13777, 5, 1), 'outputs': (13777, 5, 1), 'unscaled_outputs': (13777, 5, 1), 'sequence_lengths': (13777,), 'active_entries': (13777, 5, 1)}
[2024-05-05 01:18:08,281][src.models.gnet][INFO] - Input size of g_net: 17
[2024-05-05 01:18:08,312][src.data.dataset_collection][INFO] - Splited train_f on train_f: 3150 and train_f_holdout: 350
[2024-05-05 01:18:08,312][src.data.dataset_collection][INFO] - Exploding test_f 50 times
[2024-05-05 01:18:08,343][src.data.dataset_collection][INFO] - Exploding test_f 50 times
[2024-05-05 01:18:08,375][src.data.dataset_collection][INFO] - Exploding test_f 50 times
[2024-05-05 01:18:08,406][src.data.dataset_collection][INFO] - Exploding test_f 50 times
[2024-05-05 01:18:08,437][src.data.dataset_collection][INFO] - Exploding test_f 50 times
[2024-05-05 01:18:08,468][src.data.dataset_collection][INFO] - Exploding test_f 50 times
[2024-05-05 01:18:08,500][src.data.dataset_collection][INFO] - Exploding test_f 50 times
[2024-05-05 01:18:08,531][src.data.dataset_collection][INFO] - Exploding test_f 50 times
[2024-05-05 01:18:08,562][src.data.dataset_collection][INFO] - Exploding test_f 50 times
[2024-05-05 01:18:08,609][src.data.dataset_collection][INFO] - Exploding test_f 50 times
[2024-05-05 01:18:08,625][src.data.dataset_collection][INFO] - Exploding test_f 50 times
[2024-05-05 01:18:08,656][src.data.dataset_collection][INFO] - Exploding test_f 50 times
[2024-05-05 01:18:08,687][src.data.dataset_collection][INFO] - Exploding test_f 50 times
[2024-05-05 01:18:08,734][src.data.dataset_collection][INFO] - Exploding test_f 50 times
[2024-05-05 01:18:08,765][src.data.dataset_collection][INFO] - Exploding test_f 50 times
[2024-05-05 01:18:08,796][src.data.dataset_collection][INFO] - Exploding test_f 50 times
[2024-05-05 01:18:08,828][src.data.dataset_collection][INFO] - Exploding test_f 50 times
[2024-05-05 01:18:08,859][src.data.dataset_collection][INFO] - Exploding test_f 50 times
[2024-05-05 01:18:08,890][src.data.dataset_collection][INFO] - Exploding test_f 50 times
[2024-05-05 01:18:08,921][src.data.dataset_collection][INFO] - Exploding test_f 50 times
[2024-05-05 01:18:08,953][src.data.dataset_collection][INFO] - Exploding test_f 50 times
[2024-05-05 01:18:08,984][src.data.dataset_collection][INFO] - Exploding test_f 50 times
[2024-05-05 01:18:09,015][src.data.dataset_collection][INFO] - Exploding test_f 50 times
[2024-05-05 01:18:09,046][src.data.dataset_collection][INFO] - Exploding test_f 50 times
[2024-05-05 01:18:09,078][src.data.dataset_collection][INFO] - Exploding test_f 50 times
[2024-05-05 01:18:09,109][src.data.dataset_collection][INFO] - Exploding test_f 50 times
[2024-05-05 01:18:09,140][src.data.dataset_collection][INFO] - Exploding test_f 50 times
[2024-05-05 01:18:09,171][src.data.dataset_collection][INFO] - Exploding test_f 50 times
[2024-05-05 01:18:09,203][src.data.dataset_collection][INFO] - Exploding test_f 50 times
[2024-05-05 01:18:09,234][src.data.dataset_collection][INFO] - Exploding test_f 50 times
[2024-05-05 01:18:09,265][src.data.dataset_collection][INFO] - Exploding test_f 50 times
[2024-05-05 01:18:09,296][src.data.dataset_collection][INFO] - Exploding test_f 50 times
[2024-05-05 01:18:09,328][src.data.dataset_collection][INFO] - Exploding test_f 50 times
[2024-05-05 01:18:09,359][src.data.dataset_collection][INFO] - Exploding test_f 50 times
[2024-05-05 01:18:09,390][src.data.dataset_collection][INFO] - Exploding test_f 50 times
[2024-05-05 01:18:09,421][src.data.dataset_collection][INFO] - Exploding test_f 50 times
[2024-05-05 01:18:09,453][src.data.dataset_collection][INFO] - Exploding test_f 50 times
[2024-05-05 01:18:09,484][src.data.dataset_collection][INFO] - Exploding test_f 50 times
[2024-05-05 01:18:09,515][src.data.dataset_collection][INFO] - Exploding test_f 50 times
[2024-05-05 01:18:09,546][src.data.dataset_collection][INFO] - Exploding test_f 50 times
[2024-05-05 01:18:09,578][src.data.dataset_collection][INFO] - Exploding test_f 50 times
[2024-05-05 01:18:09,609][src.data.dataset_collection][INFO] - Exploding test_f 50 times
[2024-05-05 01:18:09,640][src.data.dataset_collection][INFO] - Exploding test_f 50 times
[2024-05-05 01:18:09,671][src.data.dataset_collection][INFO] - Exploding test_f 50 times
[2024-05-05 01:18:09,702][src.data.dataset_collection][INFO] - Exploding test_f 50 times
[2024-05-05 01:18:09,734][src.data.dataset_collection][INFO] - Exploding test_f 50 times
[2024-05-05 01:18:09,765][src.data.dataset_collection][INFO] - Exploding test_f 50 times
[2024-05-05 01:18:09,796][src.data.dataset_collection][INFO] - Exploding test_f 50 times
[2024-05-05 01:18:09,827][src.data.dataset_collection][INFO] - Exploding test_f 50 times
[2024-05-05 01:18:09,874][src.data.dataset_collection][INFO] - Exploding test_f 50 times
[2024-05-05 01:20:19,844][src.models.gnet][INFO] - Fitting residuals based on train_f_holdout.
[2024-05-05 01:20:19,844][src.models.gnet][INFO] - Predictions for train.
[2024-05-05 01:20:20,719][src.models.time_varying_model][INFO] - RMSE calculation for val.
[2024-05-05 01:20:20,719][src.models.gnet][INFO] - Predictions for val.
[2024-05-05 01:20:21,656][__main__][INFO] - Val normalised RMSE (all): 5.849371018575593; Val normalised RMSE (orig): nan
[2024-05-05 01:20:21,656][src.models.time_varying_model][INFO] - RMSE calculation for test.
[2024-05-05 01:20:21,656][src.models.gnet][INFO] - Predictions for test.
[2024-05-05 01:20:22,578][__main__][INFO] - Test normalised RMSE (all): 5.897363486793738; Test normalised RMSE (orig): nan.
[2024-05-05 01:20:22,640][src.models.time_varying_model][INFO] - RMSE calculation for test.
[2024-05-05 01:20:22,640][src.models.gnet][INFO] - Autoregressive Prediction for test with MC-sampling of trajectories.
[2024-05-05 01:20:22,640][src.models.gnet][INFO] - t = 1
[2024-05-05 01:20:22,640][src.models.gnet][INFO] - Predictions for test.
[2024-05-05 01:20:24,327][src.models.gnet][INFO] - Predictions for test.
[2024-05-05 01:20:25,749][src.models.gnet][INFO] - Predictions for test.
[2024-05-05 01:20:27,467][src.models.gnet][INFO] - Predictions for test.
[2024-05-05 01:20:29,029][src.models.gnet][INFO] - Predictions for test.
[2024-05-05 01:20:30,591][src.models.gnet][INFO] - Predictions for test.
[2024-05-05 01:20:32,216][src.models.gnet][INFO] - Predictions for test.
[2024-05-05 01:20:33,747][src.models.gnet][INFO] - Predictions for test.
[2024-05-05 01:20:35,168][src.models.gnet][INFO] - Predictions for test.
[2024-05-05 01:20:36,824][src.models.gnet][INFO] - Predictions for test.
[2024-05-05 01:20:38,386][src.models.gnet][INFO] - Predictions for test.
[2024-05-05 01:20:39,839][src.models.gnet][INFO] - Predictions for test.
[2024-05-05 01:20:41,433][src.models.gnet][INFO] - Predictions for test.
[2024-05-05 01:20:43,073][src.models.gnet][INFO] - Predictions for test.
[2024-05-05 01:20:44,619][src.models.gnet][INFO] - Predictions for test.
[2024-05-05 01:20:46,041][src.models.gnet][INFO] - Predictions for test.
[2024-05-05 01:20:47,712][src.models.gnet][INFO] - Predictions for test.
[2024-05-05 01:20:49,275][src.models.gnet][INFO] - Predictions for test.
[2024-05-05 01:20:50,821][src.models.gnet][INFO] - Predictions for test.
[2024-05-05 01:20:52,336][src.models.gnet][INFO] - Predictions for test.
[2024-05-05 01:20:53,898][src.models.gnet][INFO] - Predictions for test.
[2024-05-05 01:20:55,461][src.models.gnet][INFO] - Predictions for test.
[2024-05-05 01:20:57,054][src.models.gnet][INFO] - Predictions for test.
[2024-05-05 01:20:58,647][src.models.gnet][INFO] - Predictions for test.
[2024-05-05 01:21:00,225][src.models.gnet][INFO] - Predictions for test.
[2024-05-05 01:21:01,959][src.models.gnet][INFO] - Predictions for test.
[2024-05-05 01:21:03,521][src.models.gnet][INFO] - Predictions for test.
[2024-05-05 01:21:04,974][src.models.gnet][INFO] - Predictions for test.
[2024-05-05 01:21:06,630][src.models.gnet][INFO] - Predictions for test.
[2024-05-05 01:21:08,192][src.models.gnet][INFO] - Predictions for test.
[2024-05-05 01:21:09,754][src.models.gnet][INFO] - Predictions for test.
[2024-05-05 01:21:11,285][src.models.gnet][INFO] - Predictions for test.
[2024-05-05 01:21:12,956][src.models.gnet][INFO] - Predictions for test.
[2024-05-05 01:21:14,534][src.models.gnet][INFO] - Predictions for test.
[2024-05-05 01:21:16,112][src.models.gnet][INFO] - Predictions for test.
[2024-05-05 01:21:18,190][src.models.gnet][INFO] - Predictions for test.
[2024-05-05 01:21:19,611][src.models.gnet][INFO] - Predictions for test.
[2024-05-05 01:21:21,205][src.models.gnet][INFO] - Predictions for test.
[2024-05-05 01:21:22,814][src.models.gnet][INFO] - Predictions for test.
[2024-05-05 01:21:24,251][src.models.gnet][INFO] - Predictions for test.
[2024-05-05 01:21:25,907][src.models.gnet][INFO] - Predictions for test.
[2024-05-05 01:21:27,531][src.models.gnet][INFO] - Predictions for test.
[2024-05-05 01:21:29,109][src.models.gnet][INFO] - Predictions for test.
[2024-05-05 01:21:30,655][src.models.gnet][INFO] - Predictions for test.
[2024-05-05 01:21:32,202][src.models.gnet][INFO] - Predictions for test.
[2024-05-05 01:21:33,795][src.models.gnet][INFO] - Predictions for test.
[2024-05-05 01:21:35,389][src.models.gnet][INFO] - Predictions for test.
[2024-05-05 01:21:37,060][src.models.gnet][INFO] - Predictions for test.
[2024-05-05 01:21:38,607][src.models.gnet][INFO] - Predictions for test.
[2024-05-05 01:21:40,231][src.models.gnet][INFO] - Predictions for test.
[2024-05-05 01:21:41,965][src.models.gnet][INFO] - t = 2
[2024-05-05 01:21:41,965][src.models.gnet][INFO] - Predictions for test.
[2024-05-05 01:21:43,527][src.models.gnet][INFO] - Predictions for test.
[2024-05-05 01:21:45,043][src.models.gnet][INFO] - Predictions for test.
[2024-05-05 01:21:46,620][src.models.gnet][INFO] - Predictions for test.
[2024-05-05 01:21:48,214][src.models.gnet][INFO] - Predictions for test.
[2024-05-05 01:21:49,807][src.models.gnet][INFO] - Predictions for test.
[2024-05-05 01:21:51,447][src.models.gnet][INFO] - Predictions for test.
[2024-05-05 01:21:53,103][src.models.gnet][INFO] - Predictions for test.
[2024-05-05 01:21:54,665][src.models.gnet][INFO] - Predictions for test.
[2024-05-05 01:21:56,821][src.models.gnet][INFO] - Predictions for test.
[2024-05-05 01:21:58,383][src.models.gnet][INFO] - Predictions for test.
[2024-05-05 01:21:59,836][src.models.gnet][INFO] - Predictions for test.
[2024-05-05 01:22:01,523][src.models.gnet][INFO] - Predictions for test.
[2024-05-05 01:22:03,101][src.models.gnet][INFO] - Predictions for test.
[2024-05-05 01:22:04,741][src.models.gnet][INFO] - Predictions for test.
[2024-05-05 01:22:06,303][src.models.gnet][INFO] - Predictions for test.
[2024-05-05 01:22:07,866][src.models.gnet][INFO] - Predictions for test.
[2024-05-05 01:22:09,396][src.models.gnet][INFO] - Predictions for test.
[2024-05-05 01:22:10,943][src.models.gnet][INFO] - Predictions for test.
[2024-05-05 01:22:12,552][src.models.gnet][INFO] - Predictions for test.
[2024-05-05 01:22:14,114][src.models.gnet][INFO] - Predictions for test.
[2024-05-05 01:22:15,754][src.models.gnet][INFO] - Predictions for test.
[2024-05-05 01:22:17,316][src.models.gnet][INFO] - Predictions for test.
[2024-05-05 01:22:18,894][src.models.gnet][INFO] - Predictions for test.
[2024-05-05 01:22:20,425][src.models.gnet][INFO] - Predictions for test.
[2024-05-05 01:22:22,003][src.models.gnet][INFO] - Predictions for test.
[2024-05-05 01:22:23,721][src.models.gnet][INFO] - Predictions for test.
[2024-05-05 01:22:25,315][src.models.gnet][INFO] - Predictions for test.
[2024-05-05 01:22:26,845][src.models.gnet][INFO] - Predictions for test.
[2024-05-05 01:22:28,423][src.models.gnet][INFO] - Predictions for test.
[2024-05-05 01:22:30,095][src.models.gnet][INFO] - Predictions for test.
[2024-05-05 01:22:31,766][src.models.gnet][INFO] - Predictions for test.
[2024-05-05 01:22:33,188][src.models.gnet][INFO] - Predictions for test.
[2024-05-05 01:22:34,844][src.models.gnet][INFO] - Predictions for test.
[2024-05-05 01:22:36,468][src.models.gnet][INFO] - Predictions for test.
[2024-05-05 01:22:38,030][src.models.gnet][INFO] - Predictions for test.
[2024-05-05 01:22:39,655][src.models.gnet][INFO] - Predictions for test.
[2024-05-05 01:22:41,201][src.models.gnet][INFO] - Predictions for test.
[2024-05-05 01:22:42,701][src.models.gnet][INFO] - Predictions for test.
[2024-05-05 01:22:44,279][src.models.gnet][INFO] - Predictions for test.
[2024-05-05 01:22:45,872][src.models.gnet][INFO] - Predictions for test.
[2024-05-05 01:22:47,450][src.models.gnet][INFO] - Predictions for test.
[2024-05-05 01:22:49,075][src.models.gnet][INFO] - Predictions for test.
[2024-05-05 01:22:50,637][src.models.gnet][INFO] - Predictions for test.
[2024-05-05 01:22:52,183][src.models.gnet][INFO] - Predictions for test.
[2024-05-05 01:22:53,839][src.models.gnet][INFO] - Predictions for test.
[2024-05-05 01:22:55,386][src.models.gnet][INFO] - Predictions for test.
[2024-05-05 01:22:57,166][src.models.gnet][INFO] - Predictions for test.
[2024-05-05 01:22:58,791][src.models.gnet][INFO] - Predictions for test.
[2024-05-05 01:23:00,369][src.models.gnet][INFO] - Predictions for test.
[2024-05-05 01:23:02,009][src.models.gnet][INFO] - t = 3
[2024-05-05 01:23:02,009][src.models.gnet][INFO] - Predictions for test.
[2024-05-05 01:23:03,571][src.models.gnet][INFO] - Predictions for test.
[2024-05-05 01:23:05,118][src.models.gnet][INFO] - Predictions for test.
[2024-05-05 01:23:06,571][src.models.gnet][INFO] - Predictions for test.
[2024-05-05 01:23:08,242][src.models.gnet][INFO] - Predictions for test.
[2024-05-05 01:23:09,820][src.models.gnet][INFO] - Predictions for test.
[2024-05-05 01:23:11,398][src.models.gnet][INFO] - Predictions for test.
[2024-05-05 01:23:13,038][src.models.gnet][INFO] - Predictions for test.
[2024-05-05 01:23:14,584][src.models.gnet][INFO] - Predictions for test.
[2024-05-05 01:23:16,146][src.models.gnet][INFO] - Predictions for test.
[2024-05-05 01:23:17,662][src.models.gnet][INFO] - Predictions for test.
[2024-05-05 01:23:19,239][src.models.gnet][INFO] - Predictions for test.
[2024-05-05 01:23:20,880][src.models.gnet][INFO] - Predictions for test.
[2024-05-05 01:23:22,442][src.models.gnet][INFO] - Predictions for test.
[2024-05-05 01:23:24,004][src.models.gnet][INFO] - Predictions for test.
[2024-05-05 01:23:25,410][src.models.gnet][INFO] - Predictions for test.
[2024-05-05 01:23:27,222][src.models.gnet][INFO] - Predictions for test.
[2024-05-05 01:23:28,675][src.models.gnet][INFO] - Predictions for test.
[2024-05-05 01:23:30,252][src.models.gnet][INFO] - Predictions for test.
[2024-05-05 01:23:31,924][src.models.gnet][INFO] - Predictions for test.
[2024-05-05 01:23:33,658][src.models.gnet][INFO] - Predictions for test.
[2024-05-05 01:23:35,345][src.models.gnet][INFO] - Predictions for test.
[2024-05-05 01:23:37,142][src.models.gnet][INFO] - Predictions for test.
[2024-05-05 01:23:38,813][src.models.gnet][INFO] - Predictions for test.
[2024-05-05 01:23:40,516][src.models.gnet][INFO] - Predictions for test.
[2024-05-05 01:23:42,093][src.models.gnet][INFO] - Predictions for test.
[2024-05-05 01:23:43,671][src.models.gnet][INFO] - Predictions for test.
[2024-05-05 01:23:45,233][src.models.gnet][INFO] - Predictions for test.
[2024-05-05 01:23:46,999][src.models.gnet][INFO] - Predictions for test.
[2024-05-05 01:23:48,639][src.models.gnet][INFO] - Predictions for test.
[2024-05-05 01:23:50,326][src.models.gnet][INFO] - Predictions for test.
[2024-05-05 01:23:52,060][src.models.gnet][INFO] - Predictions for test.
[2024-05-05 01:23:53,716][src.models.gnet][INFO] - Predictions for test.
[2024-05-05 01:23:55,262][src.models.gnet][INFO] - Predictions for test.
[2024-05-05 01:23:57,090][src.models.gnet][INFO] - Predictions for test.
[2024-05-05 01:23:58,652][src.models.gnet][INFO] - Predictions for test.
[2024-05-05 01:24:00,386][src.models.gnet][INFO] - Predictions for test.
[2024-05-05 01:24:01,839][src.models.gnet][INFO] - Predictions for test.
[2024-05-05 01:24:03,432][src.models.gnet][INFO] - Predictions for test.
[2024-05-05 01:24:04,963][src.models.gnet][INFO] - Predictions for test.
[2024-05-05 01:24:06,588][src.models.gnet][INFO] - Predictions for test.
[2024-05-05 01:24:08,025][src.models.gnet][INFO] - Predictions for test.
[2024-05-05 01:24:09,618][src.models.gnet][INFO] - Predictions for test.
[2024-05-05 01:24:11,259][src.models.gnet][INFO] - Predictions for test.
[2024-05-05 01:24:12,711][src.models.gnet][INFO] - Predictions for test.
[2024-05-05 01:24:14,289][src.models.gnet][INFO] - Predictions for test.
[2024-05-05 01:24:15,914][src.models.gnet][INFO] - Predictions for test.
[2024-05-05 01:24:17,476][src.models.gnet][INFO] - Predictions for test.
[2024-05-05 01:24:18,975][src.models.gnet][INFO] - Predictions for test.
[2024-05-05 01:24:20,569][src.models.gnet][INFO] - Predictions for test.
[2024-05-05 01:24:22,147][src.models.gnet][INFO] - t = 4
[2024-05-05 01:24:22,147][src.models.gnet][INFO] - Predictions for test.
[2024-05-05 01:24:23,709][src.models.gnet][INFO] - Predictions for test.
[2024-05-05 01:24:25,333][src.models.gnet][INFO] - Predictions for test.
[2024-05-05 01:24:26,895][src.models.gnet][INFO] - Predictions for test.
[2024-05-05 01:24:28,567][src.models.gnet][INFO] - Predictions for test.
[2024-05-05 01:24:30,067][src.models.gnet][INFO] - Predictions for test.
[2024-05-05 01:24:31,676][src.models.gnet][INFO] - Predictions for test.
[2024-05-05 01:24:33,363][src.models.gnet][INFO] - Predictions for test.
[2024-05-05 01:24:34,847][src.models.gnet][INFO] - Predictions for test.
[2024-05-05 01:24:36,440][src.models.gnet][INFO] - Predictions for test.
[2024-05-05 01:24:38,080][src.models.gnet][INFO] - Predictions for test.
[2024-05-05 01:24:39,643][src.models.gnet][INFO] - Predictions for test.
[2024-05-05 01:24:41,205][src.models.gnet][INFO] - Predictions for test.
[2024-05-05 01:24:42,751][src.models.gnet][INFO] - Predictions for test.
[2024-05-05 01:24:44,266][src.models.gnet][INFO] - Predictions for test.
[2024-05-05 01:24:45,844][src.models.gnet][INFO] - Predictions for test.
[2024-05-05 01:24:47,391][src.models.gnet][INFO] - Predictions for test.
[2024-05-05 01:24:48,922][src.models.gnet][INFO] - Predictions for test.
[2024-05-05 01:24:50,546][src.models.gnet][INFO] - Predictions for test.
[2024-05-05 01:24:52,108][src.models.gnet][INFO] - Predictions for test.
[2024-05-05 01:24:53,764][src.models.gnet][INFO] - Predictions for test.
[2024-05-05 01:24:55,389][src.models.gnet][INFO] - Predictions for test.
[2024-05-05 01:24:57,154][src.models.gnet][INFO] - Predictions for test.
[2024-05-05 01:24:58,794][src.models.gnet][INFO] - Predictions for test.
[2024-05-05 01:25:00,513][src.models.gnet][INFO] - Predictions for test.
[2024-05-05 01:25:01,950][src.models.gnet][INFO] - Predictions for test.
[2024-05-05 01:25:03,606][src.models.gnet][INFO] - Predictions for test.
[2024-05-05 01:25:05,277][src.models.gnet][INFO] - Predictions for test.
[2024-05-05 01:25:06,855][src.models.gnet][INFO] - Predictions for test.
[2024-05-05 01:25:08,495][src.models.gnet][INFO] - Predictions for test.
[2024-05-05 01:25:10,042][src.models.gnet][INFO] - Predictions for test.
[2024-05-05 01:25:11,698][src.models.gnet][INFO] - Predictions for test.
[2024-05-05 01:25:13,338][src.models.gnet][INFO] - Predictions for test.
[2024-05-05 01:25:15,134][src.models.gnet][INFO] - Predictions for test.
[2024-05-05 01:25:16,649][src.models.gnet][INFO] - Predictions for test.
[2024-05-05 01:25:18,243][src.models.gnet][INFO] - Predictions for test.
[2024-05-05 01:25:19,805][src.models.gnet][INFO] - Predictions for test.
[2024-05-05 01:25:21,367][src.models.gnet][INFO] - Predictions for test.
[2024-05-05 01:25:22,898][src.models.gnet][INFO] - Predictions for test.
[2024-05-05 01:25:24,476][src.models.gnet][INFO] - Predictions for test.
[2024-05-05 01:25:26,054][src.models.gnet][INFO] - Predictions for test.
[2024-05-05 01:25:27,709][src.models.gnet][INFO] - Predictions for test.
[2024-05-05 01:25:29,350][src.models.gnet][INFO] - Predictions for test.
[2024-05-05 01:25:30,912][src.models.gnet][INFO] - Predictions for test.
[2024-05-05 01:25:32,661][src.models.gnet][INFO] - Predictions for test.
[2024-05-05 01:25:34,192][src.models.gnet][INFO] - Predictions for test.
[2024-05-05 01:25:35,864][src.models.gnet][INFO] - Predictions for test.
[2024-05-05 01:25:37,395][src.models.gnet][INFO] - Predictions for test.
[2024-05-05 01:25:38,988][src.models.gnet][INFO] - Predictions for test.
[2024-05-05 01:25:40,550][src.models.gnet][INFO] - Predictions for test.
[2024-05-05 01:25:42,300][src.models.gnet][INFO] - t = 5
[2024-05-05 01:25:42,315][src.models.gnet][INFO] - Predictions for test.
[2024-05-05 01:25:43,862][src.models.gnet][INFO] - Predictions for test.
[2024-05-05 01:25:45,299][src.models.gnet][INFO] - Predictions for test.
[2024-05-05 01:25:46,971][src.models.gnet][INFO] - Predictions for test.
[2024-05-05 01:25:48,564][src.models.gnet][INFO] - Predictions for test.
[2024-05-05 01:25:50,142][src.models.gnet][INFO] - Predictions for test.
[2024-05-05 01:25:51,704][src.models.gnet][INFO] - Predictions for test.
[2024-05-05 01:25:53,360][src.models.gnet][INFO] - Predictions for test.
[2024-05-05 01:25:54,969][src.models.gnet][INFO] - Predictions for test.
[2024-05-05 01:25:56,468][src.models.gnet][INFO] - Predictions for test.
[2024-05-05 01:25:58,062][src.models.gnet][INFO] - Predictions for test.
[2024-05-05 01:25:59,639][src.models.gnet][INFO] - Predictions for test.
[2024-05-05 01:26:01,280][src.models.gnet][INFO] - Predictions for test.
[2024-05-05 01:26:02,842][src.models.gnet][INFO] - Predictions for test.
[2024-05-05 01:26:04,404][src.models.gnet][INFO] - Predictions for test.
[2024-05-05 01:26:06,013][src.models.gnet][INFO] - Predictions for test.
[2024-05-05 01:26:07,434][src.models.gnet][INFO] - Predictions for test.
[2024-05-05 01:26:09,043][src.models.gnet][INFO] - Predictions for test.
[2024-05-05 01:26:10,652][src.models.gnet][INFO] - Predictions for test.
[2024-05-05 01:26:12,215][src.models.gnet][INFO] - Predictions for test.
[2024-05-05 01:26:13,917][src.models.gnet][INFO] - Predictions for test.
[2024-05-05 01:26:15,495][src.models.gnet][INFO] - Predictions for test.
[2024-05-05 01:26:17,057][src.models.gnet][INFO] - Predictions for test.
[2024-05-05 01:26:18,510][src.models.gnet][INFO] - Predictions for test.
[2024-05-05 01:26:20,182][src.models.gnet][INFO] - Predictions for test.
[2024-05-05 01:26:21,744][src.models.gnet][INFO] - Predictions for test.
[2024-05-05 01:26:23,306][src.models.gnet][INFO] - Predictions for test.
[2024-05-05 01:26:24,915][src.models.gnet][INFO] - Predictions for test.
[2024-05-05 01:26:26,368][src.models.gnet][INFO] - Predictions for test.
[2024-05-05 01:26:27,945][src.models.gnet][INFO] - Predictions for test.
[2024-05-05 01:26:29,570][src.models.gnet][INFO] - Predictions for test.
[2024-05-05 01:26:31,163][src.models.gnet][INFO] - Predictions for test.
[2024-05-05 01:26:32,772][src.models.gnet][INFO] - Predictions for test.
[2024-05-05 01:26:34,209][src.models.gnet][INFO] - Predictions for test.
[2024-05-05 01:26:35,787][src.models.gnet][INFO] - Predictions for test.
[2024-05-05 01:26:37,349][src.models.gnet][INFO] - Predictions for test.
[2024-05-05 01:26:38,865][src.models.gnet][INFO] - Predictions for test.
[2024-05-05 01:26:40,458][src.models.gnet][INFO] - Predictions for test.
[2024-05-05 01:26:42,130][src.models.gnet][INFO] - Predictions for test.
[2024-05-05 01:26:43,770][src.models.gnet][INFO] - Predictions for test.
[2024-05-05 01:26:45,191][src.models.gnet][INFO] - Predictions for test.
[2024-05-05 01:26:46,785][src.models.gnet][INFO] - Predictions for test.
[2024-05-05 01:26:48,425][src.models.gnet][INFO] - Predictions for test.
[2024-05-05 01:26:49,971][src.models.gnet][INFO] - Predictions for test.
[2024-05-05 01:26:51,659][src.models.gnet][INFO] - Predictions for test.
[2024-05-05 01:26:53,330][src.models.gnet][INFO] - Predictions for test.
[2024-05-05 01:26:54,908][src.models.gnet][INFO] - Predictions for test.
[2024-05-05 01:26:56,392][src.models.gnet][INFO] - Predictions for test.
[2024-05-05 01:26:58,079][src.models.gnet][INFO] - Predictions for test.
[2024-05-05 01:26:59,610][src.models.gnet][INFO] - Predictions for test.
[2024-05-05 01:27:01,172][src.models.gnet][INFO] - t = 6
[2024-05-05 01:27:01,172][src.models.gnet][INFO] - Predictions for test.
[2024-05-05 01:27:02,812][src.models.gnet][INFO] - Predictions for test.
[2024-05-05 01:27:04,437][src.models.gnet][INFO] - Predictions for test.
[2024-05-05 01:27:05,999][src.models.gnet][INFO] - Predictions for test.
[2024-05-05 01:27:07,639][src.models.gnet][INFO] - Predictions for test.
[2024-05-05 01:27:09,264][src.models.gnet][INFO] - Predictions for test.
[2024-05-05 01:27:10,888][src.models.gnet][INFO] - Predictions for test.
[2024-05-05 01:27:12,497][src.models.gnet][INFO] - Predictions for test.
[2024-05-05 01:27:14,153][src.models.gnet][INFO] - Predictions for test.
[2024-05-05 01:27:15,700][src.models.gnet][INFO] - Predictions for test.
[2024-05-05 01:27:17,309][src.models.gnet][INFO] - Predictions for test.
[2024-05-05 01:27:18,902][src.models.gnet][INFO] - Predictions for test.
[2024-05-05 01:27:20,605][src.models.gnet][INFO] - Predictions for test.
[2024-05-05 01:27:22,214][src.models.gnet][INFO] - Predictions for test.
[2024-05-05 01:27:23,651][src.models.gnet][INFO] - Predictions for test.
[2024-05-05 01:27:25,213][src.models.gnet][INFO] - Predictions for test.
[2024-05-05 01:27:26,932][src.models.gnet][INFO] - Predictions for test.
[2024-05-05 01:27:28,494][src.models.gnet][INFO] - Predictions for test.
[2024-05-05 01:27:30,134][src.models.gnet][INFO] - Predictions for test.
[2024-05-05 01:27:31,946][src.models.gnet][INFO] - Predictions for test.
[2024-05-05 01:27:33,571][src.models.gnet][INFO] - Predictions for test.
[2024-05-05 01:27:35,133][src.models.gnet][INFO] - Predictions for test.
[2024-05-05 01:27:36,773][src.models.gnet][INFO] - Predictions for test.
[2024-05-05 01:27:38,413][src.models.gnet][INFO] - Predictions for test.
[2024-05-05 01:27:39,975][src.models.gnet][INFO] - Predictions for test.
[2024-05-05 01:27:41,647][src.models.gnet][INFO] - Predictions for test.
[2024-05-05 01:27:43,209][src.models.gnet][INFO] - Predictions for test.
[2024-05-05 01:27:44,834][src.models.gnet][INFO] - Predictions for test.
[2024-05-05 01:27:46,443][src.models.gnet][INFO] - Predictions for test.
[2024-05-05 01:27:48,083][src.models.gnet][INFO] - Predictions for test.
[2024-05-05 01:27:49,723][src.models.gnet][INFO] - Predictions for test.
[2024-05-05 01:27:51,270][src.models.gnet][INFO] - Predictions for test.
[2024-05-05 01:27:52,879][src.models.gnet][INFO] - Predictions for test.
[2024-05-05 01:27:54,753][src.models.gnet][INFO] - Predictions for test.
[2024-05-05 01:27:56,268][src.models.gnet][INFO] - Predictions for test.
[2024-05-05 01:27:57,831][src.models.gnet][INFO] - Predictions for test.
[2024-05-05 01:27:59,377][src.models.gnet][INFO] - Predictions for test.
[2024-05-05 01:28:00,924][src.models.gnet][INFO] - Predictions for test.
[2024-05-05 01:28:02,501][src.models.gnet][INFO] - Predictions for test.
[2024-05-05 01:28:04,079][src.models.gnet][INFO] - Predictions for test.
[2024-05-05 01:28:05,704][src.models.gnet][INFO] - Predictions for test.
[2024-05-05 01:28:07,266][src.models.gnet][INFO] - Predictions for test.
[2024-05-05 01:28:08,890][src.models.gnet][INFO] - Predictions for test.
[2024-05-05 01:28:10,437][src.models.gnet][INFO] - Predictions for test.
[2024-05-05 01:28:11,999][src.models.gnet][INFO] - Predictions for test.
[2024-05-05 01:28:13,546][src.models.gnet][INFO] - Predictions for test.
[2024-05-05 01:28:15,264][src.models.gnet][INFO] - Predictions for test.
[2024-05-05 01:28:16,795][src.models.gnet][INFO] - Predictions for test.
[2024-05-05 01:28:18,373][src.models.gnet][INFO] - Predictions for test.
[2024-05-05 01:28:20,013][src.models.gnet][INFO] - Predictions for test.
[2024-05-05 01:28:21,700][__main__][INFO] - Test normalised RMSE (n-step prediction): {'2-step': 19.95686688162058, '3-step': 27.182098056963454, '4-step': 32.750473103357834, '5-step': 39.850031758120615, '6-step': 44.30589363943294}
