[2024-05-05 01:28:21,981][__main__][INFO] - 
model:
  dim_treatments: 4
  dim_vitals: 0
  dim_static_features: 1
  dim_outcomes: 1
  dim_cosovitals: ???
  dim_abstract_confounders: ???
  dim_s: ???
  name: G-Net
  g_net:
    _target_: src.models.gnet.GNet
    seq_hidden_units: 48
    num_layer: 1
    r_size: 2
    fc_hidden_units: 40
    num_comp: 1
    mc_samples: 50
    fit_vitals: true
    comp_sizes: null
    batch_size: 64
    dropout_rate: 0.2
    optimizer:
      optimizer_cls: adam
      learning_rate: 0.01
      weight_decay: 0.0
      lr_scheduler: false
    tune_hparams: false
    tune_range: 50
    hparams_grid: null
    resources_per_trial: null
dataset:
  val_batch_size: 4096
  treatment_mode: multiclass
  _target_: src.data.SyntheticVitalDatasetCollection
  name: tumor_generator
  seed: 100
  num_confounder: 4
  num_u: 1
  split:
    val: 0.15
    test: 0.15
  window_size: 15
  lag: 0
  max_seq_length: 60
  projection_horizon: 5
  cf_seq_mode: sliding_treatment
  time_step: 30
  holdout_ratio: 0.1
exp:
  seed: 100
  gpus:
  - 0
  max_epochs: 100
  logging: true
  mlflow_uri: http://127.0.0.1:5000
  unscale_rmse: true
  percentage_rmse: true
  alpha: 1.0
  update_alpha: false
  alpha_rate: exp
  balancing: grad_reverse
  bce_weight: false
  weights_ema: false
  beta: 0.99

[2024-05-05 01:28:45,023][src.data.cancer_sim.dataset][INFO] - Shape of processed train data: {'sequence_lengths': (3500,), 'prev_treatments': (3500, 28, 1), 'vitals': (3500, 28, 14), 'next_vitals': (3500, 27, 14), 'current_treatments': (3500, 28, 1), 'static_features': (3500, 1), 'active_entries': (3500, 28, 1), 'outputs': (3500, 28, 1), 'unscaled_outputs': (3500, 28, 1), 'prev_outputs': (3500, 28, 1), 'coso_vitals': (3500, 28, 13), 'COSO': (3500, 28, 1)}
[2024-05-05 01:28:45,023][src.data.cancer_sim.dataset][INFO] - Shape of processed val data: {'sequence_lengths': (750,), 'prev_treatments': (750, 28, 1), 'vitals': (750, 28, 14), 'next_vitals': (750, 27, 14), 'current_treatments': (750, 28, 1), 'static_features': (750, 1), 'active_entries': (750, 28, 1), 'outputs': (750, 28, 1), 'unscaled_outputs': (750, 28, 1), 'prev_outputs': (750, 28, 1), 'coso_vitals': (750, 28, 13), 'COSO': (750, 28, 1)}
[2024-05-05 01:28:45,023][src.data.cancer_sim.dataset][INFO] - Shape of processed test data: {'sequence_lengths': (750,), 'prev_treatments': (750, 28, 1), 'vitals': (750, 28, 14), 'next_vitals': (750, 27, 14), 'current_treatments': (750, 28, 1), 'static_features': (750, 1), 'active_entries': (750, 28, 1), 'outputs': (750, 28, 1), 'unscaled_outputs': (750, 28, 1), 'prev_outputs': (750, 28, 1), 'coso_vitals': (750, 28, 13), 'COSO': (750, 28, 1)}
[2024-05-05 01:28:45,038][src.data.cancer_sim.dataset][INFO] - Exploding test dataset before testing (multiple sequences)
[2024-05-05 01:28:45,132][src.data.cancer_sim.dataset][INFO] - Shape of processed test data: {'prev_treatments': (13988, 28, 1), 'current_treatments': (13988, 28, 1), 'static_features': (13988, 1), 'prev_outputs': (13988, 28, 1), 'outputs': (13988, 28, 1), 'vitals': (13988, 28, 14), 'next_vitals': (13988, 27, 14), 'unscaled_outputs': (13988, 28, 1), 'sequence_lengths': (13988,), 'active_entries': (13988, 28, 1)}
[2024-05-05 01:28:45,148][src.data.cancer_sim.dataset][INFO] - Processing test dataset before testing (multiple sequences)
[2024-05-05 01:28:45,257][src.data.cancer_sim.dataset][INFO] - Shape of processed test data: {'original_index': (13988,), 'active_encoder_r': (13988, 23), 'prev_treatments': (13988, 5, 1), 'current_treatments': (13988, 5, 1), 'static_features': (13988, 1), 'prev_outputs': (13988, 5, 1), 'outputs': (13988, 5, 1), 'unscaled_outputs': (13988, 5, 1), 'sequence_lengths': (13988,), 'active_entries': (13988, 5, 1)}
[2024-05-05 01:28:45,382][src.models.gnet][INFO] - Input size of g_net: 17
[2024-05-05 01:28:45,413][src.data.dataset_collection][INFO] - Splited train_f on train_f: 3150 and train_f_holdout: 350
[2024-05-05 01:28:45,429][src.data.dataset_collection][INFO] - Exploding test_f 50 times
[2024-05-05 01:28:45,444][src.data.dataset_collection][INFO] - Exploding test_f 50 times
[2024-05-05 01:28:45,476][src.data.dataset_collection][INFO] - Exploding test_f 50 times
[2024-05-05 01:28:45,507][src.data.dataset_collection][INFO] - Exploding test_f 50 times
[2024-05-05 01:28:45,538][src.data.dataset_collection][INFO] - Exploding test_f 50 times
[2024-05-05 01:28:45,569][src.data.dataset_collection][INFO] - Exploding test_f 50 times
[2024-05-05 01:28:45,601][src.data.dataset_collection][INFO] - Exploding test_f 50 times
[2024-05-05 01:28:45,632][src.data.dataset_collection][INFO] - Exploding test_f 50 times
[2024-05-05 01:28:45,663][src.data.dataset_collection][INFO] - Exploding test_f 50 times
[2024-05-05 01:28:45,694][src.data.dataset_collection][INFO] - Exploding test_f 50 times
[2024-05-05 01:28:45,726][src.data.dataset_collection][INFO] - Exploding test_f 50 times
[2024-05-05 01:28:45,757][src.data.dataset_collection][INFO] - Exploding test_f 50 times
[2024-05-05 01:28:45,788][src.data.dataset_collection][INFO] - Exploding test_f 50 times
[2024-05-05 01:28:45,819][src.data.dataset_collection][INFO] - Exploding test_f 50 times
[2024-05-05 01:28:45,851][src.data.dataset_collection][INFO] - Exploding test_f 50 times
[2024-05-05 01:28:45,882][src.data.dataset_collection][INFO] - Exploding test_f 50 times
[2024-05-05 01:28:45,913][src.data.dataset_collection][INFO] - Exploding test_f 50 times
[2024-05-05 01:28:45,944][src.data.dataset_collection][INFO] - Exploding test_f 50 times
[2024-05-05 01:28:45,976][src.data.dataset_collection][INFO] - Exploding test_f 50 times
[2024-05-05 01:28:46,007][src.data.dataset_collection][INFO] - Exploding test_f 50 times
[2024-05-05 01:28:46,038][src.data.dataset_collection][INFO] - Exploding test_f 50 times
[2024-05-05 01:28:46,069][src.data.dataset_collection][INFO] - Exploding test_f 50 times
[2024-05-05 01:28:46,101][src.data.dataset_collection][INFO] - Exploding test_f 50 times
[2024-05-05 01:28:46,132][src.data.dataset_collection][INFO] - Exploding test_f 50 times
[2024-05-05 01:28:46,163][src.data.dataset_collection][INFO] - Exploding test_f 50 times
[2024-05-05 01:28:46,210][src.data.dataset_collection][INFO] - Exploding test_f 50 times
[2024-05-05 01:28:46,241][src.data.dataset_collection][INFO] - Exploding test_f 50 times
[2024-05-05 01:28:46,272][src.data.dataset_collection][INFO] - Exploding test_f 50 times
[2024-05-05 01:28:46,304][src.data.dataset_collection][INFO] - Exploding test_f 50 times
[2024-05-05 01:28:46,335][src.data.dataset_collection][INFO] - Exploding test_f 50 times
[2024-05-05 01:28:46,366][src.data.dataset_collection][INFO] - Exploding test_f 50 times
[2024-05-05 01:28:46,397][src.data.dataset_collection][INFO] - Exploding test_f 50 times
[2024-05-05 01:28:46,429][src.data.dataset_collection][INFO] - Exploding test_f 50 times
[2024-05-05 01:28:46,460][src.data.dataset_collection][INFO] - Exploding test_f 50 times
[2024-05-05 01:28:46,491][src.data.dataset_collection][INFO] - Exploding test_f 50 times
[2024-05-05 01:28:46,522][src.data.dataset_collection][INFO] - Exploding test_f 50 times
[2024-05-05 01:28:46,554][src.data.dataset_collection][INFO] - Exploding test_f 50 times
[2024-05-05 01:28:46,585][src.data.dataset_collection][INFO] - Exploding test_f 50 times
[2024-05-05 01:28:46,616][src.data.dataset_collection][INFO] - Exploding test_f 50 times
[2024-05-05 01:28:46,647][src.data.dataset_collection][INFO] - Exploding test_f 50 times
[2024-05-05 01:28:46,679][src.data.dataset_collection][INFO] - Exploding test_f 50 times
[2024-05-05 01:28:46,710][src.data.dataset_collection][INFO] - Exploding test_f 50 times
[2024-05-05 01:28:46,725][src.data.dataset_collection][INFO] - Exploding test_f 50 times
[2024-05-05 01:28:46,757][src.data.dataset_collection][INFO] - Exploding test_f 50 times
[2024-05-05 01:28:46,804][src.data.dataset_collection][INFO] - Exploding test_f 50 times
[2024-05-05 01:28:46,835][src.data.dataset_collection][INFO] - Exploding test_f 50 times
[2024-05-05 01:28:46,866][src.data.dataset_collection][INFO] - Exploding test_f 50 times
[2024-05-05 01:28:46,897][src.data.dataset_collection][INFO] - Exploding test_f 50 times
[2024-05-05 01:28:46,928][src.data.dataset_collection][INFO] - Exploding test_f 50 times
[2024-05-05 01:28:46,960][src.data.dataset_collection][INFO] - Exploding test_f 50 times
[2024-05-05 01:30:56,929][src.models.gnet][INFO] - Fitting residuals based on train_f_holdout.
[2024-05-05 01:30:56,929][src.models.gnet][INFO] - Predictions for train.
[2024-05-05 01:30:57,820][src.models.time_varying_model][INFO] - RMSE calculation for val.
[2024-05-05 01:30:57,820][src.models.gnet][INFO] - Predictions for val.
[2024-05-05 01:30:58,741][__main__][INFO] - Val normalised RMSE (all): 3.9948504327169148; Val normalised RMSE (orig): nan
[2024-05-05 01:30:58,741][src.models.time_varying_model][INFO] - RMSE calculation for test.
[2024-05-05 01:30:58,741][src.models.gnet][INFO] - Predictions for test.
[2024-05-05 01:30:59,679][__main__][INFO] - Test normalised RMSE (all): 3.9067322575215147; Test normalised RMSE (orig): nan.
[2024-05-05 01:30:59,726][src.models.time_varying_model][INFO] - RMSE calculation for test.
[2024-05-05 01:30:59,741][src.models.gnet][INFO] - Autoregressive Prediction for test with MC-sampling of trajectories.
[2024-05-05 01:30:59,741][src.models.gnet][INFO] - t = 1
[2024-05-05 01:30:59,741][src.models.gnet][INFO] - Predictions for test.
[2024-05-05 01:31:01,413][src.models.gnet][INFO] - Predictions for test.
[2024-05-05 01:31:03,084][src.models.gnet][INFO] - Predictions for test.
[2024-05-05 01:31:04,631][src.models.gnet][INFO] - Predictions for test.
[2024-05-05 01:31:06,224][src.models.gnet][INFO] - Predictions for test.
[2024-05-05 01:31:08,020][src.models.gnet][INFO] - Predictions for test.
[2024-05-05 01:31:09,598][src.models.gnet][INFO] - Predictions for test.
[2024-05-05 01:31:11,176][src.models.gnet][INFO] - Predictions for test.
[2024-05-05 01:31:12,816][src.models.gnet][INFO] - Predictions for test.
[2024-05-05 01:31:14,456][src.models.gnet][INFO] - Predictions for test.
[2024-05-05 01:31:16,019][src.models.gnet][INFO] - Predictions for test.
[2024-05-05 01:31:17,784][src.models.gnet][INFO] - Predictions for test.
[2024-05-05 01:31:19,205][src.models.gnet][INFO] - Predictions for test.
[2024-05-05 01:31:20,783][src.models.gnet][INFO] - Predictions for test.
[2024-05-05 01:31:22,236][src.models.gnet][INFO] - Predictions for test.
[2024-05-05 01:31:23,939][src.models.gnet][INFO] - Predictions for test.
[2024-05-05 01:31:25,532][src.models.gnet][INFO] - Predictions for test.
[2024-05-05 01:31:27,219][src.models.gnet][INFO] - Predictions for test.
[2024-05-05 01:31:28,703][src.models.gnet][INFO] - Predictions for test.
[2024-05-05 01:31:30,281][src.models.gnet][INFO] - Predictions for test.
[2024-05-05 01:31:31,843][src.models.gnet][INFO] - Predictions for test.
[2024-05-05 01:31:33,452][src.models.gnet][INFO] - Predictions for test.
[2024-05-05 01:31:34,889][src.models.gnet][INFO] - Predictions for test.
[2024-05-05 01:31:36,483][src.models.gnet][INFO] - Predictions for test.
[2024-05-05 01:31:38,060][src.models.gnet][INFO] - Predictions for test.
[2024-05-05 01:31:39,591][src.models.gnet][INFO] - Predictions for test.
[2024-05-05 01:31:41,231][src.models.gnet][INFO] - Predictions for test.
[2024-05-05 01:31:42,887][src.models.gnet][INFO] - Predictions for test.
[2024-05-05 01:31:44,449][src.models.gnet][INFO] - Predictions for test.
[2024-05-05 01:31:45,871][src.models.gnet][INFO] - Predictions for test.
[2024-05-05 01:31:47,480][src.models.gnet][INFO] - Predictions for test.
[2024-05-05 01:31:49,120][src.models.gnet][INFO] - Predictions for test.
[2024-05-05 01:31:50,573][src.models.gnet][INFO] - Predictions for test.
[2024-05-05 01:31:52,166][src.models.gnet][INFO] - Predictions for test.
[2024-05-05 01:31:53,807][src.models.gnet][INFO] - Predictions for test.
[2024-05-05 01:31:55,400][src.models.gnet][INFO] - Predictions for test.
[2024-05-05 01:31:57,556][src.models.gnet][INFO] - Predictions for test.
[2024-05-05 01:31:59,055][src.models.gnet][INFO] - Predictions for test.
[2024-05-05 01:32:00,633][src.models.gnet][INFO] - Predictions for test.
[2024-05-05 01:32:02,195][src.models.gnet][INFO] - Predictions for test.
[2024-05-05 01:32:04,226][src.models.gnet][INFO] - Predictions for test.
[2024-05-05 01:32:05,804][src.models.gnet][INFO] - Predictions for test.
[2024-05-05 01:32:07,366][src.models.gnet][INFO] - Predictions for test.
[2024-05-05 01:32:08,866][src.models.gnet][INFO] - Predictions for test.
[2024-05-05 01:32:10,475][src.models.gnet][INFO] - Predictions for test.
[2024-05-05 01:32:12,177][src.models.gnet][INFO] - Predictions for test.
[2024-05-05 01:32:13,833][src.models.gnet][INFO] - Predictions for test.
[2024-05-05 01:32:15,380][src.models.gnet][INFO] - Predictions for test.
[2024-05-05 01:32:16,942][src.models.gnet][INFO] - Predictions for test.
[2024-05-05 01:32:18,613][src.models.gnet][INFO] - Predictions for test.
[2024-05-05 01:32:20,254][src.models.gnet][INFO] - t = 2
[2024-05-05 01:32:20,254][src.models.gnet][INFO] - Predictions for test.
[2024-05-05 01:32:21,722][src.models.gnet][INFO] - Predictions for test.
[2024-05-05 01:32:23,393][src.models.gnet][INFO] - Predictions for test.
[2024-05-05 01:32:24,971][src.models.gnet][INFO] - Predictions for test.
[2024-05-05 01:32:26,580][src.models.gnet][INFO] - Predictions for test.
[2024-05-05 01:32:28,142][src.models.gnet][INFO] - Predictions for test.
[2024-05-05 01:32:29,783][src.models.gnet][INFO] - Predictions for test.
[2024-05-05 01:32:31,407][src.models.gnet][INFO] - Predictions for test.
[2024-05-05 01:32:32,954][src.models.gnet][INFO] - Predictions for test.
[2024-05-05 01:32:34,578][src.models.gnet][INFO] - Predictions for test.
[2024-05-05 01:32:36,156][src.models.gnet][INFO] - Predictions for test.
[2024-05-05 01:32:37,718][src.models.gnet][INFO] - Predictions for test.
[2024-05-05 01:32:39,218][src.models.gnet][INFO] - Predictions for test.
[2024-05-05 01:32:40,811][src.models.gnet][INFO] - Predictions for test.
[2024-05-05 01:32:42,389][src.models.gnet][INFO] - Predictions for test.
[2024-05-05 01:32:44,014][src.models.gnet][INFO] - Predictions for test.
[2024-05-05 01:32:45,560][src.models.gnet][INFO] - Predictions for test.
[2024-05-05 01:32:46,982][src.models.gnet][INFO] - Predictions for test.
[2024-05-05 01:32:48,653][src.models.gnet][INFO] - Predictions for test.
[2024-05-05 01:32:50,247][src.models.gnet][INFO] - Predictions for test.
[2024-05-05 01:32:51,840][src.models.gnet][INFO] - Predictions for test.
[2024-05-05 01:32:53,465][src.models.gnet][INFO] - Predictions for test.
[2024-05-05 01:32:55,042][src.models.gnet][INFO] - Predictions for test.
[2024-05-05 01:32:56,526][src.models.gnet][INFO] - Predictions for test.
[2024-05-05 01:32:58,088][src.models.gnet][INFO] - Predictions for test.
[2024-05-05 01:32:59,729][src.models.gnet][INFO] - Predictions for test.
[2024-05-05 01:33:01,306][src.models.gnet][INFO] - Predictions for test.
[2024-05-05 01:33:02,869][src.models.gnet][INFO] - Predictions for test.
[2024-05-05 01:33:04,384][src.models.gnet][INFO] - Predictions for test.
[2024-05-05 01:33:05,977][src.models.gnet][INFO] - Predictions for test.
[2024-05-05 01:33:07,555][src.models.gnet][INFO] - Predictions for test.
[2024-05-05 01:33:09,195][src.models.gnet][INFO] - Predictions for test.
[2024-05-05 01:33:10,757][src.models.gnet][INFO] - Predictions for test.
[2024-05-05 01:33:12,398][src.models.gnet][INFO] - Predictions for test.
[2024-05-05 01:33:13,975][src.models.gnet][INFO] - Predictions for test.
[2024-05-05 01:33:15,631][src.models.gnet][INFO] - Predictions for test.
[2024-05-05 01:33:17,256][src.models.gnet][INFO] - Predictions for test.
[2024-05-05 01:33:18,880][src.models.gnet][INFO] - Predictions for test.
[2024-05-05 01:33:20,568][src.models.gnet][INFO] - Predictions for test.
[2024-05-05 01:33:22,114][src.models.gnet][INFO] - Predictions for test.
[2024-05-05 01:33:23,645][src.models.gnet][INFO] - Predictions for test.
[2024-05-05 01:33:25,316][src.models.gnet][INFO] - Predictions for test.
[2024-05-05 01:33:27,019][src.models.gnet][INFO] - Predictions for test.
[2024-05-05 01:33:28,581][src.models.gnet][INFO] - Predictions for test.
[2024-05-05 01:33:30,112][src.models.gnet][INFO] - Predictions for test.
[2024-05-05 01:33:31,706][src.models.gnet][INFO] - Predictions for test.
[2024-05-05 01:33:33,283][src.models.gnet][INFO] - Predictions for test.
[2024-05-05 01:33:34,939][src.models.gnet][INFO] - Predictions for test.
[2024-05-05 01:33:36,517][src.models.gnet][INFO] - Predictions for test.
[2024-05-05 01:33:38,079][src.models.gnet][INFO] - Predictions for test.
[2024-05-05 01:33:39,704][src.models.gnet][INFO] - t = 3
[2024-05-05 01:33:39,704][src.models.gnet][INFO] - Predictions for test.
[2024-05-05 01:33:41,360][src.models.gnet][INFO] - Predictions for test.
[2024-05-05 01:33:42,906][src.models.gnet][INFO] - Predictions for test.
[2024-05-05 01:33:44,562][src.models.gnet][INFO] - Predictions for test.
[2024-05-05 01:33:46,140][src.models.gnet][INFO] - Predictions for test.
[2024-05-05 01:33:47,717][src.models.gnet][INFO] - Predictions for test.
[2024-05-05 01:33:49,342][src.models.gnet][INFO] - Predictions for test.
[2024-05-05 01:33:50,935][src.models.gnet][INFO] - Predictions for test.
[2024-05-05 01:33:52,513][src.models.gnet][INFO] - Predictions for test.
[2024-05-05 01:33:53,982][src.models.gnet][INFO] - Predictions for test.
[2024-05-05 01:33:55,684][src.models.gnet][INFO] - Predictions for test.
[2024-05-05 01:33:57,371][src.models.gnet][INFO] - Predictions for test.
[2024-05-05 01:33:58,996][src.models.gnet][INFO] - Predictions for test.
[2024-05-05 01:34:00,558][src.models.gnet][INFO] - Predictions for test.
[2024-05-05 01:34:01,980][src.models.gnet][INFO] - Predictions for test.
[2024-05-05 01:34:03,589][src.models.gnet][INFO] - Predictions for test.
[2024-05-05 01:34:05,213][src.models.gnet][INFO] - Predictions for test.
[2024-05-05 01:34:06,791][src.models.gnet][INFO] - Predictions for test.
[2024-05-05 01:34:08,338][src.models.gnet][INFO] - Predictions for test.
[2024-05-05 01:34:09,869][src.models.gnet][INFO] - Predictions for test.
[2024-05-05 01:34:11,462][src.models.gnet][INFO] - Predictions for test.
[2024-05-05 01:34:13,040][src.models.gnet][INFO] - Predictions for test.
[2024-05-05 01:34:14,664][src.models.gnet][INFO] - Predictions for test.
[2024-05-05 01:34:16,211][src.models.gnet][INFO] - Predictions for test.
[2024-05-05 01:34:17,632][src.models.gnet][INFO] - Predictions for test.
[2024-05-05 01:34:19,304][src.models.gnet][INFO] - Predictions for test.
[2024-05-05 01:34:20,866][src.models.gnet][INFO] - Predictions for test.
[2024-05-05 01:34:22,428][src.models.gnet][INFO] - Predictions for test.
[2024-05-05 01:34:23,943][src.models.gnet][INFO] - Predictions for test.
[2024-05-05 01:34:25,552][src.models.gnet][INFO] - Predictions for test.
[2024-05-05 01:34:27,255][src.models.gnet][INFO] - Predictions for test.
[2024-05-05 01:34:28,880][src.models.gnet][INFO] - Predictions for test.
[2024-05-05 01:34:30,317][src.models.gnet][INFO] - Predictions for test.
[2024-05-05 01:34:31,910][src.models.gnet][INFO] - Predictions for test.
[2024-05-05 01:34:33,457][src.models.gnet][INFO] - Predictions for test.
[2024-05-05 01:34:35,081][src.models.gnet][INFO] - Predictions for test.
[2024-05-05 01:34:36,534][src.models.gnet][INFO] - Predictions for test.
[2024-05-05 01:34:38,128][src.models.gnet][INFO] - Predictions for test.
[2024-05-05 01:34:39,752][src.models.gnet][INFO] - Predictions for test.
[2024-05-05 01:34:41,205][src.models.gnet][INFO] - Predictions for test.
[2024-05-05 01:34:42,783][src.models.gnet][INFO] - Predictions for test.
[2024-05-05 01:34:44,423][src.models.gnet][INFO] - Predictions for test.
[2024-05-05 01:34:46,094][src.models.gnet][INFO] - Predictions for test.
[2024-05-05 01:34:47,719][src.models.gnet][INFO] - Predictions for test.
[2024-05-05 01:34:49,391][src.models.gnet][INFO] - Predictions for test.
[2024-05-05 01:34:50,921][src.models.gnet][INFO] - Predictions for test.
[2024-05-05 01:34:52,515][src.models.gnet][INFO] - Predictions for test.
[2024-05-05 01:34:54,155][src.models.gnet][INFO] - Predictions for test.
[2024-05-05 01:34:55,733][src.models.gnet][INFO] - Predictions for test.
[2024-05-05 01:34:57,420][src.models.gnet][INFO] - Predictions for test.
[2024-05-05 01:34:58,966][src.models.gnet][INFO] - t = 4
[2024-05-05 01:34:58,982][src.models.gnet][INFO] - Predictions for test.
[2024-05-05 01:35:00,669][src.models.gnet][INFO] - Predictions for test.
[2024-05-05 01:35:02,231][src.models.gnet][INFO] - Predictions for test.
[2024-05-05 01:35:03,668][src.models.gnet][INFO] - Predictions for test.
[2024-05-05 01:35:05,340][src.models.gnet][INFO] - Predictions for test.
[2024-05-05 01:35:06,918][src.models.gnet][INFO] - Predictions for test.
[2024-05-05 01:35:08,480][src.models.gnet][INFO] - Predictions for test.
[2024-05-05 01:35:09,995][src.models.gnet][INFO] - Predictions for test.
[2024-05-05 01:35:11,651][src.models.gnet][INFO] - Predictions for test.
[2024-05-05 01:35:13,244][src.models.gnet][INFO] - Predictions for test.
[2024-05-05 01:35:15,056][src.models.gnet][INFO] - Predictions for test.
[2024-05-05 01:35:16,634][src.models.gnet][INFO] - Predictions for test.
[2024-05-05 01:35:18,212][src.models.gnet][INFO] - Predictions for test.
[2024-05-05 01:35:19,852][src.models.gnet][INFO] - Predictions for test.
[2024-05-05 01:35:21,430][src.models.gnet][INFO] - Predictions for test.
[2024-05-05 01:35:23,008][src.models.gnet][INFO] - Predictions for test.
[2024-05-05 01:35:24,648][src.models.gnet][INFO] - Predictions for test.
[2024-05-05 01:35:26,288][src.models.gnet][INFO] - Predictions for test.
[2024-05-05 01:35:27,835][src.models.gnet][INFO] - Predictions for test.
[2024-05-05 01:35:29,381][src.models.gnet][INFO] - Predictions for test.
[2024-05-05 01:35:30,881][src.models.gnet][INFO] - Predictions for test.
[2024-05-05 01:35:32,459][src.models.gnet][INFO] - Predictions for test.
[2024-05-05 01:35:34,099][src.models.gnet][INFO] - Predictions for test.
[2024-05-05 01:35:35,677][src.models.gnet][INFO] - Predictions for test.
[2024-05-05 01:35:37,239][src.models.gnet][INFO] - Predictions for test.
[2024-05-05 01:35:38,692][src.models.gnet][INFO] - Predictions for test.
[2024-05-05 01:35:40,394][src.models.gnet][INFO] - Predictions for test.
[2024-05-05 01:35:42,097][src.models.gnet][INFO] - Predictions for test.
[2024-05-05 01:35:43,690][src.models.gnet][INFO] - Predictions for test.
[2024-05-05 01:35:45,315][src.models.gnet][INFO] - Predictions for test.
[2024-05-05 01:35:46,893][src.models.gnet][INFO] - Predictions for test.
[2024-05-05 01:35:48,439][src.models.gnet][INFO] - Predictions for test.
[2024-05-05 01:35:50,048][src.models.gnet][INFO] - Predictions for test.
[2024-05-05 01:35:51,501][src.models.gnet][INFO] - Predictions for test.
[2024-05-05 01:35:53,110][src.models.gnet][INFO] - Predictions for test.
[2024-05-05 01:35:54,735][src.models.gnet][INFO] - Predictions for test.
[2024-05-05 01:35:56,203][src.models.gnet][INFO] - Predictions for test.
[2024-05-05 01:35:57,812][src.models.gnet][INFO] - Predictions for test.
[2024-05-05 01:35:59,468][src.models.gnet][INFO] - Predictions for test.
[2024-05-05 01:36:01,342][src.models.gnet][INFO] - Predictions for test.
[2024-05-05 01:36:02,764][src.models.gnet][INFO] - Predictions for test.
[2024-05-05 01:36:04,436][src.models.gnet][INFO] - Predictions for test.
[2024-05-05 01:36:06,013][src.models.gnet][INFO] - Predictions for test.
[2024-05-05 01:36:07,575][src.models.gnet][INFO] - Predictions for test.
[2024-05-05 01:36:09,013][src.models.gnet][INFO] - Predictions for test.
[2024-05-05 01:36:10,700][src.models.gnet][INFO] - Predictions for test.
[2024-05-05 01:36:12,699][src.models.gnet][INFO] - Predictions for test.
[2024-05-05 01:36:14,261][src.models.gnet][INFO] - Predictions for test.
[2024-05-05 01:36:15,902][src.models.gnet][INFO] - Predictions for test.
[2024-05-05 01:36:17,464][src.models.gnet][INFO] - Predictions for test.
[2024-05-05 01:36:19,416][src.models.gnet][INFO] - t = 5
[2024-05-05 01:36:19,416][src.models.gnet][INFO] - Predictions for test.
[2024-05-05 01:36:20,932][src.models.gnet][INFO] - Predictions for test.
[2024-05-05 01:36:22,541][src.models.gnet][INFO] - Predictions for test.
[2024-05-05 01:36:24,103][src.models.gnet][INFO] - Predictions for test.
[2024-05-05 01:36:25,681][src.models.gnet][INFO] - Predictions for test.
[2024-05-05 01:36:27,415][src.models.gnet][INFO] - Predictions for test.
[2024-05-05 01:36:28,992][src.models.gnet][INFO] - Predictions for test.
[2024-05-05 01:36:30,711][src.models.gnet][INFO] - Predictions for test.
[2024-05-05 01:36:32,288][src.models.gnet][INFO] - Predictions for test.
[2024-05-05 01:36:33,835][src.models.gnet][INFO] - Predictions for test.
[2024-05-05 01:36:35,413][src.models.gnet][INFO] - Predictions for test.
[2024-05-05 01:36:37,069][src.models.gnet][INFO] - Predictions for test.
[2024-05-05 01:36:38,740][src.models.gnet][INFO] - Predictions for test.
[2024-05-05 01:36:40,162][src.models.gnet][INFO] - Predictions for test.
[2024-05-05 01:36:41,927][src.models.gnet][INFO] - Predictions for test.
[2024-05-05 01:36:43,489][src.models.gnet][INFO] - Predictions for test.
[2024-05-05 01:36:45,145][src.models.gnet][INFO] - Predictions for test.
[2024-05-05 01:36:46,785][src.models.gnet][INFO] - Predictions for test.
[2024-05-05 01:36:48,238][src.models.gnet][INFO] - Predictions for test.
[2024-05-05 01:36:49,831][src.models.gnet][INFO] - Predictions for test.
[2024-05-05 01:36:51,471][src.models.gnet][INFO] - Predictions for test.
[2024-05-05 01:36:53,112][src.models.gnet][INFO] - Predictions for test.
[2024-05-05 01:36:54,658][src.models.gnet][INFO] - Predictions for test.
[2024-05-05 01:36:56,283][src.models.gnet][INFO] - Predictions for test.
[2024-05-05 01:36:57,876][src.models.gnet][INFO] - Predictions for test.
[2024-05-05 01:36:59,329][src.models.gnet][INFO] - Predictions for test.
[2024-05-05 01:37:01,016][src.models.gnet][INFO] - Predictions for test.
[2024-05-05 01:37:02,563][src.models.gnet][INFO] - Predictions for test.
[2024-05-05 01:37:04,125][src.models.gnet][INFO] - Predictions for test.
[2024-05-05 01:37:05,687][src.models.gnet][INFO] - Predictions for test.
[2024-05-05 01:37:07,202][src.models.gnet][INFO] - Predictions for test.
[2024-05-05 01:37:08,780][src.models.gnet][INFO] - Predictions for test.
[2024-05-05 01:37:10,420][src.models.gnet][INFO] - Predictions for test.
[2024-05-05 01:37:12,107][src.models.gnet][INFO] - Predictions for test.
[2024-05-05 01:37:13,638][src.models.gnet][INFO] - Predictions for test.
[2024-05-05 01:37:15,216][src.models.gnet][INFO] - Predictions for test.
[2024-05-05 01:37:16,872][src.models.gnet][INFO] - Predictions for test.
[2024-05-05 01:37:18,449][src.models.gnet][INFO] - Predictions for test.
[2024-05-05 01:37:20,090][src.models.gnet][INFO] - Predictions for test.
[2024-05-05 01:37:21,730][src.models.gnet][INFO] - Predictions for test.
[2024-05-05 01:37:23,276][src.models.gnet][INFO] - Predictions for test.
[2024-05-05 01:37:24,854][src.models.gnet][INFO] - Predictions for test.
[2024-05-05 01:37:26,494][src.models.gnet][INFO] - Predictions for test.
[2024-05-05 01:37:28,057][src.models.gnet][INFO] - Predictions for test.
[2024-05-05 01:37:29,619][src.models.gnet][INFO] - Predictions for test.
[2024-05-05 01:37:31,243][src.models.gnet][INFO] - Predictions for test.
[2024-05-05 01:37:32,790][src.models.gnet][INFO] - Predictions for test.
[2024-05-05 01:37:34,227][src.models.gnet][INFO] - Predictions for test.
[2024-05-05 01:37:35,914][src.models.gnet][INFO] - Predictions for test.
[2024-05-05 01:37:37,492][src.models.gnet][INFO] - Predictions for test.
[2024-05-05 01:37:39,054][src.models.gnet][INFO] - t = 6
[2024-05-05 01:37:39,054][src.models.gnet][INFO] - Predictions for test.
[2024-05-05 01:37:40,663][src.models.gnet][INFO] - Predictions for test.
[2024-05-05 01:37:42,210][src.models.gnet][INFO] - Predictions for test.
[2024-05-05 01:37:43,805][src.models.gnet][INFO] - Predictions for test.
[2024-05-05 01:37:45,383][src.models.gnet][INFO] - Predictions for test.
[2024-05-05 01:37:47,054][src.models.gnet][INFO] - Predictions for test.
[2024-05-05 01:37:48,616][src.models.gnet][INFO] - Predictions for test.
[2024-05-05 01:37:50,413][src.models.gnet][INFO] - Predictions for test.
[2024-05-05 01:37:52,037][src.models.gnet][INFO] - Predictions for test.
[2024-05-05 01:37:53,693][src.models.gnet][INFO] - Predictions for test.
[2024-05-05 01:37:55,240][src.models.gnet][INFO] - Predictions for test.
[2024-05-05 01:37:57,396][src.models.gnet][INFO] - Predictions for test.
[2024-05-05 01:37:58,895][src.models.gnet][INFO] - Predictions for test.
[2024-05-05 01:38:00,442][src.models.gnet][INFO] - Predictions for test.
[2024-05-05 01:38:02,035][src.models.gnet][INFO] - Predictions for test.
[2024-05-05 01:38:03,691][src.models.gnet][INFO] - Predictions for test.
[2024-05-05 01:38:05,362][src.models.gnet][INFO] - Predictions for test.
[2024-05-05 01:38:06,846][src.models.gnet][INFO] - Predictions for test.
[2024-05-05 01:38:08,455][src.models.gnet][INFO] - Predictions for test.
[2024-05-05 01:38:10,033][src.models.gnet][INFO] - Predictions for test.
[2024-05-05 01:38:11,642][src.models.gnet][INFO] - Predictions for test.
[2024-05-05 01:38:13,282][src.models.gnet][INFO] - Predictions for test.
[2024-05-05 01:38:14,829][src.models.gnet][INFO] - Predictions for test.
[2024-05-05 01:38:16,251][src.models.gnet][INFO] - Predictions for test.
[2024-05-05 01:38:17,906][src.models.gnet][INFO] - Predictions for test.
[2024-05-05 01:38:19,469][src.models.gnet][INFO] - Predictions for test.
[2024-05-05 01:38:21,015][src.models.gnet][INFO] - Predictions for test.
[2024-05-05 01:38:22,530][src.models.gnet][INFO] - Predictions for test.
[2024-05-05 01:38:24,108][src.models.gnet][INFO] - Predictions for test.
[2024-05-05 01:38:25,670][src.models.gnet][INFO] - Predictions for test.
[2024-05-05 01:38:27,404][src.models.gnet][INFO] - Predictions for test.
[2024-05-05 01:38:28,966][src.models.gnet][INFO] - Predictions for test.
[2024-05-05 01:38:30,544][src.models.gnet][INFO] - Predictions for test.
[2024-05-05 01:38:32,169][src.models.gnet][INFO] - Predictions for test.
[2024-05-05 01:38:33,731][src.models.gnet][INFO] - Predictions for test.
[2024-05-05 01:38:35,277][src.models.gnet][INFO] - Predictions for test.
[2024-05-05 01:38:36,777][src.models.gnet][INFO] - Predictions for test.
[2024-05-05 01:38:38,386][src.models.gnet][INFO] - Predictions for test.
[2024-05-05 01:38:39,964][src.models.gnet][INFO] - Predictions for test.
[2024-05-05 01:38:41,526][src.models.gnet][INFO] - Predictions for test.
[2024-05-05 01:38:43,041][src.models.gnet][INFO] - Predictions for test.
[2024-05-05 01:38:44,619][src.models.gnet][INFO] - Predictions for test.
[2024-05-05 01:38:46,244][src.models.gnet][INFO] - Predictions for test.
[2024-05-05 01:38:47,806][src.models.gnet][INFO] - Predictions for test.
[2024-05-05 01:38:49,368][src.models.gnet][INFO] - Predictions for test.
[2024-05-05 01:38:50,836][src.models.gnet][INFO] - Predictions for test.
[2024-05-05 01:38:52,664][src.models.gnet][INFO] - Predictions for test.
[2024-05-05 01:38:54,210][src.models.gnet][INFO] - Predictions for test.
[2024-05-05 01:38:55,648][src.models.gnet][INFO] - Predictions for test.
[2024-05-05 01:38:57,428][src.models.gnet][INFO] - Predictions for test.
[2024-05-05 01:38:59,069][__main__][INFO] - Test normalised RMSE (n-step prediction): {'2-step': 15.861860439214261, '3-step': 17.41883037543661, '4-step': 15.982914103904683, '5-step': 15.861141160589352, '6-step': 16.61560894266586}
