[2024-05-05 08:01:55,040][__main__][INFO] - 
model:
  dim_treatments: 4
  dim_vitals: 0
  dim_static_features: 1
  dim_outcomes: 1
  dim_cosovitals: ???
  dim_abstract_confounders: ???
  dim_s: ???
  name: COSO
  COSO:
    _target_: src.models.coso.COSO
    seq_hidden_units: 64
    br_size: 3
    fc_hidden_units: 6
    dropout_rate: 0.4
    num_layer: 1
    batch_size: 32
    s_alpha: 1
    optimizer:
      optimizer_cls: adam
      learning_rate: 0.01
      weight_decay: 0.0
      lr_scheduler: false
    tune_hparams: false
    tune_range: 1
    hparams_grid: null
    resources_per_trial: null
  encoder:
    _target_: src.models.coso.CRNEncoder
    seq_hidden_units: 48
    br_size: 6
    fc_hidden_units: 24
    dropout_rate: 0.1
    num_layer: 1
    batch_size: 64
    s_alpha: null
    optimizer:
      optimizer_cls: adam
      learning_rate: 0.01
      weight_decay: 0.0
      lr_scheduler: false
    tune_hparams: false
    tune_range: 50
    hparams_grid: null
    resources_per_trial: null
  train_decoder: true
  decoder:
    _target_: src.models.coso.CRNDecoder
    seq_hidden_units: 3
    br_size: 18
    fc_hidden_units: 18
    dropout_rate: 0.1
    num_layer: 1
    batch_size: 1024
    s_alpha: null
    optimizer:
      optimizer_cls: adam
      learning_rate: 0.01
      weight_decay: 0.0
      lr_scheduler: false
    tune_hparams: false
    tune_range: 30
    hparams_grid: null
    resources_per_trial: null
dataset:
  val_batch_size: 512
  treatment_mode: multiclass
  _target_: src.data.SyntheticVitalDatasetCollection
  name: tumor_generator
  seed: 100
  num_confounder: 3
  num_u: 1
  split:
    val: 0.15
    test: 0.15
  window_size: 15
  lag: 0
  max_seq_length: 60
  projection_horizon: 5
  cf_seq_mode: sliding_treatment
  time_step: 30
exp:
  seed: 100
  gpus:
  - 0
  max_epochs: 150
  logging: true
  mlflow_uri: http://127.0.0.1:5000
  unscale_rmse: true
  percentage_rmse: true
  alpha: 0.01
  update_alpha: true
  alpha_rate: exp
  balancing: domain_confusion
  bce_weight: false
  weights_ema: true
  beta: 0.99

[2024-05-05 08:02:18,128][src.data.cancer_sim.dataset][INFO] - Shape of processed train data: {'sequence_lengths': (3500,), 'prev_treatments': (3500, 28, 1), 'vitals': (3500, 28, 12), 'next_vitals': (3500, 27, 12), 'current_treatments': (3500, 28, 1), 'static_features': (3500, 1), 'active_entries': (3500, 28, 1), 'outputs': (3500, 28, 1), 'unscaled_outputs': (3500, 28, 1), 'prev_outputs': (3500, 28, 1), 'coso_vitals': (3500, 28, 11), 'COSO': (3500, 28, 1)}
[2024-05-05 08:02:18,128][src.data.cancer_sim.dataset][INFO] - Shape of processed val data: {'sequence_lengths': (750,), 'prev_treatments': (750, 28, 1), 'vitals': (750, 28, 12), 'next_vitals': (750, 27, 12), 'current_treatments': (750, 28, 1), 'static_features': (750, 1), 'active_entries': (750, 28, 1), 'outputs': (750, 28, 1), 'unscaled_outputs': (750, 28, 1), 'prev_outputs': (750, 28, 1), 'coso_vitals': (750, 28, 11), 'COSO': (750, 28, 1)}
[2024-05-05 08:02:18,128][src.data.cancer_sim.dataset][INFO] - Shape of processed test data: {'sequence_lengths': (750,), 'prev_treatments': (750, 28, 1), 'vitals': (750, 28, 12), 'next_vitals': (750, 27, 12), 'current_treatments': (750, 28, 1), 'static_features': (750, 1), 'active_entries': (750, 28, 1), 'outputs': (750, 28, 1), 'unscaled_outputs': (750, 28, 1), 'prev_outputs': (750, 28, 1), 'coso_vitals': (750, 28, 11), 'COSO': (750, 28, 1)}
[2024-05-05 08:44:34,196][src.models.coso][INFO] - Input size of encoder: 11
[2024-05-05 08:53:11,013][src.models.time_varying_model][INFO] - RMSE calculation for val.
[2024-05-05 08:53:11,013][src.models.time_varying_model][INFO] - Predictions for val.
[2024-05-05 08:53:12,060][__main__][INFO] - Val normalised RMSE (all): 3.396282958407703; Val normalised RMSE (orig): nan
[2024-05-05 08:53:12,060][src.models.time_varying_model][INFO] - RMSE calculation for test.
[2024-05-05 08:53:12,060][src.models.time_varying_model][INFO] - Predictions for test.
[2024-05-05 08:53:12,997][__main__][INFO] - Test normalised RMSE (all): 3.420931736441904; Test normalised RMSE (orig): nan.
[2024-05-05 08:53:13,059][src.models.coso][INFO] - Input size of decoder: 3
[2024-05-05 08:53:13,075][src.data.cancer_sim.dataset][INFO] - Exploding test dataset before testing (multiple sequences)
[2024-05-05 08:53:13,294][src.data.cancer_sim.dataset][INFO] - Shape of processed test data: {'prev_treatments': (13719, 28, 1), 'current_treatments': (13719, 28, 1), 'static_features': (13719, 1), 'prev_outputs': (13719, 28, 1), 'outputs': (13719, 28, 1), 'vitals': (13719, 28, 8), 'next_vitals': (13719, 27, 12), 'unscaled_outputs': (13719, 28, 1), 'sequence_lengths': (13719,), 'active_entries': (13719, 28, 1)}
[2024-05-05 08:53:13,294][src.models.time_varying_model][INFO] - Balanced representations inference for train.
[2024-05-05 08:53:14,450][src.models.time_varying_model][INFO] - Balanced representations inference for val.
[2024-05-05 08:53:15,371][src.models.time_varying_model][INFO] - Balanced representations inference for test.
[2024-05-05 08:53:17,043][src.models.time_varying_model][INFO] - Predictions for test.
[2024-05-05 08:53:18,558][src.data.cancer_sim.dataset][INFO] - Processing train dataset before training (multiple sequences)
[2024-05-05 08:53:18,917][src.data.cancer_sim.dataset][INFO] - Shape of processed train data: {'init_state': (61251, 6), 'original_index': (61251,), 'active_encoder_r': (61251, 28), 'prev_treatments': (61251, 5, 1), 'current_treatments': (61251, 5, 1), 'static_features': (61251, 1), 'prev_outputs': (61251, 5, 1), 'outputs': (61251, 5, 1), 'unscaled_outputs': (61251, 5, 1), 'sequence_lengths': (61251,), 'active_entries': (61251, 5, 1)}
[2024-05-05 08:53:18,917][src.data.cancer_sim.dataset][INFO] - Processing val dataset before training (multiple sequences)
[2024-05-05 08:53:18,996][src.data.cancer_sim.dataset][INFO] - Shape of processed val data: {'init_state': (13088, 6), 'original_index': (13088,), 'active_encoder_r': (13088, 28), 'prev_treatments': (13088, 5, 1), 'current_treatments': (13088, 5, 1), 'static_features': (13088, 1), 'prev_outputs': (13088, 5, 1), 'outputs': (13088, 5, 1), 'unscaled_outputs': (13088, 5, 1), 'sequence_lengths': (13088,), 'active_entries': (13088, 5, 1)}
[2024-05-05 08:53:18,996][src.data.cancer_sim.dataset][INFO] - Processing test dataset before testing (multiple sequences)
[2024-05-05 08:53:19,105][src.data.cancer_sim.dataset][INFO] - Shape of processed test data: {'original_index': (13719,), 'active_encoder_r': (13719, 23), 'prev_treatments': (13719, 5, 1), 'current_treatments': (13719, 5, 1), 'static_features': (13719, 1), 'prev_outputs': (13719, 5, 1), 'outputs': (13719, 5, 1), 'unscaled_outputs': (13719, 5, 1), 'sequence_lengths': (13719,), 'active_entries': (13719, 5, 1), 'init_state': (13719, 6)}
[2024-05-05 08:53:19,105][src.data.cancer_sim.dataset][INFO] - Processing test dataset before testing (autoregressive)
[2024-05-05 08:53:19,152][src.data.cancer_sim.dataset][INFO] - Shape of processed test data: {'prev_treatments': (13719, 5, 1), 'current_treatments': (13719, 5, 1), 'prev_outputs': (13719, 5, 1), 'init_state': (13719, 6), 'active_encoder_r': (13719, 23), 'active_entries': (13719, 5, 1), 'static_features': (13719, 1)}
