[2024-05-05 03:58:47,571][__main__][INFO] - 
model:
  dim_treatments: 4
  dim_vitals: 0
  dim_static_features: 1
  dim_outcomes: 1
  dim_cosovitals: ???
  dim_abstract_confounders: ???
  dim_s: ???
  name: CRN
  encoder:
    _target_: src.models.crn.CRNEncoder
    seq_hidden_units: 48
    br_size: 6
    fc_hidden_units: 24
    dropout_rate: 0.1
    num_layer: 1
    batch_size: 64
    optimizer:
      optimizer_cls: adam
      learning_rate: 0.01
      weight_decay: 0.0
      lr_scheduler: false
    tune_hparams: false
    tune_range: 50
    hparams_grid: null
    resources_per_trial: null
  train_decoder: true
  decoder:
    _target_: src.models.crn.CRNDecoder
    seq_hidden_units: 128
    br_size: 18
    fc_hidden_units: 18
    dropout_rate: 0.1
    num_layer: 1
    batch_size: 1024
    optimizer:
      optimizer_cls: adam
      learning_rate: 0.01
      weight_decay: 0.0
      lr_scheduler: false
    tune_hparams: false
    tune_range: 30
    hparams_grid: null
    resources_per_trial: null
dataset:
  val_batch_size: 512
  treatment_mode: multiclass
  _target_: src.data.SyntheticVitalDatasetCollection
  name: tumor_generator
  seed: 100
  num_confounder: 2
  num_u: 1
  split:
    val: 0.15
    test: 0.15
  window_size: 15
  lag: 0
  max_seq_length: 60
  projection_horizon: 5
  cf_seq_mode: sliding_treatment
  time_step: 30
exp:
  seed: 100
  gpus:
  - 0
  max_epochs: 150
  logging: true
  mlflow_uri: http://127.0.0.1:5000
  unscale_rmse: true
  percentage_rmse: true
  alpha: 0.01
  update_alpha: true
  alpha_rate: exp
  balancing: domain_confusion
  bce_weight: false
  weights_ema: true
  beta: 0.99

[2024-05-05 03:59:10,409][src.data.cancer_sim.dataset][INFO] - Shape of processed train data: {'sequence_lengths': (3500,), 'prev_treatments': (3500, 28, 1), 'vitals': (3500, 28, 10), 'next_vitals': (3500, 27, 10), 'current_treatments': (3500, 28, 1), 'static_features': (3500, 1), 'active_entries': (3500, 28, 1), 'outputs': (3500, 28, 1), 'unscaled_outputs': (3500, 28, 1), 'prev_outputs': (3500, 28, 1), 'coso_vitals': (3500, 28, 9), 'COSO': (3500, 28, 1)}
[2024-05-05 03:59:10,425][src.data.cancer_sim.dataset][INFO] - Shape of processed val data: {'sequence_lengths': (750,), 'prev_treatments': (750, 28, 1), 'vitals': (750, 28, 10), 'next_vitals': (750, 27, 10), 'current_treatments': (750, 28, 1), 'static_features': (750, 1), 'active_entries': (750, 28, 1), 'outputs': (750, 28, 1), 'unscaled_outputs': (750, 28, 1), 'prev_outputs': (750, 28, 1), 'coso_vitals': (750, 28, 9), 'COSO': (750, 28, 1)}
[2024-05-05 03:59:10,425][src.data.cancer_sim.dataset][INFO] - Shape of processed test data: {'sequence_lengths': (750,), 'prev_treatments': (750, 28, 1), 'vitals': (750, 28, 10), 'next_vitals': (750, 27, 10), 'current_treatments': (750, 28, 1), 'static_features': (750, 1), 'active_entries': (750, 28, 1), 'outputs': (750, 28, 1), 'unscaled_outputs': (750, 28, 1), 'prev_outputs': (750, 28, 1), 'coso_vitals': (750, 28, 9), 'COSO': (750, 28, 1)}
[2024-05-05 03:59:10,534][src.models.crn][INFO] - Input size of encoder: 13
[2024-05-05 04:05:40,474][src.models.time_varying_model][INFO] - RMSE calculation for val.
[2024-05-05 04:05:40,474][src.models.time_varying_model][INFO] - Predictions for val.
[2024-05-05 04:05:41,193][__main__][INFO] - Val normalised RMSE (all): 2.108498436102172; Val normalised RMSE (orig): nan
[2024-05-05 04:05:41,193][src.models.time_varying_model][INFO] - RMSE calculation for test.
[2024-05-05 04:05:41,193][src.models.time_varying_model][INFO] - Predictions for test.
[2024-05-05 04:05:41,865][__main__][INFO] - Test normalised RMSE (all): 1.983266171663185; Test normalised RMSE (orig): nan.
[2024-05-05 04:05:41,943][src.models.crn][INFO] - Input size of decoder: 3
[2024-05-05 04:05:41,943][src.data.cancer_sim.dataset][INFO] - Exploding test dataset before testing (multiple sequences)
[2024-05-05 04:05:42,052][src.data.cancer_sim.dataset][INFO] - Shape of processed test data: {'prev_treatments': (13844, 28, 1), 'current_treatments': (13844, 28, 1), 'static_features': (13844, 1), 'prev_outputs': (13844, 28, 1), 'outputs': (13844, 28, 1), 'vitals': (13844, 28, 10), 'next_vitals': (13844, 27, 10), 'unscaled_outputs': (13844, 28, 1), 'sequence_lengths': (13844,), 'active_entries': (13844, 28, 1)}
[2024-05-05 04:05:42,052][src.models.time_varying_model][INFO] - Balanced representations inference for train.
[2024-05-05 04:05:42,880][src.models.time_varying_model][INFO] - Balanced representations inference for val.
[2024-05-05 04:05:43,505][src.models.time_varying_model][INFO] - Balanced representations inference for test.
[2024-05-05 04:05:44,817][src.models.time_varying_model][INFO] - Predictions for test.
[2024-05-05 04:05:46,067][src.data.cancer_sim.dataset][INFO] - Processing train dataset before training (multiple sequences)
[2024-05-05 04:05:46,410][src.data.cancer_sim.dataset][INFO] - Shape of processed train data: {'init_state': (61230, 6), 'original_index': (61230,), 'active_encoder_r': (61230, 28), 'prev_treatments': (61230, 5, 1), 'current_treatments': (61230, 5, 1), 'static_features': (61230, 1), 'prev_outputs': (61230, 5, 1), 'outputs': (61230, 5, 1), 'unscaled_outputs': (61230, 5, 1), 'sequence_lengths': (61230,), 'active_entries': (61230, 5, 1)}
[2024-05-05 04:05:46,410][src.data.cancer_sim.dataset][INFO] - Processing val dataset before training (multiple sequences)
[2024-05-05 04:05:46,489][src.data.cancer_sim.dataset][INFO] - Shape of processed val data: {'init_state': (13098, 6), 'original_index': (13098,), 'active_encoder_r': (13098, 28), 'prev_treatments': (13098, 5, 1), 'current_treatments': (13098, 5, 1), 'static_features': (13098, 1), 'prev_outputs': (13098, 5, 1), 'outputs': (13098, 5, 1), 'unscaled_outputs': (13098, 5, 1), 'sequence_lengths': (13098,), 'active_entries': (13098, 5, 1)}
[2024-05-05 04:05:46,489][src.data.cancer_sim.dataset][INFO] - Processing test dataset before testing (multiple sequences)
[2024-05-05 04:05:46,598][src.data.cancer_sim.dataset][INFO] - Shape of processed test data: {'original_index': (13844,), 'active_encoder_r': (13844, 23), 'prev_treatments': (13844, 5, 1), 'current_treatments': (13844, 5, 1), 'static_features': (13844, 1), 'prev_outputs': (13844, 5, 1), 'outputs': (13844, 5, 1), 'unscaled_outputs': (13844, 5, 1), 'sequence_lengths': (13844,), 'active_entries': (13844, 5, 1), 'init_state': (13844, 6)}
[2024-05-05 04:05:46,598][src.data.cancer_sim.dataset][INFO] - Processing test dataset before testing (autoregressive)
[2024-05-05 04:05:46,645][src.data.cancer_sim.dataset][INFO] - Shape of processed test data: {'prev_treatments': (13844, 5, 1), 'current_treatments': (13844, 5, 1), 'prev_outputs': (13844, 5, 1), 'init_state': (13844, 6), 'active_encoder_r': (13844, 23), 'active_entries': (13844, 5, 1), 'static_features': (13844, 1)}
[2024-05-05 04:18:03,258][src.models.time_varying_model][INFO] - RMSE calculation for val.
[2024-05-05 04:18:03,258][src.models.time_varying_model][INFO] - Predictions for val.
[2024-05-05 04:18:04,321][__main__][INFO] - Val normalised RMSE (all): 12.765895554131735; Val normalised RMSE (orig): 12.765895554131735
[2024-05-05 04:18:04,321][src.models.time_varying_model][INFO] - RMSE calculation for test.
[2024-05-05 04:18:04,321][src.models.time_varying_model][INFO] - Autoregressive Prediction for test.
[2024-05-05 04:18:04,321][src.models.time_varying_model][INFO] - t = 2
[2024-05-05 04:18:04,321][src.models.time_varying_model][INFO] - Predictions for test.
[2024-05-05 04:18:05,320][src.models.time_varying_model][INFO] - t = 3
[2024-05-05 04:18:05,320][src.models.time_varying_model][INFO] - Predictions for test.
[2024-05-05 04:18:06,320][src.models.time_varying_model][INFO] - t = 4
[2024-05-05 04:18:06,320][src.models.time_varying_model][INFO] - Predictions for test.
[2024-05-05 04:18:07,320][src.models.time_varying_model][INFO] - t = 5
[2024-05-05 04:18:07,320][src.models.time_varying_model][INFO] - Predictions for test.
[2024-05-05 04:18:08,320][src.models.time_varying_model][INFO] - t = 6
[2024-05-05 04:18:08,320][src.models.time_varying_model][INFO] - Predictions for test.
[2024-05-05 04:18:09,366][__main__][INFO] - Test normalised RMSE (n-step prediction): {'2-step': 33.93231915664806, '3-step': 30.86092034841793, '4-step': 32.118968344536434, '5-step': 32.07439086398225, '6-step': 34.65686970024407}
